[2024-11-02T18:08:37.548+0000] {local_task_job_runner.py:123} INFO - ::group::Pre task execution logs
[2024-11-02T18:08:37.564+0000] {taskinstance.py:2612} INFO - Dependencies all met for dep_context=non-requeueable deps ti=<TaskInstance: main_dag.create_laptop_specs_table manual__2024-11-02T18:08:36.421727+00:00 [queued]>
[2024-11-02T18:08:37.571+0000] {taskinstance.py:2612} INFO - Dependencies all met for dep_context=requeueable deps ti=<TaskInstance: main_dag.create_laptop_specs_table manual__2024-11-02T18:08:36.421727+00:00 [queued]>
[2024-11-02T18:08:37.571+0000] {taskinstance.py:2865} INFO - Starting attempt 1 of 2
[2024-11-02T18:08:37.581+0000] {taskinstance.py:2888} INFO - Executing <Task(PostgresOperator): create_laptop_specs_table> on 2024-11-02 18:08:36.421727+00:00
[2024-11-02T18:08:37.585+0000] {standard_task_runner.py:72} INFO - Started process 4493 to run task
[2024-11-02T18:08:37.588+0000] {standard_task_runner.py:104} INFO - Running: ['***', 'tasks', 'run', 'main_dag', 'create_laptop_specs_table', 'manual__2024-11-02T18:08:36.421727+00:00', '--job-id', '2', '--raw', '--subdir', 'DAGS_FOLDER/main_dag.py', '--cfg-path', '/tmp/tmplbsx6xaz']
[2024-11-02T18:08:37.589+0000] {standard_task_runner.py:105} INFO - Job 2: Subtask create_laptop_specs_table
[2024-11-02T18:08:37.638+0000] {task_command.py:467} INFO - Running <TaskInstance: main_dag.create_laptop_specs_table manual__2024-11-02T18:08:36.421727+00:00 [running]> on host 00b20f7f605a
[2024-11-02T18:08:37.711+0000] {taskinstance.py:3131} INFO - Exporting env vars: AIRFLOW_CTX_DAG_OWNER='veil' AIRFLOW_CTX_DAG_ID='main_dag' AIRFLOW_CTX_TASK_ID='create_laptop_specs_table' AIRFLOW_CTX_EXECUTION_DATE='2024-11-02T18:08:36.421727+00:00' AIRFLOW_CTX_TRY_NUMBER='1' AIRFLOW_CTX_DAG_RUN_ID='manual__2024-11-02T18:08:36.421727+00:00'
[2024-11-02T18:08:37.712+0000] {taskinstance.py:731} INFO - ::endgroup::
[2024-11-02T18:08:37.723+0000] {sql.py:278} INFO - Executing: 
        CREATE TABLE laptop_specs_11_2024 (
            source VARCHAR(255) NOT NULL,
            brand VARCHAR(255),
            name VARCHAR(255) NOT NULL,
            cpu VARCHAR(255),
            vga VARCHAR(255),
            ram_amount INTEGER,
            ram_type VARCHAR(50),
            storage_amount INTEGER,
            storage_type VARCHAR(50),
            webcam_resolution VARCHAR(50),
            screen_size FLOAT,
            screen_resolution VARCHAR(50),
            screen_refresh_rate INTEGER,
            screen_brightness VARCHAR(50),
            battery_capacity FLOAT,
            battery_cells INTEGER,
            weight FLOAT,
            default_os VARCHAR(255),
            warranty INTEGER,
            price DECIMAL(15, 2) NOT NULL,
            width FLOAT,
            depth FLOAT,
            height FLOAT,
            number_usb_a_ports INTEGER,
            number_usb_c_ports INTEGER,
            number_hdmi_ports INTEGER,
            number_ethernet_ports INTEGER,
            number_audio_jacks INTEGER,
            PRIMARY KEY (source, name)
        );
        
[2024-11-02T18:08:37.735+0000] {base.py:84} INFO - Retrieving connection 'postgres_default'
[2024-11-02T18:08:37.746+0000] {base.py:84} INFO - Retrieving connection 'postgres_default'
[2024-11-02T18:08:37.752+0000] {sql.py:544} INFO - Running statement: 
        CREATE TABLE laptop_specs_11_2024 (
            source VARCHAR(255) NOT NULL,
            brand VARCHAR(255),
            name VARCHAR(255) NOT NULL,
            cpu VARCHAR(255),
            vga VARCHAR(255),
            ram_amount INTEGER,
            ram_type VARCHAR(50),
            storage_amount INTEGER,
            storage_type VARCHAR(50),
            webcam_resolution VARCHAR(50),
            screen_size FLOAT,
            screen_resolution VARCHAR(50),
            screen_refresh_rate INTEGER,
            screen_brightness VARCHAR(50),
            battery_capacity FLOAT,
            battery_cells INTEGER,
            weight FLOAT,
            default_os VARCHAR(255),
            warranty INTEGER,
            price DECIMAL(15, 2) NOT NULL,
            width FLOAT,
            depth FLOAT,
            height FLOAT,
            number_usb_a_ports INTEGER,
            number_usb_c_ports INTEGER,
            number_hdmi_ports INTEGER,
            number_ethernet_ports INTEGER,
            number_audio_jacks INTEGER,
            PRIMARY KEY (source, name)
        );
        , parameters: None
[2024-11-02T18:08:37.776+0000] {taskinstance.py:340} INFO - ::group::Post task execution logs
[2024-11-02T18:08:37.776+0000] {taskinstance.py:352} INFO - Marking task as SUCCESS. dag_id=main_dag, task_id=create_laptop_specs_table, run_id=manual__2024-11-02T18:08:36.421727+00:00, execution_date=20241102T180836, start_date=20241102T180837, end_date=20241102T180837
[2024-11-02T18:08:37.807+0000] {local_task_job_runner.py:266} INFO - Task exited with return code 0
[2024-11-02T18:08:37.822+0000] {logging_mixin.py:190} WARNING - /usr/local/lib/python3.11/site-packages/***/models/baseoperator.py:1378 AirflowProviderDeprecationWarning: Call to deprecated class PostgresOperator. (Please use `***.providers.common.sql.operators.sql.SQLExecuteQueryOperator`.Also, you can provide `hook_params={'schema': <database>}`.)
[2024-11-02T18:08:37.832+0000] {taskinstance.py:3900} INFO - 1 downstream tasks scheduled from follow-on schedule check
[2024-11-02T18:08:37.834+0000] {local_task_job_runner.py:245} INFO - ::endgroup::
