[2024-11-20T03:37:58.197+0000] {local_task_job_runner.py:123} INFO - ::group::Pre task execution logs
[2024-11-20T03:37:58.300+0000] {taskinstance.py:2612} INFO - Dependencies all met for dep_context=non-requeueable deps ti=<TaskInstance: main_dag.specifications_scraping_tasks.cpu_scrape_task manual__2024-11-20T02:00:30.526702+00:00 [queued]>
[2024-11-20T03:37:58.307+0000] {taskinstance.py:2612} INFO - Dependencies all met for dep_context=requeueable deps ti=<TaskInstance: main_dag.specifications_scraping_tasks.cpu_scrape_task manual__2024-11-20T02:00:30.526702+00:00 [queued]>
[2024-11-20T03:37:58.308+0000] {taskinstance.py:2865} INFO - Starting attempt 2 of 2
[2024-11-20T03:37:58.328+0000] {taskinstance.py:2888} INFO - Executing <Task(BashOperator): specifications_scraping_tasks.cpu_scrape_task> on 2024-11-20 02:00:30.526702+00:00
[2024-11-20T03:37:58.332+0000] {standard_task_runner.py:72} INFO - Started process 1181 to run task
[2024-11-20T03:37:58.336+0000] {standard_task_runner.py:104} INFO - Running: ['***', 'tasks', 'run', 'main_dag', 'specifications_scraping_tasks.cpu_scrape_task', 'manual__2024-11-20T02:00:30.526702+00:00', '--job-id', '9', '--raw', '--subdir', 'DAGS_FOLDER/main_dag.py', '--cfg-path', '/tmp/tmpthi8nx2_']
[2024-11-20T03:37:58.337+0000] {standard_task_runner.py:105} INFO - Job 9: Subtask specifications_scraping_tasks.cpu_scrape_task
[2024-11-20T03:37:58.394+0000] {task_command.py:467} INFO - Running <TaskInstance: main_dag.specifications_scraping_tasks.cpu_scrape_task manual__2024-11-20T02:00:30.526702+00:00 [running]> on host 7331716c13db
[2024-11-20T03:37:58.470+0000] {taskinstance.py:3131} INFO - Exporting env vars: AIRFLOW_CTX_DAG_OWNER='veil' AIRFLOW_CTX_DAG_ID='main_dag' AIRFLOW_CTX_TASK_ID='specifications_scraping_tasks.cpu_scrape_task' AIRFLOW_CTX_EXECUTION_DATE='2024-11-20T02:00:30.526702+00:00' AIRFLOW_CTX_TRY_NUMBER='2' AIRFLOW_CTX_DAG_RUN_ID='manual__2024-11-20T02:00:30.526702+00:00'
[2024-11-20T03:37:58.471+0000] {taskinstance.py:731} INFO - ::endgroup::
[2024-11-20T03:37:58.480+0000] {subprocess.py:63} INFO - Tmp dir root location: /tmp
[2024-11-20T03:37:58.481+0000] {subprocess.py:75} INFO - Running command: ['/usr/bin/bash', '-c', 'cd /app/scraper && scrapy crawl cpu_spider -O ../temp/cpu_data.json']
[2024-11-20T03:37:58.487+0000] {subprocess.py:86} INFO - Output:
[2024-11-20T06:07:25.294+0000] {subprocess.py:97} INFO - Command exited with return code 0
[2024-11-20T06:07:25.508+0000] {taskinstance.py:340} INFO - ::group::Post task execution logs
[2024-11-20T06:07:25.512+0000] {taskinstance.py:352} INFO - Marking task as SUCCESS. dag_id=main_dag, task_id=specifications_scraping_tasks.cpu_scrape_task, run_id=manual__2024-11-20T02:00:30.526702+00:00, execution_date=20241120T020030, start_date=20241120T033758, end_date=20241120T060725
[2024-11-20T06:07:25.613+0000] {local_task_job_runner.py:266} INFO - Task exited with return code 0
[2024-11-20T06:07:25.684+0000] {logging_mixin.py:190} WARNING - /usr/local/lib/python3.11/site-packages/***/models/baseoperator.py:1378 AirflowProviderDeprecationWarning: Call to deprecated class PostgresOperator. (Please use `***.providers.common.sql.operators.sql.SQLExecuteQueryOperator`.Also, you can provide `hook_params={'schema': <database>}`.)
[2024-11-20T06:07:25.740+0000] {taskinstance.py:3900} INFO - 0 downstream tasks scheduled from follow-on schedule check
[2024-11-20T06:07:25.743+0000] {local_task_job_runner.py:245} INFO - ::endgroup::
