[2024-11-01T06:27:49.213+0000] {processor.py:186} INFO - Started process (PID=5999) to work on /usr/local/lib/python3.11/site-packages/airflow/example_dags/example_branch_datetime_operator.py
[2024-11-01T06:27:49.214+0000] {processor.py:914} INFO - Processing file /usr/local/lib/python3.11/site-packages/airflow/example_dags/example_branch_datetime_operator.py for tasks to queue
[2024-11-01T06:27:49.216+0000] {logging_mixin.py:190} INFO - [2024-11-01T06:27:49.216+0000] {dagbag.py:588} INFO - Filling up the DagBag from /usr/local/lib/python3.11/site-packages/airflow/example_dags/example_branch_datetime_operator.py
[2024-11-01T06:27:49.228+0000] {processor.py:925} INFO - DAG(s) 'example_branch_datetime_operator', 'example_branch_datetime_operator_3', 'example_branch_datetime_operator_2' retrieved from /usr/local/lib/python3.11/site-packages/airflow/example_dags/example_branch_datetime_operator.py
[2024-11-01T06:27:49.353+0000] {logging_mixin.py:190} INFO - [2024-11-01T06:27:49.353+0000] {override.py:1900} INFO - Created Permission View: can read on DAG:example_branch_datetime_operator
[2024-11-01T06:27:49.458+0000] {logging_mixin.py:190} INFO - [2024-11-01T06:27:49.458+0000] {override.py:1900} INFO - Created Permission View: can edit on DAG:example_branch_datetime_operator
[2024-11-01T06:27:49.484+0000] {logging_mixin.py:190} INFO - [2024-11-01T06:27:49.484+0000] {override.py:1900} INFO - Created Permission View: can delete on DAG:example_branch_datetime_operator
[2024-11-01T06:27:49.523+0000] {logging_mixin.py:190} INFO - [2024-11-01T06:27:49.522+0000] {override.py:1900} INFO - Created Permission View: menu access on DAG Run:example_branch_datetime_operator
[2024-11-01T06:27:49.542+0000] {logging_mixin.py:190} INFO - [2024-11-01T06:27:49.541+0000] {override.py:1900} INFO - Created Permission View: can read on DAG Run:example_branch_datetime_operator
[2024-11-01T06:27:49.560+0000] {logging_mixin.py:190} INFO - [2024-11-01T06:27:49.559+0000] {override.py:1900} INFO - Created Permission View: can create on DAG Run:example_branch_datetime_operator
[2024-11-01T06:27:49.578+0000] {logging_mixin.py:190} INFO - [2024-11-01T06:27:49.577+0000] {override.py:1900} INFO - Created Permission View: can delete on DAG Run:example_branch_datetime_operator
[2024-11-01T06:27:49.629+0000] {logging_mixin.py:190} INFO - [2024-11-01T06:27:49.629+0000] {override.py:1900} INFO - Created Permission View: can read on DAG:example_branch_datetime_operator_3
[2024-11-01T06:27:49.651+0000] {logging_mixin.py:190} INFO - [2024-11-01T06:27:49.651+0000] {override.py:1900} INFO - Created Permission View: can edit on DAG:example_branch_datetime_operator_3
[2024-11-01T06:27:49.677+0000] {logging_mixin.py:190} INFO - [2024-11-01T06:27:49.677+0000] {override.py:1900} INFO - Created Permission View: can delete on DAG:example_branch_datetime_operator_3
[2024-11-01T06:27:49.709+0000] {logging_mixin.py:190} INFO - [2024-11-01T06:27:49.709+0000] {override.py:1900} INFO - Created Permission View: menu access on DAG Run:example_branch_datetime_operator_3
[2024-11-01T06:27:49.727+0000] {logging_mixin.py:190} INFO - [2024-11-01T06:27:49.727+0000] {override.py:1900} INFO - Created Permission View: can read on DAG Run:example_branch_datetime_operator_3
[2024-11-01T06:27:49.746+0000] {logging_mixin.py:190} INFO - [2024-11-01T06:27:49.746+0000] {override.py:1900} INFO - Created Permission View: can create on DAG Run:example_branch_datetime_operator_3
[2024-11-01T06:27:49.765+0000] {logging_mixin.py:190} INFO - [2024-11-01T06:27:49.765+0000] {override.py:1900} INFO - Created Permission View: can delete on DAG Run:example_branch_datetime_operator_3
[2024-11-01T06:27:49.805+0000] {logging_mixin.py:190} INFO - [2024-11-01T06:27:49.805+0000] {override.py:1900} INFO - Created Permission View: can read on DAG:example_branch_datetime_operator_2
[2024-11-01T06:27:49.830+0000] {logging_mixin.py:190} INFO - [2024-11-01T06:27:49.830+0000] {override.py:1900} INFO - Created Permission View: can edit on DAG:example_branch_datetime_operator_2
[2024-11-01T06:27:49.857+0000] {logging_mixin.py:190} INFO - [2024-11-01T06:27:49.857+0000] {override.py:1900} INFO - Created Permission View: can delete on DAG:example_branch_datetime_operator_2
[2024-11-01T06:27:49.895+0000] {logging_mixin.py:190} INFO - [2024-11-01T06:27:49.894+0000] {override.py:1900} INFO - Created Permission View: menu access on DAG Run:example_branch_datetime_operator_2
[2024-11-01T06:27:49.928+0000] {logging_mixin.py:190} INFO - [2024-11-01T06:27:49.927+0000] {override.py:1900} INFO - Created Permission View: can read on DAG Run:example_branch_datetime_operator_2
[2024-11-01T06:27:49.949+0000] {logging_mixin.py:190} INFO - [2024-11-01T06:27:49.948+0000] {override.py:1900} INFO - Created Permission View: can create on DAG Run:example_branch_datetime_operator_2
[2024-11-01T06:27:49.967+0000] {logging_mixin.py:190} INFO - [2024-11-01T06:27:49.966+0000] {override.py:1900} INFO - Created Permission View: can delete on DAG Run:example_branch_datetime_operator_2
[2024-11-01T06:27:49.967+0000] {logging_mixin.py:190} INFO - [2024-11-01T06:27:49.967+0000] {dag.py:3239} INFO - Sync 3 DAGs
[2024-11-01T06:27:49.979+0000] {logging_mixin.py:190} INFO - [2024-11-01T06:27:49.978+0000] {dag.py:3262} INFO - Creating ORM DAG for example_branch_datetime_operator
[2024-11-01T06:27:49.979+0000] {logging_mixin.py:190} INFO - [2024-11-01T06:27:49.979+0000] {dag.py:3262} INFO - Creating ORM DAG for example_branch_datetime_operator_2
[2024-11-01T06:27:49.980+0000] {logging_mixin.py:190} INFO - [2024-11-01T06:27:49.980+0000] {dag.py:3262} INFO - Creating ORM DAG for example_branch_datetime_operator_3
[2024-11-01T06:27:49.987+0000] {logging_mixin.py:190} INFO - [2024-11-01T06:27:49.987+0000] {dag.py:4180} INFO - Setting next_dagrun for example_branch_datetime_operator to 2024-10-31 00:00:00+00:00, run_after=2024-11-01 00:00:00+00:00
[2024-11-01T06:27:49.989+0000] {logging_mixin.py:190} INFO - [2024-11-01T06:27:49.988+0000] {dag.py:4180} INFO - Setting next_dagrun for example_branch_datetime_operator_2 to 2024-10-31 00:00:00+00:00, run_after=2024-11-01 00:00:00+00:00
[2024-11-01T06:27:49.990+0000] {logging_mixin.py:190} INFO - [2024-11-01T06:27:49.990+0000] {dag.py:4180} INFO - Setting next_dagrun for example_branch_datetime_operator_3 to 2024-10-31 00:00:00+00:00, run_after=2024-11-01 00:00:00+00:00
[2024-11-01T06:27:50.029+0000] {processor.py:208} INFO - Processing /usr/local/lib/python3.11/site-packages/airflow/example_dags/example_branch_datetime_operator.py took 0.820 seconds
