[2024-11-01T06:27:51.240+0000] {processor.py:186} INFO - Started process (PID=6009) to work on /usr/local/lib/python3.11/site-packages/airflow/example_dags/example_dataset_alias_with_no_taskflow.py
[2024-11-01T06:27:51.241+0000] {processor.py:914} INFO - Processing file /usr/local/lib/python3.11/site-packages/airflow/example_dags/example_dataset_alias_with_no_taskflow.py for tasks to queue
[2024-11-01T06:27:51.243+0000] {logging_mixin.py:190} INFO - [2024-11-01T06:27:51.242+0000] {dagbag.py:588} INFO - Filling up the DagBag from /usr/local/lib/python3.11/site-packages/airflow/example_dags/example_dataset_alias_with_no_taskflow.py
[2024-11-01T06:27:51.274+0000] {processor.py:925} INFO - DAG(s) 'dataset_s3_bucket_consumer_with_no_taskflow', 'dataset_alias_example_alias_producer_with_no_taskflow', 'dataset_s3_bucket_producer_with_no_taskflow', 'dataset_alias_example_alias_consumer_with_no_taskflow' retrieved from /usr/local/lib/python3.11/site-packages/airflow/example_dags/example_dataset_alias_with_no_taskflow.py
[2024-11-01T06:27:51.477+0000] {logging_mixin.py:190} INFO - [2024-11-01T06:27:51.477+0000] {override.py:1900} INFO - Created Permission View: can read on DAG:dataset_s3_bucket_consumer_with_no_taskflow
[2024-11-01T06:27:51.515+0000] {logging_mixin.py:190} INFO - [2024-11-01T06:27:51.515+0000] {override.py:1900} INFO - Created Permission View: can edit on DAG:dataset_s3_bucket_consumer_with_no_taskflow
[2024-11-01T06:27:51.542+0000] {logging_mixin.py:190} INFO - [2024-11-01T06:27:51.541+0000] {override.py:1900} INFO - Created Permission View: can delete on DAG:dataset_s3_bucket_consumer_with_no_taskflow
[2024-11-01T06:27:51.572+0000] {logging_mixin.py:190} INFO - [2024-11-01T06:27:51.571+0000] {override.py:1900} INFO - Created Permission View: menu access on DAG Run:dataset_s3_bucket_consumer_with_no_taskflow
[2024-11-01T06:27:51.590+0000] {logging_mixin.py:190} INFO - [2024-11-01T06:27:51.589+0000] {override.py:1900} INFO - Created Permission View: can read on DAG Run:dataset_s3_bucket_consumer_with_no_taskflow
[2024-11-01T06:27:51.608+0000] {logging_mixin.py:190} INFO - [2024-11-01T06:27:51.607+0000] {override.py:1900} INFO - Created Permission View: can create on DAG Run:dataset_s3_bucket_consumer_with_no_taskflow
[2024-11-01T06:27:51.635+0000] {logging_mixin.py:190} INFO - [2024-11-01T06:27:51.635+0000] {override.py:1900} INFO - Created Permission View: can delete on DAG Run:dataset_s3_bucket_consumer_with_no_taskflow
[2024-11-01T06:27:51.692+0000] {logging_mixin.py:190} INFO - [2024-11-01T06:27:51.692+0000] {override.py:1900} INFO - Created Permission View: can read on DAG:dataset_alias_example_alias_producer_with_no_taskflow
[2024-11-01T06:27:51.720+0000] {logging_mixin.py:190} INFO - [2024-11-01T06:27:51.720+0000] {override.py:1900} INFO - Created Permission View: can edit on DAG:dataset_alias_example_alias_producer_with_no_taskflow
[2024-11-01T06:27:51.742+0000] {logging_mixin.py:190} INFO - [2024-11-01T06:27:51.742+0000] {override.py:1900} INFO - Created Permission View: can delete on DAG:dataset_alias_example_alias_producer_with_no_taskflow
[2024-11-01T06:27:51.771+0000] {logging_mixin.py:190} INFO - [2024-11-01T06:27:51.771+0000] {override.py:1900} INFO - Created Permission View: menu access on DAG Run:dataset_alias_example_alias_producer_with_no_taskflow
[2024-11-01T06:27:51.792+0000] {logging_mixin.py:190} INFO - [2024-11-01T06:27:51.792+0000] {override.py:1900} INFO - Created Permission View: can read on DAG Run:dataset_alias_example_alias_producer_with_no_taskflow
[2024-11-01T06:27:51.816+0000] {logging_mixin.py:190} INFO - [2024-11-01T06:27:51.816+0000] {override.py:1900} INFO - Created Permission View: can create on DAG Run:dataset_alias_example_alias_producer_with_no_taskflow
[2024-11-01T06:27:51.834+0000] {logging_mixin.py:190} INFO - [2024-11-01T06:27:51.834+0000] {override.py:1900} INFO - Created Permission View: can delete on DAG Run:dataset_alias_example_alias_producer_with_no_taskflow
[2024-11-01T06:27:51.870+0000] {logging_mixin.py:190} INFO - [2024-11-01T06:27:51.869+0000] {override.py:1900} INFO - Created Permission View: can read on DAG:dataset_s3_bucket_producer_with_no_taskflow
[2024-11-01T06:27:51.888+0000] {logging_mixin.py:190} INFO - [2024-11-01T06:27:51.888+0000] {override.py:1900} INFO - Created Permission View: can edit on DAG:dataset_s3_bucket_producer_with_no_taskflow
[2024-11-01T06:27:51.906+0000] {logging_mixin.py:190} INFO - [2024-11-01T06:27:51.905+0000] {override.py:1900} INFO - Created Permission View: can delete on DAG:dataset_s3_bucket_producer_with_no_taskflow
[2024-11-01T06:27:51.934+0000] {logging_mixin.py:190} INFO - [2024-11-01T06:27:51.933+0000] {override.py:1900} INFO - Created Permission View: menu access on DAG Run:dataset_s3_bucket_producer_with_no_taskflow
[2024-11-01T06:27:51.967+0000] {logging_mixin.py:190} INFO - [2024-11-01T06:27:51.966+0000] {override.py:1900} INFO - Created Permission View: can read on DAG Run:dataset_s3_bucket_producer_with_no_taskflow
[2024-11-01T06:27:51.987+0000] {logging_mixin.py:190} INFO - [2024-11-01T06:27:51.986+0000] {override.py:1900} INFO - Created Permission View: can create on DAG Run:dataset_s3_bucket_producer_with_no_taskflow
[2024-11-01T06:27:52.008+0000] {logging_mixin.py:190} INFO - [2024-11-01T06:27:52.007+0000] {override.py:1900} INFO - Created Permission View: can delete on DAG Run:dataset_s3_bucket_producer_with_no_taskflow
[2024-11-01T06:27:52.044+0000] {logging_mixin.py:190} INFO - [2024-11-01T06:27:52.044+0000] {override.py:1900} INFO - Created Permission View: can read on DAG:dataset_alias_example_alias_consumer_with_no_taskflow
[2024-11-01T06:27:52.063+0000] {logging_mixin.py:190} INFO - [2024-11-01T06:27:52.062+0000] {override.py:1900} INFO - Created Permission View: can edit on DAG:dataset_alias_example_alias_consumer_with_no_taskflow
[2024-11-01T06:27:52.097+0000] {logging_mixin.py:190} INFO - [2024-11-01T06:27:52.096+0000] {override.py:1900} INFO - Created Permission View: can delete on DAG:dataset_alias_example_alias_consumer_with_no_taskflow
[2024-11-01T06:27:52.133+0000] {logging_mixin.py:190} INFO - [2024-11-01T06:27:52.132+0000] {override.py:1900} INFO - Created Permission View: menu access on DAG Run:dataset_alias_example_alias_consumer_with_no_taskflow
[2024-11-01T06:27:52.152+0000] {logging_mixin.py:190} INFO - [2024-11-01T06:27:52.152+0000] {override.py:1900} INFO - Created Permission View: can read on DAG Run:dataset_alias_example_alias_consumer_with_no_taskflow
[2024-11-01T06:27:52.177+0000] {logging_mixin.py:190} INFO - [2024-11-01T06:27:52.177+0000] {override.py:1900} INFO - Created Permission View: can create on DAG Run:dataset_alias_example_alias_consumer_with_no_taskflow
[2024-11-01T06:27:52.201+0000] {logging_mixin.py:190} INFO - [2024-11-01T06:27:52.201+0000] {override.py:1900} INFO - Created Permission View: can delete on DAG Run:dataset_alias_example_alias_consumer_with_no_taskflow
[2024-11-01T06:27:52.202+0000] {logging_mixin.py:190} INFO - [2024-11-01T06:27:52.202+0000] {dag.py:3239} INFO - Sync 4 DAGs
[2024-11-01T06:27:52.213+0000] {logging_mixin.py:190} INFO - [2024-11-01T06:27:52.213+0000] {dag.py:3262} INFO - Creating ORM DAG for dataset_alias_example_alias_producer_with_no_taskflow
[2024-11-01T06:27:52.214+0000] {logging_mixin.py:190} INFO - [2024-11-01T06:27:52.214+0000] {dag.py:3262} INFO - Creating ORM DAG for dataset_s3_bucket_producer_with_no_taskflow
[2024-11-01T06:27:52.215+0000] {logging_mixin.py:190} INFO - [2024-11-01T06:27:52.215+0000] {dag.py:3262} INFO - Creating ORM DAG for dataset_s3_bucket_consumer_with_no_taskflow
[2024-11-01T06:27:52.215+0000] {logging_mixin.py:190} INFO - [2024-11-01T06:27:52.215+0000] {dag.py:3262} INFO - Creating ORM DAG for dataset_alias_example_alias_consumer_with_no_taskflow
[2024-11-01T06:27:52.223+0000] {logging_mixin.py:190} INFO - [2024-11-01T06:27:52.222+0000] {dag.py:4180} INFO - Setting next_dagrun for dataset_alias_example_alias_consumer_with_no_taskflow to None, run_after=None
[2024-11-01T06:27:52.223+0000] {logging_mixin.py:190} INFO - [2024-11-01T06:27:52.223+0000] {dag.py:4180} INFO - Setting next_dagrun for dataset_alias_example_alias_producer_with_no_taskflow to None, run_after=None
[2024-11-01T06:27:52.224+0000] {logging_mixin.py:190} INFO - [2024-11-01T06:27:52.224+0000] {dag.py:4180} INFO - Setting next_dagrun for dataset_s3_bucket_consumer_with_no_taskflow to None, run_after=None
[2024-11-01T06:27:52.225+0000] {logging_mixin.py:190} INFO - [2024-11-01T06:27:52.224+0000] {dag.py:4180} INFO - Setting next_dagrun for dataset_s3_bucket_producer_with_no_taskflow to None, run_after=None
[2024-11-01T06:27:52.278+0000] {processor.py:208} INFO - Processing /usr/local/lib/python3.11/site-packages/airflow/example_dags/example_dataset_alias_with_no_taskflow.py took 1.042 seconds
