[2024-11-19T17:23:40.422+0000] {local_task_job_runner.py:123} INFO - ::group::Pre task execution logs
[2024-11-19T17:23:40.546+0000] {taskinstance.py:2612} INFO - Dependencies all met for dep_context=non-requeueable deps ti=<TaskInstance: main_dag.specifications_scraping_tasks.cpu_scrape_task manual__2024-11-19T17:23:40.097800+00:00 [queued]>
[2024-11-19T17:23:40.556+0000] {taskinstance.py:2612} INFO - Dependencies all met for dep_context=requeueable deps ti=<TaskInstance: main_dag.specifications_scraping_tasks.cpu_scrape_task manual__2024-11-19T17:23:40.097800+00:00 [queued]>
[2024-11-19T17:23:40.557+0000] {taskinstance.py:2865} INFO - Starting attempt 1 of 2
[2024-11-19T17:23:40.579+0000] {taskinstance.py:2888} INFO - Executing <Task(BashOperator): specifications_scraping_tasks.cpu_scrape_task> on 2024-11-19 17:23:40.097800+00:00
[2024-11-19T17:23:40.583+0000] {standard_task_runner.py:72} INFO - Started process 1968 to run task
[2024-11-19T17:23:40.587+0000] {standard_task_runner.py:104} INFO - Running: ['***', 'tasks', 'run', 'main_dag', 'specifications_scraping_tasks.cpu_scrape_task', 'manual__2024-11-19T17:23:40.097800+00:00', '--job-id', '2', '--raw', '--subdir', 'DAGS_FOLDER/main_dag.py', '--cfg-path', '/tmp/tmphfz4zdq6']
[2024-11-19T17:23:40.588+0000] {standard_task_runner.py:105} INFO - Job 2: Subtask specifications_scraping_tasks.cpu_scrape_task
[2024-11-19T17:23:40.649+0000] {task_command.py:467} INFO - Running <TaskInstance: main_dag.specifications_scraping_tasks.cpu_scrape_task manual__2024-11-19T17:23:40.097800+00:00 [running]> on host d6b373691b25
[2024-11-19T17:23:40.748+0000] {taskinstance.py:3131} INFO - Exporting env vars: AIRFLOW_CTX_DAG_OWNER='veil' AIRFLOW_CTX_DAG_ID='main_dag' AIRFLOW_CTX_TASK_ID='specifications_scraping_tasks.cpu_scrape_task' AIRFLOW_CTX_EXECUTION_DATE='2024-11-19T17:23:40.097800+00:00' AIRFLOW_CTX_TRY_NUMBER='1' AIRFLOW_CTX_DAG_RUN_ID='manual__2024-11-19T17:23:40.097800+00:00'
[2024-11-19T17:23:40.749+0000] {taskinstance.py:731} INFO - ::endgroup::
[2024-11-19T17:23:40.766+0000] {subprocess.py:63} INFO - Tmp dir root location: /tmp
[2024-11-19T17:23:40.767+0000] {subprocess.py:75} INFO - Running command: ['/usr/bin/bash', '-c', 'cd /app/scraper && scrapy crawl cpu_spider -O ../temp/cpu_data.json']
[2024-11-19T17:23:40.774+0000] {subprocess.py:86} INFO - Output:
[2024-11-20T01:57:39.359+0000] {job.py:229} INFO - Heartbeat recovered after 22911.98 seconds
[2024-11-20T01:58:05.927+0000] {subprocess.py:97} INFO - Command exited with return code 0
[2024-11-20T01:58:05.940+0000] {taskinstance.py:340} INFO - ::group::Post task execution logs
[2024-11-20T01:58:05.941+0000] {taskinstance.py:352} INFO - Marking task as SUCCESS. dag_id=main_dag, task_id=specifications_scraping_tasks.cpu_scrape_task, run_id=manual__2024-11-19T17:23:40.097800+00:00, execution_date=20241119T172340, start_date=20241119T172340, end_date=20241120T015805
[2024-11-20T01:58:05.987+0000] {local_task_job_runner.py:266} INFO - Task exited with return code 0
[2024-11-20T01:58:06.001+0000] {logging_mixin.py:190} WARNING - /usr/local/lib/python3.11/site-packages/***/models/baseoperator.py:1378 AirflowProviderDeprecationWarning: Call to deprecated class PostgresOperator. (Please use `***.providers.common.sql.operators.sql.SQLExecuteQueryOperator`.Also, you can provide `hook_params={'schema': <database>}`.)
[2024-11-20T01:58:06.017+0000] {taskinstance.py:3900} INFO - 2 downstream tasks scheduled from follow-on schedule check
[2024-11-20T01:58:06.019+0000] {local_task_job_runner.py:245} INFO - ::endgroup::
