[2024-10-30T09:09:53.437+0000] {processor.py:186} INFO - Started process (PID=4238) to work on /usr/local/lib/python3.11/site-packages/airflow/example_dags/plugins/workday.py
[2024-10-30T09:09:53.438+0000] {processor.py:914} INFO - Processing file /usr/local/lib/python3.11/site-packages/airflow/example_dags/plugins/workday.py for tasks to queue
[2024-10-30T09:09:53.440+0000] {logging_mixin.py:190} INFO - [2024-10-30T09:09:53.440+0000] {dagbag.py:588} INFO - Filling up the DagBag from /usr/local/lib/python3.11/site-packages/airflow/example_dags/plugins/workday.py
[2024-10-30T09:09:53.443+0000] {logging_mixin.py:190} INFO - [2024-10-30T09:09:53.442+0000] {workday.py:41} WARNING - Could not import pandas. Holidays will not be considered.
[2024-10-30T09:09:53.447+0000] {processor.py:927} WARNING - No viable dags retrieved from /usr/local/lib/python3.11/site-packages/airflow/example_dags/plugins/workday.py
[2024-10-30T09:09:53.467+0000] {processor.py:208} INFO - Processing /usr/local/lib/python3.11/site-packages/airflow/example_dags/plugins/workday.py took 0.034 seconds
[2024-10-30T09:10:58.555+0000] {processor.py:186} INFO - Started process (PID=4748) to work on /usr/local/lib/python3.11/site-packages/airflow/example_dags/plugins/workday.py
[2024-10-30T09:10:58.556+0000] {processor.py:914} INFO - Processing file /usr/local/lib/python3.11/site-packages/airflow/example_dags/plugins/workday.py for tasks to queue
[2024-10-30T09:10:58.558+0000] {logging_mixin.py:190} INFO - [2024-10-30T09:10:58.558+0000] {dagbag.py:588} INFO - Filling up the DagBag from /usr/local/lib/python3.11/site-packages/airflow/example_dags/plugins/workday.py
[2024-10-30T09:10:58.561+0000] {logging_mixin.py:190} INFO - [2024-10-30T09:10:58.560+0000] {workday.py:41} WARNING - Could not import pandas. Holidays will not be considered.
[2024-10-30T09:10:58.561+0000] {processor.py:927} WARNING - No viable dags retrieved from /usr/local/lib/python3.11/site-packages/airflow/example_dags/plugins/workday.py
[2024-10-30T09:10:58.576+0000] {processor.py:208} INFO - Processing /usr/local/lib/python3.11/site-packages/airflow/example_dags/plugins/workday.py took 0.026 seconds
[2024-10-30T09:11:59.603+0000] {processor.py:186} INFO - Started process (PID=5240) to work on /usr/local/lib/python3.11/site-packages/airflow/example_dags/plugins/workday.py
[2024-10-30T09:11:59.604+0000] {processor.py:914} INFO - Processing file /usr/local/lib/python3.11/site-packages/airflow/example_dags/plugins/workday.py for tasks to queue
[2024-10-30T09:11:59.606+0000] {logging_mixin.py:190} INFO - [2024-10-30T09:11:59.606+0000] {dagbag.py:588} INFO - Filling up the DagBag from /usr/local/lib/python3.11/site-packages/airflow/example_dags/plugins/workday.py
[2024-10-30T09:11:59.609+0000] {logging_mixin.py:190} INFO - [2024-10-30T09:11:59.608+0000] {workday.py:41} WARNING - Could not import pandas. Holidays will not be considered.
[2024-10-30T09:11:59.609+0000] {processor.py:927} WARNING - No viable dags retrieved from /usr/local/lib/python3.11/site-packages/airflow/example_dags/plugins/workday.py
[2024-10-30T09:11:59.625+0000] {processor.py:208} INFO - Processing /usr/local/lib/python3.11/site-packages/airflow/example_dags/plugins/workday.py took 0.026 seconds
[2024-10-30T09:13:29.524+0000] {processor.py:186} INFO - Started process (PID=6119) to work on /usr/local/lib/python3.11/site-packages/airflow/example_dags/plugins/workday.py
[2024-10-30T09:13:29.525+0000] {processor.py:914} INFO - Processing file /usr/local/lib/python3.11/site-packages/airflow/example_dags/plugins/workday.py for tasks to queue
[2024-10-30T09:13:29.527+0000] {logging_mixin.py:190} INFO - [2024-10-30T09:13:29.527+0000] {dagbag.py:588} INFO - Filling up the DagBag from /usr/local/lib/python3.11/site-packages/airflow/example_dags/plugins/workday.py
[2024-10-30T09:13:29.529+0000] {logging_mixin.py:190} INFO - [2024-10-30T09:13:29.529+0000] {workday.py:41} WARNING - Could not import pandas. Holidays will not be considered.
[2024-10-30T09:13:29.530+0000] {processor.py:927} WARNING - No viable dags retrieved from /usr/local/lib/python3.11/site-packages/airflow/example_dags/plugins/workday.py
[2024-10-30T09:13:29.549+0000] {processor.py:208} INFO - Processing /usr/local/lib/python3.11/site-packages/airflow/example_dags/plugins/workday.py took 0.030 seconds
[2024-10-30T09:14:33.687+0000] {processor.py:186} INFO - Started process (PID=6896) to work on /usr/local/lib/python3.11/site-packages/airflow/example_dags/plugins/workday.py
[2024-10-30T09:14:33.688+0000] {processor.py:914} INFO - Processing file /usr/local/lib/python3.11/site-packages/airflow/example_dags/plugins/workday.py for tasks to queue
[2024-10-30T09:14:33.690+0000] {logging_mixin.py:190} INFO - [2024-10-30T09:14:33.689+0000] {dagbag.py:588} INFO - Filling up the DagBag from /usr/local/lib/python3.11/site-packages/airflow/example_dags/plugins/workday.py
[2024-10-30T09:14:33.692+0000] {logging_mixin.py:190} INFO - [2024-10-30T09:14:33.692+0000] {workday.py:41} WARNING - Could not import pandas. Holidays will not be considered.
[2024-10-30T09:14:33.692+0000] {processor.py:927} WARNING - No viable dags retrieved from /usr/local/lib/python3.11/site-packages/airflow/example_dags/plugins/workday.py
[2024-10-30T09:14:33.707+0000] {processor.py:208} INFO - Processing /usr/local/lib/python3.11/site-packages/airflow/example_dags/plugins/workday.py took 0.025 seconds
