[2024-11-20T05:45:12.737+0000] {local_task_job_runner.py:123} INFO - ::group::Pre task execution logs
[2024-11-20T05:45:12.846+0000] {taskinstance.py:2612} INFO - Dependencies all met for dep_context=non-requeueable deps ti=<TaskInstance: main_dag.database_tasks.create_gpu_specs_table_task manual__2024-11-20T02:00:30.526702+00:00 [queued]>
[2024-11-20T05:45:12.853+0000] {taskinstance.py:2612} INFO - Dependencies all met for dep_context=requeueable deps ti=<TaskInstance: main_dag.database_tasks.create_gpu_specs_table_task manual__2024-11-20T02:00:30.526702+00:00 [queued]>
[2024-11-20T05:45:12.853+0000] {taskinstance.py:2865} INFO - Starting attempt 1 of 2
[2024-11-20T05:45:12.871+0000] {taskinstance.py:2888} INFO - Executing <Task(PostgresOperator): database_tasks.create_gpu_specs_table_task> on 2024-11-20 02:00:30.526702+00:00
[2024-11-20T05:45:12.874+0000] {standard_task_runner.py:72} INFO - Started process 4784 to run task
[2024-11-20T05:45:12.876+0000] {standard_task_runner.py:104} INFO - Running: ['***', 'tasks', 'run', 'main_dag', 'database_tasks.create_gpu_specs_table_task', 'manual__2024-11-20T02:00:30.526702+00:00', '--job-id', '20', '--raw', '--subdir', 'DAGS_FOLDER/main_dag.py', '--cfg-path', '/tmp/tmp0478fw_8']
[2024-11-20T05:45:12.877+0000] {standard_task_runner.py:105} INFO - Job 20: Subtask database_tasks.create_gpu_specs_table_task
[2024-11-20T05:45:12.928+0000] {task_command.py:467} INFO - Running <TaskInstance: main_dag.database_tasks.create_gpu_specs_table_task manual__2024-11-20T02:00:30.526702+00:00 [running]> on host 7331716c13db
[2024-11-20T05:45:13.015+0000] {taskinstance.py:3131} INFO - Exporting env vars: AIRFLOW_CTX_DAG_OWNER='veil' AIRFLOW_CTX_DAG_ID='main_dag' AIRFLOW_CTX_TASK_ID='database_tasks.create_gpu_specs_table_task' AIRFLOW_CTX_EXECUTION_DATE='2024-11-20T02:00:30.526702+00:00' AIRFLOW_CTX_TRY_NUMBER='1' AIRFLOW_CTX_DAG_RUN_ID='manual__2024-11-20T02:00:30.526702+00:00'
[2024-11-20T05:45:13.016+0000] {taskinstance.py:731} INFO - ::endgroup::
[2024-11-20T05:45:13.024+0000] {sql.py:278} INFO - Executing: 
        CREATE TABLE gpu_specs_11_2024 (
            name VARCHAR(255) PRIMARY KEY NOT NULL,
            avg_g3d_mark INT,
            bus_interface VARCHAR(50),
            max_memory_size INT,
            core_clock INT,
            max_direct VARCHAR(10),
            open_gl DECIMAL(3, 1),
            max_tdp INT,
            test_directx_9 INT,
            test_directx_10 INT,
            test_directx_11 INT,
            test_directx_12 INT,
            test_gpu_compute INT
        );
        
[2024-11-20T05:45:13.035+0000] {base.py:84} INFO - Retrieving connection 'postgres_default'
[2024-11-20T05:45:13.045+0000] {base.py:84} INFO - Retrieving connection 'postgres_default'
[2024-11-20T05:45:13.052+0000] {sql.py:544} INFO - Running statement: 
        CREATE TABLE gpu_specs_11_2024 (
            name VARCHAR(255) PRIMARY KEY NOT NULL,
            avg_g3d_mark INT,
            bus_interface VARCHAR(50),
            max_memory_size INT,
            core_clock INT,
            max_direct VARCHAR(10),
            open_gl DECIMAL(3, 1),
            max_tdp INT,
            test_directx_9 INT,
            test_directx_10 INT,
            test_directx_11 INT,
            test_directx_12 INT,
            test_gpu_compute INT
        );
        , parameters: None
[2024-11-20T05:45:13.078+0000] {taskinstance.py:340} INFO - ::group::Post task execution logs
[2024-11-20T05:45:13.078+0000] {taskinstance.py:352} INFO - Marking task as SUCCESS. dag_id=main_dag, task_id=database_tasks.create_gpu_specs_table_task, run_id=manual__2024-11-20T02:00:30.526702+00:00, execution_date=20241120T020030, start_date=20241120T054512, end_date=20241120T054513
[2024-11-20T05:45:13.097+0000] {local_task_job_runner.py:266} INFO - Task exited with return code 0
[2024-11-20T05:45:13.112+0000] {logging_mixin.py:190} WARNING - /usr/local/lib/python3.11/site-packages/***/models/baseoperator.py:1378 AirflowProviderDeprecationWarning: Call to deprecated class PostgresOperator. (Please use `***.providers.common.sql.operators.sql.SQLExecuteQueryOperator`.Also, you can provide `hook_params={'schema': <database>}`.)
[2024-11-20T05:45:13.124+0000] {taskinstance.py:3900} INFO - 1 downstream tasks scheduled from follow-on schedule check
[2024-11-20T05:45:13.126+0000] {local_task_job_runner.py:245} INFO - ::endgroup::
