[2024-11-06T06:42:06.274+0000] {local_task_job_runner.py:123} INFO - ::group::Pre task execution logs
[2024-11-06T06:42:06.424+0000] {taskinstance.py:2612} INFO - Dependencies all met for dep_context=non-requeueable deps ti=<TaskInstance: main_dag.specifications_scraping_tasks.gpu_scrape_task manual__2024-11-06T06:42:05.001646+00:00 [queued]>
[2024-11-06T06:42:06.435+0000] {taskinstance.py:2612} INFO - Dependencies all met for dep_context=requeueable deps ti=<TaskInstance: main_dag.specifications_scraping_tasks.gpu_scrape_task manual__2024-11-06T06:42:05.001646+00:00 [queued]>
[2024-11-06T06:42:06.435+0000] {taskinstance.py:2865} INFO - Starting attempt 1 of 2
[2024-11-06T06:42:06.451+0000] {taskinstance.py:2888} INFO - Executing <Task(BashOperator): specifications_scraping_tasks.gpu_scrape_task> on 2024-11-06 06:42:05.001646+00:00
[2024-11-06T06:42:06.455+0000] {standard_task_runner.py:72} INFO - Started process 1704 to run task
[2024-11-06T06:42:06.458+0000] {standard_task_runner.py:104} INFO - Running: ['***', 'tasks', 'run', 'main_dag', 'specifications_scraping_tasks.gpu_scrape_task', 'manual__2024-11-06T06:42:05.001646+00:00', '--job-id', '3', '--raw', '--subdir', 'DAGS_FOLDER/main_dag.py', '--cfg-path', '/tmp/tmpggpy8c__']
[2024-11-06T06:42:06.459+0000] {standard_task_runner.py:105} INFO - Job 3: Subtask specifications_scraping_tasks.gpu_scrape_task
[2024-11-06T06:42:06.518+0000] {task_command.py:467} INFO - Running <TaskInstance: main_dag.specifications_scraping_tasks.gpu_scrape_task manual__2024-11-06T06:42:05.001646+00:00 [running]> on host 9694314923d2
[2024-11-06T06:42:06.602+0000] {taskinstance.py:3131} INFO - Exporting env vars: AIRFLOW_CTX_DAG_OWNER='veil' AIRFLOW_CTX_DAG_ID='main_dag' AIRFLOW_CTX_TASK_ID='specifications_scraping_tasks.gpu_scrape_task' AIRFLOW_CTX_EXECUTION_DATE='2024-11-06T06:42:05.001646+00:00' AIRFLOW_CTX_TRY_NUMBER='1' AIRFLOW_CTX_DAG_RUN_ID='manual__2024-11-06T06:42:05.001646+00:00'
[2024-11-06T06:42:06.604+0000] {taskinstance.py:731} INFO - ::endgroup::
[2024-11-06T06:42:06.616+0000] {subprocess.py:63} INFO - Tmp dir root location: /tmp
[2024-11-06T06:42:06.617+0000] {subprocess.py:75} INFO - Running command: ['/usr/bin/bash', '-c', 'cd /app/scraper && scrapy crawl gpu_spider -O ../temp/gpu_data.json']
[2024-11-06T06:42:06.624+0000] {subprocess.py:86} INFO - Output:
[2024-11-06T07:12:30.874+0000] {subprocess.py:97} INFO - Command exited with return code 0
[2024-11-06T07:12:30.904+0000] {taskinstance.py:340} INFO - ::group::Post task execution logs
[2024-11-06T07:12:30.904+0000] {taskinstance.py:352} INFO - Marking task as SUCCESS. dag_id=main_dag, task_id=specifications_scraping_tasks.gpu_scrape_task, run_id=manual__2024-11-06T06:42:05.001646+00:00, execution_date=20241106T064205, start_date=20241106T064206, end_date=20241106T071230
[2024-11-06T07:12:30.935+0000] {local_task_job_runner.py:266} INFO - Task exited with return code 0
[2024-11-06T07:12:30.957+0000] {logging_mixin.py:190} WARNING - /usr/local/lib/python3.11/site-packages/***/models/baseoperator.py:1378 AirflowProviderDeprecationWarning: Call to deprecated class PostgresOperator. (Please use `***.providers.common.sql.operators.sql.SQLExecuteQueryOperator`.Also, you can provide `hook_params={'schema': <database>}`.)
[2024-11-06T07:12:30.983+0000] {taskinstance.py:3900} INFO - 2 downstream tasks scheduled from follow-on schedule check
[2024-11-06T07:12:30.985+0000] {local_task_job_runner.py:245} INFO - ::endgroup::
