[2024-11-06T06:36:02.683+0000] {local_task_job_runner.py:123} INFO - ::group::Pre task execution logs
[2024-11-06T06:36:02.946+0000] {taskinstance.py:2612} INFO - Dependencies all met for dep_context=non-requeueable deps ti=<TaskInstance: main_dag.laptop_scraping_tasks.scrape_cellphones manual__2024-11-06T06:36:01.652166+00:00 [queued]>
[2024-11-06T06:36:02.964+0000] {taskinstance.py:2612} INFO - Dependencies all met for dep_context=requeueable deps ti=<TaskInstance: main_dag.laptop_scraping_tasks.scrape_cellphones manual__2024-11-06T06:36:01.652166+00:00 [queued]>
[2024-11-06T06:36:02.965+0000] {taskinstance.py:2865} INFO - Starting attempt 1 of 2
[2024-11-06T06:36:02.988+0000] {taskinstance.py:2888} INFO - Executing <Task(BashOperator): laptop_scraping_tasks.scrape_cellphones> on 2024-11-06 06:36:01.652166+00:00
[2024-11-06T06:36:02.994+0000] {standard_task_runner.py:72} INFO - Started process 1647 to run task
[2024-11-06T06:36:03.000+0000] {standard_task_runner.py:104} INFO - Running: ['***', 'tasks', 'run', 'main_dag', 'laptop_scraping_tasks.scrape_cellphones', 'manual__2024-11-06T06:36:01.652166+00:00', '--job-id', '4', '--raw', '--subdir', 'DAGS_FOLDER/main_dag.py', '--cfg-path', '/tmp/tmpg0kxaotw']
[2024-11-06T06:36:03.002+0000] {standard_task_runner.py:105} INFO - Job 4: Subtask laptop_scraping_tasks.scrape_cellphones
[2024-11-06T06:36:03.108+0000] {task_command.py:467} INFO - Running <TaskInstance: main_dag.laptop_scraping_tasks.scrape_cellphones manual__2024-11-06T06:36:01.652166+00:00 [running]> on host 4958da7c6f3b
[2024-11-06T06:36:03.279+0000] {taskinstance.py:3131} INFO - Exporting env vars: AIRFLOW_CTX_DAG_OWNER='veil' AIRFLOW_CTX_DAG_ID='main_dag' AIRFLOW_CTX_TASK_ID='laptop_scraping_tasks.scrape_cellphones' AIRFLOW_CTX_EXECUTION_DATE='2024-11-06T06:36:01.652166+00:00' AIRFLOW_CTX_TRY_NUMBER='1' AIRFLOW_CTX_DAG_RUN_ID='manual__2024-11-06T06:36:01.652166+00:00'
[2024-11-06T06:36:03.280+0000] {taskinstance.py:731} INFO - ::endgroup::
[2024-11-06T06:36:03.297+0000] {subprocess.py:63} INFO - Tmp dir root location: /tmp
[2024-11-06T06:36:03.299+0000] {subprocess.py:75} INFO - Running command: ['/usr/bin/bash', '-c', 'cd /app/scraper && scrapy crawl cellphones_spider -O ../temp/cellphones_data.json']
[2024-11-06T06:36:03.313+0000] {subprocess.py:86} INFO - Output:
[2024-11-06T06:36:42.692+0000] {job.py:229} INFO - Heartbeat recovered after 11.72 seconds
[2024-11-06T06:36:47.237+0000] {subprocess.py:93} INFO - 'Load More' button clicked sucessfully.
[2024-11-06T06:36:47.259+0000] {subprocess.py:93} INFO - No more 'Load More' button
[2024-11-06T06:36:47.561+0000] {subprocess.py:97} INFO - Command exited with return code 0
[2024-11-06T06:36:47.688+0000] {taskinstance.py:340} INFO - ::group::Post task execution logs
[2024-11-06T06:36:47.691+0000] {taskinstance.py:352} INFO - Marking task as SUCCESS. dag_id=main_dag, task_id=laptop_scraping_tasks.scrape_cellphones, run_id=manual__2024-11-06T06:36:01.652166+00:00, execution_date=20241106T063601, start_date=20241106T063602, end_date=20241106T063647
[2024-11-06T06:36:47.792+0000] {local_task_job_runner.py:266} INFO - Task exited with return code 0
[2024-11-06T06:36:47.827+0000] {logging_mixin.py:190} WARNING - /usr/local/lib/python3.11/site-packages/***/models/baseoperator.py:1378 AirflowProviderDeprecationWarning: Call to deprecated class PostgresOperator. (Please use `***.providers.common.sql.operators.sql.SQLExecuteQueryOperator`.Also, you can provide `hook_params={'schema': <database>}`.)
[2024-11-06T06:36:47.864+0000] {taskinstance.py:3900} INFO - 0 downstream tasks scheduled from follow-on schedule check
[2024-11-06T06:36:47.869+0000] {local_task_job_runner.py:245} INFO - ::endgroup::
