[2024-10-30T09:09:23.113+0000] {processor.py:186} INFO - Started process (PID=3854) to work on /usr/local/lib/python3.11/site-packages/airflow/example_dags/example_external_task_marker_dag.py
[2024-10-30T09:09:23.114+0000] {processor.py:914} INFO - Processing file /usr/local/lib/python3.11/site-packages/airflow/example_dags/example_external_task_marker_dag.py for tasks to queue
[2024-10-30T09:09:23.116+0000] {logging_mixin.py:190} INFO - [2024-10-30T09:09:23.116+0000] {dagbag.py:588} INFO - Filling up the DagBag from /usr/local/lib/python3.11/site-packages/airflow/example_dags/example_external_task_marker_dag.py
[2024-10-30T09:09:23.123+0000] {processor.py:925} INFO - DAG(s) 'example_external_task_marker_parent', 'example_external_task_marker_child' retrieved from /usr/local/lib/python3.11/site-packages/airflow/example_dags/example_external_task_marker_dag.py
[2024-10-30T09:09:23.313+0000] {logging_mixin.py:190} INFO - [2024-10-30T09:09:23.312+0000] {override.py:1907} INFO - Created Permission View: can delete on DAG:example_external_task_marker_parent
[2024-10-30T09:09:23.335+0000] {logging_mixin.py:190} INFO - [2024-10-30T09:09:23.334+0000] {override.py:1907} INFO - Created Permission View: can read on DAG:example_external_task_marker_parent
[2024-10-30T09:09:23.354+0000] {logging_mixin.py:190} INFO - [2024-10-30T09:09:23.353+0000] {override.py:1907} INFO - Created Permission View: can edit on DAG:example_external_task_marker_parent
[2024-10-30T09:09:23.384+0000] {logging_mixin.py:190} INFO - [2024-10-30T09:09:23.384+0000] {override.py:1907} INFO - Created Permission View: can delete on DAG Run:example_external_task_marker_parent
[2024-10-30T09:09:23.411+0000] {logging_mixin.py:190} INFO - [2024-10-30T09:09:23.411+0000] {override.py:1907} INFO - Created Permission View: can create on DAG Run:example_external_task_marker_parent
[2024-10-30T09:09:23.442+0000] {logging_mixin.py:190} INFO - [2024-10-30T09:09:23.442+0000] {override.py:1907} INFO - Created Permission View: menu access on DAG Run:example_external_task_marker_parent
[2024-10-30T09:09:23.465+0000] {logging_mixin.py:190} INFO - [2024-10-30T09:09:23.465+0000] {override.py:1907} INFO - Created Permission View: can read on DAG Run:example_external_task_marker_parent
[2024-10-30T09:09:23.514+0000] {logging_mixin.py:190} INFO - [2024-10-30T09:09:23.514+0000] {override.py:1907} INFO - Created Permission View: can delete on DAG:example_external_task_marker_child
[2024-10-30T09:09:23.535+0000] {logging_mixin.py:190} INFO - [2024-10-30T09:09:23.535+0000] {override.py:1907} INFO - Created Permission View: can read on DAG:example_external_task_marker_child
[2024-10-30T09:09:23.555+0000] {logging_mixin.py:190} INFO - [2024-10-30T09:09:23.554+0000] {override.py:1907} INFO - Created Permission View: can edit on DAG:example_external_task_marker_child
[2024-10-30T09:09:23.591+0000] {logging_mixin.py:190} INFO - [2024-10-30T09:09:23.591+0000] {override.py:1907} INFO - Created Permission View: can delete on DAG Run:example_external_task_marker_child
[2024-10-30T09:09:23.613+0000] {logging_mixin.py:190} INFO - [2024-10-30T09:09:23.612+0000] {override.py:1907} INFO - Created Permission View: can create on DAG Run:example_external_task_marker_child
[2024-10-30T09:09:23.632+0000] {logging_mixin.py:190} INFO - [2024-10-30T09:09:23.631+0000] {override.py:1907} INFO - Created Permission View: menu access on DAG Run:example_external_task_marker_child
[2024-10-30T09:09:23.651+0000] {logging_mixin.py:190} INFO - [2024-10-30T09:09:23.651+0000] {override.py:1907} INFO - Created Permission View: can read on DAG Run:example_external_task_marker_child
[2024-10-30T09:09:23.651+0000] {logging_mixin.py:190} INFO - [2024-10-30T09:09:23.651+0000] {dag.py:3239} INFO - Sync 2 DAGs
[2024-10-30T09:09:23.663+0000] {logging_mixin.py:190} INFO - [2024-10-30T09:09:23.663+0000] {dag.py:3262} INFO - Creating ORM DAG for example_external_task_marker_child
[2024-10-30T09:09:23.663+0000] {logging_mixin.py:190} INFO - [2024-10-30T09:09:23.663+0000] {dag.py:3262} INFO - Creating ORM DAG for example_external_task_marker_parent
[2024-10-30T09:09:23.664+0000] {logging_mixin.py:190} INFO - [2024-10-30T09:09:23.664+0000] {dag.py:4180} INFO - Setting next_dagrun for example_external_task_marker_child to None, run_after=None
[2024-10-30T09:09:23.665+0000] {logging_mixin.py:190} INFO - [2024-10-30T09:09:23.664+0000] {dag.py:4180} INFO - Setting next_dagrun for example_external_task_marker_parent to None, run_after=None
[2024-10-30T09:09:23.700+0000] {processor.py:208} INFO - Processing /usr/local/lib/python3.11/site-packages/airflow/example_dags/example_external_task_marker_dag.py took 0.592 seconds
[2024-10-30T09:10:32.119+0000] {processor.py:186} INFO - Started process (PID=4373) to work on /usr/local/lib/python3.11/site-packages/airflow/example_dags/example_external_task_marker_dag.py
[2024-10-30T09:10:32.120+0000] {processor.py:914} INFO - Processing file /usr/local/lib/python3.11/site-packages/airflow/example_dags/example_external_task_marker_dag.py for tasks to queue
[2024-10-30T09:10:32.121+0000] {logging_mixin.py:190} INFO - [2024-10-30T09:10:32.121+0000] {dagbag.py:588} INFO - Filling up the DagBag from /usr/local/lib/python3.11/site-packages/airflow/example_dags/example_external_task_marker_dag.py
[2024-10-30T09:10:32.129+0000] {processor.py:925} INFO - DAG(s) 'example_external_task_marker_child', 'example_external_task_marker_parent' retrieved from /usr/local/lib/python3.11/site-packages/airflow/example_dags/example_external_task_marker_dag.py
[2024-10-30T09:10:32.153+0000] {logging_mixin.py:190} INFO - [2024-10-30T09:10:32.152+0000] {dag.py:3239} INFO - Sync 2 DAGs
[2024-10-30T09:10:32.165+0000] {logging_mixin.py:190} INFO - [2024-10-30T09:10:32.165+0000] {dag.py:4180} INFO - Setting next_dagrun for example_external_task_marker_child to None, run_after=None
[2024-10-30T09:10:32.169+0000] {logging_mixin.py:190} INFO - [2024-10-30T09:10:32.169+0000] {dag.py:4180} INFO - Setting next_dagrun for example_external_task_marker_parent to None, run_after=None
[2024-10-30T09:10:32.206+0000] {processor.py:208} INFO - Processing /usr/local/lib/python3.11/site-packages/airflow/example_dags/example_external_task_marker_dag.py took 0.092 seconds
[2024-10-30T09:11:36.026+0000] {processor.py:186} INFO - Started process (PID=4880) to work on /usr/local/lib/python3.11/site-packages/airflow/example_dags/example_external_task_marker_dag.py
[2024-10-30T09:11:36.027+0000] {processor.py:914} INFO - Processing file /usr/local/lib/python3.11/site-packages/airflow/example_dags/example_external_task_marker_dag.py for tasks to queue
[2024-10-30T09:11:36.030+0000] {logging_mixin.py:190} INFO - [2024-10-30T09:11:36.029+0000] {dagbag.py:588} INFO - Filling up the DagBag from /usr/local/lib/python3.11/site-packages/airflow/example_dags/example_external_task_marker_dag.py
[2024-10-30T09:11:36.037+0000] {processor.py:925} INFO - DAG(s) 'example_external_task_marker_parent', 'example_external_task_marker_child' retrieved from /usr/local/lib/python3.11/site-packages/airflow/example_dags/example_external_task_marker_dag.py
[2024-10-30T09:11:36.064+0000] {logging_mixin.py:190} INFO - [2024-10-30T09:11:36.064+0000] {dag.py:3239} INFO - Sync 2 DAGs
[2024-10-30T09:11:36.076+0000] {logging_mixin.py:190} INFO - [2024-10-30T09:11:36.075+0000] {dag.py:4180} INFO - Setting next_dagrun for example_external_task_marker_child to None, run_after=None
[2024-10-30T09:11:36.080+0000] {logging_mixin.py:190} INFO - [2024-10-30T09:11:36.079+0000] {dag.py:4180} INFO - Setting next_dagrun for example_external_task_marker_parent to None, run_after=None
[2024-10-30T09:11:36.119+0000] {processor.py:208} INFO - Processing /usr/local/lib/python3.11/site-packages/airflow/example_dags/example_external_task_marker_dag.py took 0.098 seconds
[2024-10-30T09:12:34.962+0000] {processor.py:186} INFO - Started process (PID=5371) to work on /usr/local/lib/python3.11/site-packages/airflow/example_dags/example_external_task_marker_dag.py
[2024-10-30T09:12:34.963+0000] {processor.py:914} INFO - Processing file /usr/local/lib/python3.11/site-packages/airflow/example_dags/example_external_task_marker_dag.py for tasks to queue
[2024-10-30T09:12:34.966+0000] {logging_mixin.py:190} INFO - [2024-10-30T09:12:34.965+0000] {dagbag.py:588} INFO - Filling up the DagBag from /usr/local/lib/python3.11/site-packages/airflow/example_dags/example_external_task_marker_dag.py
[2024-10-30T09:12:34.972+0000] {processor.py:925} INFO - DAG(s) 'example_external_task_marker_child', 'example_external_task_marker_parent' retrieved from /usr/local/lib/python3.11/site-packages/airflow/example_dags/example_external_task_marker_dag.py
[2024-10-30T09:12:34.995+0000] {logging_mixin.py:190} INFO - [2024-10-30T09:12:34.995+0000] {dag.py:3239} INFO - Sync 2 DAGs
[2024-10-30T09:12:35.010+0000] {logging_mixin.py:190} INFO - [2024-10-30T09:12:35.010+0000] {dag.py:4180} INFO - Setting next_dagrun for example_external_task_marker_child to None, run_after=None
[2024-10-30T09:12:35.013+0000] {logging_mixin.py:190} INFO - [2024-10-30T09:12:35.013+0000] {dag.py:4180} INFO - Setting next_dagrun for example_external_task_marker_parent to None, run_after=None
[2024-10-30T09:12:35.059+0000] {processor.py:208} INFO - Processing /usr/local/lib/python3.11/site-packages/airflow/example_dags/example_external_task_marker_dag.py took 0.102 seconds
[2024-10-30T09:13:38.817+0000] {processor.py:186} INFO - Started process (PID=6428) to work on /usr/local/lib/python3.11/site-packages/airflow/example_dags/example_external_task_marker_dag.py
[2024-10-30T09:13:38.818+0000] {processor.py:914} INFO - Processing file /usr/local/lib/python3.11/site-packages/airflow/example_dags/example_external_task_marker_dag.py for tasks to queue
[2024-10-30T09:13:38.820+0000] {logging_mixin.py:190} INFO - [2024-10-30T09:13:38.820+0000] {dagbag.py:588} INFO - Filling up the DagBag from /usr/local/lib/python3.11/site-packages/airflow/example_dags/example_external_task_marker_dag.py
[2024-10-30T09:13:38.828+0000] {processor.py:925} INFO - DAG(s) 'example_external_task_marker_parent', 'example_external_task_marker_child' retrieved from /usr/local/lib/python3.11/site-packages/airflow/example_dags/example_external_task_marker_dag.py
[2024-10-30T09:13:38.853+0000] {logging_mixin.py:190} INFO - [2024-10-30T09:13:38.853+0000] {dag.py:3239} INFO - Sync 2 DAGs
[2024-10-30T09:13:38.866+0000] {logging_mixin.py:190} INFO - [2024-10-30T09:13:38.866+0000] {dag.py:4180} INFO - Setting next_dagrun for example_external_task_marker_child to None, run_after=None
[2024-10-30T09:13:38.872+0000] {logging_mixin.py:190} INFO - [2024-10-30T09:13:38.872+0000] {dag.py:4180} INFO - Setting next_dagrun for example_external_task_marker_parent to None, run_after=None
[2024-10-30T09:13:38.915+0000] {processor.py:208} INFO - Processing /usr/local/lib/python3.11/site-packages/airflow/example_dags/example_external_task_marker_dag.py took 0.103 seconds
