[2024-10-30T09:09:18.817+0000] {processor.py:186} INFO - Started process (PID=3840) to work on /usr/local/lib/python3.11/site-packages/airflow/example_dags/example_outlet_event_extra.py
[2024-10-30T09:09:18.818+0000] {processor.py:914} INFO - Processing file /usr/local/lib/python3.11/site-packages/airflow/example_dags/example_outlet_event_extra.py for tasks to queue
[2024-10-30T09:09:18.820+0000] {logging_mixin.py:190} INFO - [2024-10-30T09:09:18.820+0000] {dagbag.py:588} INFO - Filling up the DagBag from /usr/local/lib/python3.11/site-packages/airflow/example_dags/example_outlet_event_extra.py
[2024-10-30T09:09:18.836+0000] {processor.py:925} INFO - DAG(s) 'dataset_with_extra_from_classic_operator', 'dataset_with_extra_by_yield', 'dataset_with_extra_by_context' retrieved from /usr/local/lib/python3.11/site-packages/airflow/example_dags/example_outlet_event_extra.py
[2024-10-30T09:09:19.035+0000] {logging_mixin.py:190} INFO - [2024-10-30T09:09:19.035+0000] {override.py:1907} INFO - Created Permission View: can delete on DAG:dataset_with_extra_from_classic_operator
[2024-10-30T09:09:19.062+0000] {logging_mixin.py:190} INFO - [2024-10-30T09:09:19.061+0000] {override.py:1907} INFO - Created Permission View: can read on DAG:dataset_with_extra_from_classic_operator
[2024-10-30T09:09:19.093+0000] {logging_mixin.py:190} INFO - [2024-10-30T09:09:19.092+0000] {override.py:1907} INFO - Created Permission View: can edit on DAG:dataset_with_extra_from_classic_operator
[2024-10-30T09:09:19.131+0000] {logging_mixin.py:190} INFO - [2024-10-30T09:09:19.130+0000] {override.py:1907} INFO - Created Permission View: can delete on DAG Run:dataset_with_extra_from_classic_operator
[2024-10-30T09:09:19.160+0000] {logging_mixin.py:190} INFO - [2024-10-30T09:09:19.160+0000] {override.py:1907} INFO - Created Permission View: can create on DAG Run:dataset_with_extra_from_classic_operator
[2024-10-30T09:09:19.192+0000] {logging_mixin.py:190} INFO - [2024-10-30T09:09:19.192+0000] {override.py:1907} INFO - Created Permission View: menu access on DAG Run:dataset_with_extra_from_classic_operator
[2024-10-30T09:09:19.216+0000] {logging_mixin.py:190} INFO - [2024-10-30T09:09:19.215+0000] {override.py:1907} INFO - Created Permission View: can read on DAG Run:dataset_with_extra_from_classic_operator
[2024-10-30T09:09:19.266+0000] {logging_mixin.py:190} INFO - [2024-10-30T09:09:19.266+0000] {override.py:1907} INFO - Created Permission View: can delete on DAG:dataset_with_extra_by_yield
[2024-10-30T09:09:19.288+0000] {logging_mixin.py:190} INFO - [2024-10-30T09:09:19.288+0000] {override.py:1907} INFO - Created Permission View: can read on DAG:dataset_with_extra_by_yield
[2024-10-30T09:09:19.310+0000] {logging_mixin.py:190} INFO - [2024-10-30T09:09:19.309+0000] {override.py:1907} INFO - Created Permission View: can edit on DAG:dataset_with_extra_by_yield
[2024-10-30T09:09:19.343+0000] {logging_mixin.py:190} INFO - [2024-10-30T09:09:19.342+0000] {override.py:1907} INFO - Created Permission View: can delete on DAG Run:dataset_with_extra_by_yield
[2024-10-30T09:09:19.373+0000] {logging_mixin.py:190} INFO - [2024-10-30T09:09:19.373+0000] {override.py:1907} INFO - Created Permission View: can create on DAG Run:dataset_with_extra_by_yield
[2024-10-30T09:09:19.397+0000] {logging_mixin.py:190} INFO - [2024-10-30T09:09:19.396+0000] {override.py:1907} INFO - Created Permission View: menu access on DAG Run:dataset_with_extra_by_yield
[2024-10-30T09:09:19.422+0000] {logging_mixin.py:190} INFO - [2024-10-30T09:09:19.421+0000] {override.py:1907} INFO - Created Permission View: can read on DAG Run:dataset_with_extra_by_yield
[2024-10-30T09:09:19.472+0000] {logging_mixin.py:190} INFO - [2024-10-30T09:09:19.471+0000] {override.py:1907} INFO - Created Permission View: can delete on DAG:dataset_with_extra_by_context
[2024-10-30T09:09:19.490+0000] {logging_mixin.py:190} INFO - [2024-10-30T09:09:19.490+0000] {override.py:1907} INFO - Created Permission View: can read on DAG:dataset_with_extra_by_context
[2024-10-30T09:09:19.509+0000] {logging_mixin.py:190} INFO - [2024-10-30T09:09:19.508+0000] {override.py:1907} INFO - Created Permission View: can edit on DAG:dataset_with_extra_by_context
[2024-10-30T09:09:19.551+0000] {logging_mixin.py:190} INFO - [2024-10-30T09:09:19.550+0000] {override.py:1907} INFO - Created Permission View: can delete on DAG Run:dataset_with_extra_by_context
[2024-10-30T09:09:19.582+0000] {logging_mixin.py:190} INFO - [2024-10-30T09:09:19.582+0000] {override.py:1907} INFO - Created Permission View: can create on DAG Run:dataset_with_extra_by_context
[2024-10-30T09:09:19.605+0000] {logging_mixin.py:190} INFO - [2024-10-30T09:09:19.605+0000] {override.py:1907} INFO - Created Permission View: menu access on DAG Run:dataset_with_extra_by_context
[2024-10-30T09:09:19.627+0000] {logging_mixin.py:190} INFO - [2024-10-30T09:09:19.627+0000] {override.py:1907} INFO - Created Permission View: can read on DAG Run:dataset_with_extra_by_context
[2024-10-30T09:09:19.628+0000] {logging_mixin.py:190} INFO - [2024-10-30T09:09:19.628+0000] {dag.py:3239} INFO - Sync 3 DAGs
[2024-10-30T09:09:19.639+0000] {logging_mixin.py:190} INFO - [2024-10-30T09:09:19.639+0000] {dag.py:3262} INFO - Creating ORM DAG for dataset_with_extra_from_classic_operator
[2024-10-30T09:09:19.640+0000] {logging_mixin.py:190} INFO - [2024-10-30T09:09:19.640+0000] {dag.py:3262} INFO - Creating ORM DAG for dataset_with_extra_by_context
[2024-10-30T09:09:19.641+0000] {logging_mixin.py:190} INFO - [2024-10-30T09:09:19.641+0000] {dag.py:3262} INFO - Creating ORM DAG for dataset_with_extra_by_yield
[2024-10-30T09:09:19.649+0000] {logging_mixin.py:190} INFO - [2024-10-30T09:09:19.649+0000] {dag.py:4180} INFO - Setting next_dagrun for dataset_with_extra_by_context to 2024-10-29 00:00:00+00:00, run_after=2024-10-30 00:00:00+00:00
[2024-10-30T09:09:19.651+0000] {logging_mixin.py:190} INFO - [2024-10-30T09:09:19.650+0000] {dag.py:4180} INFO - Setting next_dagrun for dataset_with_extra_by_yield to 2024-10-29 00:00:00+00:00, run_after=2024-10-30 00:00:00+00:00
[2024-10-30T09:09:19.652+0000] {logging_mixin.py:190} INFO - [2024-10-30T09:09:19.652+0000] {dag.py:4180} INFO - Setting next_dagrun for dataset_with_extra_from_classic_operator to 2024-10-29 00:00:00+00:00, run_after=2024-10-30 00:00:00+00:00
[2024-10-30T09:09:19.692+0000] {processor.py:208} INFO - Processing /usr/local/lib/python3.11/site-packages/airflow/example_dags/example_outlet_event_extra.py took 0.880 seconds
[2024-10-30T09:10:28.367+0000] {processor.py:186} INFO - Started process (PID=4361) to work on /usr/local/lib/python3.11/site-packages/airflow/example_dags/example_outlet_event_extra.py
[2024-10-30T09:10:28.368+0000] {processor.py:914} INFO - Processing file /usr/local/lib/python3.11/site-packages/airflow/example_dags/example_outlet_event_extra.py for tasks to queue
[2024-10-30T09:10:28.370+0000] {logging_mixin.py:190} INFO - [2024-10-30T09:10:28.369+0000] {dagbag.py:588} INFO - Filling up the DagBag from /usr/local/lib/python3.11/site-packages/airflow/example_dags/example_outlet_event_extra.py
[2024-10-30T09:10:28.381+0000] {processor.py:925} INFO - DAG(s) 'dataset_with_extra_by_context', 'dataset_with_extra_from_classic_operator', 'dataset_with_extra_by_yield' retrieved from /usr/local/lib/python3.11/site-packages/airflow/example_dags/example_outlet_event_extra.py
[2024-10-30T09:10:28.412+0000] {logging_mixin.py:190} INFO - [2024-10-30T09:10:28.412+0000] {dag.py:3239} INFO - Sync 3 DAGs
[2024-10-30T09:10:28.435+0000] {logging_mixin.py:190} INFO - [2024-10-30T09:10:28.435+0000] {dag.py:4180} INFO - Setting next_dagrun for dataset_with_extra_by_context to 2024-10-29 00:00:00+00:00, run_after=2024-10-30 00:00:00+00:00
[2024-10-30T09:10:28.441+0000] {logging_mixin.py:190} INFO - [2024-10-30T09:10:28.441+0000] {dag.py:4180} INFO - Setting next_dagrun for dataset_with_extra_by_yield to 2024-10-29 00:00:00+00:00, run_after=2024-10-30 00:00:00+00:00
[2024-10-30T09:10:28.444+0000] {logging_mixin.py:190} INFO - [2024-10-30T09:10:28.444+0000] {dag.py:4180} INFO - Setting next_dagrun for dataset_with_extra_from_classic_operator to 2024-10-29 00:00:00+00:00, run_after=2024-10-30 00:00:00+00:00
[2024-10-30T09:10:28.499+0000] {processor.py:208} INFO - Processing /usr/local/lib/python3.11/site-packages/airflow/example_dags/example_outlet_event_extra.py took 0.137 seconds
[2024-10-30T09:11:26.760+0000] {processor.py:186} INFO - Started process (PID=4847) to work on /usr/local/lib/python3.11/site-packages/airflow/example_dags/example_outlet_event_extra.py
[2024-10-30T09:11:26.761+0000] {processor.py:914} INFO - Processing file /usr/local/lib/python3.11/site-packages/airflow/example_dags/example_outlet_event_extra.py for tasks to queue
[2024-10-30T09:11:26.763+0000] {logging_mixin.py:190} INFO - [2024-10-30T09:11:26.762+0000] {dagbag.py:588} INFO - Filling up the DagBag from /usr/local/lib/python3.11/site-packages/airflow/example_dags/example_outlet_event_extra.py
[2024-10-30T09:11:26.774+0000] {processor.py:925} INFO - DAG(s) 'dataset_with_extra_from_classic_operator', 'dataset_with_extra_by_yield', 'dataset_with_extra_by_context' retrieved from /usr/local/lib/python3.11/site-packages/airflow/example_dags/example_outlet_event_extra.py
[2024-10-30T09:11:26.800+0000] {logging_mixin.py:190} INFO - [2024-10-30T09:11:26.800+0000] {dag.py:3239} INFO - Sync 3 DAGs
[2024-10-30T09:11:26.824+0000] {logging_mixin.py:190} INFO - [2024-10-30T09:11:26.824+0000] {dag.py:4180} INFO - Setting next_dagrun for dataset_with_extra_by_context to 2024-10-29 00:00:00+00:00, run_after=2024-10-30 00:00:00+00:00
[2024-10-30T09:11:26.828+0000] {logging_mixin.py:190} INFO - [2024-10-30T09:11:26.828+0000] {dag.py:4180} INFO - Setting next_dagrun for dataset_with_extra_by_yield to 2024-10-29 00:00:00+00:00, run_after=2024-10-30 00:00:00+00:00
[2024-10-30T09:11:26.831+0000] {logging_mixin.py:190} INFO - [2024-10-30T09:11:26.831+0000] {dag.py:4180} INFO - Setting next_dagrun for dataset_with_extra_from_classic_operator to 2024-10-29 00:00:00+00:00, run_after=2024-10-30 00:00:00+00:00
[2024-10-30T09:11:26.875+0000] {processor.py:208} INFO - Processing /usr/local/lib/python3.11/site-packages/airflow/example_dags/example_outlet_event_extra.py took 0.121 seconds
[2024-10-30T09:12:27.476+0000] {processor.py:186} INFO - Started process (PID=5339) to work on /usr/local/lib/python3.11/site-packages/airflow/example_dags/example_outlet_event_extra.py
[2024-10-30T09:12:27.477+0000] {processor.py:914} INFO - Processing file /usr/local/lib/python3.11/site-packages/airflow/example_dags/example_outlet_event_extra.py for tasks to queue
[2024-10-30T09:12:27.479+0000] {logging_mixin.py:190} INFO - [2024-10-30T09:12:27.479+0000] {dagbag.py:588} INFO - Filling up the DagBag from /usr/local/lib/python3.11/site-packages/airflow/example_dags/example_outlet_event_extra.py
[2024-10-30T09:12:27.490+0000] {processor.py:925} INFO - DAG(s) 'dataset_with_extra_by_context', 'dataset_with_extra_by_yield', 'dataset_with_extra_from_classic_operator' retrieved from /usr/local/lib/python3.11/site-packages/airflow/example_dags/example_outlet_event_extra.py
[2024-10-30T09:12:27.516+0000] {logging_mixin.py:190} INFO - [2024-10-30T09:12:27.516+0000] {dag.py:3239} INFO - Sync 3 DAGs
[2024-10-30T09:12:27.543+0000] {logging_mixin.py:190} INFO - [2024-10-30T09:12:27.543+0000] {dag.py:4180} INFO - Setting next_dagrun for dataset_with_extra_by_context to 2024-10-29 00:00:00+00:00, run_after=2024-10-30 00:00:00+00:00
[2024-10-30T09:12:27.548+0000] {logging_mixin.py:190} INFO - [2024-10-30T09:12:27.548+0000] {dag.py:4180} INFO - Setting next_dagrun for dataset_with_extra_by_yield to 2024-10-29 00:00:00+00:00, run_after=2024-10-30 00:00:00+00:00
[2024-10-30T09:12:27.551+0000] {logging_mixin.py:190} INFO - [2024-10-30T09:12:27.550+0000] {dag.py:4180} INFO - Setting next_dagrun for dataset_with_extra_from_classic_operator to 2024-10-29 00:00:00+00:00, run_after=2024-10-30 00:00:00+00:00
[2024-10-30T09:12:27.599+0000] {processor.py:208} INFO - Processing /usr/local/lib/python3.11/site-packages/airflow/example_dags/example_outlet_event_extra.py took 0.127 seconds
[2024-10-30T09:13:27.498+0000] {processor.py:186} INFO - Started process (PID=5831) to work on /usr/local/lib/python3.11/site-packages/airflow/example_dags/example_outlet_event_extra.py
[2024-10-30T09:13:27.499+0000] {processor.py:914} INFO - Processing file /usr/local/lib/python3.11/site-packages/airflow/example_dags/example_outlet_event_extra.py for tasks to queue
[2024-10-30T09:13:27.501+0000] {logging_mixin.py:190} INFO - [2024-10-30T09:13:27.500+0000] {dagbag.py:588} INFO - Filling up the DagBag from /usr/local/lib/python3.11/site-packages/airflow/example_dags/example_outlet_event_extra.py
[2024-10-30T09:13:27.513+0000] {processor.py:925} INFO - DAG(s) 'dataset_with_extra_by_context', 'dataset_with_extra_from_classic_operator', 'dataset_with_extra_by_yield' retrieved from /usr/local/lib/python3.11/site-packages/airflow/example_dags/example_outlet_event_extra.py
[2024-10-30T09:13:27.546+0000] {logging_mixin.py:190} INFO - [2024-10-30T09:13:27.546+0000] {dag.py:3239} INFO - Sync 3 DAGs
[2024-10-30T09:13:27.571+0000] {logging_mixin.py:190} INFO - [2024-10-30T09:13:27.571+0000] {dag.py:4180} INFO - Setting next_dagrun for dataset_with_extra_by_context to 2024-10-29 00:00:00+00:00, run_after=2024-10-30 00:00:00+00:00
[2024-10-30T09:13:27.577+0000] {logging_mixin.py:190} INFO - [2024-10-30T09:13:27.577+0000] {dag.py:4180} INFO - Setting next_dagrun for dataset_with_extra_by_yield to 2024-10-29 00:00:00+00:00, run_after=2024-10-30 00:00:00+00:00
[2024-10-30T09:13:27.580+0000] {logging_mixin.py:190} INFO - [2024-10-30T09:13:27.580+0000] {dag.py:4180} INFO - Setting next_dagrun for dataset_with_extra_from_classic_operator to 2024-10-29 00:00:00+00:00, run_after=2024-10-30 00:00:00+00:00
[2024-10-30T09:13:27.634+0000] {processor.py:208} INFO - Processing /usr/local/lib/python3.11/site-packages/airflow/example_dags/example_outlet_event_extra.py took 0.142 seconds
[2024-10-30T09:14:31.639+0000] {processor.py:186} INFO - Started process (PID=6616) to work on /usr/local/lib/python3.11/site-packages/airflow/example_dags/example_outlet_event_extra.py
[2024-10-30T09:14:31.640+0000] {processor.py:914} INFO - Processing file /usr/local/lib/python3.11/site-packages/airflow/example_dags/example_outlet_event_extra.py for tasks to queue
[2024-10-30T09:14:31.642+0000] {logging_mixin.py:190} INFO - [2024-10-30T09:14:31.642+0000] {dagbag.py:588} INFO - Filling up the DagBag from /usr/local/lib/python3.11/site-packages/airflow/example_dags/example_outlet_event_extra.py
[2024-10-30T09:14:31.655+0000] {processor.py:925} INFO - DAG(s) 'dataset_with_extra_from_classic_operator', 'dataset_with_extra_by_context', 'dataset_with_extra_by_yield' retrieved from /usr/local/lib/python3.11/site-packages/airflow/example_dags/example_outlet_event_extra.py
[2024-10-30T09:14:31.684+0000] {logging_mixin.py:190} INFO - [2024-10-30T09:14:31.684+0000] {dag.py:3239} INFO - Sync 3 DAGs
[2024-10-30T09:14:31.708+0000] {logging_mixin.py:190} INFO - [2024-10-30T09:14:31.707+0000] {dag.py:4180} INFO - Setting next_dagrun for dataset_with_extra_by_context to 2024-10-29 00:00:00+00:00, run_after=2024-10-30 00:00:00+00:00
[2024-10-30T09:14:31.715+0000] {logging_mixin.py:190} INFO - [2024-10-30T09:14:31.715+0000] {dag.py:4180} INFO - Setting next_dagrun for dataset_with_extra_by_yield to 2024-10-29 00:00:00+00:00, run_after=2024-10-30 00:00:00+00:00
[2024-10-30T09:14:31.720+0000] {logging_mixin.py:190} INFO - [2024-10-30T09:14:31.720+0000] {dag.py:4180} INFO - Setting next_dagrun for dataset_with_extra_from_classic_operator to 2024-10-29 00:00:00+00:00, run_after=2024-10-30 00:00:00+00:00
[2024-10-30T09:14:31.773+0000] {processor.py:208} INFO - Processing /usr/local/lib/python3.11/site-packages/airflow/example_dags/example_outlet_event_extra.py took 0.139 seconds
