[2024-10-30T09:08:49.607+0000] {processor.py:186} INFO - Started process (PID=2775) to work on /usr/local/lib/python3.11/site-packages/airflow/example_dags/example_time_delta_sensor_async.py
[2024-10-30T09:08:49.608+0000] {processor.py:914} INFO - Processing file /usr/local/lib/python3.11/site-packages/airflow/example_dags/example_time_delta_sensor_async.py for tasks to queue
[2024-10-30T09:08:49.610+0000] {logging_mixin.py:190} INFO - [2024-10-30T09:08:49.610+0000] {dagbag.py:588} INFO - Filling up the DagBag from /usr/local/lib/python3.11/site-packages/airflow/example_dags/example_time_delta_sensor_async.py
[2024-10-30T09:08:49.624+0000] {processor.py:925} INFO - DAG(s) 'example_time_delta_sensor_async' retrieved from /usr/local/lib/python3.11/site-packages/airflow/example_dags/example_time_delta_sensor_async.py
[2024-10-30T09:08:49.883+0000] {logging_mixin.py:190} INFO - [2024-10-30T09:08:49.883+0000] {override.py:1907} INFO - Created Permission View: can delete on DAG:example_time_delta_sensor_async
[2024-10-30T09:08:49.931+0000] {logging_mixin.py:190} INFO - [2024-10-30T09:08:49.930+0000] {override.py:1907} INFO - Created Permission View: can read on DAG:example_time_delta_sensor_async
[2024-10-30T09:08:49.970+0000] {logging_mixin.py:190} INFO - [2024-10-30T09:08:49.970+0000] {override.py:1907} INFO - Created Permission View: can edit on DAG:example_time_delta_sensor_async
[2024-10-30T09:08:50.017+0000] {logging_mixin.py:190} INFO - [2024-10-30T09:08:50.017+0000] {override.py:1907} INFO - Created Permission View: can delete on DAG Run:example_time_delta_sensor_async
[2024-10-30T09:08:50.058+0000] {logging_mixin.py:190} INFO - [2024-10-30T09:08:50.058+0000] {override.py:1907} INFO - Created Permission View: can create on DAG Run:example_time_delta_sensor_async
[2024-10-30T09:08:50.084+0000] {logging_mixin.py:190} INFO - [2024-10-30T09:08:50.084+0000] {override.py:1907} INFO - Created Permission View: menu access on DAG Run:example_time_delta_sensor_async
[2024-10-30T09:08:50.130+0000] {logging_mixin.py:190} INFO - [2024-10-30T09:08:50.129+0000] {override.py:1907} INFO - Created Permission View: can read on DAG Run:example_time_delta_sensor_async
[2024-10-30T09:08:50.131+0000] {logging_mixin.py:190} INFO - [2024-10-30T09:08:50.130+0000] {dag.py:3239} INFO - Sync 1 DAGs
[2024-10-30T09:08:50.149+0000] {logging_mixin.py:190} INFO - [2024-10-30T09:08:50.148+0000] {dag.py:3262} INFO - Creating ORM DAG for example_time_delta_sensor_async
[2024-10-30T09:08:50.149+0000] {logging_mixin.py:190} INFO - [2024-10-30T09:08:50.149+0000] {dag.py:4180} INFO - Setting next_dagrun for example_time_delta_sensor_async to None, run_after=None
[2024-10-30T09:08:50.208+0000] {processor.py:208} INFO - Processing /usr/local/lib/python3.11/site-packages/airflow/example_dags/example_time_delta_sensor_async.py took 0.607 seconds
[2024-10-30T09:10:06.100+0000] {processor.py:186} INFO - Started process (PID=4283) to work on /usr/local/lib/python3.11/site-packages/airflow/example_dags/example_time_delta_sensor_async.py
[2024-10-30T09:10:06.102+0000] {processor.py:914} INFO - Processing file /usr/local/lib/python3.11/site-packages/airflow/example_dags/example_time_delta_sensor_async.py for tasks to queue
[2024-10-30T09:10:06.104+0000] {logging_mixin.py:190} INFO - [2024-10-30T09:10:06.104+0000] {dagbag.py:588} INFO - Filling up the DagBag from /usr/local/lib/python3.11/site-packages/airflow/example_dags/example_time_delta_sensor_async.py
[2024-10-30T09:10:06.110+0000] {processor.py:925} INFO - DAG(s) 'example_time_delta_sensor_async' retrieved from /usr/local/lib/python3.11/site-packages/airflow/example_dags/example_time_delta_sensor_async.py
[2024-10-30T09:10:06.127+0000] {logging_mixin.py:190} INFO - [2024-10-30T09:10:06.127+0000] {dag.py:3239} INFO - Sync 1 DAGs
[2024-10-30T09:10:06.138+0000] {logging_mixin.py:190} INFO - [2024-10-30T09:10:06.138+0000] {dag.py:4180} INFO - Setting next_dagrun for example_time_delta_sensor_async to None, run_after=None
[2024-10-30T09:10:06.176+0000] {processor.py:208} INFO - Processing /usr/local/lib/python3.11/site-packages/airflow/example_dags/example_time_delta_sensor_async.py took 0.081 seconds
[2024-10-30T09:11:04.590+0000] {processor.py:186} INFO - Started process (PID=4773) to work on /usr/local/lib/python3.11/site-packages/airflow/example_dags/example_time_delta_sensor_async.py
[2024-10-30T09:11:04.591+0000] {processor.py:914} INFO - Processing file /usr/local/lib/python3.11/site-packages/airflow/example_dags/example_time_delta_sensor_async.py for tasks to queue
[2024-10-30T09:11:04.594+0000] {logging_mixin.py:190} INFO - [2024-10-30T09:11:04.593+0000] {dagbag.py:588} INFO - Filling up the DagBag from /usr/local/lib/python3.11/site-packages/airflow/example_dags/example_time_delta_sensor_async.py
[2024-10-30T09:11:04.600+0000] {processor.py:925} INFO - DAG(s) 'example_time_delta_sensor_async' retrieved from /usr/local/lib/python3.11/site-packages/airflow/example_dags/example_time_delta_sensor_async.py
[2024-10-30T09:11:04.620+0000] {logging_mixin.py:190} INFO - [2024-10-30T09:11:04.620+0000] {dag.py:3239} INFO - Sync 1 DAGs
[2024-10-30T09:11:04.632+0000] {logging_mixin.py:190} INFO - [2024-10-30T09:11:04.632+0000] {dag.py:4180} INFO - Setting next_dagrun for example_time_delta_sensor_async to None, run_after=None
[2024-10-30T09:11:04.674+0000] {processor.py:208} INFO - Processing /usr/local/lib/python3.11/site-packages/airflow/example_dags/example_time_delta_sensor_async.py took 0.089 seconds
[2024-10-30T09:12:04.244+0000] {processor.py:186} INFO - Started process (PID=5261) to work on /usr/local/lib/python3.11/site-packages/airflow/example_dags/example_time_delta_sensor_async.py
[2024-10-30T09:12:04.244+0000] {processor.py:914} INFO - Processing file /usr/local/lib/python3.11/site-packages/airflow/example_dags/example_time_delta_sensor_async.py for tasks to queue
[2024-10-30T09:12:04.246+0000] {logging_mixin.py:190} INFO - [2024-10-30T09:12:04.246+0000] {dagbag.py:588} INFO - Filling up the DagBag from /usr/local/lib/python3.11/site-packages/airflow/example_dags/example_time_delta_sensor_async.py
[2024-10-30T09:12:04.252+0000] {processor.py:925} INFO - DAG(s) 'example_time_delta_sensor_async' retrieved from /usr/local/lib/python3.11/site-packages/airflow/example_dags/example_time_delta_sensor_async.py
[2024-10-30T09:12:04.270+0000] {logging_mixin.py:190} INFO - [2024-10-30T09:12:04.270+0000] {dag.py:3239} INFO - Sync 1 DAGs
[2024-10-30T09:12:04.287+0000] {logging_mixin.py:190} INFO - [2024-10-30T09:12:04.287+0000] {dag.py:4180} INFO - Setting next_dagrun for example_time_delta_sensor_async to None, run_after=None
[2024-10-30T09:12:04.350+0000] {processor.py:208} INFO - Processing /usr/local/lib/python3.11/site-packages/airflow/example_dags/example_time_delta_sensor_async.py took 0.112 seconds
[2024-10-30T09:13:05.647+0000] {processor.py:186} INFO - Started process (PID=5753) to work on /usr/local/lib/python3.11/site-packages/airflow/example_dags/example_time_delta_sensor_async.py
[2024-10-30T09:13:05.649+0000] {processor.py:914} INFO - Processing file /usr/local/lib/python3.11/site-packages/airflow/example_dags/example_time_delta_sensor_async.py for tasks to queue
[2024-10-30T09:13:05.652+0000] {logging_mixin.py:190} INFO - [2024-10-30T09:13:05.652+0000] {dagbag.py:588} INFO - Filling up the DagBag from /usr/local/lib/python3.11/site-packages/airflow/example_dags/example_time_delta_sensor_async.py
[2024-10-30T09:13:05.660+0000] {processor.py:925} INFO - DAG(s) 'example_time_delta_sensor_async' retrieved from /usr/local/lib/python3.11/site-packages/airflow/example_dags/example_time_delta_sensor_async.py
[2024-10-30T09:13:05.683+0000] {logging_mixin.py:190} INFO - [2024-10-30T09:13:05.683+0000] {dag.py:3239} INFO - Sync 1 DAGs
[2024-10-30T09:13:05.701+0000] {logging_mixin.py:190} INFO - [2024-10-30T09:13:05.700+0000] {dag.py:4180} INFO - Setting next_dagrun for example_time_delta_sensor_async to None, run_after=None
[2024-10-30T09:13:05.756+0000] {processor.py:208} INFO - Processing /usr/local/lib/python3.11/site-packages/airflow/example_dags/example_time_delta_sensor_async.py took 0.115 seconds
[2024-10-30T09:14:09.004+0000] {processor.py:186} INFO - Started process (PID=6536) to work on /usr/local/lib/python3.11/site-packages/airflow/example_dags/example_time_delta_sensor_async.py
[2024-10-30T09:14:09.005+0000] {processor.py:914} INFO - Processing file /usr/local/lib/python3.11/site-packages/airflow/example_dags/example_time_delta_sensor_async.py for tasks to queue
[2024-10-30T09:14:09.007+0000] {logging_mixin.py:190} INFO - [2024-10-30T09:14:09.007+0000] {dagbag.py:588} INFO - Filling up the DagBag from /usr/local/lib/python3.11/site-packages/airflow/example_dags/example_time_delta_sensor_async.py
[2024-10-30T09:14:09.013+0000] {processor.py:925} INFO - DAG(s) 'example_time_delta_sensor_async' retrieved from /usr/local/lib/python3.11/site-packages/airflow/example_dags/example_time_delta_sensor_async.py
[2024-10-30T09:14:09.031+0000] {logging_mixin.py:190} INFO - [2024-10-30T09:14:09.031+0000] {dag.py:3239} INFO - Sync 1 DAGs
[2024-10-30T09:14:09.057+0000] {logging_mixin.py:190} INFO - [2024-10-30T09:14:09.056+0000] {dag.py:4180} INFO - Setting next_dagrun for example_time_delta_sensor_async to None, run_after=None
[2024-10-30T09:14:09.115+0000] {processor.py:208} INFO - Processing /usr/local/lib/python3.11/site-packages/airflow/example_dags/example_time_delta_sensor_async.py took 0.115 seconds
