[2024-10-30T09:09:09.738+0000] {processor.py:186} INFO - Started process (PID=3810) to work on /usr/local/lib/python3.11/site-packages/airflow/example_dags/example_sensors.py
[2024-10-30T09:09:09.739+0000] {processor.py:914} INFO - Processing file /usr/local/lib/python3.11/site-packages/airflow/example_dags/example_sensors.py for tasks to queue
[2024-10-30T09:09:09.741+0000] {logging_mixin.py:190} INFO - [2024-10-30T09:09:09.740+0000] {dagbag.py:588} INFO - Filling up the DagBag from /usr/local/lib/python3.11/site-packages/airflow/example_dags/example_sensors.py
[2024-10-30T09:09:09.749+0000] {processor.py:925} INFO - DAG(s) 'example_sensors' retrieved from /usr/local/lib/python3.11/site-packages/airflow/example_dags/example_sensors.py
[2024-10-30T09:09:09.947+0000] {logging_mixin.py:190} INFO - [2024-10-30T09:09:09.946+0000] {override.py:1907} INFO - Created Permission View: can delete on DAG:example_sensors
[2024-10-30T09:09:09.975+0000] {logging_mixin.py:190} INFO - [2024-10-30T09:09:09.975+0000] {override.py:1907} INFO - Created Permission View: can read on DAG:example_sensors
[2024-10-30T09:09:10.004+0000] {logging_mixin.py:190} INFO - [2024-10-30T09:09:10.004+0000] {override.py:1907} INFO - Created Permission View: can edit on DAG:example_sensors
[2024-10-30T09:09:10.038+0000] {logging_mixin.py:190} INFO - [2024-10-30T09:09:10.037+0000] {override.py:1907} INFO - Created Permission View: can delete on DAG Run:example_sensors
[2024-10-30T09:09:10.061+0000] {logging_mixin.py:190} INFO - [2024-10-30T09:09:10.061+0000] {override.py:1907} INFO - Created Permission View: can create on DAG Run:example_sensors
[2024-10-30T09:09:10.085+0000] {logging_mixin.py:190} INFO - [2024-10-30T09:09:10.084+0000] {override.py:1907} INFO - Created Permission View: menu access on DAG Run:example_sensors
[2024-10-30T09:09:10.105+0000] {logging_mixin.py:190} INFO - [2024-10-30T09:09:10.105+0000] {override.py:1907} INFO - Created Permission View: can read on DAG Run:example_sensors
[2024-10-30T09:09:10.105+0000] {logging_mixin.py:190} INFO - [2024-10-30T09:09:10.105+0000] {dag.py:3239} INFO - Sync 1 DAGs
[2024-10-30T09:09:10.118+0000] {logging_mixin.py:190} INFO - [2024-10-30T09:09:10.118+0000] {dag.py:3262} INFO - Creating ORM DAG for example_sensors
[2024-10-30T09:09:10.119+0000] {logging_mixin.py:190} INFO - [2024-10-30T09:09:10.119+0000] {dag.py:4180} INFO - Setting next_dagrun for example_sensors to None, run_after=None
[2024-10-30T09:09:10.162+0000] {processor.py:208} INFO - Processing /usr/local/lib/python3.11/site-packages/airflow/example_dags/example_sensors.py took 0.428 seconds
[2024-10-30T09:10:21.290+0000] {processor.py:186} INFO - Started process (PID=4336) to work on /usr/local/lib/python3.11/site-packages/airflow/example_dags/example_sensors.py
[2024-10-30T09:10:21.291+0000] {processor.py:914} INFO - Processing file /usr/local/lib/python3.11/site-packages/airflow/example_dags/example_sensors.py for tasks to queue
[2024-10-30T09:10:21.293+0000] {logging_mixin.py:190} INFO - [2024-10-30T09:10:21.293+0000] {dagbag.py:588} INFO - Filling up the DagBag from /usr/local/lib/python3.11/site-packages/airflow/example_dags/example_sensors.py
[2024-10-30T09:10:21.303+0000] {processor.py:925} INFO - DAG(s) 'example_sensors' retrieved from /usr/local/lib/python3.11/site-packages/airflow/example_dags/example_sensors.py
[2024-10-30T09:10:21.327+0000] {logging_mixin.py:190} INFO - [2024-10-30T09:10:21.327+0000] {dag.py:3239} INFO - Sync 1 DAGs
[2024-10-30T09:10:21.339+0000] {logging_mixin.py:190} INFO - [2024-10-30T09:10:21.339+0000] {dag.py:4180} INFO - Setting next_dagrun for example_sensors to None, run_after=None
[2024-10-30T09:10:21.471+0000] {processor.py:208} INFO - Processing /usr/local/lib/python3.11/site-packages/airflow/example_dags/example_sensors.py took 0.185 seconds
[2024-10-30T09:11:20.172+0000] {processor.py:186} INFO - Started process (PID=4825) to work on /usr/local/lib/python3.11/site-packages/airflow/example_dags/example_sensors.py
[2024-10-30T09:11:20.173+0000] {processor.py:914} INFO - Processing file /usr/local/lib/python3.11/site-packages/airflow/example_dags/example_sensors.py for tasks to queue
[2024-10-30T09:11:20.176+0000] {logging_mixin.py:190} INFO - [2024-10-30T09:11:20.175+0000] {dagbag.py:588} INFO - Filling up the DagBag from /usr/local/lib/python3.11/site-packages/airflow/example_dags/example_sensors.py
[2024-10-30T09:11:20.186+0000] {processor.py:925} INFO - DAG(s) 'example_sensors' retrieved from /usr/local/lib/python3.11/site-packages/airflow/example_dags/example_sensors.py
[2024-10-30T09:11:20.214+0000] {logging_mixin.py:190} INFO - [2024-10-30T09:11:20.214+0000] {dag.py:3239} INFO - Sync 1 DAGs
[2024-10-30T09:11:20.230+0000] {logging_mixin.py:190} INFO - [2024-10-30T09:11:20.230+0000] {dag.py:4180} INFO - Setting next_dagrun for example_sensors to None, run_after=None
[2024-10-30T09:11:20.285+0000] {processor.py:208} INFO - Processing /usr/local/lib/python3.11/site-packages/airflow/example_dags/example_sensors.py took 0.118 seconds
[2024-10-30T09:12:20.582+0000] {processor.py:186} INFO - Started process (PID=5317) to work on /usr/local/lib/python3.11/site-packages/airflow/example_dags/example_sensors.py
[2024-10-30T09:12:20.583+0000] {processor.py:914} INFO - Processing file /usr/local/lib/python3.11/site-packages/airflow/example_dags/example_sensors.py for tasks to queue
[2024-10-30T09:12:20.585+0000] {logging_mixin.py:190} INFO - [2024-10-30T09:12:20.584+0000] {dagbag.py:588} INFO - Filling up the DagBag from /usr/local/lib/python3.11/site-packages/airflow/example_dags/example_sensors.py
[2024-10-30T09:12:20.595+0000] {processor.py:925} INFO - DAG(s) 'example_sensors' retrieved from /usr/local/lib/python3.11/site-packages/airflow/example_dags/example_sensors.py
[2024-10-30T09:12:20.626+0000] {logging_mixin.py:190} INFO - [2024-10-30T09:12:20.626+0000] {dag.py:3239} INFO - Sync 1 DAGs
[2024-10-30T09:12:20.642+0000] {logging_mixin.py:190} INFO - [2024-10-30T09:12:20.642+0000] {dag.py:4180} INFO - Setting next_dagrun for example_sensors to None, run_after=None
[2024-10-30T09:12:20.693+0000] {processor.py:208} INFO - Processing /usr/local/lib/python3.11/site-packages/airflow/example_dags/example_sensors.py took 0.116 seconds
[2024-10-30T09:13:21.362+0000] {processor.py:186} INFO - Started process (PID=5809) to work on /usr/local/lib/python3.11/site-packages/airflow/example_dags/example_sensors.py
[2024-10-30T09:13:21.363+0000] {processor.py:914} INFO - Processing file /usr/local/lib/python3.11/site-packages/airflow/example_dags/example_sensors.py for tasks to queue
[2024-10-30T09:13:21.367+0000] {logging_mixin.py:190} INFO - [2024-10-30T09:13:21.366+0000] {dagbag.py:588} INFO - Filling up the DagBag from /usr/local/lib/python3.11/site-packages/airflow/example_dags/example_sensors.py
[2024-10-30T09:13:21.382+0000] {processor.py:925} INFO - DAG(s) 'example_sensors' retrieved from /usr/local/lib/python3.11/site-packages/airflow/example_dags/example_sensors.py
[2024-10-30T09:13:21.410+0000] {logging_mixin.py:190} INFO - [2024-10-30T09:13:21.410+0000] {dag.py:3239} INFO - Sync 1 DAGs
[2024-10-30T09:13:21.426+0000] {logging_mixin.py:190} INFO - [2024-10-30T09:13:21.425+0000] {dag.py:4180} INFO - Setting next_dagrun for example_sensors to None, run_after=None
[2024-10-30T09:13:21.472+0000] {processor.py:208} INFO - Processing /usr/local/lib/python3.11/site-packages/airflow/example_dags/example_sensors.py took 0.116 seconds
[2024-10-30T09:14:24.608+0000] {processor.py:186} INFO - Started process (PID=6591) to work on /usr/local/lib/python3.11/site-packages/airflow/example_dags/example_sensors.py
[2024-10-30T09:14:24.609+0000] {processor.py:914} INFO - Processing file /usr/local/lib/python3.11/site-packages/airflow/example_dags/example_sensors.py for tasks to queue
[2024-10-30T09:14:24.612+0000] {logging_mixin.py:190} INFO - [2024-10-30T09:14:24.611+0000] {dagbag.py:588} INFO - Filling up the DagBag from /usr/local/lib/python3.11/site-packages/airflow/example_dags/example_sensors.py
[2024-10-30T09:14:24.621+0000] {processor.py:925} INFO - DAG(s) 'example_sensors' retrieved from /usr/local/lib/python3.11/site-packages/airflow/example_dags/example_sensors.py
[2024-10-30T09:14:24.651+0000] {logging_mixin.py:190} INFO - [2024-10-30T09:14:24.651+0000] {dag.py:3239} INFO - Sync 1 DAGs
[2024-10-30T09:14:24.663+0000] {logging_mixin.py:190} INFO - [2024-10-30T09:14:24.663+0000] {dag.py:4180} INFO - Setting next_dagrun for example_sensors to None, run_after=None
[2024-10-30T09:14:24.712+0000] {processor.py:208} INFO - Processing /usr/local/lib/python3.11/site-packages/airflow/example_dags/example_sensors.py took 0.109 seconds
