[2024-10-30T09:08:54.033+0000] {processor.py:186} INFO - Started process (PID=3132) to work on /usr/local/lib/python3.11/site-packages/airflow/example_dags/example_dataset_alias_with_no_taskflow.py
[2024-10-30T09:08:54.034+0000] {processor.py:914} INFO - Processing file /usr/local/lib/python3.11/site-packages/airflow/example_dags/example_dataset_alias_with_no_taskflow.py for tasks to queue
[2024-10-30T09:08:54.036+0000] {logging_mixin.py:190} INFO - [2024-10-30T09:08:54.035+0000] {dagbag.py:588} INFO - Filling up the DagBag from /usr/local/lib/python3.11/site-packages/airflow/example_dags/example_dataset_alias_with_no_taskflow.py
[2024-10-30T09:08:54.061+0000] {processor.py:925} INFO - DAG(s) 'dataset_alias_example_alias_producer_with_no_taskflow', 'dataset_alias_example_alias_consumer_with_no_taskflow', 'dataset_s3_bucket_producer_with_no_taskflow', 'dataset_s3_bucket_consumer_with_no_taskflow' retrieved from /usr/local/lib/python3.11/site-packages/airflow/example_dags/example_dataset_alias_with_no_taskflow.py
[2024-10-30T09:08:54.272+0000] {logging_mixin.py:190} INFO - [2024-10-30T09:08:54.272+0000] {override.py:1907} INFO - Created Permission View: can delete on DAG:dataset_alias_example_alias_producer_with_no_taskflow
[2024-10-30T09:08:54.303+0000] {logging_mixin.py:190} INFO - [2024-10-30T09:08:54.302+0000] {override.py:1907} INFO - Created Permission View: can read on DAG:dataset_alias_example_alias_producer_with_no_taskflow
[2024-10-30T09:08:54.329+0000] {logging_mixin.py:190} INFO - [2024-10-30T09:08:54.329+0000] {override.py:1907} INFO - Created Permission View: can edit on DAG:dataset_alias_example_alias_producer_with_no_taskflow
[2024-10-30T09:08:54.368+0000] {logging_mixin.py:190} INFO - [2024-10-30T09:08:54.367+0000] {override.py:1907} INFO - Created Permission View: can delete on DAG Run:dataset_alias_example_alias_producer_with_no_taskflow
[2024-10-30T09:08:54.406+0000] {logging_mixin.py:190} INFO - [2024-10-30T09:08:54.405+0000] {override.py:1907} INFO - Created Permission View: can create on DAG Run:dataset_alias_example_alias_producer_with_no_taskflow
[2024-10-30T09:08:54.434+0000] {logging_mixin.py:190} INFO - [2024-10-30T09:08:54.433+0000] {override.py:1907} INFO - Created Permission View: menu access on DAG Run:dataset_alias_example_alias_producer_with_no_taskflow
[2024-10-30T09:08:54.467+0000] {logging_mixin.py:190} INFO - [2024-10-30T09:08:54.467+0000] {override.py:1907} INFO - Created Permission View: can read on DAG Run:dataset_alias_example_alias_producer_with_no_taskflow
[2024-10-30T09:08:54.539+0000] {logging_mixin.py:190} INFO - [2024-10-30T09:08:54.539+0000] {override.py:1907} INFO - Created Permission View: can delete on DAG:dataset_alias_example_alias_consumer_with_no_taskflow
[2024-10-30T09:08:54.567+0000] {logging_mixin.py:190} INFO - [2024-10-30T09:08:54.566+0000] {override.py:1907} INFO - Created Permission View: can read on DAG:dataset_alias_example_alias_consumer_with_no_taskflow
[2024-10-30T09:08:54.592+0000] {logging_mixin.py:190} INFO - [2024-10-30T09:08:54.592+0000] {override.py:1907} INFO - Created Permission View: can edit on DAG:dataset_alias_example_alias_consumer_with_no_taskflow
[2024-10-30T09:08:54.639+0000] {logging_mixin.py:190} INFO - [2024-10-30T09:08:54.639+0000] {override.py:1907} INFO - Created Permission View: can delete on DAG Run:dataset_alias_example_alias_consumer_with_no_taskflow
[2024-10-30T09:08:54.661+0000] {logging_mixin.py:190} INFO - [2024-10-30T09:08:54.660+0000] {override.py:1907} INFO - Created Permission View: can create on DAG Run:dataset_alias_example_alias_consumer_with_no_taskflow
[2024-10-30T09:08:54.682+0000] {logging_mixin.py:190} INFO - [2024-10-30T09:08:54.682+0000] {override.py:1907} INFO - Created Permission View: menu access on DAG Run:dataset_alias_example_alias_consumer_with_no_taskflow
[2024-10-30T09:08:54.714+0000] {logging_mixin.py:190} INFO - [2024-10-30T09:08:54.714+0000] {override.py:1907} INFO - Created Permission View: can read on DAG Run:dataset_alias_example_alias_consumer_with_no_taskflow
[2024-10-30T09:08:54.766+0000] {logging_mixin.py:190} INFO - [2024-10-30T09:08:54.765+0000] {override.py:1907} INFO - Created Permission View: can delete on DAG:dataset_s3_bucket_producer_with_no_taskflow
[2024-10-30T09:08:54.830+0000] {logging_mixin.py:190} INFO - [2024-10-30T09:08:54.830+0000] {override.py:1907} INFO - Created Permission View: can read on DAG:dataset_s3_bucket_producer_with_no_taskflow
[2024-10-30T09:08:54.860+0000] {logging_mixin.py:190} INFO - [2024-10-30T09:08:54.860+0000] {override.py:1907} INFO - Created Permission View: can edit on DAG:dataset_s3_bucket_producer_with_no_taskflow
[2024-10-30T09:08:54.915+0000] {logging_mixin.py:190} INFO - [2024-10-30T09:08:54.915+0000] {override.py:1907} INFO - Created Permission View: can delete on DAG Run:dataset_s3_bucket_producer_with_no_taskflow
[2024-10-30T09:08:54.937+0000] {logging_mixin.py:190} INFO - [2024-10-30T09:08:54.936+0000] {override.py:1907} INFO - Created Permission View: can create on DAG Run:dataset_s3_bucket_producer_with_no_taskflow
[2024-10-30T09:08:54.958+0000] {logging_mixin.py:190} INFO - [2024-10-30T09:08:54.957+0000] {override.py:1907} INFO - Created Permission View: menu access on DAG Run:dataset_s3_bucket_producer_with_no_taskflow
[2024-10-30T09:08:54.978+0000] {logging_mixin.py:190} INFO - [2024-10-30T09:08:54.977+0000] {override.py:1907} INFO - Created Permission View: can read on DAG Run:dataset_s3_bucket_producer_with_no_taskflow
[2024-10-30T09:08:55.017+0000] {logging_mixin.py:190} INFO - [2024-10-30T09:08:55.016+0000] {override.py:1907} INFO - Created Permission View: can delete on DAG:dataset_s3_bucket_consumer_with_no_taskflow
[2024-10-30T09:08:55.039+0000] {logging_mixin.py:190} INFO - [2024-10-30T09:08:55.039+0000] {override.py:1907} INFO - Created Permission View: can read on DAG:dataset_s3_bucket_consumer_with_no_taskflow
[2024-10-30T09:08:55.061+0000] {logging_mixin.py:190} INFO - [2024-10-30T09:08:55.060+0000] {override.py:1907} INFO - Created Permission View: can edit on DAG:dataset_s3_bucket_consumer_with_no_taskflow
[2024-10-30T09:08:55.099+0000] {logging_mixin.py:190} INFO - [2024-10-30T09:08:55.099+0000] {override.py:1907} INFO - Created Permission View: can delete on DAG Run:dataset_s3_bucket_consumer_with_no_taskflow
[2024-10-30T09:08:55.119+0000] {logging_mixin.py:190} INFO - [2024-10-30T09:08:55.119+0000] {override.py:1907} INFO - Created Permission View: can create on DAG Run:dataset_s3_bucket_consumer_with_no_taskflow
[2024-10-30T09:08:55.142+0000] {logging_mixin.py:190} INFO - [2024-10-30T09:08:55.141+0000] {override.py:1907} INFO - Created Permission View: menu access on DAG Run:dataset_s3_bucket_consumer_with_no_taskflow
[2024-10-30T09:08:55.162+0000] {logging_mixin.py:190} INFO - [2024-10-30T09:08:55.161+0000] {override.py:1907} INFO - Created Permission View: can read on DAG Run:dataset_s3_bucket_consumer_with_no_taskflow
[2024-10-30T09:08:55.162+0000] {logging_mixin.py:190} INFO - [2024-10-30T09:08:55.162+0000] {dag.py:3239} INFO - Sync 4 DAGs
[2024-10-30T09:08:55.179+0000] {logging_mixin.py:190} INFO - [2024-10-30T09:08:55.178+0000] {dag.py:3262} INFO - Creating ORM DAG for dataset_s3_bucket_consumer_with_no_taskflow
[2024-10-30T09:08:55.180+0000] {logging_mixin.py:190} INFO - [2024-10-30T09:08:55.179+0000] {dag.py:3262} INFO - Creating ORM DAG for dataset_s3_bucket_producer_with_no_taskflow
[2024-10-30T09:08:55.180+0000] {logging_mixin.py:190} INFO - [2024-10-30T09:08:55.180+0000] {dag.py:3262} INFO - Creating ORM DAG for dataset_alias_example_alias_consumer_with_no_taskflow
[2024-10-30T09:08:55.181+0000] {logging_mixin.py:190} INFO - [2024-10-30T09:08:55.181+0000] {dag.py:3262} INFO - Creating ORM DAG for dataset_alias_example_alias_producer_with_no_taskflow
[2024-10-30T09:08:55.191+0000] {logging_mixin.py:190} INFO - [2024-10-30T09:08:55.191+0000] {dag.py:4180} INFO - Setting next_dagrun for dataset_alias_example_alias_consumer_with_no_taskflow to None, run_after=None
[2024-10-30T09:08:55.192+0000] {logging_mixin.py:190} INFO - [2024-10-30T09:08:55.192+0000] {dag.py:4180} INFO - Setting next_dagrun for dataset_alias_example_alias_producer_with_no_taskflow to None, run_after=None
[2024-10-30T09:08:55.193+0000] {logging_mixin.py:190} INFO - [2024-10-30T09:08:55.192+0000] {dag.py:4180} INFO - Setting next_dagrun for dataset_s3_bucket_consumer_with_no_taskflow to None, run_after=None
[2024-10-30T09:08:55.193+0000] {logging_mixin.py:190} INFO - [2024-10-30T09:08:55.193+0000] {dag.py:4180} INFO - Setting next_dagrun for dataset_s3_bucket_producer_with_no_taskflow to None, run_after=None
[2024-10-30T09:08:55.247+0000] {processor.py:208} INFO - Processing /usr/local/lib/python3.11/site-packages/airflow/example_dags/example_dataset_alias_with_no_taskflow.py took 1.218 seconds
[2024-10-30T09:10:09.090+0000] {processor.py:186} INFO - Started process (PID=4294) to work on /usr/local/lib/python3.11/site-packages/airflow/example_dags/example_dataset_alias_with_no_taskflow.py
[2024-10-30T09:10:09.091+0000] {processor.py:914} INFO - Processing file /usr/local/lib/python3.11/site-packages/airflow/example_dags/example_dataset_alias_with_no_taskflow.py for tasks to queue
[2024-10-30T09:10:09.094+0000] {logging_mixin.py:190} INFO - [2024-10-30T09:10:09.093+0000] {dagbag.py:588} INFO - Filling up the DagBag from /usr/local/lib/python3.11/site-packages/airflow/example_dags/example_dataset_alias_with_no_taskflow.py
[2024-10-30T09:10:09.123+0000] {processor.py:925} INFO - DAG(s) 'dataset_s3_bucket_producer_with_no_taskflow', 'dataset_alias_example_alias_consumer_with_no_taskflow', 'dataset_s3_bucket_consumer_with_no_taskflow', 'dataset_alias_example_alias_producer_with_no_taskflow' retrieved from /usr/local/lib/python3.11/site-packages/airflow/example_dags/example_dataset_alias_with_no_taskflow.py
[2024-10-30T09:10:09.161+0000] {logging_mixin.py:190} INFO - [2024-10-30T09:10:09.161+0000] {dag.py:3239} INFO - Sync 4 DAGs
[2024-10-30T09:10:09.198+0000] {logging_mixin.py:190} INFO - [2024-10-30T09:10:09.198+0000] {dag.py:4180} INFO - Setting next_dagrun for dataset_alias_example_alias_consumer_with_no_taskflow to None, run_after=None
[2024-10-30T09:10:09.201+0000] {logging_mixin.py:190} INFO - [2024-10-30T09:10:09.201+0000] {dag.py:4180} INFO - Setting next_dagrun for dataset_alias_example_alias_producer_with_no_taskflow to None, run_after=None
[2024-10-30T09:10:09.205+0000] {logging_mixin.py:190} INFO - [2024-10-30T09:10:09.204+0000] {dag.py:4180} INFO - Setting next_dagrun for dataset_s3_bucket_consumer_with_no_taskflow to None, run_after=None
[2024-10-30T09:10:09.207+0000] {logging_mixin.py:190} INFO - [2024-10-30T09:10:09.206+0000] {dag.py:4180} INFO - Setting next_dagrun for dataset_s3_bucket_producer_with_no_taskflow to None, run_after=None
[2024-10-30T09:10:09.253+0000] {processor.py:208} INFO - Processing /usr/local/lib/python3.11/site-packages/airflow/example_dags/example_dataset_alias_with_no_taskflow.py took 0.167 seconds
[2024-10-30T09:11:07.332+0000] {processor.py:186} INFO - Started process (PID=4783) to work on /usr/local/lib/python3.11/site-packages/airflow/example_dags/example_dataset_alias_with_no_taskflow.py
[2024-10-30T09:11:07.333+0000] {processor.py:914} INFO - Processing file /usr/local/lib/python3.11/site-packages/airflow/example_dags/example_dataset_alias_with_no_taskflow.py for tasks to queue
[2024-10-30T09:11:07.336+0000] {logging_mixin.py:190} INFO - [2024-10-30T09:11:07.335+0000] {dagbag.py:588} INFO - Filling up the DagBag from /usr/local/lib/python3.11/site-packages/airflow/example_dags/example_dataset_alias_with_no_taskflow.py
[2024-10-30T09:11:07.363+0000] {processor.py:925} INFO - DAG(s) 'dataset_alias_example_alias_producer_with_no_taskflow', 'dataset_alias_example_alias_consumer_with_no_taskflow', 'dataset_s3_bucket_consumer_with_no_taskflow', 'dataset_s3_bucket_producer_with_no_taskflow' retrieved from /usr/local/lib/python3.11/site-packages/airflow/example_dags/example_dataset_alias_with_no_taskflow.py
[2024-10-30T09:11:07.394+0000] {logging_mixin.py:190} INFO - [2024-10-30T09:11:07.394+0000] {dag.py:3239} INFO - Sync 4 DAGs
[2024-10-30T09:11:07.413+0000] {logging_mixin.py:190} INFO - [2024-10-30T09:11:07.413+0000] {dag.py:4180} INFO - Setting next_dagrun for dataset_alias_example_alias_consumer_with_no_taskflow to None, run_after=None
[2024-10-30T09:11:07.417+0000] {logging_mixin.py:190} INFO - [2024-10-30T09:11:07.417+0000] {dag.py:4180} INFO - Setting next_dagrun for dataset_alias_example_alias_producer_with_no_taskflow to None, run_after=None
[2024-10-30T09:11:07.419+0000] {logging_mixin.py:190} INFO - [2024-10-30T09:11:07.419+0000] {dag.py:4180} INFO - Setting next_dagrun for dataset_s3_bucket_consumer_with_no_taskflow to None, run_after=None
[2024-10-30T09:11:07.421+0000] {logging_mixin.py:190} INFO - [2024-10-30T09:11:07.421+0000] {dag.py:4180} INFO - Setting next_dagrun for dataset_s3_bucket_producer_with_no_taskflow to None, run_after=None
[2024-10-30T09:11:07.464+0000] {processor.py:208} INFO - Processing /usr/local/lib/python3.11/site-packages/airflow/example_dags/example_dataset_alias_with_no_taskflow.py took 0.136 seconds
[2024-10-30T09:12:07.703+0000] {processor.py:186} INFO - Started process (PID=5276) to work on /usr/local/lib/python3.11/site-packages/airflow/example_dags/example_dataset_alias_with_no_taskflow.py
[2024-10-30T09:12:07.704+0000] {processor.py:914} INFO - Processing file /usr/local/lib/python3.11/site-packages/airflow/example_dags/example_dataset_alias_with_no_taskflow.py for tasks to queue
[2024-10-30T09:12:07.706+0000] {logging_mixin.py:190} INFO - [2024-10-30T09:12:07.706+0000] {dagbag.py:588} INFO - Filling up the DagBag from /usr/local/lib/python3.11/site-packages/airflow/example_dags/example_dataset_alias_with_no_taskflow.py
[2024-10-30T09:12:07.735+0000] {processor.py:925} INFO - DAG(s) 'dataset_s3_bucket_producer_with_no_taskflow', 'dataset_s3_bucket_consumer_with_no_taskflow', 'dataset_alias_example_alias_consumer_with_no_taskflow', 'dataset_alias_example_alias_producer_with_no_taskflow' retrieved from /usr/local/lib/python3.11/site-packages/airflow/example_dags/example_dataset_alias_with_no_taskflow.py
[2024-10-30T09:12:07.774+0000] {logging_mixin.py:190} INFO - [2024-10-30T09:12:07.774+0000] {dag.py:3239} INFO - Sync 4 DAGs
[2024-10-30T09:12:07.797+0000] {logging_mixin.py:190} INFO - [2024-10-30T09:12:07.797+0000] {dag.py:4180} INFO - Setting next_dagrun for dataset_alias_example_alias_consumer_with_no_taskflow to None, run_after=None
[2024-10-30T09:12:07.800+0000] {logging_mixin.py:190} INFO - [2024-10-30T09:12:07.800+0000] {dag.py:4180} INFO - Setting next_dagrun for dataset_alias_example_alias_producer_with_no_taskflow to None, run_after=None
[2024-10-30T09:12:07.802+0000] {logging_mixin.py:190} INFO - [2024-10-30T09:12:07.802+0000] {dag.py:4180} INFO - Setting next_dagrun for dataset_s3_bucket_consumer_with_no_taskflow to None, run_after=None
[2024-10-30T09:12:07.804+0000] {logging_mixin.py:190} INFO - [2024-10-30T09:12:07.803+0000] {dag.py:4180} INFO - Setting next_dagrun for dataset_s3_bucket_producer_with_no_taskflow to None, run_after=None
[2024-10-30T09:12:07.853+0000] {processor.py:208} INFO - Processing /usr/local/lib/python3.11/site-packages/airflow/example_dags/example_dataset_alias_with_no_taskflow.py took 0.156 seconds
[2024-10-30T09:13:08.348+0000] {processor.py:186} INFO - Started process (PID=5764) to work on /usr/local/lib/python3.11/site-packages/airflow/example_dags/example_dataset_alias_with_no_taskflow.py
[2024-10-30T09:13:08.349+0000] {processor.py:914} INFO - Processing file /usr/local/lib/python3.11/site-packages/airflow/example_dags/example_dataset_alias_with_no_taskflow.py for tasks to queue
[2024-10-30T09:13:08.352+0000] {logging_mixin.py:190} INFO - [2024-10-30T09:13:08.351+0000] {dagbag.py:588} INFO - Filling up the DagBag from /usr/local/lib/python3.11/site-packages/airflow/example_dags/example_dataset_alias_with_no_taskflow.py
[2024-10-30T09:13:08.381+0000] {processor.py:925} INFO - DAG(s) 'dataset_alias_example_alias_producer_with_no_taskflow', 'dataset_s3_bucket_consumer_with_no_taskflow', 'dataset_s3_bucket_producer_with_no_taskflow', 'dataset_alias_example_alias_consumer_with_no_taskflow' retrieved from /usr/local/lib/python3.11/site-packages/airflow/example_dags/example_dataset_alias_with_no_taskflow.py
[2024-10-30T09:13:08.423+0000] {logging_mixin.py:190} INFO - [2024-10-30T09:13:08.422+0000] {dag.py:3239} INFO - Sync 4 DAGs
[2024-10-30T09:13:08.449+0000] {logging_mixin.py:190} INFO - [2024-10-30T09:13:08.448+0000] {dag.py:4180} INFO - Setting next_dagrun for dataset_alias_example_alias_consumer_with_no_taskflow to None, run_after=None
[2024-10-30T09:13:08.454+0000] {logging_mixin.py:190} INFO - [2024-10-30T09:13:08.454+0000] {dag.py:4180} INFO - Setting next_dagrun for dataset_alias_example_alias_producer_with_no_taskflow to None, run_after=None
[2024-10-30T09:13:08.457+0000] {logging_mixin.py:190} INFO - [2024-10-30T09:13:08.457+0000] {dag.py:4180} INFO - Setting next_dagrun for dataset_s3_bucket_consumer_with_no_taskflow to None, run_after=None
[2024-10-30T09:13:08.460+0000] {logging_mixin.py:190} INFO - [2024-10-30T09:13:08.460+0000] {dag.py:4180} INFO - Setting next_dagrun for dataset_s3_bucket_producer_with_no_taskflow to None, run_after=None
[2024-10-30T09:13:08.518+0000] {processor.py:208} INFO - Processing /usr/local/lib/python3.11/site-packages/airflow/example_dags/example_dataset_alias_with_no_taskflow.py took 0.176 seconds
[2024-10-30T09:14:12.892+0000] {processor.py:186} INFO - Started process (PID=6549) to work on /usr/local/lib/python3.11/site-packages/airflow/example_dags/example_dataset_alias_with_no_taskflow.py
[2024-10-30T09:14:12.893+0000] {processor.py:914} INFO - Processing file /usr/local/lib/python3.11/site-packages/airflow/example_dags/example_dataset_alias_with_no_taskflow.py for tasks to queue
[2024-10-30T09:14:12.894+0000] {logging_mixin.py:190} INFO - [2024-10-30T09:14:12.894+0000] {dagbag.py:588} INFO - Filling up the DagBag from /usr/local/lib/python3.11/site-packages/airflow/example_dags/example_dataset_alias_with_no_taskflow.py
[2024-10-30T09:14:12.917+0000] {processor.py:925} INFO - DAG(s) 'dataset_alias_example_alias_producer_with_no_taskflow', 'dataset_alias_example_alias_consumer_with_no_taskflow', 'dataset_s3_bucket_producer_with_no_taskflow', 'dataset_s3_bucket_consumer_with_no_taskflow' retrieved from /usr/local/lib/python3.11/site-packages/airflow/example_dags/example_dataset_alias_with_no_taskflow.py
[2024-10-30T09:14:12.949+0000] {logging_mixin.py:190} INFO - [2024-10-30T09:14:12.949+0000] {dag.py:3239} INFO - Sync 4 DAGs
[2024-10-30T09:14:12.968+0000] {logging_mixin.py:190} INFO - [2024-10-30T09:14:12.968+0000] {dag.py:4180} INFO - Setting next_dagrun for dataset_alias_example_alias_consumer_with_no_taskflow to None, run_after=None
[2024-10-30T09:14:12.971+0000] {logging_mixin.py:190} INFO - [2024-10-30T09:14:12.971+0000] {dag.py:4180} INFO - Setting next_dagrun for dataset_alias_example_alias_producer_with_no_taskflow to None, run_after=None
[2024-10-30T09:14:12.973+0000] {logging_mixin.py:190} INFO - [2024-10-30T09:14:12.973+0000] {dag.py:4180} INFO - Setting next_dagrun for dataset_s3_bucket_consumer_with_no_taskflow to None, run_after=None
[2024-10-30T09:14:12.974+0000] {logging_mixin.py:190} INFO - [2024-10-30T09:14:12.974+0000] {dag.py:4180} INFO - Setting next_dagrun for dataset_s3_bucket_producer_with_no_taskflow to None, run_after=None
[2024-10-30T09:14:13.030+0000] {processor.py:208} INFO - Processing /usr/local/lib/python3.11/site-packages/airflow/example_dags/example_dataset_alias_with_no_taskflow.py took 0.142 seconds
