[2024-10-30T09:09:11.333+0000] {processor.py:186} INFO - Started process (PID=3816) to work on /usr/local/lib/python3.11/site-packages/airflow/example_dags/example_sla_dag.py
[2024-10-30T09:09:11.333+0000] {processor.py:914} INFO - Processing file /usr/local/lib/python3.11/site-packages/airflow/example_dags/example_sla_dag.py for tasks to queue
[2024-10-30T09:09:11.335+0000] {logging_mixin.py:190} INFO - [2024-10-30T09:09:11.335+0000] {dagbag.py:588} INFO - Filling up the DagBag from /usr/local/lib/python3.11/site-packages/airflow/example_dags/example_sla_dag.py
[2024-10-30T09:09:11.344+0000] {processor.py:925} INFO - DAG(s) 'example_sla_dag' retrieved from /usr/local/lib/python3.11/site-packages/airflow/example_dags/example_sla_dag.py
[2024-10-30T09:09:11.530+0000] {logging_mixin.py:190} INFO - [2024-10-30T09:09:11.530+0000] {override.py:1907} INFO - Created Permission View: can delete on DAG:example_sla_dag
[2024-10-30T09:09:11.554+0000] {logging_mixin.py:190} INFO - [2024-10-30T09:09:11.553+0000] {override.py:1907} INFO - Created Permission View: can read on DAG:example_sla_dag
[2024-10-30T09:09:11.573+0000] {logging_mixin.py:190} INFO - [2024-10-30T09:09:11.573+0000] {override.py:1907} INFO - Created Permission View: can edit on DAG:example_sla_dag
[2024-10-30T09:09:11.603+0000] {logging_mixin.py:190} INFO - [2024-10-30T09:09:11.603+0000] {override.py:1907} INFO - Created Permission View: can delete on DAG Run:example_sla_dag
[2024-10-30T09:09:11.622+0000] {logging_mixin.py:190} INFO - [2024-10-30T09:09:11.622+0000] {override.py:1907} INFO - Created Permission View: can create on DAG Run:example_sla_dag
[2024-10-30T09:09:11.643+0000] {logging_mixin.py:190} INFO - [2024-10-30T09:09:11.642+0000] {override.py:1907} INFO - Created Permission View: menu access on DAG Run:example_sla_dag
[2024-10-30T09:09:11.664+0000] {logging_mixin.py:190} INFO - [2024-10-30T09:09:11.664+0000] {override.py:1907} INFO - Created Permission View: can read on DAG Run:example_sla_dag
[2024-10-30T09:09:11.665+0000] {logging_mixin.py:190} INFO - [2024-10-30T09:09:11.665+0000] {dag.py:3239} INFO - Sync 1 DAGs
[2024-10-30T09:09:11.678+0000] {logging_mixin.py:190} INFO - [2024-10-30T09:09:11.678+0000] {dag.py:3262} INFO - Creating ORM DAG for example_sla_dag
[2024-10-30T09:09:11.688+0000] {logging_mixin.py:190} INFO - [2024-10-30T09:09:11.687+0000] {dag.py:4180} INFO - Setting next_dagrun for example_sla_dag to 2024-10-30 09:06:00+00:00, run_after=2024-10-30 09:08:00+00:00
[2024-10-30T09:09:11.723+0000] {processor.py:208} INFO - Processing /usr/local/lib/python3.11/site-packages/airflow/example_dags/example_sla_dag.py took 0.395 seconds
[2024-10-30T09:10:22.577+0000] {processor.py:186} INFO - Started process (PID=4341) to work on /usr/local/lib/python3.11/site-packages/airflow/example_dags/example_sla_dag.py
[2024-10-30T09:10:22.578+0000] {processor.py:914} INFO - Processing file /usr/local/lib/python3.11/site-packages/airflow/example_dags/example_sla_dag.py for tasks to queue
[2024-10-30T09:10:22.580+0000] {logging_mixin.py:190} INFO - [2024-10-30T09:10:22.579+0000] {dagbag.py:588} INFO - Filling up the DagBag from /usr/local/lib/python3.11/site-packages/airflow/example_dags/example_sla_dag.py
[2024-10-30T09:10:22.589+0000] {processor.py:925} INFO - DAG(s) 'example_sla_dag' retrieved from /usr/local/lib/python3.11/site-packages/airflow/example_dags/example_sla_dag.py
[2024-10-30T09:10:22.642+0000] {logging_mixin.py:190} INFO - [2024-10-30T09:10:22.642+0000] {dag.py:3239} INFO - Sync 1 DAGs
[2024-10-30T09:10:22.669+0000] {logging_mixin.py:190} INFO - [2024-10-30T09:10:22.669+0000] {dag.py:4180} INFO - Setting next_dagrun for example_sla_dag to 2024-10-30 09:08:00+00:00, run_after=2024-10-30 09:10:00+00:00
[2024-10-30T09:10:22.715+0000] {processor.py:208} INFO - Processing /usr/local/lib/python3.11/site-packages/airflow/example_dags/example_sla_dag.py took 0.143 seconds
[2024-10-30T09:11:20.449+0000] {processor.py:186} INFO - Started process (PID=4826) to work on /usr/local/lib/python3.11/site-packages/airflow/example_dags/example_sla_dag.py
[2024-10-30T09:11:20.450+0000] {processor.py:914} INFO - Processing file /usr/local/lib/python3.11/site-packages/airflow/example_dags/example_sla_dag.py for tasks to queue
[2024-10-30T09:11:20.452+0000] {logging_mixin.py:190} INFO - [2024-10-30T09:11:20.452+0000] {dagbag.py:588} INFO - Filling up the DagBag from /usr/local/lib/python3.11/site-packages/airflow/example_dags/example_sla_dag.py
[2024-10-30T09:11:20.462+0000] {processor.py:925} INFO - DAG(s) 'example_sla_dag' retrieved from /usr/local/lib/python3.11/site-packages/airflow/example_dags/example_sla_dag.py
[2024-10-30T09:11:20.485+0000] {logging_mixin.py:190} INFO - [2024-10-30T09:11:20.485+0000] {dag.py:3239} INFO - Sync 1 DAGs
[2024-10-30T09:11:20.510+0000] {logging_mixin.py:190} INFO - [2024-10-30T09:11:20.510+0000] {dag.py:4180} INFO - Setting next_dagrun for example_sla_dag to 2024-10-30 09:08:00+00:00, run_after=2024-10-30 09:10:00+00:00
[2024-10-30T09:11:20.551+0000] {processor.py:208} INFO - Processing /usr/local/lib/python3.11/site-packages/airflow/example_dags/example_sla_dag.py took 0.107 seconds
[2024-10-30T09:12:21.883+0000] {processor.py:186} INFO - Started process (PID=5323) to work on /usr/local/lib/python3.11/site-packages/airflow/example_dags/example_sla_dag.py
[2024-10-30T09:12:21.883+0000] {processor.py:914} INFO - Processing file /usr/local/lib/python3.11/site-packages/airflow/example_dags/example_sla_dag.py for tasks to queue
[2024-10-30T09:12:21.885+0000] {logging_mixin.py:190} INFO - [2024-10-30T09:12:21.885+0000] {dagbag.py:588} INFO - Filling up the DagBag from /usr/local/lib/python3.11/site-packages/airflow/example_dags/example_sla_dag.py
[2024-10-30T09:12:21.895+0000] {processor.py:925} INFO - DAG(s) 'example_sla_dag' retrieved from /usr/local/lib/python3.11/site-packages/airflow/example_dags/example_sla_dag.py
[2024-10-30T09:12:21.923+0000] {logging_mixin.py:190} INFO - [2024-10-30T09:12:21.923+0000] {dag.py:3239} INFO - Sync 1 DAGs
[2024-10-30T09:12:21.950+0000] {logging_mixin.py:190} INFO - [2024-10-30T09:12:21.949+0000] {dag.py:4180} INFO - Setting next_dagrun for example_sla_dag to 2024-10-30 09:10:00+00:00, run_after=2024-10-30 09:12:00+00:00
[2024-10-30T09:12:21.993+0000] {processor.py:208} INFO - Processing /usr/local/lib/python3.11/site-packages/airflow/example_dags/example_sla_dag.py took 0.115 seconds
[2024-10-30T09:13:22.649+0000] {processor.py:186} INFO - Started process (PID=5811) to work on /usr/local/lib/python3.11/site-packages/airflow/example_dags/example_sla_dag.py
[2024-10-30T09:13:22.650+0000] {processor.py:914} INFO - Processing file /usr/local/lib/python3.11/site-packages/airflow/example_dags/example_sla_dag.py for tasks to queue
[2024-10-30T09:13:22.652+0000] {logging_mixin.py:190} INFO - [2024-10-30T09:13:22.652+0000] {dagbag.py:588} INFO - Filling up the DagBag from /usr/local/lib/python3.11/site-packages/airflow/example_dags/example_sla_dag.py
[2024-10-30T09:13:22.662+0000] {processor.py:925} INFO - DAG(s) 'example_sla_dag' retrieved from /usr/local/lib/python3.11/site-packages/airflow/example_dags/example_sla_dag.py
[2024-10-30T09:13:22.687+0000] {logging_mixin.py:190} INFO - [2024-10-30T09:13:22.687+0000] {dag.py:3239} INFO - Sync 1 DAGs
[2024-10-30T09:13:22.712+0000] {logging_mixin.py:190} INFO - [2024-10-30T09:13:22.712+0000] {dag.py:4180} INFO - Setting next_dagrun for example_sla_dag to 2024-10-30 09:10:00+00:00, run_after=2024-10-30 09:12:00+00:00
[2024-10-30T09:13:22.768+0000] {processor.py:208} INFO - Processing /usr/local/lib/python3.11/site-packages/airflow/example_dags/example_sla_dag.py took 0.125 seconds
[2024-10-30T09:14:25.811+0000] {processor.py:186} INFO - Started process (PID=6596) to work on /usr/local/lib/python3.11/site-packages/airflow/example_dags/example_sla_dag.py
[2024-10-30T09:14:25.812+0000] {processor.py:914} INFO - Processing file /usr/local/lib/python3.11/site-packages/airflow/example_dags/example_sla_dag.py for tasks to queue
[2024-10-30T09:14:25.814+0000] {logging_mixin.py:190} INFO - [2024-10-30T09:14:25.814+0000] {dagbag.py:588} INFO - Filling up the DagBag from /usr/local/lib/python3.11/site-packages/airflow/example_dags/example_sla_dag.py
[2024-10-30T09:14:25.823+0000] {processor.py:925} INFO - DAG(s) 'example_sla_dag' retrieved from /usr/local/lib/python3.11/site-packages/airflow/example_dags/example_sla_dag.py
[2024-10-30T09:14:25.844+0000] {logging_mixin.py:190} INFO - [2024-10-30T09:14:25.844+0000] {dag.py:3239} INFO - Sync 1 DAGs
[2024-10-30T09:14:25.867+0000] {logging_mixin.py:190} INFO - [2024-10-30T09:14:25.867+0000] {dag.py:4180} INFO - Setting next_dagrun for example_sla_dag to 2024-10-30 09:12:00+00:00, run_after=2024-10-30 09:14:00+00:00
[2024-10-30T09:14:25.913+0000] {processor.py:208} INFO - Processing /usr/local/lib/python3.11/site-packages/airflow/example_dags/example_sla_dag.py took 0.107 seconds
