[2024-10-30T09:09:16.427+0000] {processor.py:186} INFO - Started process (PID=3830) to work on /usr/local/lib/python3.11/site-packages/airflow/example_dags/example_trigger_target_dag.py
[2024-10-30T09:09:16.427+0000] {processor.py:914} INFO - Processing file /usr/local/lib/python3.11/site-packages/airflow/example_dags/example_trigger_target_dag.py for tasks to queue
[2024-10-30T09:09:16.429+0000] {logging_mixin.py:190} INFO - [2024-10-30T09:09:16.429+0000] {dagbag.py:588} INFO - Filling up the DagBag from /usr/local/lib/python3.11/site-packages/airflow/example_dags/example_trigger_target_dag.py
[2024-10-30T09:09:16.435+0000] {processor.py:925} INFO - DAG(s) 'example_trigger_target_dag' retrieved from /usr/local/lib/python3.11/site-packages/airflow/example_dags/example_trigger_target_dag.py
[2024-10-30T09:09:16.625+0000] {logging_mixin.py:190} INFO - [2024-10-30T09:09:16.625+0000] {override.py:1907} INFO - Created Permission View: can delete on DAG:example_trigger_target_dag
[2024-10-30T09:09:16.653+0000] {logging_mixin.py:190} INFO - [2024-10-30T09:09:16.652+0000] {override.py:1907} INFO - Created Permission View: can read on DAG:example_trigger_target_dag
[2024-10-30T09:09:16.673+0000] {logging_mixin.py:190} INFO - [2024-10-30T09:09:16.673+0000] {override.py:1907} INFO - Created Permission View: can edit on DAG:example_trigger_target_dag
[2024-10-30T09:09:16.704+0000] {logging_mixin.py:190} INFO - [2024-10-30T09:09:16.703+0000] {override.py:1907} INFO - Created Permission View: can delete on DAG Run:example_trigger_target_dag
[2024-10-30T09:09:16.722+0000] {logging_mixin.py:190} INFO - [2024-10-30T09:09:16.722+0000] {override.py:1907} INFO - Created Permission View: can create on DAG Run:example_trigger_target_dag
[2024-10-30T09:09:16.743+0000] {logging_mixin.py:190} INFO - [2024-10-30T09:09:16.742+0000] {override.py:1907} INFO - Created Permission View: menu access on DAG Run:example_trigger_target_dag
[2024-10-30T09:09:16.763+0000] {logging_mixin.py:190} INFO - [2024-10-30T09:09:16.763+0000] {override.py:1907} INFO - Created Permission View: can read on DAG Run:example_trigger_target_dag
[2024-10-30T09:09:16.764+0000] {logging_mixin.py:190} INFO - [2024-10-30T09:09:16.764+0000] {dag.py:3239} INFO - Sync 1 DAGs
[2024-10-30T09:09:16.776+0000] {logging_mixin.py:190} INFO - [2024-10-30T09:09:16.776+0000] {dag.py:3262} INFO - Creating ORM DAG for example_trigger_target_dag
[2024-10-30T09:09:16.777+0000] {logging_mixin.py:190} INFO - [2024-10-30T09:09:16.777+0000] {dag.py:4180} INFO - Setting next_dagrun for example_trigger_target_dag to None, run_after=None
[2024-10-30T09:09:16.812+0000] {processor.py:208} INFO - Processing /usr/local/lib/python3.11/site-packages/airflow/example_dags/example_trigger_target_dag.py took 0.390 seconds
[2024-10-30T09:10:26.425+0000] {processor.py:186} INFO - Started process (PID=4354) to work on /usr/local/lib/python3.11/site-packages/airflow/example_dags/example_trigger_target_dag.py
[2024-10-30T09:10:26.426+0000] {processor.py:914} INFO - Processing file /usr/local/lib/python3.11/site-packages/airflow/example_dags/example_trigger_target_dag.py for tasks to queue
[2024-10-30T09:10:26.428+0000] {logging_mixin.py:190} INFO - [2024-10-30T09:10:26.428+0000] {dagbag.py:588} INFO - Filling up the DagBag from /usr/local/lib/python3.11/site-packages/airflow/example_dags/example_trigger_target_dag.py
[2024-10-30T09:10:26.435+0000] {processor.py:925} INFO - DAG(s) 'example_trigger_target_dag' retrieved from /usr/local/lib/python3.11/site-packages/airflow/example_dags/example_trigger_target_dag.py
[2024-10-30T09:10:26.454+0000] {logging_mixin.py:190} INFO - [2024-10-30T09:10:26.453+0000] {dag.py:3239} INFO - Sync 1 DAGs
[2024-10-30T09:10:26.466+0000] {logging_mixin.py:190} INFO - [2024-10-30T09:10:26.465+0000] {dag.py:4180} INFO - Setting next_dagrun for example_trigger_target_dag to None, run_after=None
[2024-10-30T09:10:26.505+0000] {processor.py:208} INFO - Processing /usr/local/lib/python3.11/site-packages/airflow/example_dags/example_trigger_target_dag.py took 0.084 seconds
[2024-10-30T09:11:24.298+0000] {processor.py:186} INFO - Started process (PID=4839) to work on /usr/local/lib/python3.11/site-packages/airflow/example_dags/example_trigger_target_dag.py
[2024-10-30T09:11:24.299+0000] {processor.py:914} INFO - Processing file /usr/local/lib/python3.11/site-packages/airflow/example_dags/example_trigger_target_dag.py for tasks to queue
[2024-10-30T09:11:24.301+0000] {logging_mixin.py:190} INFO - [2024-10-30T09:11:24.301+0000] {dagbag.py:588} INFO - Filling up the DagBag from /usr/local/lib/python3.11/site-packages/airflow/example_dags/example_trigger_target_dag.py
[2024-10-30T09:11:24.309+0000] {processor.py:925} INFO - DAG(s) 'example_trigger_target_dag' retrieved from /usr/local/lib/python3.11/site-packages/airflow/example_dags/example_trigger_target_dag.py
[2024-10-30T09:11:24.331+0000] {logging_mixin.py:190} INFO - [2024-10-30T09:11:24.331+0000] {dag.py:3239} INFO - Sync 1 DAGs
[2024-10-30T09:11:24.344+0000] {logging_mixin.py:190} INFO - [2024-10-30T09:11:24.344+0000] {dag.py:4180} INFO - Setting next_dagrun for example_trigger_target_dag to None, run_after=None
[2024-10-30T09:11:24.385+0000] {processor.py:208} INFO - Processing /usr/local/lib/python3.11/site-packages/airflow/example_dags/example_trigger_target_dag.py took 0.091 seconds
[2024-10-30T09:12:25.780+0000] {processor.py:186} INFO - Started process (PID=5336) to work on /usr/local/lib/python3.11/site-packages/airflow/example_dags/example_trigger_target_dag.py
[2024-10-30T09:12:25.781+0000] {processor.py:914} INFO - Processing file /usr/local/lib/python3.11/site-packages/airflow/example_dags/example_trigger_target_dag.py for tasks to queue
[2024-10-30T09:12:25.783+0000] {logging_mixin.py:190} INFO - [2024-10-30T09:12:25.783+0000] {dagbag.py:588} INFO - Filling up the DagBag from /usr/local/lib/python3.11/site-packages/airflow/example_dags/example_trigger_target_dag.py
[2024-10-30T09:12:25.791+0000] {processor.py:925} INFO - DAG(s) 'example_trigger_target_dag' retrieved from /usr/local/lib/python3.11/site-packages/airflow/example_dags/example_trigger_target_dag.py
[2024-10-30T09:12:25.813+0000] {logging_mixin.py:190} INFO - [2024-10-30T09:12:25.813+0000] {dag.py:3239} INFO - Sync 1 DAGs
[2024-10-30T09:12:25.826+0000] {logging_mixin.py:190} INFO - [2024-10-30T09:12:25.826+0000] {dag.py:4180} INFO - Setting next_dagrun for example_trigger_target_dag to None, run_after=None
[2024-10-30T09:12:25.881+0000] {processor.py:208} INFO - Processing /usr/local/lib/python3.11/site-packages/airflow/example_dags/example_trigger_target_dag.py took 0.106 seconds
[2024-10-30T09:13:26.533+0000] {processor.py:186} INFO - Started process (PID=5824) to work on /usr/local/lib/python3.11/site-packages/airflow/example_dags/example_trigger_target_dag.py
[2024-10-30T09:13:26.534+0000] {processor.py:914} INFO - Processing file /usr/local/lib/python3.11/site-packages/airflow/example_dags/example_trigger_target_dag.py for tasks to queue
[2024-10-30T09:13:26.536+0000] {logging_mixin.py:190} INFO - [2024-10-30T09:13:26.536+0000] {dagbag.py:588} INFO - Filling up the DagBag from /usr/local/lib/python3.11/site-packages/airflow/example_dags/example_trigger_target_dag.py
[2024-10-30T09:13:26.543+0000] {processor.py:925} INFO - DAG(s) 'example_trigger_target_dag' retrieved from /usr/local/lib/python3.11/site-packages/airflow/example_dags/example_trigger_target_dag.py
[2024-10-30T09:13:26.564+0000] {logging_mixin.py:190} INFO - [2024-10-30T09:13:26.564+0000] {dag.py:3239} INFO - Sync 1 DAGs
[2024-10-30T09:13:26.575+0000] {logging_mixin.py:190} INFO - [2024-10-30T09:13:26.575+0000] {dag.py:4180} INFO - Setting next_dagrun for example_trigger_target_dag to None, run_after=None
[2024-10-30T09:13:26.614+0000] {processor.py:208} INFO - Processing /usr/local/lib/python3.11/site-packages/airflow/example_dags/example_trigger_target_dag.py took 0.085 seconds
[2024-10-30T09:14:29.689+0000] {processor.py:186} INFO - Started process (PID=6609) to work on /usr/local/lib/python3.11/site-packages/airflow/example_dags/example_trigger_target_dag.py
[2024-10-30T09:14:29.690+0000] {processor.py:914} INFO - Processing file /usr/local/lib/python3.11/site-packages/airflow/example_dags/example_trigger_target_dag.py for tasks to queue
[2024-10-30T09:14:29.692+0000] {logging_mixin.py:190} INFO - [2024-10-30T09:14:29.691+0000] {dagbag.py:588} INFO - Filling up the DagBag from /usr/local/lib/python3.11/site-packages/airflow/example_dags/example_trigger_target_dag.py
[2024-10-30T09:14:29.698+0000] {processor.py:925} INFO - DAG(s) 'example_trigger_target_dag' retrieved from /usr/local/lib/python3.11/site-packages/airflow/example_dags/example_trigger_target_dag.py
[2024-10-30T09:14:29.715+0000] {logging_mixin.py:190} INFO - [2024-10-30T09:14:29.715+0000] {dag.py:3239} INFO - Sync 1 DAGs
[2024-10-30T09:14:29.727+0000] {logging_mixin.py:190} INFO - [2024-10-30T09:14:29.726+0000] {dag.py:4180} INFO - Setting next_dagrun for example_trigger_target_dag to None, run_after=None
[2024-10-30T09:14:29.768+0000] {processor.py:208} INFO - Processing /usr/local/lib/python3.11/site-packages/airflow/example_dags/example_trigger_target_dag.py took 0.084 seconds
