[2024-10-30T09:09:33.114+0000] {processor.py:186} INFO - Started process (PID=3885) to work on /usr/local/lib/python3.11/site-packages/airflow/example_dags/example_xcomargs.py
[2024-10-30T09:09:33.115+0000] {processor.py:914} INFO - Processing file /usr/local/lib/python3.11/site-packages/airflow/example_dags/example_xcomargs.py for tasks to queue
[2024-10-30T09:09:33.117+0000] {logging_mixin.py:190} INFO - [2024-10-30T09:09:33.116+0000] {dagbag.py:588} INFO - Filling up the DagBag from /usr/local/lib/python3.11/site-packages/airflow/example_dags/example_xcomargs.py
[2024-10-30T09:09:33.125+0000] {processor.py:925} INFO - DAG(s) 'example_xcom_args_with_operators', 'example_xcom_args' retrieved from /usr/local/lib/python3.11/site-packages/airflow/example_dags/example_xcomargs.py
[2024-10-30T09:09:33.342+0000] {logging_mixin.py:190} INFO - [2024-10-30T09:09:33.341+0000] {override.py:1907} INFO - Created Permission View: can delete on DAG:example_xcom_args_with_operators
[2024-10-30T09:09:33.363+0000] {logging_mixin.py:190} INFO - [2024-10-30T09:09:33.363+0000] {override.py:1907} INFO - Created Permission View: can read on DAG:example_xcom_args_with_operators
[2024-10-30T09:09:33.395+0000] {logging_mixin.py:190} INFO - [2024-10-30T09:09:33.395+0000] {override.py:1907} INFO - Created Permission View: can edit on DAG:example_xcom_args_with_operators
[2024-10-30T09:09:33.448+0000] {logging_mixin.py:190} INFO - [2024-10-30T09:09:33.448+0000] {override.py:1907} INFO - Created Permission View: can delete on DAG Run:example_xcom_args_with_operators
[2024-10-30T09:09:33.468+0000] {logging_mixin.py:190} INFO - [2024-10-30T09:09:33.468+0000] {override.py:1907} INFO - Created Permission View: can create on DAG Run:example_xcom_args_with_operators
[2024-10-30T09:09:33.488+0000] {logging_mixin.py:190} INFO - [2024-10-30T09:09:33.488+0000] {override.py:1907} INFO - Created Permission View: menu access on DAG Run:example_xcom_args_with_operators
[2024-10-30T09:09:33.508+0000] {logging_mixin.py:190} INFO - [2024-10-30T09:09:33.508+0000] {override.py:1907} INFO - Created Permission View: can read on DAG Run:example_xcom_args_with_operators
[2024-10-30T09:09:33.552+0000] {logging_mixin.py:190} INFO - [2024-10-30T09:09:33.552+0000] {override.py:1907} INFO - Created Permission View: can delete on DAG:example_xcom_args
[2024-10-30T09:09:33.572+0000] {logging_mixin.py:190} INFO - [2024-10-30T09:09:33.571+0000] {override.py:1907} INFO - Created Permission View: can read on DAG:example_xcom_args
[2024-10-30T09:09:33.590+0000] {logging_mixin.py:190} INFO - [2024-10-30T09:09:33.590+0000] {override.py:1907} INFO - Created Permission View: can edit on DAG:example_xcom_args
[2024-10-30T09:09:33.621+0000] {logging_mixin.py:190} INFO - [2024-10-30T09:09:33.620+0000] {override.py:1907} INFO - Created Permission View: can delete on DAG Run:example_xcom_args
[2024-10-30T09:09:33.640+0000] {logging_mixin.py:190} INFO - [2024-10-30T09:09:33.639+0000] {override.py:1907} INFO - Created Permission View: can create on DAG Run:example_xcom_args
[2024-10-30T09:09:33.664+0000] {logging_mixin.py:190} INFO - [2024-10-30T09:09:33.664+0000] {override.py:1907} INFO - Created Permission View: menu access on DAG Run:example_xcom_args
[2024-10-30T09:09:33.686+0000] {logging_mixin.py:190} INFO - [2024-10-30T09:09:33.685+0000] {override.py:1907} INFO - Created Permission View: can read on DAG Run:example_xcom_args
[2024-10-30T09:09:33.686+0000] {logging_mixin.py:190} INFO - [2024-10-30T09:09:33.686+0000] {dag.py:3239} INFO - Sync 2 DAGs
[2024-10-30T09:09:33.698+0000] {logging_mixin.py:190} INFO - [2024-10-30T09:09:33.698+0000] {dag.py:3262} INFO - Creating ORM DAG for example_xcom_args_with_operators
[2024-10-30T09:09:33.699+0000] {logging_mixin.py:190} INFO - [2024-10-30T09:09:33.699+0000] {dag.py:3262} INFO - Creating ORM DAG for example_xcom_args
[2024-10-30T09:09:33.699+0000] {logging_mixin.py:190} INFO - [2024-10-30T09:09:33.699+0000] {dag.py:4180} INFO - Setting next_dagrun for example_xcom_args to None, run_after=None
[2024-10-30T09:09:33.700+0000] {logging_mixin.py:190} INFO - [2024-10-30T09:09:33.700+0000] {dag.py:4180} INFO - Setting next_dagrun for example_xcom_args_with_operators to None, run_after=None
[2024-10-30T09:09:33.738+0000] {processor.py:208} INFO - Processing /usr/local/lib/python3.11/site-packages/airflow/example_dags/example_xcomargs.py took 0.629 seconds
[2024-10-30T09:10:41.827+0000] {processor.py:186} INFO - Started process (PID=4691) to work on /usr/local/lib/python3.11/site-packages/airflow/example_dags/example_xcomargs.py
[2024-10-30T09:10:41.828+0000] {processor.py:914} INFO - Processing file /usr/local/lib/python3.11/site-packages/airflow/example_dags/example_xcomargs.py for tasks to queue
[2024-10-30T09:10:41.830+0000] {logging_mixin.py:190} INFO - [2024-10-30T09:10:41.830+0000] {dagbag.py:588} INFO - Filling up the DagBag from /usr/local/lib/python3.11/site-packages/airflow/example_dags/example_xcomargs.py
[2024-10-30T09:10:41.839+0000] {processor.py:925} INFO - DAG(s) 'example_xcom_args', 'example_xcom_args_with_operators' retrieved from /usr/local/lib/python3.11/site-packages/airflow/example_dags/example_xcomargs.py
[2024-10-30T09:10:41.865+0000] {logging_mixin.py:190} INFO - [2024-10-30T09:10:41.865+0000] {dag.py:3239} INFO - Sync 2 DAGs
[2024-10-30T09:10:41.878+0000] {logging_mixin.py:190} INFO - [2024-10-30T09:10:41.878+0000] {dag.py:4180} INFO - Setting next_dagrun for example_xcom_args to None, run_after=None
[2024-10-30T09:10:41.882+0000] {logging_mixin.py:190} INFO - [2024-10-30T09:10:41.882+0000] {dag.py:4180} INFO - Setting next_dagrun for example_xcom_args_with_operators to None, run_after=None
[2024-10-30T09:10:41.918+0000] {processor.py:208} INFO - Processing /usr/local/lib/python3.11/site-packages/airflow/example_dags/example_xcomargs.py took 0.096 seconds
[2024-10-30T09:11:42.672+0000] {processor.py:186} INFO - Started process (PID=5184) to work on /usr/local/lib/python3.11/site-packages/airflow/example_dags/example_xcomargs.py
[2024-10-30T09:11:42.673+0000] {processor.py:914} INFO - Processing file /usr/local/lib/python3.11/site-packages/airflow/example_dags/example_xcomargs.py for tasks to queue
[2024-10-30T09:11:42.675+0000] {logging_mixin.py:190} INFO - [2024-10-30T09:11:42.674+0000] {dagbag.py:588} INFO - Filling up the DagBag from /usr/local/lib/python3.11/site-packages/airflow/example_dags/example_xcomargs.py
[2024-10-30T09:11:42.685+0000] {processor.py:925} INFO - DAG(s) 'example_xcom_args', 'example_xcom_args_with_operators' retrieved from /usr/local/lib/python3.11/site-packages/airflow/example_dags/example_xcomargs.py
[2024-10-30T09:11:42.711+0000] {logging_mixin.py:190} INFO - [2024-10-30T09:11:42.711+0000] {dag.py:3239} INFO - Sync 2 DAGs
[2024-10-30T09:11:42.724+0000] {logging_mixin.py:190} INFO - [2024-10-30T09:11:42.724+0000] {dag.py:4180} INFO - Setting next_dagrun for example_xcom_args to None, run_after=None
[2024-10-30T09:11:42.730+0000] {logging_mixin.py:190} INFO - [2024-10-30T09:11:42.730+0000] {dag.py:4180} INFO - Setting next_dagrun for example_xcom_args_with_operators to None, run_after=None
[2024-10-30T09:11:42.775+0000] {processor.py:208} INFO - Processing /usr/local/lib/python3.11/site-packages/airflow/example_dags/example_xcomargs.py took 0.108 seconds
[2024-10-30T09:12:42.136+0000] {processor.py:186} INFO - Started process (PID=5672) to work on /usr/local/lib/python3.11/site-packages/airflow/example_dags/example_xcomargs.py
[2024-10-30T09:12:42.137+0000] {processor.py:914} INFO - Processing file /usr/local/lib/python3.11/site-packages/airflow/example_dags/example_xcomargs.py for tasks to queue
[2024-10-30T09:12:42.139+0000] {logging_mixin.py:190} INFO - [2024-10-30T09:12:42.138+0000] {dagbag.py:588} INFO - Filling up the DagBag from /usr/local/lib/python3.11/site-packages/airflow/example_dags/example_xcomargs.py
[2024-10-30T09:12:42.147+0000] {processor.py:925} INFO - DAG(s) 'example_xcom_args_with_operators', 'example_xcom_args' retrieved from /usr/local/lib/python3.11/site-packages/airflow/example_dags/example_xcomargs.py
[2024-10-30T09:12:42.177+0000] {logging_mixin.py:190} INFO - [2024-10-30T09:12:42.176+0000] {dag.py:3239} INFO - Sync 2 DAGs
[2024-10-30T09:12:42.192+0000] {logging_mixin.py:190} INFO - [2024-10-30T09:12:42.191+0000] {dag.py:4180} INFO - Setting next_dagrun for example_xcom_args to None, run_after=None
[2024-10-30T09:12:42.196+0000] {logging_mixin.py:190} INFO - [2024-10-30T09:12:42.196+0000] {dag.py:4180} INFO - Setting next_dagrun for example_xcom_args_with_operators to None, run_after=None
[2024-10-30T09:12:42.239+0000] {processor.py:208} INFO - Processing /usr/local/lib/python3.11/site-packages/airflow/example_dags/example_xcomargs.py took 0.109 seconds
[2024-10-30T09:13:46.491+0000] {processor.py:186} INFO - Started process (PID=6457) to work on /usr/local/lib/python3.11/site-packages/airflow/example_dags/example_xcomargs.py
[2024-10-30T09:13:46.492+0000] {processor.py:914} INFO - Processing file /usr/local/lib/python3.11/site-packages/airflow/example_dags/example_xcomargs.py for tasks to queue
[2024-10-30T09:13:46.494+0000] {logging_mixin.py:190} INFO - [2024-10-30T09:13:46.494+0000] {dagbag.py:588} INFO - Filling up the DagBag from /usr/local/lib/python3.11/site-packages/airflow/example_dags/example_xcomargs.py
[2024-10-30T09:13:46.504+0000] {processor.py:925} INFO - DAG(s) 'example_xcom_args_with_operators', 'example_xcom_args' retrieved from /usr/local/lib/python3.11/site-packages/airflow/example_dags/example_xcomargs.py
[2024-10-30T09:13:46.527+0000] {logging_mixin.py:190} INFO - [2024-10-30T09:13:46.527+0000] {dag.py:3239} INFO - Sync 2 DAGs
[2024-10-30T09:13:46.540+0000] {logging_mixin.py:190} INFO - [2024-10-30T09:13:46.539+0000] {dag.py:4180} INFO - Setting next_dagrun for example_xcom_args to None, run_after=None
[2024-10-30T09:13:46.543+0000] {logging_mixin.py:190} INFO - [2024-10-30T09:13:46.543+0000] {dag.py:4180} INFO - Setting next_dagrun for example_xcom_args_with_operators to None, run_after=None
[2024-10-30T09:13:46.589+0000] {processor.py:208} INFO - Processing /usr/local/lib/python3.11/site-packages/airflow/example_dags/example_xcomargs.py took 0.103 seconds
