[2024-10-30T09:09:49.744+0000] {processor.py:186} INFO - Started process (PID=4224) to work on /usr/local/lib/python3.11/site-packages/airflow/example_dags/example_branch_day_of_week_operator.py
[2024-10-30T09:09:49.746+0000] {processor.py:914} INFO - Processing file /usr/local/lib/python3.11/site-packages/airflow/example_dags/example_branch_day_of_week_operator.py for tasks to queue
[2024-10-30T09:09:49.837+0000] {logging_mixin.py:190} INFO - [2024-10-30T09:09:49.836+0000] {dagbag.py:588} INFO - Filling up the DagBag from /usr/local/lib/python3.11/site-packages/airflow/example_dags/example_branch_day_of_week_operator.py
[2024-10-30T09:09:49.846+0000] {processor.py:925} INFO - DAG(s) 'example_weekday_branch_operator' retrieved from /usr/local/lib/python3.11/site-packages/airflow/example_dags/example_branch_day_of_week_operator.py
[2024-10-30T09:09:49.979+0000] {logging_mixin.py:190} INFO - [2024-10-30T09:09:49.978+0000] {override.py:1907} INFO - Created Permission View: can delete on DAG:example_weekday_branch_operator
[2024-10-30T09:09:50.015+0000] {logging_mixin.py:190} INFO - [2024-10-30T09:09:50.015+0000] {override.py:1907} INFO - Created Permission View: can read on DAG:example_weekday_branch_operator
[2024-10-30T09:09:50.045+0000] {logging_mixin.py:190} INFO - [2024-10-30T09:09:50.044+0000] {override.py:1907} INFO - Created Permission View: can edit on DAG:example_weekday_branch_operator
[2024-10-30T09:09:50.096+0000] {logging_mixin.py:190} INFO - [2024-10-30T09:09:50.096+0000] {override.py:1907} INFO - Created Permission View: can delete on DAG Run:example_weekday_branch_operator
[2024-10-30T09:09:50.129+0000] {logging_mixin.py:190} INFO - [2024-10-30T09:09:50.128+0000] {override.py:1907} INFO - Created Permission View: can create on DAG Run:example_weekday_branch_operator
[2024-10-30T09:09:50.159+0000] {logging_mixin.py:190} INFO - [2024-10-30T09:09:50.159+0000] {override.py:1907} INFO - Created Permission View: menu access on DAG Run:example_weekday_branch_operator
[2024-10-30T09:09:50.196+0000] {logging_mixin.py:190} INFO - [2024-10-30T09:09:50.196+0000] {override.py:1907} INFO - Created Permission View: can read on DAG Run:example_weekday_branch_operator
[2024-10-30T09:09:50.197+0000] {logging_mixin.py:190} INFO - [2024-10-30T09:09:50.197+0000] {dag.py:3239} INFO - Sync 1 DAGs
[2024-10-30T09:09:50.210+0000] {logging_mixin.py:190} INFO - [2024-10-30T09:09:50.210+0000] {dag.py:3262} INFO - Creating ORM DAG for example_weekday_branch_operator
[2024-10-30T09:09:50.219+0000] {logging_mixin.py:190} INFO - [2024-10-30T09:09:50.219+0000] {dag.py:4180} INFO - Setting next_dagrun for example_weekday_branch_operator to 2024-10-29 00:00:00+00:00, run_after=2024-10-30 00:00:00+00:00
[2024-10-30T09:09:50.270+0000] {processor.py:208} INFO - Processing /usr/local/lib/python3.11/site-packages/airflow/example_dags/example_branch_day_of_week_operator.py took 0.530 seconds
[2024-10-30T09:10:55.231+0000] {processor.py:186} INFO - Started process (PID=4734) to work on /usr/local/lib/python3.11/site-packages/airflow/example_dags/example_branch_day_of_week_operator.py
[2024-10-30T09:10:55.232+0000] {processor.py:914} INFO - Processing file /usr/local/lib/python3.11/site-packages/airflow/example_dags/example_branch_day_of_week_operator.py for tasks to queue
[2024-10-30T09:10:55.235+0000] {logging_mixin.py:190} INFO - [2024-10-30T09:10:55.235+0000] {dagbag.py:588} INFO - Filling up the DagBag from /usr/local/lib/python3.11/site-packages/airflow/example_dags/example_branch_day_of_week_operator.py
[2024-10-30T09:10:55.244+0000] {processor.py:925} INFO - DAG(s) 'example_weekday_branch_operator' retrieved from /usr/local/lib/python3.11/site-packages/airflow/example_dags/example_branch_day_of_week_operator.py
[2024-10-30T09:10:55.271+0000] {logging_mixin.py:190} INFO - [2024-10-30T09:10:55.271+0000] {dag.py:3239} INFO - Sync 1 DAGs
[2024-10-30T09:10:55.292+0000] {logging_mixin.py:190} INFO - [2024-10-30T09:10:55.292+0000] {dag.py:4180} INFO - Setting next_dagrun for example_weekday_branch_operator to 2024-10-29 00:00:00+00:00, run_after=2024-10-30 00:00:00+00:00
[2024-10-30T09:10:55.333+0000] {processor.py:208} INFO - Processing /usr/local/lib/python3.11/site-packages/airflow/example_dags/example_branch_day_of_week_operator.py took 0.107 seconds
[2024-10-30T09:11:55.730+0000] {processor.py:186} INFO - Started process (PID=5227) to work on /usr/local/lib/python3.11/site-packages/airflow/example_dags/example_branch_day_of_week_operator.py
[2024-10-30T09:11:55.732+0000] {processor.py:914} INFO - Processing file /usr/local/lib/python3.11/site-packages/airflow/example_dags/example_branch_day_of_week_operator.py for tasks to queue
[2024-10-30T09:11:55.735+0000] {logging_mixin.py:190} INFO - [2024-10-30T09:11:55.735+0000] {dagbag.py:588} INFO - Filling up the DagBag from /usr/local/lib/python3.11/site-packages/airflow/example_dags/example_branch_day_of_week_operator.py
[2024-10-30T09:11:55.745+0000] {processor.py:925} INFO - DAG(s) 'example_weekday_branch_operator' retrieved from /usr/local/lib/python3.11/site-packages/airflow/example_dags/example_branch_day_of_week_operator.py
[2024-10-30T09:11:55.773+0000] {logging_mixin.py:190} INFO - [2024-10-30T09:11:55.773+0000] {dag.py:3239} INFO - Sync 1 DAGs
[2024-10-30T09:11:55.802+0000] {logging_mixin.py:190} INFO - [2024-10-30T09:11:55.802+0000] {dag.py:4180} INFO - Setting next_dagrun for example_weekday_branch_operator to 2024-10-29 00:00:00+00:00, run_after=2024-10-30 00:00:00+00:00
[2024-10-30T09:11:55.848+0000] {processor.py:208} INFO - Processing /usr/local/lib/python3.11/site-packages/airflow/example_dags/example_branch_day_of_week_operator.py took 0.124 seconds
[2024-10-30T09:12:56.420+0000] {processor.py:186} INFO - Started process (PID=5719) to work on /usr/local/lib/python3.11/site-packages/airflow/example_dags/example_branch_day_of_week_operator.py
[2024-10-30T09:12:56.421+0000] {processor.py:914} INFO - Processing file /usr/local/lib/python3.11/site-packages/airflow/example_dags/example_branch_day_of_week_operator.py for tasks to queue
[2024-10-30T09:12:56.424+0000] {logging_mixin.py:190} INFO - [2024-10-30T09:12:56.423+0000] {dagbag.py:588} INFO - Filling up the DagBag from /usr/local/lib/python3.11/site-packages/airflow/example_dags/example_branch_day_of_week_operator.py
[2024-10-30T09:12:56.431+0000] {processor.py:925} INFO - DAG(s) 'example_weekday_branch_operator' retrieved from /usr/local/lib/python3.11/site-packages/airflow/example_dags/example_branch_day_of_week_operator.py
[2024-10-30T09:12:56.452+0000] {logging_mixin.py:190} INFO - [2024-10-30T09:12:56.452+0000] {dag.py:3239} INFO - Sync 1 DAGs
[2024-10-30T09:12:56.473+0000] {logging_mixin.py:190} INFO - [2024-10-30T09:12:56.472+0000] {dag.py:4180} INFO - Setting next_dagrun for example_weekday_branch_operator to 2024-10-29 00:00:00+00:00, run_after=2024-10-30 00:00:00+00:00
[2024-10-30T09:12:56.524+0000] {processor.py:208} INFO - Processing /usr/local/lib/python3.11/site-packages/airflow/example_dags/example_branch_day_of_week_operator.py took 0.108 seconds
[2024-10-30T09:13:58.523+0000] {processor.py:186} INFO - Started process (PID=6500) to work on /usr/local/lib/python3.11/site-packages/airflow/example_dags/example_branch_day_of_week_operator.py
[2024-10-30T09:13:58.524+0000] {processor.py:914} INFO - Processing file /usr/local/lib/python3.11/site-packages/airflow/example_dags/example_branch_day_of_week_operator.py for tasks to queue
[2024-10-30T09:13:58.527+0000] {logging_mixin.py:190} INFO - [2024-10-30T09:13:58.526+0000] {dagbag.py:588} INFO - Filling up the DagBag from /usr/local/lib/python3.11/site-packages/airflow/example_dags/example_branch_day_of_week_operator.py
[2024-10-30T09:13:58.537+0000] {processor.py:925} INFO - DAG(s) 'example_weekday_branch_operator' retrieved from /usr/local/lib/python3.11/site-packages/airflow/example_dags/example_branch_day_of_week_operator.py
[2024-10-30T09:13:58.560+0000] {logging_mixin.py:190} INFO - [2024-10-30T09:13:58.560+0000] {dag.py:3239} INFO - Sync 1 DAGs
[2024-10-30T09:13:58.583+0000] {logging_mixin.py:190} INFO - [2024-10-30T09:13:58.582+0000] {dag.py:4180} INFO - Setting next_dagrun for example_weekday_branch_operator to 2024-10-29 00:00:00+00:00, run_after=2024-10-30 00:00:00+00:00
[2024-10-30T09:13:58.635+0000] {processor.py:208} INFO - Processing /usr/local/lib/python3.11/site-packages/airflow/example_dags/example_branch_day_of_week_operator.py took 0.117 seconds
