[2024-10-30T09:08:42.703+0000] {processor.py:186} INFO - Started process (PID=2203) to work on /usr/local/lib/python3.11/site-packages/airflow/example_dags/example_dynamic_task_mapping_with_no_taskflow_operators.py
[2024-10-30T09:08:42.704+0000] {processor.py:914} INFO - Processing file /usr/local/lib/python3.11/site-packages/airflow/example_dags/example_dynamic_task_mapping_with_no_taskflow_operators.py for tasks to queue
[2024-10-30T09:08:42.705+0000] {logging_mixin.py:190} INFO - [2024-10-30T09:08:42.705+0000] {dagbag.py:588} INFO - Filling up the DagBag from /usr/local/lib/python3.11/site-packages/airflow/example_dags/example_dynamic_task_mapping_with_no_taskflow_operators.py
[2024-10-30T09:08:42.712+0000] {processor.py:925} INFO - DAG(s) 'example_dynamic_task_mapping_with_no_taskflow_operators' retrieved from /usr/local/lib/python3.11/site-packages/airflow/example_dags/example_dynamic_task_mapping_with_no_taskflow_operators.py
[2024-10-30T09:08:42.979+0000] {logging_mixin.py:190} INFO - [2024-10-30T09:08:42.978+0000] {override.py:1907} INFO - Created Permission View: can delete on DAG:example_dynamic_task_mapping_with_no_taskflow_operators
[2024-10-30T09:08:43.561+0000] {logging_mixin.py:190} INFO - [2024-10-30T09:08:43.561+0000] {override.py:1907} INFO - Created Permission View: can read on DAG:example_dynamic_task_mapping_with_no_taskflow_operators
[2024-10-30T09:08:43.599+0000] {logging_mixin.py:190} INFO - [2024-10-30T09:08:43.598+0000] {override.py:1907} INFO - Created Permission View: can edit on DAG:example_dynamic_task_mapping_with_no_taskflow_operators
[2024-10-30T09:08:43.658+0000] {logging_mixin.py:190} INFO - [2024-10-30T09:08:43.658+0000] {override.py:1907} INFO - Created Permission View: can delete on DAG Run:example_dynamic_task_mapping_with_no_taskflow_operators
[2024-10-30T09:08:43.698+0000] {logging_mixin.py:190} INFO - [2024-10-30T09:08:43.698+0000] {override.py:1907} INFO - Created Permission View: can create on DAG Run:example_dynamic_task_mapping_with_no_taskflow_operators
[2024-10-30T09:08:43.759+0000] {logging_mixin.py:190} INFO - [2024-10-30T09:08:43.759+0000] {override.py:1907} INFO - Created Permission View: menu access on DAG Run:example_dynamic_task_mapping_with_no_taskflow_operators
[2024-10-30T09:08:43.799+0000] {logging_mixin.py:190} INFO - [2024-10-30T09:08:43.799+0000] {override.py:1907} INFO - Created Permission View: can read on DAG Run:example_dynamic_task_mapping_with_no_taskflow_operators
[2024-10-30T09:08:43.800+0000] {logging_mixin.py:190} INFO - [2024-10-30T09:08:43.800+0000] {dag.py:3239} INFO - Sync 1 DAGs
[2024-10-30T09:08:43.834+0000] {logging_mixin.py:190} INFO - [2024-10-30T09:08:43.833+0000] {dag.py:3262} INFO - Creating ORM DAG for example_dynamic_task_mapping_with_no_taskflow_operators
[2024-10-30T09:08:43.834+0000] {logging_mixin.py:190} INFO - [2024-10-30T09:08:43.834+0000] {dag.py:4180} INFO - Setting next_dagrun for example_dynamic_task_mapping_with_no_taskflow_operators to None, run_after=None
[2024-10-30T09:08:43.889+0000] {processor.py:208} INFO - Processing /usr/local/lib/python3.11/site-packages/airflow/example_dags/example_dynamic_task_mapping_with_no_taskflow_operators.py took 1.191 seconds
[2024-10-30T09:10:01.048+0000] {processor.py:186} INFO - Started process (PID=4263) to work on /usr/local/lib/python3.11/site-packages/airflow/example_dags/example_dynamic_task_mapping_with_no_taskflow_operators.py
[2024-10-30T09:10:01.049+0000] {processor.py:914} INFO - Processing file /usr/local/lib/python3.11/site-packages/airflow/example_dags/example_dynamic_task_mapping_with_no_taskflow_operators.py for tasks to queue
[2024-10-30T09:10:01.051+0000] {logging_mixin.py:190} INFO - [2024-10-30T09:10:01.051+0000] {dagbag.py:588} INFO - Filling up the DagBag from /usr/local/lib/python3.11/site-packages/airflow/example_dags/example_dynamic_task_mapping_with_no_taskflow_operators.py
[2024-10-30T09:10:01.058+0000] {processor.py:925} INFO - DAG(s) 'example_dynamic_task_mapping_with_no_taskflow_operators' retrieved from /usr/local/lib/python3.11/site-packages/airflow/example_dags/example_dynamic_task_mapping_with_no_taskflow_operators.py
[2024-10-30T09:10:01.078+0000] {logging_mixin.py:190} INFO - [2024-10-30T09:10:01.078+0000] {dag.py:3239} INFO - Sync 1 DAGs
[2024-10-30T09:10:01.092+0000] {logging_mixin.py:190} INFO - [2024-10-30T09:10:01.092+0000] {dag.py:4180} INFO - Setting next_dagrun for example_dynamic_task_mapping_with_no_taskflow_operators to None, run_after=None
[2024-10-30T09:10:01.182+0000] {processor.py:208} INFO - Processing /usr/local/lib/python3.11/site-packages/airflow/example_dags/example_dynamic_task_mapping_with_no_taskflow_operators.py took 0.140 seconds
[2024-10-30T09:10:35.676+0000] {processor.py:186} INFO - Started process (PID=4390) to work on /usr/local/lib/python3.11/site-packages/airflow/example_dags/example_dynamic_task_mapping_with_no_taskflow_operators.py
[2024-10-30T09:10:35.677+0000] {processor.py:914} INFO - Processing file /usr/local/lib/python3.11/site-packages/airflow/example_dags/example_dynamic_task_mapping_with_no_taskflow_operators.py for tasks to queue
[2024-10-30T09:10:35.679+0000] {logging_mixin.py:190} INFO - [2024-10-30T09:10:35.679+0000] {dagbag.py:588} INFO - Filling up the DagBag from /usr/local/lib/python3.11/site-packages/airflow/example_dags/example_dynamic_task_mapping_with_no_taskflow_operators.py
[2024-10-30T09:10:35.686+0000] {processor.py:925} INFO - DAG(s) 'example_dynamic_task_mapping_with_no_taskflow_operators' retrieved from /usr/local/lib/python3.11/site-packages/airflow/example_dags/example_dynamic_task_mapping_with_no_taskflow_operators.py
[2024-10-30T09:10:35.704+0000] {logging_mixin.py:190} INFO - [2024-10-30T09:10:35.704+0000] {dag.py:3239} INFO - Sync 1 DAGs
[2024-10-30T09:10:35.716+0000] {logging_mixin.py:190} INFO - [2024-10-30T09:10:35.715+0000] {dag.py:4180} INFO - Setting next_dagrun for example_dynamic_task_mapping_with_no_taskflow_operators to None, run_after=None
[2024-10-30T09:10:35.754+0000] {processor.py:208} INFO - Processing /usr/local/lib/python3.11/site-packages/airflow/example_dags/example_dynamic_task_mapping_with_no_taskflow_operators.py took 0.082 seconds
[2024-10-30T09:11:33.491+0000] {processor.py:186} INFO - Started process (PID=4872) to work on /usr/local/lib/python3.11/site-packages/airflow/example_dags/example_dynamic_task_mapping_with_no_taskflow_operators.py
[2024-10-30T09:11:33.492+0000] {processor.py:914} INFO - Processing file /usr/local/lib/python3.11/site-packages/airflow/example_dags/example_dynamic_task_mapping_with_no_taskflow_operators.py for tasks to queue
[2024-10-30T09:11:33.495+0000] {logging_mixin.py:190} INFO - [2024-10-30T09:11:33.495+0000] {dagbag.py:588} INFO - Filling up the DagBag from /usr/local/lib/python3.11/site-packages/airflow/example_dags/example_dynamic_task_mapping_with_no_taskflow_operators.py
[2024-10-30T09:11:33.501+0000] {processor.py:925} INFO - DAG(s) 'example_dynamic_task_mapping_with_no_taskflow_operators' retrieved from /usr/local/lib/python3.11/site-packages/airflow/example_dags/example_dynamic_task_mapping_with_no_taskflow_operators.py
[2024-10-30T09:11:33.523+0000] {logging_mixin.py:190} INFO - [2024-10-30T09:11:33.523+0000] {dag.py:3239} INFO - Sync 1 DAGs
[2024-10-30T09:11:33.536+0000] {logging_mixin.py:190} INFO - [2024-10-30T09:11:33.535+0000] {dag.py:4180} INFO - Setting next_dagrun for example_dynamic_task_mapping_with_no_taskflow_operators to None, run_after=None
[2024-10-30T09:11:33.587+0000] {processor.py:208} INFO - Processing /usr/local/lib/python3.11/site-packages/airflow/example_dags/example_dynamic_task_mapping_with_no_taskflow_operators.py took 0.101 seconds
[2024-10-30T09:12:32.755+0000] {processor.py:186} INFO - Started process (PID=5360) to work on /usr/local/lib/python3.11/site-packages/airflow/example_dags/example_dynamic_task_mapping_with_no_taskflow_operators.py
[2024-10-30T09:12:32.756+0000] {processor.py:914} INFO - Processing file /usr/local/lib/python3.11/site-packages/airflow/example_dags/example_dynamic_task_mapping_with_no_taskflow_operators.py for tasks to queue
[2024-10-30T09:12:32.759+0000] {logging_mixin.py:190} INFO - [2024-10-30T09:12:32.758+0000] {dagbag.py:588} INFO - Filling up the DagBag from /usr/local/lib/python3.11/site-packages/airflow/example_dags/example_dynamic_task_mapping_with_no_taskflow_operators.py
[2024-10-30T09:12:32.765+0000] {processor.py:925} INFO - DAG(s) 'example_dynamic_task_mapping_with_no_taskflow_operators' retrieved from /usr/local/lib/python3.11/site-packages/airflow/example_dags/example_dynamic_task_mapping_with_no_taskflow_operators.py
[2024-10-30T09:12:32.784+0000] {logging_mixin.py:190} INFO - [2024-10-30T09:12:32.783+0000] {dag.py:3239} INFO - Sync 1 DAGs
[2024-10-30T09:12:32.796+0000] {logging_mixin.py:190} INFO - [2024-10-30T09:12:32.796+0000] {dag.py:4180} INFO - Setting next_dagrun for example_dynamic_task_mapping_with_no_taskflow_operators to None, run_after=None
[2024-10-30T09:12:32.839+0000] {processor.py:208} INFO - Processing /usr/local/lib/python3.11/site-packages/airflow/example_dags/example_dynamic_task_mapping_with_no_taskflow_operators.py took 0.088 seconds
[2024-10-30T09:13:36.170+0000] {processor.py:186} INFO - Started process (PID=6144) to work on /usr/local/lib/python3.11/site-packages/airflow/example_dags/example_dynamic_task_mapping_with_no_taskflow_operators.py
[2024-10-30T09:13:36.171+0000] {processor.py:914} INFO - Processing file /usr/local/lib/python3.11/site-packages/airflow/example_dags/example_dynamic_task_mapping_with_no_taskflow_operators.py for tasks to queue
[2024-10-30T09:13:36.173+0000] {logging_mixin.py:190} INFO - [2024-10-30T09:13:36.173+0000] {dagbag.py:588} INFO - Filling up the DagBag from /usr/local/lib/python3.11/site-packages/airflow/example_dags/example_dynamic_task_mapping_with_no_taskflow_operators.py
[2024-10-30T09:13:36.181+0000] {processor.py:925} INFO - DAG(s) 'example_dynamic_task_mapping_with_no_taskflow_operators' retrieved from /usr/local/lib/python3.11/site-packages/airflow/example_dags/example_dynamic_task_mapping_with_no_taskflow_operators.py
[2024-10-30T09:13:36.204+0000] {logging_mixin.py:190} INFO - [2024-10-30T09:13:36.203+0000] {dag.py:3239} INFO - Sync 1 DAGs
[2024-10-30T09:13:36.219+0000] {logging_mixin.py:190} INFO - [2024-10-30T09:13:36.218+0000] {dag.py:4180} INFO - Setting next_dagrun for example_dynamic_task_mapping_with_no_taskflow_operators to None, run_after=None
[2024-10-30T09:13:36.270+0000] {processor.py:208} INFO - Processing /usr/local/lib/python3.11/site-packages/airflow/example_dags/example_dynamic_task_mapping_with_no_taskflow_operators.py took 0.107 seconds
