[2024-10-30T09:09:05.512+0000] {processor.py:186} INFO - Started process (PID=3793) to work on /usr/local/lib/python3.11/site-packages/airflow/example_dags/example_python_decorator.py
[2024-10-30T09:09:05.513+0000] {processor.py:914} INFO - Processing file /usr/local/lib/python3.11/site-packages/airflow/example_dags/example_python_decorator.py for tasks to queue
[2024-10-30T09:09:05.515+0000] {logging_mixin.py:190} INFO - [2024-10-30T09:09:05.515+0000] {dagbag.py:588} INFO - Filling up the DagBag from /usr/local/lib/python3.11/site-packages/airflow/example_dags/example_python_decorator.py
[2024-10-30T09:09:05.527+0000] {logging_mixin.py:190} INFO - [2024-10-30T09:09:05.527+0000] {example_python_decorator.py:80} WARNING - The virtalenv_python example task requires virtualenv, please install it.
[2024-10-30T09:09:05.529+0000] {processor.py:925} INFO - DAG(s) 'example_python_decorator' retrieved from /usr/local/lib/python3.11/site-packages/airflow/example_dags/example_python_decorator.py
[2024-10-30T09:09:05.443+0000] {logging_mixin.py:190} INFO - [2024-10-30T09:09:05.442+0000] {override.py:1907} INFO - Created Permission View: can delete on DAG:example_python_decorator
[2024-10-30T09:09:05.492+0000] {logging_mixin.py:190} INFO - [2024-10-30T09:09:05.491+0000] {override.py:1907} INFO - Created Permission View: can read on DAG:example_python_decorator
[2024-10-30T09:09:05.525+0000] {logging_mixin.py:190} INFO - [2024-10-30T09:09:05.525+0000] {override.py:1907} INFO - Created Permission View: can edit on DAG:example_python_decorator
[2024-10-30T09:09:05.580+0000] {logging_mixin.py:190} INFO - [2024-10-30T09:09:05.579+0000] {override.py:1907} INFO - Created Permission View: can delete on DAG Run:example_python_decorator
[2024-10-30T09:09:05.613+0000] {logging_mixin.py:190} INFO - [2024-10-30T09:09:05.613+0000] {override.py:1907} INFO - Created Permission View: can create on DAG Run:example_python_decorator
[2024-10-30T09:09:04.994+0000] {logging_mixin.py:190} INFO - [2024-10-30T09:09:04.994+0000] {override.py:1907} INFO - Created Permission View: menu access on DAG Run:example_python_decorator
[2024-10-30T09:09:05.038+0000] {logging_mixin.py:190} INFO - [2024-10-30T09:09:05.037+0000] {override.py:1907} INFO - Created Permission View: can read on DAG Run:example_python_decorator
[2024-10-30T09:09:05.038+0000] {logging_mixin.py:190} INFO - [2024-10-30T09:09:05.038+0000] {dag.py:3239} INFO - Sync 1 DAGs
[2024-10-30T09:09:05.061+0000] {logging_mixin.py:190} INFO - [2024-10-30T09:09:05.060+0000] {dag.py:3262} INFO - Creating ORM DAG for example_python_decorator
[2024-10-30T09:09:05.061+0000] {logging_mixin.py:190} INFO - [2024-10-30T09:09:05.061+0000] {dag.py:4180} INFO - Setting next_dagrun for example_python_decorator to None, run_after=None
[2024-10-30T09:09:05.110+0000] {processor.py:208} INFO - Processing /usr/local/lib/python3.11/site-packages/airflow/example_dags/example_python_decorator.py took 0.552 seconds
[2024-10-30T09:10:17.237+0000] {processor.py:186} INFO - Started process (PID=4322) to work on /usr/local/lib/python3.11/site-packages/airflow/example_dags/example_python_decorator.py
[2024-10-30T09:10:17.237+0000] {processor.py:914} INFO - Processing file /usr/local/lib/python3.11/site-packages/airflow/example_dags/example_python_decorator.py for tasks to queue
[2024-10-30T09:10:17.239+0000] {logging_mixin.py:190} INFO - [2024-10-30T09:10:17.239+0000] {dagbag.py:588} INFO - Filling up the DagBag from /usr/local/lib/python3.11/site-packages/airflow/example_dags/example_python_decorator.py
[2024-10-30T09:10:17.247+0000] {logging_mixin.py:190} INFO - [2024-10-30T09:10:17.247+0000] {example_python_decorator.py:80} WARNING - The virtalenv_python example task requires virtualenv, please install it.
[2024-10-30T09:10:17.249+0000] {processor.py:925} INFO - DAG(s) 'example_python_decorator' retrieved from /usr/local/lib/python3.11/site-packages/airflow/example_dags/example_python_decorator.py
[2024-10-30T09:10:17.277+0000] {logging_mixin.py:190} INFO - [2024-10-30T09:10:17.277+0000] {dag.py:3239} INFO - Sync 1 DAGs
[2024-10-30T09:10:17.294+0000] {logging_mixin.py:190} INFO - [2024-10-30T09:10:17.293+0000] {dag.py:4180} INFO - Setting next_dagrun for example_python_decorator to None, run_after=None
[2024-10-30T09:10:17.349+0000] {processor.py:208} INFO - Processing /usr/local/lib/python3.11/site-packages/airflow/example_dags/example_python_decorator.py took 0.117 seconds
[2024-10-30T09:11:15.149+0000] {processor.py:186} INFO - Started process (PID=4810) to work on /usr/local/lib/python3.11/site-packages/airflow/example_dags/example_python_decorator.py
[2024-10-30T09:11:15.150+0000] {processor.py:914} INFO - Processing file /usr/local/lib/python3.11/site-packages/airflow/example_dags/example_python_decorator.py for tasks to queue
[2024-10-30T09:11:15.152+0000] {logging_mixin.py:190} INFO - [2024-10-30T09:11:15.151+0000] {dagbag.py:588} INFO - Filling up the DagBag from /usr/local/lib/python3.11/site-packages/airflow/example_dags/example_python_decorator.py
[2024-10-30T09:11:15.159+0000] {logging_mixin.py:190} INFO - [2024-10-30T09:11:15.159+0000] {example_python_decorator.py:80} WARNING - The virtalenv_python example task requires virtualenv, please install it.
[2024-10-30T09:11:15.162+0000] {processor.py:925} INFO - DAG(s) 'example_python_decorator' retrieved from /usr/local/lib/python3.11/site-packages/airflow/example_dags/example_python_decorator.py
[2024-10-30T09:11:15.183+0000] {logging_mixin.py:190} INFO - [2024-10-30T09:11:15.183+0000] {dag.py:3239} INFO - Sync 1 DAGs
[2024-10-30T09:11:15.196+0000] {logging_mixin.py:190} INFO - [2024-10-30T09:11:15.195+0000] {dag.py:4180} INFO - Setting next_dagrun for example_python_decorator to None, run_after=None
[2024-10-30T09:11:15.237+0000] {processor.py:208} INFO - Processing /usr/local/lib/python3.11/site-packages/airflow/example_dags/example_python_decorator.py took 0.094 seconds
[2024-10-30T09:12:16.545+0000] {processor.py:186} INFO - Started process (PID=5303) to work on /usr/local/lib/python3.11/site-packages/airflow/example_dags/example_python_decorator.py
[2024-10-30T09:12:16.546+0000] {processor.py:914} INFO - Processing file /usr/local/lib/python3.11/site-packages/airflow/example_dags/example_python_decorator.py for tasks to queue
[2024-10-30T09:12:16.548+0000] {logging_mixin.py:190} INFO - [2024-10-30T09:12:16.548+0000] {dagbag.py:588} INFO - Filling up the DagBag from /usr/local/lib/python3.11/site-packages/airflow/example_dags/example_python_decorator.py
[2024-10-30T09:12:16.556+0000] {logging_mixin.py:190} INFO - [2024-10-30T09:12:16.555+0000] {example_python_decorator.py:80} WARNING - The virtalenv_python example task requires virtualenv, please install it.
[2024-10-30T09:12:16.558+0000] {processor.py:925} INFO - DAG(s) 'example_python_decorator' retrieved from /usr/local/lib/python3.11/site-packages/airflow/example_dags/example_python_decorator.py
[2024-10-30T09:12:16.580+0000] {logging_mixin.py:190} INFO - [2024-10-30T09:12:16.580+0000] {dag.py:3239} INFO - Sync 1 DAGs
[2024-10-30T09:12:16.593+0000] {logging_mixin.py:190} INFO - [2024-10-30T09:12:16.593+0000] {dag.py:4180} INFO - Setting next_dagrun for example_python_decorator to None, run_after=None
[2024-10-30T09:12:16.637+0000] {processor.py:208} INFO - Processing /usr/local/lib/python3.11/site-packages/airflow/example_dags/example_python_decorator.py took 0.096 seconds
[2024-10-30T09:13:17.037+0000] {processor.py:186} INFO - Started process (PID=5795) to work on /usr/local/lib/python3.11/site-packages/airflow/example_dags/example_python_decorator.py
[2024-10-30T09:13:17.038+0000] {processor.py:914} INFO - Processing file /usr/local/lib/python3.11/site-packages/airflow/example_dags/example_python_decorator.py for tasks to queue
[2024-10-30T09:13:17.040+0000] {logging_mixin.py:190} INFO - [2024-10-30T09:13:17.039+0000] {dagbag.py:588} INFO - Filling up the DagBag from /usr/local/lib/python3.11/site-packages/airflow/example_dags/example_python_decorator.py
[2024-10-30T09:13:17.048+0000] {logging_mixin.py:190} INFO - [2024-10-30T09:13:17.048+0000] {example_python_decorator.py:80} WARNING - The virtalenv_python example task requires virtualenv, please install it.
[2024-10-30T09:13:17.050+0000] {processor.py:925} INFO - DAG(s) 'example_python_decorator' retrieved from /usr/local/lib/python3.11/site-packages/airflow/example_dags/example_python_decorator.py
[2024-10-30T09:13:17.075+0000] {logging_mixin.py:190} INFO - [2024-10-30T09:13:17.074+0000] {dag.py:3239} INFO - Sync 1 DAGs
[2024-10-30T09:13:17.090+0000] {logging_mixin.py:190} INFO - [2024-10-30T09:13:17.090+0000] {dag.py:4180} INFO - Setting next_dagrun for example_python_decorator to None, run_after=None
[2024-10-30T09:13:17.133+0000] {processor.py:208} INFO - Processing /usr/local/lib/python3.11/site-packages/airflow/example_dags/example_python_decorator.py took 0.103 seconds
[2024-10-30T09:14:20.596+0000] {processor.py:186} INFO - Started process (PID=6576) to work on /usr/local/lib/python3.11/site-packages/airflow/example_dags/example_python_decorator.py
[2024-10-30T09:14:20.597+0000] {processor.py:914} INFO - Processing file /usr/local/lib/python3.11/site-packages/airflow/example_dags/example_python_decorator.py for tasks to queue
[2024-10-30T09:14:20.599+0000] {logging_mixin.py:190} INFO - [2024-10-30T09:14:20.599+0000] {dagbag.py:588} INFO - Filling up the DagBag from /usr/local/lib/python3.11/site-packages/airflow/example_dags/example_python_decorator.py
[2024-10-30T09:14:20.606+0000] {logging_mixin.py:190} INFO - [2024-10-30T09:14:20.606+0000] {example_python_decorator.py:80} WARNING - The virtalenv_python example task requires virtualenv, please install it.
[2024-10-30T09:14:20.608+0000] {processor.py:925} INFO - DAG(s) 'example_python_decorator' retrieved from /usr/local/lib/python3.11/site-packages/airflow/example_dags/example_python_decorator.py
[2024-10-30T09:14:20.631+0000] {logging_mixin.py:190} INFO - [2024-10-30T09:14:20.631+0000] {dag.py:3239} INFO - Sync 1 DAGs
[2024-10-30T09:14:20.646+0000] {logging_mixin.py:190} INFO - [2024-10-30T09:14:20.646+0000] {dag.py:4180} INFO - Setting next_dagrun for example_python_decorator to None, run_after=None
[2024-10-30T09:14:20.705+0000] {processor.py:208} INFO - Processing /usr/local/lib/python3.11/site-packages/airflow/example_dags/example_python_decorator.py took 0.113 seconds
