[2024-10-30T09:09:26.908+0000] {processor.py:186} INFO - Started process (PID=3866) to work on /usr/local/lib/python3.11/site-packages/airflow/example_dags/example_datasets.py
[2024-10-30T09:09:26.909+0000] {processor.py:914} INFO - Processing file /usr/local/lib/python3.11/site-packages/airflow/example_dags/example_datasets.py for tasks to queue
[2024-10-30T09:09:26.911+0000] {logging_mixin.py:190} INFO - [2024-10-30T09:09:26.910+0000] {dagbag.py:588} INFO - Filling up the DagBag from /usr/local/lib/python3.11/site-packages/airflow/example_dags/example_datasets.py
[2024-10-30T09:09:26.923+0000] {processor.py:925} INFO - DAG(s) 'dataset_consumes_1', 'dataset_produces_1', 'dataset_consumes_1_and_2', 'consume_1_or_both_2_and_3_with_dataset_expressions', 'consume_1_and_2_with_dataset_expressions', 'consume_1_or_2_with_dataset_expressions', 'dataset_consumes_unknown_never_scheduled', 'conditional_dataset_and_time_based_timetable', 'dataset_consumes_1_never_scheduled', 'dataset_produces_2' retrieved from /usr/local/lib/python3.11/site-packages/airflow/example_dags/example_datasets.py
[2024-10-30T09:09:27.099+0000] {logging_mixin.py:190} INFO - [2024-10-30T09:09:27.098+0000] {override.py:1907} INFO - Created Permission View: can delete on DAG:dataset_consumes_1
[2024-10-30T09:09:27.122+0000] {logging_mixin.py:190} INFO - [2024-10-30T09:09:27.121+0000] {override.py:1907} INFO - Created Permission View: can read on DAG:dataset_consumes_1
[2024-10-30T09:09:27.141+0000] {logging_mixin.py:190} INFO - [2024-10-30T09:09:27.141+0000] {override.py:1907} INFO - Created Permission View: can edit on DAG:dataset_consumes_1
[2024-10-30T09:09:27.173+0000] {logging_mixin.py:190} INFO - [2024-10-30T09:09:27.173+0000] {override.py:1907} INFO - Created Permission View: can delete on DAG Run:dataset_consumes_1
[2024-10-30T09:09:27.192+0000] {logging_mixin.py:190} INFO - [2024-10-30T09:09:27.192+0000] {override.py:1907} INFO - Created Permission View: can create on DAG Run:dataset_consumes_1
[2024-10-30T09:09:27.211+0000] {logging_mixin.py:190} INFO - [2024-10-30T09:09:27.211+0000] {override.py:1907} INFO - Created Permission View: menu access on DAG Run:dataset_consumes_1
[2024-10-30T09:09:27.231+0000] {logging_mixin.py:190} INFO - [2024-10-30T09:09:27.231+0000] {override.py:1907} INFO - Created Permission View: can read on DAG Run:dataset_consumes_1
[2024-10-30T09:09:27.270+0000] {logging_mixin.py:190} INFO - [2024-10-30T09:09:27.269+0000] {override.py:1907} INFO - Created Permission View: can delete on DAG:dataset_produces_1
[2024-10-30T09:09:27.291+0000] {logging_mixin.py:190} INFO - [2024-10-30T09:09:27.290+0000] {override.py:1907} INFO - Created Permission View: can read on DAG:dataset_produces_1
[2024-10-30T09:09:27.317+0000] {logging_mixin.py:190} INFO - [2024-10-30T09:09:27.317+0000] {override.py:1907} INFO - Created Permission View: can edit on DAG:dataset_produces_1
[2024-10-30T09:09:27.364+0000] {logging_mixin.py:190} INFO - [2024-10-30T09:09:27.364+0000] {override.py:1907} INFO - Created Permission View: can delete on DAG Run:dataset_produces_1
[2024-10-30T09:09:27.388+0000] {logging_mixin.py:190} INFO - [2024-10-30T09:09:27.387+0000] {override.py:1907} INFO - Created Permission View: can create on DAG Run:dataset_produces_1
[2024-10-30T09:09:27.419+0000] {logging_mixin.py:190} INFO - [2024-10-30T09:09:27.418+0000] {override.py:1907} INFO - Created Permission View: menu access on DAG Run:dataset_produces_1
[2024-10-30T09:09:27.441+0000] {logging_mixin.py:190} INFO - [2024-10-30T09:09:27.441+0000] {override.py:1907} INFO - Created Permission View: can read on DAG Run:dataset_produces_1
[2024-10-30T09:09:27.481+0000] {logging_mixin.py:190} INFO - [2024-10-30T09:09:27.481+0000] {override.py:1907} INFO - Created Permission View: can delete on DAG:dataset_consumes_1_and_2
[2024-10-30T09:09:27.501+0000] {logging_mixin.py:190} INFO - [2024-10-30T09:09:27.501+0000] {override.py:1907} INFO - Created Permission View: can read on DAG:dataset_consumes_1_and_2
[2024-10-30T09:09:27.522+0000] {logging_mixin.py:190} INFO - [2024-10-30T09:09:27.522+0000] {override.py:1907} INFO - Created Permission View: can edit on DAG:dataset_consumes_1_and_2
[2024-10-30T09:09:27.564+0000] {logging_mixin.py:190} INFO - [2024-10-30T09:09:27.564+0000] {override.py:1907} INFO - Created Permission View: can delete on DAG Run:dataset_consumes_1_and_2
[2024-10-30T09:09:27.588+0000] {logging_mixin.py:190} INFO - [2024-10-30T09:09:27.587+0000] {override.py:1907} INFO - Created Permission View: can create on DAG Run:dataset_consumes_1_and_2
[2024-10-30T09:09:27.607+0000] {logging_mixin.py:190} INFO - [2024-10-30T09:09:27.606+0000] {override.py:1907} INFO - Created Permission View: menu access on DAG Run:dataset_consumes_1_and_2
[2024-10-30T09:09:27.627+0000] {logging_mixin.py:190} INFO - [2024-10-30T09:09:27.626+0000] {override.py:1907} INFO - Created Permission View: can read on DAG Run:dataset_consumes_1_and_2
[2024-10-30T09:09:27.664+0000] {logging_mixin.py:190} INFO - [2024-10-30T09:09:27.664+0000] {override.py:1907} INFO - Created Permission View: can delete on DAG:consume_1_or_both_2_and_3_with_dataset_expressions
[2024-10-30T09:09:27.684+0000] {logging_mixin.py:190} INFO - [2024-10-30T09:09:27.684+0000] {override.py:1907} INFO - Created Permission View: can read on DAG:consume_1_or_both_2_and_3_with_dataset_expressions
[2024-10-30T09:09:27.705+0000] {logging_mixin.py:190} INFO - [2024-10-30T09:09:27.704+0000] {override.py:1907} INFO - Created Permission View: can edit on DAG:consume_1_or_both_2_and_3_with_dataset_expressions
[2024-10-30T09:09:27.736+0000] {logging_mixin.py:190} INFO - [2024-10-30T09:09:27.735+0000] {override.py:1907} INFO - Created Permission View: can delete on DAG Run:consume_1_or_both_2_and_3_with_dataset_expressions
[2024-10-30T09:09:27.759+0000] {logging_mixin.py:190} INFO - [2024-10-30T09:09:27.758+0000] {override.py:1907} INFO - Created Permission View: can create on DAG Run:consume_1_or_both_2_and_3_with_dataset_expressions
[2024-10-30T09:09:27.780+0000] {logging_mixin.py:190} INFO - [2024-10-30T09:09:27.780+0000] {override.py:1907} INFO - Created Permission View: menu access on DAG Run:consume_1_or_both_2_and_3_with_dataset_expressions
[2024-10-30T09:09:27.799+0000] {logging_mixin.py:190} INFO - [2024-10-30T09:09:27.799+0000] {override.py:1907} INFO - Created Permission View: can read on DAG Run:consume_1_or_both_2_and_3_with_dataset_expressions
[2024-10-30T09:09:27.840+0000] {logging_mixin.py:190} INFO - [2024-10-30T09:09:27.839+0000] {override.py:1907} INFO - Created Permission View: can delete on DAG:consume_1_and_2_with_dataset_expressions
[2024-10-30T09:09:27.863+0000] {logging_mixin.py:190} INFO - [2024-10-30T09:09:27.863+0000] {override.py:1907} INFO - Created Permission View: can read on DAG:consume_1_and_2_with_dataset_expressions
[2024-10-30T09:09:27.901+0000] {logging_mixin.py:190} INFO - [2024-10-30T09:09:27.901+0000] {override.py:1907} INFO - Created Permission View: can edit on DAG:consume_1_and_2_with_dataset_expressions
[2024-10-30T09:09:27.945+0000] {logging_mixin.py:190} INFO - [2024-10-30T09:09:27.944+0000] {override.py:1907} INFO - Created Permission View: can delete on DAG Run:consume_1_and_2_with_dataset_expressions
[2024-10-30T09:09:27.966+0000] {logging_mixin.py:190} INFO - [2024-10-30T09:09:27.966+0000] {override.py:1907} INFO - Created Permission View: can create on DAG Run:consume_1_and_2_with_dataset_expressions
[2024-10-30T09:09:27.987+0000] {logging_mixin.py:190} INFO - [2024-10-30T09:09:27.986+0000] {override.py:1907} INFO - Created Permission View: menu access on DAG Run:consume_1_and_2_with_dataset_expressions
[2024-10-30T09:09:28.011+0000] {logging_mixin.py:190} INFO - [2024-10-30T09:09:28.010+0000] {override.py:1907} INFO - Created Permission View: can read on DAG Run:consume_1_and_2_with_dataset_expressions
[2024-10-30T09:09:28.051+0000] {logging_mixin.py:190} INFO - [2024-10-30T09:09:28.051+0000] {override.py:1907} INFO - Created Permission View: can delete on DAG:consume_1_or_2_with_dataset_expressions
[2024-10-30T09:09:28.070+0000] {logging_mixin.py:190} INFO - [2024-10-30T09:09:28.070+0000] {override.py:1907} INFO - Created Permission View: can read on DAG:consume_1_or_2_with_dataset_expressions
[2024-10-30T09:09:28.099+0000] {logging_mixin.py:190} INFO - [2024-10-30T09:09:28.099+0000] {override.py:1907} INFO - Created Permission View: can edit on DAG:consume_1_or_2_with_dataset_expressions
[2024-10-30T09:09:28.132+0000] {logging_mixin.py:190} INFO - [2024-10-30T09:09:28.132+0000] {override.py:1907} INFO - Created Permission View: can delete on DAG Run:consume_1_or_2_with_dataset_expressions
[2024-10-30T09:09:28.152+0000] {logging_mixin.py:190} INFO - [2024-10-30T09:09:28.152+0000] {override.py:1907} INFO - Created Permission View: can create on DAG Run:consume_1_or_2_with_dataset_expressions
[2024-10-30T09:09:28.172+0000] {logging_mixin.py:190} INFO - [2024-10-30T09:09:28.172+0000] {override.py:1907} INFO - Created Permission View: menu access on DAG Run:consume_1_or_2_with_dataset_expressions
[2024-10-30T09:09:28.191+0000] {logging_mixin.py:190} INFO - [2024-10-30T09:09:28.191+0000] {override.py:1907} INFO - Created Permission View: can read on DAG Run:consume_1_or_2_with_dataset_expressions
[2024-10-30T09:09:28.229+0000] {logging_mixin.py:190} INFO - [2024-10-30T09:09:28.229+0000] {override.py:1907} INFO - Created Permission View: can delete on DAG:dataset_consumes_unknown_never_scheduled
[2024-10-30T09:09:28.250+0000] {logging_mixin.py:190} INFO - [2024-10-30T09:09:28.250+0000] {override.py:1907} INFO - Created Permission View: can read on DAG:dataset_consumes_unknown_never_scheduled
[2024-10-30T09:09:28.271+0000] {logging_mixin.py:190} INFO - [2024-10-30T09:09:28.271+0000] {override.py:1907} INFO - Created Permission View: can edit on DAG:dataset_consumes_unknown_never_scheduled
[2024-10-30T09:09:28.302+0000] {logging_mixin.py:190} INFO - [2024-10-30T09:09:28.301+0000] {override.py:1907} INFO - Created Permission View: can delete on DAG Run:dataset_consumes_unknown_never_scheduled
[2024-10-30T09:09:28.321+0000] {logging_mixin.py:190} INFO - [2024-10-30T09:09:28.321+0000] {override.py:1907} INFO - Created Permission View: can create on DAG Run:dataset_consumes_unknown_never_scheduled
[2024-10-30T09:09:28.341+0000] {logging_mixin.py:190} INFO - [2024-10-30T09:09:28.341+0000] {override.py:1907} INFO - Created Permission View: menu access on DAG Run:dataset_consumes_unknown_never_scheduled
[2024-10-30T09:09:28.361+0000] {logging_mixin.py:190} INFO - [2024-10-30T09:09:28.361+0000] {override.py:1907} INFO - Created Permission View: can read on DAG Run:dataset_consumes_unknown_never_scheduled
[2024-10-30T09:09:28.400+0000] {logging_mixin.py:190} INFO - [2024-10-30T09:09:28.400+0000] {override.py:1907} INFO - Created Permission View: can delete on DAG:conditional_dataset_and_time_based_timetable
[2024-10-30T09:09:28.424+0000] {logging_mixin.py:190} INFO - [2024-10-30T09:09:28.423+0000] {override.py:1907} INFO - Created Permission View: can read on DAG:conditional_dataset_and_time_based_timetable
[2024-10-30T09:09:28.448+0000] {logging_mixin.py:190} INFO - [2024-10-30T09:09:28.447+0000] {override.py:1907} INFO - Created Permission View: can edit on DAG:conditional_dataset_and_time_based_timetable
[2024-10-30T09:09:28.480+0000] {logging_mixin.py:190} INFO - [2024-10-30T09:09:28.480+0000] {override.py:1907} INFO - Created Permission View: can delete on DAG Run:conditional_dataset_and_time_based_timetable
[2024-10-30T09:09:28.500+0000] {logging_mixin.py:190} INFO - [2024-10-30T09:09:28.500+0000] {override.py:1907} INFO - Created Permission View: can create on DAG Run:conditional_dataset_and_time_based_timetable
[2024-10-30T09:09:28.572+0000] {logging_mixin.py:190} INFO - [2024-10-30T09:09:28.572+0000] {override.py:1907} INFO - Created Permission View: menu access on DAG Run:conditional_dataset_and_time_based_timetable
[2024-10-30T09:09:28.602+0000] {logging_mixin.py:190} INFO - [2024-10-30T09:09:28.601+0000] {override.py:1907} INFO - Created Permission View: can read on DAG Run:conditional_dataset_and_time_based_timetable
[2024-10-30T09:09:28.653+0000] {logging_mixin.py:190} INFO - [2024-10-30T09:09:28.653+0000] {override.py:1907} INFO - Created Permission View: can delete on DAG:dataset_consumes_1_never_scheduled
[2024-10-30T09:09:28.683+0000] {logging_mixin.py:190} INFO - [2024-10-30T09:09:28.683+0000] {override.py:1907} INFO - Created Permission View: can read on DAG:dataset_consumes_1_never_scheduled
[2024-10-30T09:09:28.711+0000] {logging_mixin.py:190} INFO - [2024-10-30T09:09:28.711+0000] {override.py:1907} INFO - Created Permission View: can edit on DAG:dataset_consumes_1_never_scheduled
[2024-10-30T09:09:28.749+0000] {logging_mixin.py:190} INFO - [2024-10-30T09:09:28.748+0000] {override.py:1907} INFO - Created Permission View: can delete on DAG Run:dataset_consumes_1_never_scheduled
[2024-10-30T09:09:28.780+0000] {logging_mixin.py:190} INFO - [2024-10-30T09:09:28.779+0000] {override.py:1907} INFO - Created Permission View: can create on DAG Run:dataset_consumes_1_never_scheduled
[2024-10-30T09:09:28.800+0000] {logging_mixin.py:190} INFO - [2024-10-30T09:09:28.800+0000] {override.py:1907} INFO - Created Permission View: menu access on DAG Run:dataset_consumes_1_never_scheduled
[2024-10-30T09:09:28.820+0000] {logging_mixin.py:190} INFO - [2024-10-30T09:09:28.820+0000] {override.py:1907} INFO - Created Permission View: can read on DAG Run:dataset_consumes_1_never_scheduled
[2024-10-30T09:09:28.860+0000] {logging_mixin.py:190} INFO - [2024-10-30T09:09:28.859+0000] {override.py:1907} INFO - Created Permission View: can delete on DAG:dataset_produces_2
[2024-10-30T09:09:28.880+0000] {logging_mixin.py:190} INFO - [2024-10-30T09:09:28.879+0000] {override.py:1907} INFO - Created Permission View: can read on DAG:dataset_produces_2
[2024-10-30T09:09:28.899+0000] {logging_mixin.py:190} INFO - [2024-10-30T09:09:28.899+0000] {override.py:1907} INFO - Created Permission View: can edit on DAG:dataset_produces_2
[2024-10-30T09:09:28.932+0000] {logging_mixin.py:190} INFO - [2024-10-30T09:09:28.931+0000] {override.py:1907} INFO - Created Permission View: can delete on DAG Run:dataset_produces_2
[2024-10-30T09:09:28.958+0000] {logging_mixin.py:190} INFO - [2024-10-30T09:09:28.958+0000] {override.py:1907} INFO - Created Permission View: can create on DAG Run:dataset_produces_2
[2024-10-30T09:09:28.979+0000] {logging_mixin.py:190} INFO - [2024-10-30T09:09:28.979+0000] {override.py:1907} INFO - Created Permission View: menu access on DAG Run:dataset_produces_2
[2024-10-30T09:09:29.000+0000] {logging_mixin.py:190} INFO - [2024-10-30T09:09:29.000+0000] {override.py:1907} INFO - Created Permission View: can read on DAG Run:dataset_produces_2
[2024-10-30T09:09:29.000+0000] {logging_mixin.py:190} INFO - [2024-10-30T09:09:29.000+0000] {dag.py:3239} INFO - Sync 10 DAGs
[2024-10-30T09:09:29.012+0000] {logging_mixin.py:190} INFO - [2024-10-30T09:09:29.012+0000] {dag.py:3262} INFO - Creating ORM DAG for dataset_consumes_1
[2024-10-30T09:09:29.013+0000] {logging_mixin.py:190} INFO - [2024-10-30T09:09:29.013+0000] {dag.py:3262} INFO - Creating ORM DAG for consume_1_or_both_2_and_3_with_dataset_expressions
[2024-10-30T09:09:29.013+0000] {logging_mixin.py:190} INFO - [2024-10-30T09:09:29.013+0000] {dag.py:3262} INFO - Creating ORM DAG for dataset_produces_1
[2024-10-30T09:09:29.014+0000] {logging_mixin.py:190} INFO - [2024-10-30T09:09:29.014+0000] {dag.py:3262} INFO - Creating ORM DAG for dataset_consumes_1_and_2
[2024-10-30T09:09:29.015+0000] {logging_mixin.py:190} INFO - [2024-10-30T09:09:29.014+0000] {dag.py:3262} INFO - Creating ORM DAG for dataset_produces_2
[2024-10-30T09:09:29.015+0000] {logging_mixin.py:190} INFO - [2024-10-30T09:09:29.015+0000] {dag.py:3262} INFO - Creating ORM DAG for consume_1_and_2_with_dataset_expressions
[2024-10-30T09:09:29.015+0000] {logging_mixin.py:190} INFO - [2024-10-30T09:09:29.015+0000] {dag.py:3262} INFO - Creating ORM DAG for conditional_dataset_and_time_based_timetable
[2024-10-30T09:09:29.016+0000] {logging_mixin.py:190} INFO - [2024-10-30T09:09:29.016+0000] {dag.py:3262} INFO - Creating ORM DAG for dataset_consumes_1_never_scheduled
[2024-10-30T09:09:29.017+0000] {logging_mixin.py:190} INFO - [2024-10-30T09:09:29.016+0000] {dag.py:3262} INFO - Creating ORM DAG for dataset_consumes_unknown_never_scheduled
[2024-10-30T09:09:29.017+0000] {logging_mixin.py:190} INFO - [2024-10-30T09:09:29.017+0000] {dag.py:3262} INFO - Creating ORM DAG for consume_1_or_2_with_dataset_expressions
[2024-10-30T09:09:29.026+0000] {logging_mixin.py:190} INFO - [2024-10-30T09:09:29.025+0000] {dag.py:4180} INFO - Setting next_dagrun for conditional_dataset_and_time_based_timetable to 2024-10-30 01:00:00+00:00, run_after=2024-10-30 01:00:00+00:00
[2024-10-30T09:09:29.026+0000] {logging_mixin.py:190} INFO - [2024-10-30T09:09:29.026+0000] {dag.py:4180} INFO - Setting next_dagrun for consume_1_and_2_with_dataset_expressions to None, run_after=None
[2024-10-30T09:09:29.027+0000] {logging_mixin.py:190} INFO - [2024-10-30T09:09:29.027+0000] {dag.py:4180} INFO - Setting next_dagrun for consume_1_or_2_with_dataset_expressions to None, run_after=None
[2024-10-30T09:09:29.027+0000] {logging_mixin.py:190} INFO - [2024-10-30T09:09:29.027+0000] {dag.py:4180} INFO - Setting next_dagrun for consume_1_or_both_2_and_3_with_dataset_expressions to None, run_after=None
[2024-10-30T09:09:29.027+0000] {logging_mixin.py:190} INFO - [2024-10-30T09:09:29.027+0000] {dag.py:4180} INFO - Setting next_dagrun for dataset_consumes_1 to None, run_after=None
[2024-10-30T09:09:29.028+0000] {logging_mixin.py:190} INFO - [2024-10-30T09:09:29.028+0000] {dag.py:4180} INFO - Setting next_dagrun for dataset_consumes_1_and_2 to None, run_after=None
[2024-10-30T09:09:29.028+0000] {logging_mixin.py:190} INFO - [2024-10-30T09:09:29.028+0000] {dag.py:4180} INFO - Setting next_dagrun for dataset_consumes_1_never_scheduled to None, run_after=None
[2024-10-30T09:09:29.029+0000] {logging_mixin.py:190} INFO - [2024-10-30T09:09:29.028+0000] {dag.py:4180} INFO - Setting next_dagrun for dataset_consumes_unknown_never_scheduled to None, run_after=None
[2024-10-30T09:09:29.030+0000] {logging_mixin.py:190} INFO - [2024-10-30T09:09:29.030+0000] {dag.py:4180} INFO - Setting next_dagrun for dataset_produces_1 to 2024-10-29 00:00:00+00:00, run_after=2024-10-30 00:00:00+00:00
[2024-10-30T09:09:29.031+0000] {logging_mixin.py:190} INFO - [2024-10-30T09:09:29.031+0000] {dag.py:4180} INFO - Setting next_dagrun for dataset_produces_2 to None, run_after=None
[2024-10-30T09:09:29.084+0000] {processor.py:208} INFO - Processing /usr/local/lib/python3.11/site-packages/airflow/example_dags/example_datasets.py took 2.180 seconds
[2024-10-30T09:10:37.751+0000] {processor.py:186} INFO - Started process (PID=4397) to work on /usr/local/lib/python3.11/site-packages/airflow/example_dags/example_datasets.py
[2024-10-30T09:10:37.752+0000] {processor.py:914} INFO - Processing file /usr/local/lib/python3.11/site-packages/airflow/example_dags/example_datasets.py for tasks to queue
[2024-10-30T09:10:37.790+0000] {logging_mixin.py:190} INFO - [2024-10-30T09:10:37.790+0000] {dagbag.py:588} INFO - Filling up the DagBag from /usr/local/lib/python3.11/site-packages/airflow/example_dags/example_datasets.py
[2024-10-30T09:10:37.805+0000] {processor.py:925} INFO - DAG(s) 'dataset_consumes_1', 'dataset_produces_2', 'consume_1_and_2_with_dataset_expressions', 'consume_1_or_both_2_and_3_with_dataset_expressions', 'dataset_consumes_1_never_scheduled', 'dataset_produces_1', 'dataset_consumes_unknown_never_scheduled', 'dataset_consumes_1_and_2', 'conditional_dataset_and_time_based_timetable', 'consume_1_or_2_with_dataset_expressions' retrieved from /usr/local/lib/python3.11/site-packages/airflow/example_dags/example_datasets.py
[2024-10-30T09:10:37.872+0000] {logging_mixin.py:190} INFO - [2024-10-30T09:10:37.872+0000] {dag.py:3239} INFO - Sync 10 DAGs
[2024-10-30T09:10:37.945+0000] {logging_mixin.py:190} INFO - [2024-10-30T09:10:37.945+0000] {dag.py:4180} INFO - Setting next_dagrun for conditional_dataset_and_time_based_timetable to 2024-10-30 01:00:00+00:00, run_after=2024-10-30 01:00:00+00:00
[2024-10-30T09:10:37.949+0000] {logging_mixin.py:190} INFO - [2024-10-30T09:10:37.949+0000] {dag.py:4180} INFO - Setting next_dagrun for consume_1_and_2_with_dataset_expressions to None, run_after=None
[2024-10-30T09:10:37.952+0000] {logging_mixin.py:190} INFO - [2024-10-30T09:10:37.952+0000] {dag.py:4180} INFO - Setting next_dagrun for consume_1_or_2_with_dataset_expressions to None, run_after=None
[2024-10-30T09:10:37.955+0000] {logging_mixin.py:190} INFO - [2024-10-30T09:10:37.954+0000] {dag.py:4180} INFO - Setting next_dagrun for consume_1_or_both_2_and_3_with_dataset_expressions to None, run_after=None
[2024-10-30T09:10:37.956+0000] {logging_mixin.py:190} INFO - [2024-10-30T09:10:37.956+0000] {dag.py:4180} INFO - Setting next_dagrun for dataset_consumes_1 to None, run_after=None
[2024-10-30T09:10:37.958+0000] {logging_mixin.py:190} INFO - [2024-10-30T09:10:37.958+0000] {dag.py:4180} INFO - Setting next_dagrun for dataset_consumes_1_and_2 to None, run_after=None
[2024-10-30T09:10:37.960+0000] {logging_mixin.py:190} INFO - [2024-10-30T09:10:37.959+0000] {dag.py:4180} INFO - Setting next_dagrun for dataset_consumes_1_never_scheduled to None, run_after=None
[2024-10-30T09:10:37.962+0000] {logging_mixin.py:190} INFO - [2024-10-30T09:10:37.962+0000] {dag.py:4180} INFO - Setting next_dagrun for dataset_consumes_unknown_never_scheduled to None, run_after=None
[2024-10-30T09:10:37.968+0000] {logging_mixin.py:190} INFO - [2024-10-30T09:10:37.968+0000] {dag.py:4180} INFO - Setting next_dagrun for dataset_produces_1 to 2024-10-29 00:00:00+00:00, run_after=2024-10-30 00:00:00+00:00
[2024-10-30T09:10:37.979+0000] {logging_mixin.py:190} INFO - [2024-10-30T09:10:37.979+0000] {dag.py:4180} INFO - Setting next_dagrun for dataset_produces_2 to None, run_after=None
[2024-10-30T09:10:38.049+0000] {processor.py:208} INFO - Processing /usr/local/lib/python3.11/site-packages/airflow/example_dags/example_datasets.py took 0.303 seconds
[2024-10-30T09:11:38.906+0000] {processor.py:186} INFO - Started process (PID=5168) to work on /usr/local/lib/python3.11/site-packages/airflow/example_dags/example_datasets.py
[2024-10-30T09:11:38.907+0000] {processor.py:914} INFO - Processing file /usr/local/lib/python3.11/site-packages/airflow/example_dags/example_datasets.py for tasks to queue
[2024-10-30T09:11:38.909+0000] {logging_mixin.py:190} INFO - [2024-10-30T09:11:38.909+0000] {dagbag.py:588} INFO - Filling up the DagBag from /usr/local/lib/python3.11/site-packages/airflow/example_dags/example_datasets.py
[2024-10-30T09:11:38.922+0000] {processor.py:925} INFO - DAG(s) 'dataset_consumes_unknown_never_scheduled', 'dataset_consumes_1_never_scheduled', 'consume_1_and_2_with_dataset_expressions', 'dataset_produces_2', 'dataset_produces_1', 'dataset_consumes_1', 'consume_1_or_2_with_dataset_expressions', 'consume_1_or_both_2_and_3_with_dataset_expressions', 'dataset_consumes_1_and_2', 'conditional_dataset_and_time_based_timetable' retrieved from /usr/local/lib/python3.11/site-packages/airflow/example_dags/example_datasets.py
[2024-10-30T09:11:38.985+0000] {logging_mixin.py:190} INFO - [2024-10-30T09:11:38.985+0000] {dag.py:3239} INFO - Sync 10 DAGs
[2024-10-30T09:11:39.010+0000] {logging_mixin.py:190} INFO - [2024-10-30T09:11:39.009+0000] {dag.py:4180} INFO - Setting next_dagrun for conditional_dataset_and_time_based_timetable to 2024-10-30 01:00:00+00:00, run_after=2024-10-30 01:00:00+00:00
[2024-10-30T09:11:39.014+0000] {logging_mixin.py:190} INFO - [2024-10-30T09:11:39.013+0000] {dag.py:4180} INFO - Setting next_dagrun for consume_1_and_2_with_dataset_expressions to None, run_after=None
[2024-10-30T09:11:39.016+0000] {logging_mixin.py:190} INFO - [2024-10-30T09:11:39.015+0000] {dag.py:4180} INFO - Setting next_dagrun for consume_1_or_2_with_dataset_expressions to None, run_after=None
[2024-10-30T09:11:39.017+0000] {logging_mixin.py:190} INFO - [2024-10-30T09:11:39.017+0000] {dag.py:4180} INFO - Setting next_dagrun for consume_1_or_both_2_and_3_with_dataset_expressions to None, run_after=None
[2024-10-30T09:11:39.019+0000] {logging_mixin.py:190} INFO - [2024-10-30T09:11:39.019+0000] {dag.py:4180} INFO - Setting next_dagrun for dataset_consumes_1 to None, run_after=None
[2024-10-30T09:11:39.021+0000] {logging_mixin.py:190} INFO - [2024-10-30T09:11:39.021+0000] {dag.py:4180} INFO - Setting next_dagrun for dataset_consumes_1_and_2 to None, run_after=None
[2024-10-30T09:11:39.022+0000] {logging_mixin.py:190} INFO - [2024-10-30T09:11:39.022+0000] {dag.py:4180} INFO - Setting next_dagrun for dataset_consumes_1_never_scheduled to None, run_after=None
[2024-10-30T09:11:39.024+0000] {logging_mixin.py:190} INFO - [2024-10-30T09:11:39.024+0000] {dag.py:4180} INFO - Setting next_dagrun for dataset_consumes_unknown_never_scheduled to None, run_after=None
[2024-10-30T09:11:39.026+0000] {logging_mixin.py:190} INFO - [2024-10-30T09:11:39.026+0000] {dag.py:4180} INFO - Setting next_dagrun for dataset_produces_1 to 2024-10-29 00:00:00+00:00, run_after=2024-10-30 00:00:00+00:00
[2024-10-30T09:11:39.028+0000] {logging_mixin.py:190} INFO - [2024-10-30T09:11:39.028+0000] {dag.py:4180} INFO - Setting next_dagrun for dataset_produces_2 to None, run_after=None
[2024-10-30T09:11:39.086+0000] {processor.py:208} INFO - Processing /usr/local/lib/python3.11/site-packages/airflow/example_dags/example_datasets.py took 0.186 seconds
[2024-10-30T09:12:38.034+0000] {processor.py:186} INFO - Started process (PID=5380) to work on /usr/local/lib/python3.11/site-packages/airflow/example_dags/example_datasets.py
[2024-10-30T09:12:38.035+0000] {processor.py:914} INFO - Processing file /usr/local/lib/python3.11/site-packages/airflow/example_dags/example_datasets.py for tasks to queue
[2024-10-30T09:12:38.038+0000] {logging_mixin.py:190} INFO - [2024-10-30T09:12:38.038+0000] {dagbag.py:588} INFO - Filling up the DagBag from /usr/local/lib/python3.11/site-packages/airflow/example_dags/example_datasets.py
[2024-10-30T09:12:38.051+0000] {processor.py:925} INFO - DAG(s) 'conditional_dataset_and_time_based_timetable', 'dataset_consumes_1_never_scheduled', 'dataset_consumes_unknown_never_scheduled', 'dataset_consumes_1_and_2', 'consume_1_or_2_with_dataset_expressions', 'dataset_consumes_1', 'consume_1_or_both_2_and_3_with_dataset_expressions', 'dataset_produces_2', 'dataset_produces_1', 'consume_1_and_2_with_dataset_expressions' retrieved from /usr/local/lib/python3.11/site-packages/airflow/example_dags/example_datasets.py
[2024-10-30T09:12:38.116+0000] {logging_mixin.py:190} INFO - [2024-10-30T09:12:38.115+0000] {dag.py:3239} INFO - Sync 10 DAGs
[2024-10-30T09:12:38.142+0000] {logging_mixin.py:190} INFO - [2024-10-30T09:12:38.141+0000] {dag.py:4180} INFO - Setting next_dagrun for conditional_dataset_and_time_based_timetable to 2024-10-30 01:00:00+00:00, run_after=2024-10-30 01:00:00+00:00
[2024-10-30T09:12:38.146+0000] {logging_mixin.py:190} INFO - [2024-10-30T09:12:38.146+0000] {dag.py:4180} INFO - Setting next_dagrun for consume_1_and_2_with_dataset_expressions to None, run_after=None
[2024-10-30T09:12:38.148+0000] {logging_mixin.py:190} INFO - [2024-10-30T09:12:38.148+0000] {dag.py:4180} INFO - Setting next_dagrun for consume_1_or_2_with_dataset_expressions to None, run_after=None
[2024-10-30T09:12:38.152+0000] {logging_mixin.py:190} INFO - [2024-10-30T09:12:38.152+0000] {dag.py:4180} INFO - Setting next_dagrun for consume_1_or_both_2_and_3_with_dataset_expressions to None, run_after=None
[2024-10-30T09:12:38.154+0000] {logging_mixin.py:190} INFO - [2024-10-30T09:12:38.154+0000] {dag.py:4180} INFO - Setting next_dagrun for dataset_consumes_1 to None, run_after=None
[2024-10-30T09:12:38.156+0000] {logging_mixin.py:190} INFO - [2024-10-30T09:12:38.156+0000] {dag.py:4180} INFO - Setting next_dagrun for dataset_consumes_1_and_2 to None, run_after=None
[2024-10-30T09:12:38.159+0000] {logging_mixin.py:190} INFO - [2024-10-30T09:12:38.159+0000] {dag.py:4180} INFO - Setting next_dagrun for dataset_consumes_1_never_scheduled to None, run_after=None
[2024-10-30T09:12:38.161+0000] {logging_mixin.py:190} INFO - [2024-10-30T09:12:38.161+0000] {dag.py:4180} INFO - Setting next_dagrun for dataset_consumes_unknown_never_scheduled to None, run_after=None
[2024-10-30T09:12:38.164+0000] {logging_mixin.py:190} INFO - [2024-10-30T09:12:38.163+0000] {dag.py:4180} INFO - Setting next_dagrun for dataset_produces_1 to 2024-10-29 00:00:00+00:00, run_after=2024-10-30 00:00:00+00:00
[2024-10-30T09:12:38.166+0000] {logging_mixin.py:190} INFO - [2024-10-30T09:12:38.166+0000] {dag.py:4180} INFO - Setting next_dagrun for dataset_produces_2 to None, run_after=None
[2024-10-30T09:12:38.253+0000] {processor.py:208} INFO - Processing /usr/local/lib/python3.11/site-packages/airflow/example_dags/example_datasets.py took 0.224 seconds
[2024-10-30T09:13:42.614+0000] {processor.py:186} INFO - Started process (PID=6444) to work on /usr/local/lib/python3.11/site-packages/airflow/example_dags/example_datasets.py
[2024-10-30T09:13:42.617+0000] {processor.py:914} INFO - Processing file /usr/local/lib/python3.11/site-packages/airflow/example_dags/example_datasets.py for tasks to queue
[2024-10-30T09:13:42.621+0000] {logging_mixin.py:190} INFO - [2024-10-30T09:13:42.621+0000] {dagbag.py:588} INFO - Filling up the DagBag from /usr/local/lib/python3.11/site-packages/airflow/example_dags/example_datasets.py
[2024-10-30T09:13:42.635+0000] {processor.py:925} INFO - DAG(s) 'dataset_consumes_1_never_scheduled', 'dataset_produces_2', 'consume_1_or_both_2_and_3_with_dataset_expressions', 'dataset_consumes_1_and_2', 'consume_1_or_2_with_dataset_expressions', 'conditional_dataset_and_time_based_timetable', 'dataset_consumes_1', 'consume_1_and_2_with_dataset_expressions', 'dataset_produces_1', 'dataset_consumes_unknown_never_scheduled' retrieved from /usr/local/lib/python3.11/site-packages/airflow/example_dags/example_datasets.py
[2024-10-30T09:13:42.696+0000] {logging_mixin.py:190} INFO - [2024-10-30T09:13:42.696+0000] {dag.py:3239} INFO - Sync 10 DAGs
[2024-10-30T09:13:42.718+0000] {logging_mixin.py:190} INFO - [2024-10-30T09:13:42.718+0000] {dag.py:4180} INFO - Setting next_dagrun for conditional_dataset_and_time_based_timetable to 2024-10-30 01:00:00+00:00, run_after=2024-10-30 01:00:00+00:00
[2024-10-30T09:13:42.722+0000] {logging_mixin.py:190} INFO - [2024-10-30T09:13:42.722+0000] {dag.py:4180} INFO - Setting next_dagrun for consume_1_and_2_with_dataset_expressions to None, run_after=None
[2024-10-30T09:13:42.724+0000] {logging_mixin.py:190} INFO - [2024-10-30T09:13:42.724+0000] {dag.py:4180} INFO - Setting next_dagrun for consume_1_or_2_with_dataset_expressions to None, run_after=None
[2024-10-30T09:13:42.725+0000] {logging_mixin.py:190} INFO - [2024-10-30T09:13:42.725+0000] {dag.py:4180} INFO - Setting next_dagrun for consume_1_or_both_2_and_3_with_dataset_expressions to None, run_after=None
[2024-10-30T09:13:42.727+0000] {logging_mixin.py:190} INFO - [2024-10-30T09:13:42.726+0000] {dag.py:4180} INFO - Setting next_dagrun for dataset_consumes_1 to None, run_after=None
[2024-10-30T09:13:42.728+0000] {logging_mixin.py:190} INFO - [2024-10-30T09:13:42.728+0000] {dag.py:4180} INFO - Setting next_dagrun for dataset_consumes_1_and_2 to None, run_after=None
[2024-10-30T09:13:42.729+0000] {logging_mixin.py:190} INFO - [2024-10-30T09:13:42.729+0000] {dag.py:4180} INFO - Setting next_dagrun for dataset_consumes_1_never_scheduled to None, run_after=None
[2024-10-30T09:13:42.731+0000] {logging_mixin.py:190} INFO - [2024-10-30T09:13:42.731+0000] {dag.py:4180} INFO - Setting next_dagrun for dataset_consumes_unknown_never_scheduled to None, run_after=None
[2024-10-30T09:13:42.733+0000] {logging_mixin.py:190} INFO - [2024-10-30T09:13:42.733+0000] {dag.py:4180} INFO - Setting next_dagrun for dataset_produces_1 to 2024-10-29 00:00:00+00:00, run_after=2024-10-30 00:00:00+00:00
[2024-10-30T09:13:42.735+0000] {logging_mixin.py:190} INFO - [2024-10-30T09:13:42.735+0000] {dag.py:4180} INFO - Setting next_dagrun for dataset_produces_2 to None, run_after=None
[2024-10-30T09:13:42.786+0000] {processor.py:208} INFO - Processing /usr/local/lib/python3.11/site-packages/airflow/example_dags/example_datasets.py took 0.177 seconds
