[2024-10-30T09:09:34.578+0000] {processor.py:186} INFO - Started process (PID=3890) to work on /usr/local/lib/python3.11/site-packages/airflow/example_dags/example_latest_only.py
[2024-10-30T09:09:34.579+0000] {processor.py:914} INFO - Processing file /usr/local/lib/python3.11/site-packages/airflow/example_dags/example_latest_only.py for tasks to queue
[2024-10-30T09:09:34.581+0000] {logging_mixin.py:190} INFO - [2024-10-30T09:09:34.580+0000] {dagbag.py:588} INFO - Filling up the DagBag from /usr/local/lib/python3.11/site-packages/airflow/example_dags/example_latest_only.py
[2024-10-30T09:09:33.958+0000] {processor.py:925} INFO - DAG(s) 'latest_only' retrieved from /usr/local/lib/python3.11/site-packages/airflow/example_dags/example_latest_only.py
[2024-10-30T09:09:34.139+0000] {logging_mixin.py:190} INFO - [2024-10-30T09:09:34.139+0000] {override.py:1907} INFO - Created Permission View: can delete on DAG:latest_only
[2024-10-30T09:09:34.163+0000] {logging_mixin.py:190} INFO - [2024-10-30T09:09:34.162+0000] {override.py:1907} INFO - Created Permission View: can read on DAG:latest_only
[2024-10-30T09:09:34.196+0000] {logging_mixin.py:190} INFO - [2024-10-30T09:09:34.195+0000] {override.py:1907} INFO - Created Permission View: can edit on DAG:latest_only
[2024-10-30T09:09:34.241+0000] {logging_mixin.py:190} INFO - [2024-10-30T09:09:34.241+0000] {override.py:1907} INFO - Created Permission View: can delete on DAG Run:latest_only
[2024-10-30T09:09:34.274+0000] {logging_mixin.py:190} INFO - [2024-10-30T09:09:34.274+0000] {override.py:1907} INFO - Created Permission View: can create on DAG Run:latest_only
[2024-10-30T09:09:34.302+0000] {logging_mixin.py:190} INFO - [2024-10-30T09:09:34.302+0000] {override.py:1907} INFO - Created Permission View: menu access on DAG Run:latest_only
[2024-10-30T09:09:34.325+0000] {logging_mixin.py:190} INFO - [2024-10-30T09:09:34.324+0000] {override.py:1907} INFO - Created Permission View: can read on DAG Run:latest_only
[2024-10-30T09:09:34.325+0000] {logging_mixin.py:190} INFO - [2024-10-30T09:09:34.325+0000] {dag.py:3239} INFO - Sync 1 DAGs
[2024-10-30T09:09:34.339+0000] {logging_mixin.py:190} INFO - [2024-10-30T09:09:34.339+0000] {dag.py:3262} INFO - Creating ORM DAG for latest_only
[2024-10-30T09:09:34.347+0000] {logging_mixin.py:190} INFO - [2024-10-30T09:09:34.347+0000] {dag.py:4180} INFO - Setting next_dagrun for latest_only to 2024-10-30 04:00:00+00:00, run_after=2024-10-30 08:00:00+00:00
[2024-10-30T09:09:34.381+0000] {processor.py:208} INFO - Processing /usr/local/lib/python3.11/site-packages/airflow/example_dags/example_latest_only.py took 0.441 seconds
[2024-10-30T09:10:42.229+0000] {processor.py:186} INFO - Started process (PID=4692) to work on /usr/local/lib/python3.11/site-packages/airflow/example_dags/example_latest_only.py
[2024-10-30T09:10:42.230+0000] {processor.py:914} INFO - Processing file /usr/local/lib/python3.11/site-packages/airflow/example_dags/example_latest_only.py for tasks to queue
[2024-10-30T09:10:42.232+0000] {logging_mixin.py:190} INFO - [2024-10-30T09:10:42.232+0000] {dagbag.py:588} INFO - Filling up the DagBag from /usr/local/lib/python3.11/site-packages/airflow/example_dags/example_latest_only.py
[2024-10-30T09:10:42.239+0000] {processor.py:925} INFO - DAG(s) 'latest_only' retrieved from /usr/local/lib/python3.11/site-packages/airflow/example_dags/example_latest_only.py
[2024-10-30T09:10:42.259+0000] {logging_mixin.py:190} INFO - [2024-10-30T09:10:42.259+0000] {dag.py:3239} INFO - Sync 1 DAGs
[2024-10-30T09:10:42.279+0000] {logging_mixin.py:190} INFO - [2024-10-30T09:10:42.279+0000] {dag.py:4180} INFO - Setting next_dagrun for latest_only to 2024-10-30 04:00:00+00:00, run_after=2024-10-30 08:00:00+00:00
[2024-10-30T09:10:42.320+0000] {processor.py:208} INFO - Processing /usr/local/lib/python3.11/site-packages/airflow/example_dags/example_latest_only.py took 0.097 seconds
[2024-10-30T09:11:43.965+0000] {processor.py:186} INFO - Started process (PID=5186) to work on /usr/local/lib/python3.11/site-packages/airflow/example_dags/example_latest_only.py
[2024-10-30T09:11:43.966+0000] {processor.py:914} INFO - Processing file /usr/local/lib/python3.11/site-packages/airflow/example_dags/example_latest_only.py for tasks to queue
[2024-10-30T09:11:43.968+0000] {logging_mixin.py:190} INFO - [2024-10-30T09:11:43.968+0000] {dagbag.py:588} INFO - Filling up the DagBag from /usr/local/lib/python3.11/site-packages/airflow/example_dags/example_latest_only.py
[2024-10-30T09:11:43.974+0000] {processor.py:925} INFO - DAG(s) 'latest_only' retrieved from /usr/local/lib/python3.11/site-packages/airflow/example_dags/example_latest_only.py
[2024-10-30T09:11:43.993+0000] {logging_mixin.py:190} INFO - [2024-10-30T09:11:43.993+0000] {dag.py:3239} INFO - Sync 1 DAGs
[2024-10-30T09:11:44.015+0000] {logging_mixin.py:190} INFO - [2024-10-30T09:11:44.014+0000] {dag.py:4180} INFO - Setting next_dagrun for latest_only to 2024-10-30 04:00:00+00:00, run_after=2024-10-30 08:00:00+00:00
[2024-10-30T09:11:44.059+0000] {processor.py:208} INFO - Processing /usr/local/lib/python3.11/site-packages/airflow/example_dags/example_latest_only.py took 0.099 seconds
[2024-10-30T09:12:43.431+0000] {processor.py:186} INFO - Started process (PID=5677) to work on /usr/local/lib/python3.11/site-packages/airflow/example_dags/example_latest_only.py
[2024-10-30T09:12:43.433+0000] {processor.py:914} INFO - Processing file /usr/local/lib/python3.11/site-packages/airflow/example_dags/example_latest_only.py for tasks to queue
[2024-10-30T09:12:43.435+0000] {logging_mixin.py:190} INFO - [2024-10-30T09:12:43.435+0000] {dagbag.py:588} INFO - Filling up the DagBag from /usr/local/lib/python3.11/site-packages/airflow/example_dags/example_latest_only.py
[2024-10-30T09:12:43.443+0000] {processor.py:925} INFO - DAG(s) 'latest_only' retrieved from /usr/local/lib/python3.11/site-packages/airflow/example_dags/example_latest_only.py
[2024-10-30T09:12:43.466+0000] {logging_mixin.py:190} INFO - [2024-10-30T09:12:43.466+0000] {dag.py:3239} INFO - Sync 1 DAGs
[2024-10-30T09:12:43.488+0000] {logging_mixin.py:190} INFO - [2024-10-30T09:12:43.488+0000] {dag.py:4180} INFO - Setting next_dagrun for latest_only to 2024-10-30 04:00:00+00:00, run_after=2024-10-30 08:00:00+00:00
[2024-10-30T09:12:43.537+0000] {processor.py:208} INFO - Processing /usr/local/lib/python3.11/site-packages/airflow/example_dags/example_latest_only.py took 0.113 seconds
[2024-10-30T09:13:46.932+0000] {processor.py:186} INFO - Started process (PID=6458) to work on /usr/local/lib/python3.11/site-packages/airflow/example_dags/example_latest_only.py
[2024-10-30T09:13:46.933+0000] {processor.py:914} INFO - Processing file /usr/local/lib/python3.11/site-packages/airflow/example_dags/example_latest_only.py for tasks to queue
[2024-10-30T09:13:46.935+0000] {logging_mixin.py:190} INFO - [2024-10-30T09:13:46.935+0000] {dagbag.py:588} INFO - Filling up the DagBag from /usr/local/lib/python3.11/site-packages/airflow/example_dags/example_latest_only.py
[2024-10-30T09:13:46.941+0000] {processor.py:925} INFO - DAG(s) 'latest_only' retrieved from /usr/local/lib/python3.11/site-packages/airflow/example_dags/example_latest_only.py
[2024-10-30T09:13:46.961+0000] {logging_mixin.py:190} INFO - [2024-10-30T09:13:46.960+0000] {dag.py:3239} INFO - Sync 1 DAGs
[2024-10-30T09:13:46.981+0000] {logging_mixin.py:190} INFO - [2024-10-30T09:13:46.981+0000] {dag.py:4180} INFO - Setting next_dagrun for latest_only to 2024-10-30 04:00:00+00:00, run_after=2024-10-30 08:00:00+00:00
[2024-10-30T09:13:47.031+0000] {processor.py:208} INFO - Processing /usr/local/lib/python3.11/site-packages/airflow/example_dags/example_latest_only.py took 0.103 seconds
