[2024-10-30T09:09:45.827+0000] {processor.py:186} INFO - Started process (PID=4211) to work on /usr/local/lib/python3.11/site-packages/airflow/example_dags/example_nested_branch_dag.py
[2024-10-30T09:09:45.828+0000] {processor.py:914} INFO - Processing file /usr/local/lib/python3.11/site-packages/airflow/example_dags/example_nested_branch_dag.py for tasks to queue
[2024-10-30T09:09:45.830+0000] {logging_mixin.py:190} INFO - [2024-10-30T09:09:45.830+0000] {dagbag.py:588} INFO - Filling up the DagBag from /usr/local/lib/python3.11/site-packages/airflow/example_dags/example_nested_branch_dag.py
[2024-10-30T09:09:45.934+0000] {processor.py:925} INFO - DAG(s) 'example_nested_branch_dag' retrieved from /usr/local/lib/python3.11/site-packages/airflow/example_dags/example_nested_branch_dag.py
[2024-10-30T09:09:46.038+0000] {logging_mixin.py:190} INFO - [2024-10-30T09:09:46.038+0000] {override.py:1907} INFO - Created Permission View: can delete on DAG:example_nested_branch_dag
[2024-10-30T09:09:46.072+0000] {logging_mixin.py:190} INFO - [2024-10-30T09:09:46.072+0000] {override.py:1907} INFO - Created Permission View: can read on DAG:example_nested_branch_dag
[2024-10-30T09:09:46.100+0000] {logging_mixin.py:190} INFO - [2024-10-30T09:09:46.100+0000] {override.py:1907} INFO - Created Permission View: can edit on DAG:example_nested_branch_dag
[2024-10-30T09:09:46.144+0000] {logging_mixin.py:190} INFO - [2024-10-30T09:09:46.144+0000] {override.py:1907} INFO - Created Permission View: can delete on DAG Run:example_nested_branch_dag
[2024-10-30T09:09:46.169+0000] {logging_mixin.py:190} INFO - [2024-10-30T09:09:46.169+0000] {override.py:1907} INFO - Created Permission View: can create on DAG Run:example_nested_branch_dag
[2024-10-30T09:09:46.203+0000] {logging_mixin.py:190} INFO - [2024-10-30T09:09:46.202+0000] {override.py:1907} INFO - Created Permission View: menu access on DAG Run:example_nested_branch_dag
[2024-10-30T09:09:46.232+0000] {logging_mixin.py:190} INFO - [2024-10-30T09:09:46.232+0000] {override.py:1907} INFO - Created Permission View: can read on DAG Run:example_nested_branch_dag
[2024-10-30T09:09:46.233+0000] {logging_mixin.py:190} INFO - [2024-10-30T09:09:46.233+0000] {dag.py:3239} INFO - Sync 1 DAGs
[2024-10-30T09:09:46.247+0000] {logging_mixin.py:190} INFO - [2024-10-30T09:09:46.247+0000] {dag.py:3262} INFO - Creating ORM DAG for example_nested_branch_dag
[2024-10-30T09:09:46.260+0000] {logging_mixin.py:190} INFO - [2024-10-30T09:09:46.260+0000] {dag.py:4180} INFO - Setting next_dagrun for example_nested_branch_dag to 2024-10-29 00:00:00+00:00, run_after=2024-10-30 00:00:00+00:00
[2024-10-30T09:09:46.306+0000] {processor.py:208} INFO - Processing /usr/local/lib/python3.11/site-packages/airflow/example_dags/example_nested_branch_dag.py took 0.484 seconds
[2024-10-30T09:10:52.140+0000] {processor.py:186} INFO - Started process (PID=4725) to work on /usr/local/lib/python3.11/site-packages/airflow/example_dags/example_nested_branch_dag.py
[2024-10-30T09:10:52.140+0000] {processor.py:914} INFO - Processing file /usr/local/lib/python3.11/site-packages/airflow/example_dags/example_nested_branch_dag.py for tasks to queue
[2024-10-30T09:10:52.142+0000] {logging_mixin.py:190} INFO - [2024-10-30T09:10:52.142+0000] {dagbag.py:588} INFO - Filling up the DagBag from /usr/local/lib/python3.11/site-packages/airflow/example_dags/example_nested_branch_dag.py
[2024-10-30T09:10:52.153+0000] {processor.py:925} INFO - DAG(s) 'example_nested_branch_dag' retrieved from /usr/local/lib/python3.11/site-packages/airflow/example_dags/example_nested_branch_dag.py
[2024-10-30T09:10:52.173+0000] {logging_mixin.py:190} INFO - [2024-10-30T09:10:52.173+0000] {dag.py:3239} INFO - Sync 1 DAGs
[2024-10-30T09:10:52.194+0000] {logging_mixin.py:190} INFO - [2024-10-30T09:10:52.194+0000] {dag.py:4180} INFO - Setting next_dagrun for example_nested_branch_dag to 2024-10-29 00:00:00+00:00, run_after=2024-10-30 00:00:00+00:00
[2024-10-30T09:10:52.231+0000] {processor.py:208} INFO - Processing /usr/local/lib/python3.11/site-packages/airflow/example_dags/example_nested_branch_dag.py took 0.096 seconds
[2024-10-30T09:11:52.600+0000] {processor.py:186} INFO - Started process (PID=5217) to work on /usr/local/lib/python3.11/site-packages/airflow/example_dags/example_nested_branch_dag.py
[2024-10-30T09:11:52.601+0000] {processor.py:914} INFO - Processing file /usr/local/lib/python3.11/site-packages/airflow/example_dags/example_nested_branch_dag.py for tasks to queue
[2024-10-30T09:11:52.603+0000] {logging_mixin.py:190} INFO - [2024-10-30T09:11:52.603+0000] {dagbag.py:588} INFO - Filling up the DagBag from /usr/local/lib/python3.11/site-packages/airflow/example_dags/example_nested_branch_dag.py
[2024-10-30T09:11:52.613+0000] {processor.py:925} INFO - DAG(s) 'example_nested_branch_dag' retrieved from /usr/local/lib/python3.11/site-packages/airflow/example_dags/example_nested_branch_dag.py
[2024-10-30T09:11:52.634+0000] {logging_mixin.py:190} INFO - [2024-10-30T09:11:52.634+0000] {dag.py:3239} INFO - Sync 1 DAGs
[2024-10-30T09:11:52.655+0000] {logging_mixin.py:190} INFO - [2024-10-30T09:11:52.655+0000] {dag.py:4180} INFO - Setting next_dagrun for example_nested_branch_dag to 2024-10-29 00:00:00+00:00, run_after=2024-10-30 00:00:00+00:00
[2024-10-30T09:11:52.697+0000] {processor.py:208} INFO - Processing /usr/local/lib/python3.11/site-packages/airflow/example_dags/example_nested_branch_dag.py took 0.102 seconds
[2024-10-30T09:12:52.850+0000] {processor.py:186} INFO - Started process (PID=5707) to work on /usr/local/lib/python3.11/site-packages/airflow/example_dags/example_nested_branch_dag.py
[2024-10-30T09:12:52.851+0000] {processor.py:914} INFO - Processing file /usr/local/lib/python3.11/site-packages/airflow/example_dags/example_nested_branch_dag.py for tasks to queue
[2024-10-30T09:12:52.853+0000] {logging_mixin.py:190} INFO - [2024-10-30T09:12:52.853+0000] {dagbag.py:588} INFO - Filling up the DagBag from /usr/local/lib/python3.11/site-packages/airflow/example_dags/example_nested_branch_dag.py
[2024-10-30T09:12:52.865+0000] {processor.py:925} INFO - DAG(s) 'example_nested_branch_dag' retrieved from /usr/local/lib/python3.11/site-packages/airflow/example_dags/example_nested_branch_dag.py
[2024-10-30T09:12:52.889+0000] {logging_mixin.py:190} INFO - [2024-10-30T09:12:52.889+0000] {dag.py:3239} INFO - Sync 1 DAGs
[2024-10-30T09:12:52.916+0000] {logging_mixin.py:190} INFO - [2024-10-30T09:12:52.916+0000] {dag.py:4180} INFO - Setting next_dagrun for example_nested_branch_dag to 2024-10-29 00:00:00+00:00, run_after=2024-10-30 00:00:00+00:00
[2024-10-30T09:12:52.972+0000] {processor.py:208} INFO - Processing /usr/local/lib/python3.11/site-packages/airflow/example_dags/example_nested_branch_dag.py took 0.128 seconds
[2024-10-30T09:13:55.825+0000] {processor.py:186} INFO - Started process (PID=6491) to work on /usr/local/lib/python3.11/site-packages/airflow/example_dags/example_nested_branch_dag.py
[2024-10-30T09:13:55.826+0000] {processor.py:914} INFO - Processing file /usr/local/lib/python3.11/site-packages/airflow/example_dags/example_nested_branch_dag.py for tasks to queue
[2024-10-30T09:13:55.828+0000] {logging_mixin.py:190} INFO - [2024-10-30T09:13:55.828+0000] {dagbag.py:588} INFO - Filling up the DagBag from /usr/local/lib/python3.11/site-packages/airflow/example_dags/example_nested_branch_dag.py
[2024-10-30T09:13:55.839+0000] {processor.py:925} INFO - DAG(s) 'example_nested_branch_dag' retrieved from /usr/local/lib/python3.11/site-packages/airflow/example_dags/example_nested_branch_dag.py
[2024-10-30T09:13:55.863+0000] {logging_mixin.py:190} INFO - [2024-10-30T09:13:55.863+0000] {dag.py:3239} INFO - Sync 1 DAGs
[2024-10-30T09:13:55.891+0000] {logging_mixin.py:190} INFO - [2024-10-30T09:13:55.891+0000] {dag.py:4180} INFO - Setting next_dagrun for example_nested_branch_dag to 2024-10-29 00:00:00+00:00, run_after=2024-10-30 00:00:00+00:00
[2024-10-30T09:13:55.943+0000] {processor.py:208} INFO - Processing /usr/local/lib/python3.11/site-packages/airflow/example_dags/example_nested_branch_dag.py took 0.124 seconds
