[2024-10-30T09:08:39.591+0000] {processor.py:186} INFO - Started process (PID=2195) to work on /usr/local/lib/python3.11/site-packages/airflow/example_dags/example_short_circuit_decorator.py
[2024-10-30T09:08:39.592+0000] {processor.py:914} INFO - Processing file /usr/local/lib/python3.11/site-packages/airflow/example_dags/example_short_circuit_decorator.py for tasks to queue
[2024-10-30T09:08:39.595+0000] {logging_mixin.py:190} INFO - [2024-10-30T09:08:39.594+0000] {dagbag.py:588} INFO - Filling up the DagBag from /usr/local/lib/python3.11/site-packages/airflow/example_dags/example_short_circuit_decorator.py
[2024-10-30T09:08:39.607+0000] {processor.py:925} INFO - DAG(s) 'example_short_circuit_decorator' retrieved from /usr/local/lib/python3.11/site-packages/airflow/example_dags/example_short_circuit_decorator.py
[2024-10-30T09:08:39.880+0000] {logging_mixin.py:190} INFO - [2024-10-30T09:08:39.879+0000] {override.py:1907} INFO - Created Permission View: can delete on DAG:example_short_circuit_decorator
[2024-10-30T09:08:39.923+0000] {logging_mixin.py:190} INFO - [2024-10-30T09:08:39.923+0000] {override.py:1907} INFO - Created Permission View: can read on DAG:example_short_circuit_decorator
[2024-10-30T09:08:39.947+0000] {logging_mixin.py:190} INFO - [2024-10-30T09:08:39.946+0000] {override.py:1907} INFO - Created Permission View: can edit on DAG:example_short_circuit_decorator
[2024-10-30T09:08:40.017+0000] {logging_mixin.py:190} INFO - [2024-10-30T09:08:40.017+0000] {override.py:1907} INFO - Created Permission View: can delete on DAG Run:example_short_circuit_decorator
[2024-10-30T09:08:40.064+0000] {logging_mixin.py:190} INFO - [2024-10-30T09:08:40.063+0000] {override.py:1907} INFO - Created Permission View: can create on DAG Run:example_short_circuit_decorator
[2024-10-30T09:08:40.095+0000] {logging_mixin.py:190} INFO - [2024-10-30T09:08:40.094+0000] {override.py:1907} INFO - Created Permission View: menu access on DAG Run:example_short_circuit_decorator
[2024-10-30T09:08:40.136+0000] {logging_mixin.py:190} INFO - [2024-10-30T09:08:40.135+0000] {override.py:1907} INFO - Created Permission View: can read on DAG Run:example_short_circuit_decorator
[2024-10-30T09:08:40.136+0000] {logging_mixin.py:190} INFO - [2024-10-30T09:08:40.136+0000] {dag.py:3239} INFO - Sync 1 DAGs
[2024-10-30T09:08:40.151+0000] {logging_mixin.py:190} INFO - [2024-10-30T09:08:40.151+0000] {dag.py:3262} INFO - Creating ORM DAG for example_short_circuit_decorator
[2024-10-30T09:08:40.152+0000] {logging_mixin.py:190} INFO - [2024-10-30T09:08:40.152+0000] {dag.py:4180} INFO - Setting next_dagrun for example_short_circuit_decorator to None, run_after=None
[2024-10-30T09:08:40.221+0000] {processor.py:208} INFO - Processing /usr/local/lib/python3.11/site-packages/airflow/example_dags/example_short_circuit_decorator.py took 0.636 seconds
[2024-10-30T09:09:58.436+0000] {processor.py:186} INFO - Started process (PID=4256) to work on /usr/local/lib/python3.11/site-packages/airflow/example_dags/example_short_circuit_decorator.py
[2024-10-30T09:09:58.437+0000] {processor.py:914} INFO - Processing file /usr/local/lib/python3.11/site-packages/airflow/example_dags/example_short_circuit_decorator.py for tasks to queue
[2024-10-30T09:09:58.439+0000] {logging_mixin.py:190} INFO - [2024-10-30T09:09:58.439+0000] {dagbag.py:588} INFO - Filling up the DagBag from /usr/local/lib/python3.11/site-packages/airflow/example_dags/example_short_circuit_decorator.py
[2024-10-30T09:09:58.449+0000] {processor.py:925} INFO - DAG(s) 'example_short_circuit_decorator' retrieved from /usr/local/lib/python3.11/site-packages/airflow/example_dags/example_short_circuit_decorator.py
[2024-10-30T09:09:58.471+0000] {logging_mixin.py:190} INFO - [2024-10-30T09:09:58.471+0000] {dag.py:3239} INFO - Sync 1 DAGs
[2024-10-30T09:09:58.483+0000] {logging_mixin.py:190} INFO - [2024-10-30T09:09:58.483+0000] {dag.py:4180} INFO - Setting next_dagrun for example_short_circuit_decorator to None, run_after=None
[2024-10-30T09:09:58.551+0000] {processor.py:208} INFO - Processing /usr/local/lib/python3.11/site-packages/airflow/example_dags/example_short_circuit_decorator.py took 0.120 seconds
[2024-10-30T09:10:33.981+0000] {processor.py:186} INFO - Started process (PID=4383) to work on /usr/local/lib/python3.11/site-packages/airflow/example_dags/example_short_circuit_decorator.py
[2024-10-30T09:10:33.982+0000] {processor.py:914} INFO - Processing file /usr/local/lib/python3.11/site-packages/airflow/example_dags/example_short_circuit_decorator.py for tasks to queue
[2024-10-30T09:10:33.984+0000] {logging_mixin.py:190} INFO - [2024-10-30T09:10:33.984+0000] {dagbag.py:588} INFO - Filling up the DagBag from /usr/local/lib/python3.11/site-packages/airflow/example_dags/example_short_circuit_decorator.py
[2024-10-30T09:10:33.993+0000] {processor.py:925} INFO - DAG(s) 'example_short_circuit_decorator' retrieved from /usr/local/lib/python3.11/site-packages/airflow/example_dags/example_short_circuit_decorator.py
[2024-10-30T09:10:34.015+0000] {logging_mixin.py:190} INFO - [2024-10-30T09:10:34.015+0000] {dag.py:3239} INFO - Sync 1 DAGs
[2024-10-30T09:10:34.028+0000] {logging_mixin.py:190} INFO - [2024-10-30T09:10:34.027+0000] {dag.py:4180} INFO - Setting next_dagrun for example_short_circuit_decorator to None, run_after=None
[2024-10-30T09:10:34.068+0000] {processor.py:208} INFO - Processing /usr/local/lib/python3.11/site-packages/airflow/example_dags/example_short_circuit_decorator.py took 0.093 seconds
[2024-10-30T09:11:30.904+0000] {processor.py:186} INFO - Started process (PID=4865) to work on /usr/local/lib/python3.11/site-packages/airflow/example_dags/example_short_circuit_decorator.py
[2024-10-30T09:11:30.905+0000] {processor.py:914} INFO - Processing file /usr/local/lib/python3.11/site-packages/airflow/example_dags/example_short_circuit_decorator.py for tasks to queue
[2024-10-30T09:11:30.908+0000] {logging_mixin.py:190} INFO - [2024-10-30T09:11:30.908+0000] {dagbag.py:588} INFO - Filling up the DagBag from /usr/local/lib/python3.11/site-packages/airflow/example_dags/example_short_circuit_decorator.py
[2024-10-30T09:11:30.916+0000] {processor.py:925} INFO - DAG(s) 'example_short_circuit_decorator' retrieved from /usr/local/lib/python3.11/site-packages/airflow/example_dags/example_short_circuit_decorator.py
[2024-10-30T09:11:30.945+0000] {logging_mixin.py:190} INFO - [2024-10-30T09:11:30.945+0000] {dag.py:3239} INFO - Sync 1 DAGs
[2024-10-30T09:11:30.959+0000] {logging_mixin.py:190} INFO - [2024-10-30T09:11:30.959+0000] {dag.py:4180} INFO - Setting next_dagrun for example_short_circuit_decorator to None, run_after=None
[2024-10-30T09:11:31.012+0000] {processor.py:208} INFO - Processing /usr/local/lib/python3.11/site-packages/airflow/example_dags/example_short_circuit_decorator.py took 0.112 seconds
[2024-10-30T09:12:30.481+0000] {processor.py:186} INFO - Started process (PID=5353) to work on /usr/local/lib/python3.11/site-packages/airflow/example_dags/example_short_circuit_decorator.py
[2024-10-30T09:12:30.482+0000] {processor.py:914} INFO - Processing file /usr/local/lib/python3.11/site-packages/airflow/example_dags/example_short_circuit_decorator.py for tasks to queue
[2024-10-30T09:12:30.484+0000] {logging_mixin.py:190} INFO - [2024-10-30T09:12:30.484+0000] {dagbag.py:588} INFO - Filling up the DagBag from /usr/local/lib/python3.11/site-packages/airflow/example_dags/example_short_circuit_decorator.py
[2024-10-30T09:12:30.493+0000] {processor.py:925} INFO - DAG(s) 'example_short_circuit_decorator' retrieved from /usr/local/lib/python3.11/site-packages/airflow/example_dags/example_short_circuit_decorator.py
[2024-10-30T09:12:30.513+0000] {logging_mixin.py:190} INFO - [2024-10-30T09:12:30.513+0000] {dag.py:3239} INFO - Sync 1 DAGs
[2024-10-30T09:12:30.527+0000] {logging_mixin.py:190} INFO - [2024-10-30T09:12:30.527+0000] {dag.py:4180} INFO - Setting next_dagrun for example_short_circuit_decorator to None, run_after=None
[2024-10-30T09:12:30.575+0000] {processor.py:208} INFO - Processing /usr/local/lib/python3.11/site-packages/airflow/example_dags/example_short_circuit_decorator.py took 0.099 seconds
[2024-10-30T09:13:33.520+0000] {processor.py:186} INFO - Started process (PID=6133) to work on /usr/local/lib/python3.11/site-packages/airflow/example_dags/example_short_circuit_decorator.py
[2024-10-30T09:13:33.521+0000] {processor.py:914} INFO - Processing file /usr/local/lib/python3.11/site-packages/airflow/example_dags/example_short_circuit_decorator.py for tasks to queue
[2024-10-30T09:13:33.525+0000] {logging_mixin.py:190} INFO - [2024-10-30T09:13:33.524+0000] {dagbag.py:588} INFO - Filling up the DagBag from /usr/local/lib/python3.11/site-packages/airflow/example_dags/example_short_circuit_decorator.py
[2024-10-30T09:13:33.534+0000] {processor.py:925} INFO - DAG(s) 'example_short_circuit_decorator' retrieved from /usr/local/lib/python3.11/site-packages/airflow/example_dags/example_short_circuit_decorator.py
[2024-10-30T09:13:33.556+0000] {logging_mixin.py:190} INFO - [2024-10-30T09:13:33.556+0000] {dag.py:3239} INFO - Sync 1 DAGs
[2024-10-30T09:13:33.570+0000] {logging_mixin.py:190} INFO - [2024-10-30T09:13:33.570+0000] {dag.py:4180} INFO - Setting next_dagrun for example_short_circuit_decorator to None, run_after=None
[2024-10-30T09:13:33.614+0000] {processor.py:208} INFO - Processing /usr/local/lib/python3.11/site-packages/airflow/example_dags/example_short_circuit_decorator.py took 0.099 seconds
