[2024-10-30T09:09:46.531+0000] {processor.py:186} INFO - Started process (PID=4216) to work on /usr/local/lib/python3.11/site-packages/airflow/example_dags/example_dag_decorator.py
[2024-10-30T09:09:46.532+0000] {processor.py:914} INFO - Processing file /usr/local/lib/python3.11/site-packages/airflow/example_dags/example_dag_decorator.py for tasks to queue
[2024-10-30T09:09:46.534+0000] {logging_mixin.py:190} INFO - [2024-10-30T09:09:46.534+0000] {dagbag.py:588} INFO - Filling up the DagBag from /usr/local/lib/python3.11/site-packages/airflow/example_dags/example_dag_decorator.py
[2024-10-30T09:09:46.621+0000] {processor.py:925} INFO - DAG(s) 'example_dag_decorator' retrieved from /usr/local/lib/python3.11/site-packages/airflow/example_dags/example_dag_decorator.py
[2024-10-30T09:09:46.718+0000] {logging_mixin.py:190} INFO - [2024-10-30T09:09:46.718+0000] {override.py:1907} INFO - Created Permission View: can delete on DAG:example_dag_decorator
[2024-10-30T09:09:46.741+0000] {logging_mixin.py:190} INFO - [2024-10-30T09:09:46.741+0000] {override.py:1907} INFO - Created Permission View: can read on DAG:example_dag_decorator
[2024-10-30T09:09:46.762+0000] {logging_mixin.py:190} INFO - [2024-10-30T09:09:46.761+0000] {override.py:1907} INFO - Created Permission View: can edit on DAG:example_dag_decorator
[2024-10-30T09:09:46.801+0000] {logging_mixin.py:190} INFO - [2024-10-30T09:09:46.801+0000] {override.py:1907} INFO - Created Permission View: can delete on DAG Run:example_dag_decorator
[2024-10-30T09:09:46.835+0000] {logging_mixin.py:190} INFO - [2024-10-30T09:09:46.834+0000] {override.py:1907} INFO - Created Permission View: can create on DAG Run:example_dag_decorator
[2024-10-30T09:09:46.866+0000] {logging_mixin.py:190} INFO - [2024-10-30T09:09:46.866+0000] {override.py:1907} INFO - Created Permission View: menu access on DAG Run:example_dag_decorator
[2024-10-30T09:09:46.892+0000] {logging_mixin.py:190} INFO - [2024-10-30T09:09:46.892+0000] {override.py:1907} INFO - Created Permission View: can read on DAG Run:example_dag_decorator
[2024-10-30T09:09:46.892+0000] {logging_mixin.py:190} INFO - [2024-10-30T09:09:46.892+0000] {dag.py:3239} INFO - Sync 1 DAGs
[2024-10-30T09:09:46.906+0000] {logging_mixin.py:190} INFO - [2024-10-30T09:09:46.906+0000] {dag.py:3262} INFO - Creating ORM DAG for example_dag_decorator
[2024-10-30T09:09:46.907+0000] {logging_mixin.py:190} INFO - [2024-10-30T09:09:46.907+0000] {dag.py:4180} INFO - Setting next_dagrun for example_dag_decorator to None, run_after=None
[2024-10-30T09:09:46.945+0000] {processor.py:208} INFO - Processing /usr/local/lib/python3.11/site-packages/airflow/example_dags/example_dag_decorator.py took 0.419 seconds
[2024-10-30T09:10:52.572+0000] {processor.py:186} INFO - Started process (PID=4727) to work on /usr/local/lib/python3.11/site-packages/airflow/example_dags/example_dag_decorator.py
[2024-10-30T09:10:52.573+0000] {processor.py:914} INFO - Processing file /usr/local/lib/python3.11/site-packages/airflow/example_dags/example_dag_decorator.py for tasks to queue
[2024-10-30T09:10:52.575+0000] {logging_mixin.py:190} INFO - [2024-10-30T09:10:52.575+0000] {dagbag.py:588} INFO - Filling up the DagBag from /usr/local/lib/python3.11/site-packages/airflow/example_dags/example_dag_decorator.py
[2024-10-30T09:10:52.587+0000] {processor.py:925} INFO - DAG(s) 'example_dag_decorator' retrieved from /usr/local/lib/python3.11/site-packages/airflow/example_dags/example_dag_decorator.py
[2024-10-30T09:10:52.712+0000] {logging_mixin.py:190} INFO - [2024-10-30T09:10:52.712+0000] {dag.py:3239} INFO - Sync 1 DAGs
[2024-10-30T09:10:52.722+0000] {logging_mixin.py:190} INFO - [2024-10-30T09:10:52.721+0000] {dag.py:4180} INFO - Setting next_dagrun for example_dag_decorator to None, run_after=None
[2024-10-30T09:10:52.760+0000] {processor.py:208} INFO - Processing /usr/local/lib/python3.11/site-packages/airflow/example_dags/example_dag_decorator.py took 0.194 seconds
[2024-10-30T09:11:53.136+0000] {processor.py:186} INFO - Started process (PID=5219) to work on /usr/local/lib/python3.11/site-packages/airflow/example_dags/example_dag_decorator.py
[2024-10-30T09:11:53.138+0000] {processor.py:914} INFO - Processing file /usr/local/lib/python3.11/site-packages/airflow/example_dags/example_dag_decorator.py for tasks to queue
[2024-10-30T09:11:53.140+0000] {logging_mixin.py:190} INFO - [2024-10-30T09:11:53.140+0000] {dagbag.py:588} INFO - Filling up the DagBag from /usr/local/lib/python3.11/site-packages/airflow/example_dags/example_dag_decorator.py
[2024-10-30T09:11:53.151+0000] {processor.py:925} INFO - DAG(s) 'example_dag_decorator' retrieved from /usr/local/lib/python3.11/site-packages/airflow/example_dags/example_dag_decorator.py
[2024-10-30T09:11:53.250+0000] {logging_mixin.py:190} INFO - [2024-10-30T09:11:53.250+0000] {dag.py:3239} INFO - Sync 1 DAGs
[2024-10-30T09:11:53.261+0000] {logging_mixin.py:190} INFO - [2024-10-30T09:11:53.261+0000] {dag.py:4180} INFO - Setting next_dagrun for example_dag_decorator to None, run_after=None
[2024-10-30T09:11:53.309+0000] {processor.py:208} INFO - Processing /usr/local/lib/python3.11/site-packages/airflow/example_dags/example_dag_decorator.py took 0.178 seconds
[2024-10-30T09:12:53.782+0000] {processor.py:186} INFO - Started process (PID=5711) to work on /usr/local/lib/python3.11/site-packages/airflow/example_dags/example_dag_decorator.py
[2024-10-30T09:12:53.783+0000] {processor.py:914} INFO - Processing file /usr/local/lib/python3.11/site-packages/airflow/example_dags/example_dag_decorator.py for tasks to queue
[2024-10-30T09:12:53.785+0000] {logging_mixin.py:190} INFO - [2024-10-30T09:12:53.785+0000] {dagbag.py:588} INFO - Filling up the DagBag from /usr/local/lib/python3.11/site-packages/airflow/example_dags/example_dag_decorator.py
[2024-10-30T09:12:53.797+0000] {processor.py:925} INFO - DAG(s) 'example_dag_decorator' retrieved from /usr/local/lib/python3.11/site-packages/airflow/example_dags/example_dag_decorator.py
[2024-10-30T09:12:53.823+0000] {logging_mixin.py:190} INFO - [2024-10-30T09:12:53.822+0000] {dag.py:3239} INFO - Sync 1 DAGs
[2024-10-30T09:12:53.837+0000] {logging_mixin.py:190} INFO - [2024-10-30T09:12:53.837+0000] {dag.py:4180} INFO - Setting next_dagrun for example_dag_decorator to None, run_after=None
[2024-10-30T09:12:53.887+0000] {processor.py:208} INFO - Processing /usr/local/lib/python3.11/site-packages/airflow/example_dags/example_dag_decorator.py took 0.109 seconds
[2024-10-30T09:13:56.255+0000] {processor.py:186} INFO - Started process (PID=6493) to work on /usr/local/lib/python3.11/site-packages/airflow/example_dags/example_dag_decorator.py
[2024-10-30T09:13:56.256+0000] {processor.py:914} INFO - Processing file /usr/local/lib/python3.11/site-packages/airflow/example_dags/example_dag_decorator.py for tasks to queue
[2024-10-30T09:13:56.259+0000] {logging_mixin.py:190} INFO - [2024-10-30T09:13:56.258+0000] {dagbag.py:588} INFO - Filling up the DagBag from /usr/local/lib/python3.11/site-packages/airflow/example_dags/example_dag_decorator.py
[2024-10-30T09:13:56.270+0000] {processor.py:925} INFO - DAG(s) 'example_dag_decorator' retrieved from /usr/local/lib/python3.11/site-packages/airflow/example_dags/example_dag_decorator.py
[2024-10-30T09:13:56.296+0000] {logging_mixin.py:190} INFO - [2024-10-30T09:13:56.296+0000] {dag.py:3239} INFO - Sync 1 DAGs
[2024-10-30T09:13:56.311+0000] {logging_mixin.py:190} INFO - [2024-10-30T09:13:56.311+0000] {dag.py:4180} INFO - Setting next_dagrun for example_dag_decorator to None, run_after=None
[2024-10-30T09:13:56.365+0000] {processor.py:208} INFO - Processing /usr/local/lib/python3.11/site-packages/airflow/example_dags/example_dag_decorator.py took 0.117 seconds
