[2024-10-30T09:08:56.681+0000] {processor.py:186} INFO - Started process (PID=3142) to work on /usr/local/lib/python3.11/site-packages/airflow/example_dags/example_branch_labels.py
[2024-10-30T09:08:56.682+0000] {processor.py:914} INFO - Processing file /usr/local/lib/python3.11/site-packages/airflow/example_dags/example_branch_labels.py for tasks to queue
[2024-10-30T09:08:56.684+0000] {logging_mixin.py:190} INFO - [2024-10-30T09:08:56.684+0000] {dagbag.py:588} INFO - Filling up the DagBag from /usr/local/lib/python3.11/site-packages/airflow/example_dags/example_branch_labels.py
[2024-10-30T09:08:56.693+0000] {processor.py:925} INFO - DAG(s) 'example_branch_labels' retrieved from /usr/local/lib/python3.11/site-packages/airflow/example_dags/example_branch_labels.py
[2024-10-30T09:08:56.872+0000] {logging_mixin.py:190} INFO - [2024-10-30T09:08:56.871+0000] {override.py:1907} INFO - Created Permission View: can delete on DAG:example_branch_labels
[2024-10-30T09:08:56.905+0000] {logging_mixin.py:190} INFO - [2024-10-30T09:08:56.905+0000] {override.py:1907} INFO - Created Permission View: can read on DAG:example_branch_labels
[2024-10-30T09:08:56.925+0000] {logging_mixin.py:190} INFO - [2024-10-30T09:08:56.925+0000] {override.py:1907} INFO - Created Permission View: can edit on DAG:example_branch_labels
[2024-10-30T09:08:56.957+0000] {logging_mixin.py:190} INFO - [2024-10-30T09:08:56.957+0000] {override.py:1907} INFO - Created Permission View: can delete on DAG Run:example_branch_labels
[2024-10-30T09:08:56.983+0000] {logging_mixin.py:190} INFO - [2024-10-30T09:08:56.982+0000] {override.py:1907} INFO - Created Permission View: can create on DAG Run:example_branch_labels
[2024-10-30T09:08:57.001+0000] {logging_mixin.py:190} INFO - [2024-10-30T09:08:57.001+0000] {override.py:1907} INFO - Created Permission View: menu access on DAG Run:example_branch_labels
[2024-10-30T09:08:57.028+0000] {logging_mixin.py:190} INFO - [2024-10-30T09:08:57.027+0000] {override.py:1907} INFO - Created Permission View: can read on DAG Run:example_branch_labels
[2024-10-30T09:08:57.030+0000] {logging_mixin.py:190} INFO - [2024-10-30T09:08:57.030+0000] {dag.py:3239} INFO - Sync 1 DAGs
[2024-10-30T09:08:57.046+0000] {logging_mixin.py:190} INFO - [2024-10-30T09:08:57.046+0000] {dag.py:3262} INFO - Creating ORM DAG for example_branch_labels
[2024-10-30T09:08:57.056+0000] {logging_mixin.py:190} INFO - [2024-10-30T09:08:57.056+0000] {dag.py:4180} INFO - Setting next_dagrun for example_branch_labels to 2024-10-29 00:00:00+00:00, run_after=2024-10-30 00:00:00+00:00
[2024-10-30T09:08:57.089+0000] {processor.py:208} INFO - Processing /usr/local/lib/python3.11/site-packages/airflow/example_dags/example_branch_labels.py took 0.412 seconds
[2024-10-30T09:10:11.568+0000] {processor.py:186} INFO - Started process (PID=4302) to work on /usr/local/lib/python3.11/site-packages/airflow/example_dags/example_branch_labels.py
[2024-10-30T09:10:11.571+0000] {processor.py:914} INFO - Processing file /usr/local/lib/python3.11/site-packages/airflow/example_dags/example_branch_labels.py for tasks to queue
[2024-10-30T09:10:11.573+0000] {logging_mixin.py:190} INFO - [2024-10-30T09:10:11.573+0000] {dagbag.py:588} INFO - Filling up the DagBag from /usr/local/lib/python3.11/site-packages/airflow/example_dags/example_branch_labels.py
[2024-10-30T09:10:11.584+0000] {processor.py:925} INFO - DAG(s) 'example_branch_labels' retrieved from /usr/local/lib/python3.11/site-packages/airflow/example_dags/example_branch_labels.py
[2024-10-30T09:10:11.610+0000] {logging_mixin.py:190} INFO - [2024-10-30T09:10:11.609+0000] {dag.py:3239} INFO - Sync 1 DAGs
[2024-10-30T09:10:11.633+0000] {logging_mixin.py:190} INFO - [2024-10-30T09:10:11.633+0000] {dag.py:4180} INFO - Setting next_dagrun for example_branch_labels to 2024-10-29 00:00:00+00:00, run_after=2024-10-30 00:00:00+00:00
[2024-10-30T09:10:11.684+0000] {processor.py:208} INFO - Processing /usr/local/lib/python3.11/site-packages/airflow/example_dags/example_branch_labels.py took 0.121 seconds
[2024-10-30T09:11:08.953+0000] {processor.py:186} INFO - Started process (PID=4790) to work on /usr/local/lib/python3.11/site-packages/airflow/example_dags/example_branch_labels.py
[2024-10-30T09:11:08.954+0000] {processor.py:914} INFO - Processing file /usr/local/lib/python3.11/site-packages/airflow/example_dags/example_branch_labels.py for tasks to queue
[2024-10-30T09:11:08.956+0000] {logging_mixin.py:190} INFO - [2024-10-30T09:11:08.955+0000] {dagbag.py:588} INFO - Filling up the DagBag from /usr/local/lib/python3.11/site-packages/airflow/example_dags/example_branch_labels.py
[2024-10-30T09:11:08.970+0000] {processor.py:925} INFO - DAG(s) 'example_branch_labels' retrieved from /usr/local/lib/python3.11/site-packages/airflow/example_dags/example_branch_labels.py
[2024-10-30T09:11:08.993+0000] {logging_mixin.py:190} INFO - [2024-10-30T09:11:08.993+0000] {dag.py:3239} INFO - Sync 1 DAGs
[2024-10-30T09:11:09.014+0000] {logging_mixin.py:190} INFO - [2024-10-30T09:11:09.014+0000] {dag.py:4180} INFO - Setting next_dagrun for example_branch_labels to 2024-10-29 00:00:00+00:00, run_after=2024-10-30 00:00:00+00:00
[2024-10-30T09:11:09.059+0000] {processor.py:208} INFO - Processing /usr/local/lib/python3.11/site-packages/airflow/example_dags/example_branch_labels.py took 0.111 seconds
[2024-10-30T09:12:10.179+0000] {processor.py:186} INFO - Started process (PID=5283) to work on /usr/local/lib/python3.11/site-packages/airflow/example_dags/example_branch_labels.py
[2024-10-30T09:12:10.180+0000] {processor.py:914} INFO - Processing file /usr/local/lib/python3.11/site-packages/airflow/example_dags/example_branch_labels.py for tasks to queue
[2024-10-30T09:12:10.182+0000] {logging_mixin.py:190} INFO - [2024-10-30T09:12:10.182+0000] {dagbag.py:588} INFO - Filling up the DagBag from /usr/local/lib/python3.11/site-packages/airflow/example_dags/example_branch_labels.py
[2024-10-30T09:12:10.191+0000] {processor.py:925} INFO - DAG(s) 'example_branch_labels' retrieved from /usr/local/lib/python3.11/site-packages/airflow/example_dags/example_branch_labels.py
[2024-10-30T09:12:10.210+0000] {logging_mixin.py:190} INFO - [2024-10-30T09:12:10.210+0000] {dag.py:3239} INFO - Sync 1 DAGs
[2024-10-30T09:12:10.229+0000] {logging_mixin.py:190} INFO - [2024-10-30T09:12:10.229+0000] {dag.py:4180} INFO - Setting next_dagrun for example_branch_labels to 2024-10-29 00:00:00+00:00, run_after=2024-10-30 00:00:00+00:00
[2024-10-30T09:12:10.266+0000] {processor.py:208} INFO - Processing /usr/local/lib/python3.11/site-packages/airflow/example_dags/example_branch_labels.py took 0.092 seconds
[2024-10-30T09:13:10.887+0000] {processor.py:186} INFO - Started process (PID=5774) to work on /usr/local/lib/python3.11/site-packages/airflow/example_dags/example_branch_labels.py
[2024-10-30T09:13:10.888+0000] {processor.py:914} INFO - Processing file /usr/local/lib/python3.11/site-packages/airflow/example_dags/example_branch_labels.py for tasks to queue
[2024-10-30T09:13:10.891+0000] {logging_mixin.py:190} INFO - [2024-10-30T09:13:10.890+0000] {dagbag.py:588} INFO - Filling up the DagBag from /usr/local/lib/python3.11/site-packages/airflow/example_dags/example_branch_labels.py
[2024-10-30T09:13:10.900+0000] {processor.py:925} INFO - DAG(s) 'example_branch_labels' retrieved from /usr/local/lib/python3.11/site-packages/airflow/example_dags/example_branch_labels.py
[2024-10-30T09:13:10.922+0000] {logging_mixin.py:190} INFO - [2024-10-30T09:13:10.922+0000] {dag.py:3239} INFO - Sync 1 DAGs
[2024-10-30T09:13:10.945+0000] {logging_mixin.py:190} INFO - [2024-10-30T09:13:10.945+0000] {dag.py:4180} INFO - Setting next_dagrun for example_branch_labels to 2024-10-29 00:00:00+00:00, run_after=2024-10-30 00:00:00+00:00
[2024-10-30T09:13:10.999+0000] {processor.py:208} INFO - Processing /usr/local/lib/python3.11/site-packages/airflow/example_dags/example_branch_labels.py took 0.117 seconds
[2024-10-30T09:14:15.381+0000] {processor.py:186} INFO - Started process (PID=6557) to work on /usr/local/lib/python3.11/site-packages/airflow/example_dags/example_branch_labels.py
[2024-10-30T09:14:15.382+0000] {processor.py:914} INFO - Processing file /usr/local/lib/python3.11/site-packages/airflow/example_dags/example_branch_labels.py for tasks to queue
[2024-10-30T09:14:15.384+0000] {logging_mixin.py:190} INFO - [2024-10-30T09:14:15.384+0000] {dagbag.py:588} INFO - Filling up the DagBag from /usr/local/lib/python3.11/site-packages/airflow/example_dags/example_branch_labels.py
[2024-10-30T09:14:15.393+0000] {processor.py:925} INFO - DAG(s) 'example_branch_labels' retrieved from /usr/local/lib/python3.11/site-packages/airflow/example_dags/example_branch_labels.py
[2024-10-30T09:14:15.414+0000] {logging_mixin.py:190} INFO - [2024-10-30T09:14:15.414+0000] {dag.py:3239} INFO - Sync 1 DAGs
[2024-10-30T09:14:15.435+0000] {logging_mixin.py:190} INFO - [2024-10-30T09:14:15.435+0000] {dag.py:4180} INFO - Setting next_dagrun for example_branch_labels to 2024-10-29 00:00:00+00:00, run_after=2024-10-30 00:00:00+00:00
[2024-10-30T09:14:15.474+0000] {processor.py:208} INFO - Processing /usr/local/lib/python3.11/site-packages/airflow/example_dags/example_branch_labels.py took 0.098 seconds
