[2024-10-30T09:08:36.158+0000] {processor.py:186} INFO - Started process (PID=1923) to work on /usr/local/lib/python3.11/site-packages/airflow/example_dags/example_bash_decorator.py
[2024-10-30T09:08:36.159+0000] {processor.py:914} INFO - Processing file /usr/local/lib/python3.11/site-packages/airflow/example_dags/example_bash_decorator.py for tasks to queue
[2024-10-30T09:08:36.161+0000] {logging_mixin.py:190} INFO - [2024-10-30T09:08:36.161+0000] {dagbag.py:588} INFO - Filling up the DagBag from /usr/local/lib/python3.11/site-packages/airflow/example_dags/example_bash_decorator.py
[2024-10-30T09:08:36.175+0000] {processor.py:925} INFO - DAG(s) 'example_bash_decorator' retrieved from /usr/local/lib/python3.11/site-packages/airflow/example_dags/example_bash_decorator.py
[2024-10-30T09:08:36.369+0000] {logging_mixin.py:190} INFO - [2024-10-30T09:08:36.368+0000] {override.py:1907} INFO - Created Permission View: can delete on DAG:example_bash_decorator
[2024-10-30T09:08:36.404+0000] {logging_mixin.py:190} INFO - [2024-10-30T09:08:36.403+0000] {override.py:1907} INFO - Created Permission View: can read on DAG:example_bash_decorator
[2024-10-30T09:08:36.431+0000] {logging_mixin.py:190} INFO - [2024-10-30T09:08:36.431+0000] {override.py:1907} INFO - Created Permission View: can edit on DAG:example_bash_decorator
[2024-10-30T09:08:36.472+0000] {logging_mixin.py:190} INFO - [2024-10-30T09:08:36.471+0000] {override.py:1907} INFO - Created Permission View: can delete on DAG Run:example_bash_decorator
[2024-10-30T09:08:36.497+0000] {logging_mixin.py:190} INFO - [2024-10-30T09:08:36.497+0000] {override.py:1907} INFO - Created Permission View: can create on DAG Run:example_bash_decorator
[2024-10-30T09:08:36.519+0000] {logging_mixin.py:190} INFO - [2024-10-30T09:08:36.519+0000] {override.py:1907} INFO - Created Permission View: menu access on DAG Run:example_bash_decorator
[2024-10-30T09:08:36.539+0000] {logging_mixin.py:190} INFO - [2024-10-30T09:08:36.538+0000] {override.py:1907} INFO - Created Permission View: can read on DAG Run:example_bash_decorator
[2024-10-30T09:08:36.539+0000] {logging_mixin.py:190} INFO - [2024-10-30T09:08:36.539+0000] {dag.py:3239} INFO - Sync 1 DAGs
[2024-10-30T09:08:36.550+0000] {logging_mixin.py:190} INFO - [2024-10-30T09:08:36.550+0000] {dag.py:3262} INFO - Creating ORM DAG for example_bash_decorator
[2024-10-30T09:08:36.551+0000] {logging_mixin.py:190} INFO - [2024-10-30T09:08:36.551+0000] {dag.py:4180} INFO - Setting next_dagrun for example_bash_decorator to None, run_after=None
[2024-10-30T09:08:36.672+0000] {processor.py:208} INFO - Processing /usr/local/lib/python3.11/site-packages/airflow/example_dags/example_bash_decorator.py took 0.519 seconds
[2024-10-30T09:09:55.841+0000] {processor.py:186} INFO - Started process (PID=4245) to work on /usr/local/lib/python3.11/site-packages/airflow/example_dags/example_bash_decorator.py
[2024-10-30T09:09:55.842+0000] {processor.py:914} INFO - Processing file /usr/local/lib/python3.11/site-packages/airflow/example_dags/example_bash_decorator.py for tasks to queue
[2024-10-30T09:09:55.845+0000] {logging_mixin.py:190} INFO - [2024-10-30T09:09:55.845+0000] {dagbag.py:588} INFO - Filling up the DagBag from /usr/local/lib/python3.11/site-packages/airflow/example_dags/example_bash_decorator.py
[2024-10-30T09:09:55.860+0000] {processor.py:925} INFO - DAG(s) 'example_bash_decorator' retrieved from /usr/local/lib/python3.11/site-packages/airflow/example_dags/example_bash_decorator.py
[2024-10-30T09:09:55.890+0000] {logging_mixin.py:190} INFO - [2024-10-30T09:09:55.889+0000] {dag.py:3239} INFO - Sync 1 DAGs
[2024-10-30T09:09:55.907+0000] {logging_mixin.py:190} INFO - [2024-10-30T09:09:55.906+0000] {dag.py:4180} INFO - Setting next_dagrun for example_bash_decorator to None, run_after=None
[2024-10-30T09:09:55.973+0000] {processor.py:208} INFO - Processing /usr/local/lib/python3.11/site-packages/airflow/example_dags/example_bash_decorator.py took 0.137 seconds
[2024-10-30T09:10:32.277+0000] {processor.py:186} INFO - Started process (PID=4376) to work on /usr/local/lib/python3.11/site-packages/airflow/example_dags/example_bash_decorator.py
[2024-10-30T09:10:32.277+0000] {processor.py:914} INFO - Processing file /usr/local/lib/python3.11/site-packages/airflow/example_dags/example_bash_decorator.py for tasks to queue
[2024-10-30T09:10:32.279+0000] {logging_mixin.py:190} INFO - [2024-10-30T09:10:32.279+0000] {dagbag.py:588} INFO - Filling up the DagBag from /usr/local/lib/python3.11/site-packages/airflow/example_dags/example_bash_decorator.py
[2024-10-30T09:10:32.292+0000] {processor.py:925} INFO - DAG(s) 'example_bash_decorator' retrieved from /usr/local/lib/python3.11/site-packages/airflow/example_dags/example_bash_decorator.py
[2024-10-30T09:10:32.315+0000] {logging_mixin.py:190} INFO - [2024-10-30T09:10:32.315+0000] {dag.py:3239} INFO - Sync 1 DAGs
[2024-10-30T09:10:32.328+0000] {logging_mixin.py:190} INFO - [2024-10-30T09:10:32.328+0000] {dag.py:4180} INFO - Setting next_dagrun for example_bash_decorator to None, run_after=None
[2024-10-30T09:10:32.367+0000] {processor.py:208} INFO - Processing /usr/local/lib/python3.11/site-packages/airflow/example_dags/example_bash_decorator.py took 0.096 seconds
[2024-10-30T09:11:29.329+0000] {processor.py:186} INFO - Started process (PID=4857) to work on /usr/local/lib/python3.11/site-packages/airflow/example_dags/example_bash_decorator.py
[2024-10-30T09:11:29.330+0000] {processor.py:914} INFO - Processing file /usr/local/lib/python3.11/site-packages/airflow/example_dags/example_bash_decorator.py for tasks to queue
[2024-10-30T09:11:29.332+0000] {logging_mixin.py:190} INFO - [2024-10-30T09:11:29.331+0000] {dagbag.py:588} INFO - Filling up the DagBag from /usr/local/lib/python3.11/site-packages/airflow/example_dags/example_bash_decorator.py
[2024-10-30T09:11:29.345+0000] {processor.py:925} INFO - DAG(s) 'example_bash_decorator' retrieved from /usr/local/lib/python3.11/site-packages/airflow/example_dags/example_bash_decorator.py
[2024-10-30T09:11:29.370+0000] {logging_mixin.py:190} INFO - [2024-10-30T09:11:29.370+0000] {dag.py:3239} INFO - Sync 1 DAGs
[2024-10-30T09:11:29.384+0000] {logging_mixin.py:190} INFO - [2024-10-30T09:11:29.384+0000] {dag.py:4180} INFO - Setting next_dagrun for example_bash_decorator to None, run_after=None
[2024-10-30T09:11:29.429+0000] {processor.py:208} INFO - Processing /usr/local/lib/python3.11/site-packages/airflow/example_dags/example_bash_decorator.py took 0.106 seconds
[2024-10-30T09:11:59.725+0000] {processor.py:186} INFO - Started process (PID=5246) to work on /usr/local/lib/python3.11/site-packages/airflow/example_dags/example_bash_decorator.py
[2024-10-30T09:11:59.726+0000] {processor.py:914} INFO - Processing file /usr/local/lib/python3.11/site-packages/airflow/example_dags/example_bash_decorator.py for tasks to queue
[2024-10-30T09:11:59.728+0000] {logging_mixin.py:190} INFO - [2024-10-30T09:11:59.728+0000] {dagbag.py:588} INFO - Filling up the DagBag from /usr/local/lib/python3.11/site-packages/airflow/example_dags/example_bash_decorator.py
[2024-10-30T09:11:59.741+0000] {processor.py:925} INFO - DAG(s) 'example_bash_decorator' retrieved from /usr/local/lib/python3.11/site-packages/airflow/example_dags/example_bash_decorator.py
[2024-10-30T09:11:59.765+0000] {logging_mixin.py:190} INFO - [2024-10-30T09:11:59.765+0000] {dag.py:3239} INFO - Sync 1 DAGs
[2024-10-30T09:11:59.779+0000] {logging_mixin.py:190} INFO - [2024-10-30T09:11:59.778+0000] {dag.py:4180} INFO - Setting next_dagrun for example_bash_decorator to None, run_after=None
[2024-10-30T09:11:59.818+0000] {processor.py:208} INFO - Processing /usr/local/lib/python3.11/site-packages/airflow/example_dags/example_bash_decorator.py took 0.098 seconds
[2024-10-30T09:12:59.315+0000] {processor.py:186} INFO - Started process (PID=5733) to work on /usr/local/lib/python3.11/site-packages/airflow/example_dags/example_bash_decorator.py
[2024-10-30T09:12:59.316+0000] {processor.py:914} INFO - Processing file /usr/local/lib/python3.11/site-packages/airflow/example_dags/example_bash_decorator.py for tasks to queue
[2024-10-30T09:12:59.319+0000] {logging_mixin.py:190} INFO - [2024-10-30T09:12:59.318+0000] {dagbag.py:588} INFO - Filling up the DagBag from /usr/local/lib/python3.11/site-packages/airflow/example_dags/example_bash_decorator.py
[2024-10-30T09:12:59.335+0000] {processor.py:925} INFO - DAG(s) 'example_bash_decorator' retrieved from /usr/local/lib/python3.11/site-packages/airflow/example_dags/example_bash_decorator.py
[2024-10-30T09:12:59.363+0000] {logging_mixin.py:190} INFO - [2024-10-30T09:12:59.362+0000] {dag.py:3239} INFO - Sync 1 DAGs
[2024-10-30T09:12:59.378+0000] {logging_mixin.py:190} INFO - [2024-10-30T09:12:59.377+0000] {dag.py:4180} INFO - Setting next_dagrun for example_bash_decorator to None, run_after=None
[2024-10-30T09:12:59.439+0000] {processor.py:208} INFO - Processing /usr/local/lib/python3.11/site-packages/airflow/example_dags/example_bash_decorator.py took 0.130 seconds
[2024-10-30T09:13:31.922+0000] {processor.py:186} INFO - Started process (PID=6129) to work on /usr/local/lib/python3.11/site-packages/airflow/example_dags/example_bash_decorator.py
[2024-10-30T09:13:31.923+0000] {processor.py:914} INFO - Processing file /usr/local/lib/python3.11/site-packages/airflow/example_dags/example_bash_decorator.py for tasks to queue
[2024-10-30T09:13:31.925+0000] {logging_mixin.py:190} INFO - [2024-10-30T09:13:31.924+0000] {dagbag.py:588} INFO - Filling up the DagBag from /usr/local/lib/python3.11/site-packages/airflow/example_dags/example_bash_decorator.py
[2024-10-30T09:13:31.937+0000] {processor.py:925} INFO - DAG(s) 'example_bash_decorator' retrieved from /usr/local/lib/python3.11/site-packages/airflow/example_dags/example_bash_decorator.py
[2024-10-30T09:13:31.958+0000] {logging_mixin.py:190} INFO - [2024-10-30T09:13:31.958+0000] {dag.py:3239} INFO - Sync 1 DAGs
[2024-10-30T09:13:31.970+0000] {logging_mixin.py:190} INFO - [2024-10-30T09:13:31.970+0000] {dag.py:4180} INFO - Setting next_dagrun for example_bash_decorator to None, run_after=None
[2024-10-30T09:13:32.009+0000] {processor.py:208} INFO - Processing /usr/local/lib/python3.11/site-packages/airflow/example_dags/example_bash_decorator.py took 0.092 seconds
[2024-10-30T09:14:03.476+0000] {processor.py:186} INFO - Started process (PID=6518) to work on /usr/local/lib/python3.11/site-packages/airflow/example_dags/example_bash_decorator.py
[2024-10-30T09:14:03.494+0000] {processor.py:914} INFO - Processing file /usr/local/lib/python3.11/site-packages/airflow/example_dags/example_bash_decorator.py for tasks to queue
[2024-10-30T09:14:03.496+0000] {logging_mixin.py:190} INFO - [2024-10-30T09:14:03.496+0000] {dagbag.py:588} INFO - Filling up the DagBag from /usr/local/lib/python3.11/site-packages/airflow/example_dags/example_bash_decorator.py
[2024-10-30T09:14:03.509+0000] {processor.py:925} INFO - DAG(s) 'example_bash_decorator' retrieved from /usr/local/lib/python3.11/site-packages/airflow/example_dags/example_bash_decorator.py
[2024-10-30T09:14:03.549+0000] {logging_mixin.py:190} INFO - [2024-10-30T09:14:03.549+0000] {dag.py:3239} INFO - Sync 1 DAGs
[2024-10-30T09:14:03.562+0000] {logging_mixin.py:190} INFO - [2024-10-30T09:14:03.562+0000] {dag.py:4180} INFO - Setting next_dagrun for example_bash_decorator to None, run_after=None
[2024-10-30T09:14:03.614+0000] {processor.py:208} INFO - Processing /usr/local/lib/python3.11/site-packages/airflow/example_dags/example_bash_decorator.py took 0.144 seconds
[2024-10-30T09:14:36.067+0000] {processor.py:186} INFO - Started process (PID=7154) to work on /usr/local/lib/python3.11/site-packages/airflow/example_dags/example_bash_decorator.py
[2024-10-30T09:14:36.068+0000] {processor.py:914} INFO - Processing file /usr/local/lib/python3.11/site-packages/airflow/example_dags/example_bash_decorator.py for tasks to queue
[2024-10-30T09:14:36.070+0000] {logging_mixin.py:190} INFO - [2024-10-30T09:14:36.070+0000] {dagbag.py:588} INFO - Filling up the DagBag from /usr/local/lib/python3.11/site-packages/airflow/example_dags/example_bash_decorator.py
[2024-10-30T09:14:36.083+0000] {processor.py:925} INFO - DAG(s) 'example_bash_decorator' retrieved from /usr/local/lib/python3.11/site-packages/airflow/example_dags/example_bash_decorator.py
[2024-10-30T09:14:36.107+0000] {logging_mixin.py:190} INFO - [2024-10-30T09:14:36.107+0000] {dag.py:3239} INFO - Sync 1 DAGs
[2024-10-30T09:14:36.122+0000] {logging_mixin.py:190} INFO - [2024-10-30T09:14:36.122+0000] {dag.py:4180} INFO - Setting next_dagrun for example_bash_decorator to None, run_after=None
[2024-10-30T09:14:36.174+0000] {processor.py:208} INFO - Processing /usr/local/lib/python3.11/site-packages/airflow/example_dags/example_bash_decorator.py took 0.111 seconds
