[2024-10-30T09:09:44.108+0000] {processor.py:186} INFO - Started process (PID=4209) to work on /usr/local/lib/python3.11/site-packages/airflow/example_dags/example_bash_operator.py
[2024-10-30T09:09:44.109+0000] {processor.py:914} INFO - Processing file /usr/local/lib/python3.11/site-packages/airflow/example_dags/example_bash_operator.py for tasks to queue
[2024-10-30T09:09:44.112+0000] {logging_mixin.py:190} INFO - [2024-10-30T09:09:44.111+0000] {dagbag.py:588} INFO - Filling up the DagBag from /usr/local/lib/python3.11/site-packages/airflow/example_dags/example_bash_operator.py
[2024-10-30T09:09:44.216+0000] {processor.py:925} INFO - DAG(s) 'example_bash_operator' retrieved from /usr/local/lib/python3.11/site-packages/airflow/example_dags/example_bash_operator.py
[2024-10-30T09:09:44.346+0000] {logging_mixin.py:190} INFO - [2024-10-30T09:09:44.346+0000] {override.py:1907} INFO - Created Permission View: can delete on DAG:example_bash_operator
[2024-10-30T09:09:44.378+0000] {logging_mixin.py:190} INFO - [2024-10-30T09:09:44.377+0000] {override.py:1907} INFO - Created Permission View: can read on DAG:example_bash_operator
[2024-10-30T09:09:44.402+0000] {logging_mixin.py:190} INFO - [2024-10-30T09:09:44.401+0000] {override.py:1907} INFO - Created Permission View: can edit on DAG:example_bash_operator
[2024-10-30T09:09:44.436+0000] {logging_mixin.py:190} INFO - [2024-10-30T09:09:44.436+0000] {override.py:1907} INFO - Created Permission View: can delete on DAG Run:example_bash_operator
[2024-10-30T09:09:44.466+0000] {logging_mixin.py:190} INFO - [2024-10-30T09:09:44.466+0000] {override.py:1907} INFO - Created Permission View: can create on DAG Run:example_bash_operator
[2024-10-30T09:09:44.497+0000] {logging_mixin.py:190} INFO - [2024-10-30T09:09:44.497+0000] {override.py:1907} INFO - Created Permission View: menu access on DAG Run:example_bash_operator
[2024-10-30T09:09:44.517+0000] {logging_mixin.py:190} INFO - [2024-10-30T09:09:44.517+0000] {override.py:1907} INFO - Created Permission View: can read on DAG Run:example_bash_operator
[2024-10-30T09:09:44.518+0000] {logging_mixin.py:190} INFO - [2024-10-30T09:09:44.517+0000] {dag.py:3239} INFO - Sync 1 DAGs
[2024-10-30T09:09:44.531+0000] {logging_mixin.py:190} INFO - [2024-10-30T09:09:44.531+0000] {dag.py:3262} INFO - Creating ORM DAG for example_bash_operator
[2024-10-30T09:09:44.542+0000] {logging_mixin.py:190} INFO - [2024-10-30T09:09:44.542+0000] {dag.py:4180} INFO - Setting next_dagrun for example_bash_operator to 2024-10-29 00:00:00+00:00, run_after=2024-10-30 00:00:00+00:00
[2024-10-30T09:09:44.607+0000] {processor.py:208} INFO - Processing /usr/local/lib/python3.11/site-packages/airflow/example_dags/example_bash_operator.py took 0.503 seconds
[2024-10-30T09:10:50.858+0000] {processor.py:186} INFO - Started process (PID=4720) to work on /usr/local/lib/python3.11/site-packages/airflow/example_dags/example_bash_operator.py
[2024-10-30T09:10:50.859+0000] {processor.py:914} INFO - Processing file /usr/local/lib/python3.11/site-packages/airflow/example_dags/example_bash_operator.py for tasks to queue
[2024-10-30T09:10:50.861+0000] {logging_mixin.py:190} INFO - [2024-10-30T09:10:50.861+0000] {dagbag.py:588} INFO - Filling up the DagBag from /usr/local/lib/python3.11/site-packages/airflow/example_dags/example_bash_operator.py
[2024-10-30T09:10:50.873+0000] {processor.py:925} INFO - DAG(s) 'example_bash_operator' retrieved from /usr/local/lib/python3.11/site-packages/airflow/example_dags/example_bash_operator.py
[2024-10-30T09:10:50.908+0000] {logging_mixin.py:190} INFO - [2024-10-30T09:10:50.908+0000] {dag.py:3239} INFO - Sync 1 DAGs
[2024-10-30T09:10:50.932+0000] {logging_mixin.py:190} INFO - [2024-10-30T09:10:50.932+0000] {dag.py:4180} INFO - Setting next_dagrun for example_bash_operator to 2024-10-29 00:00:00+00:00, run_after=2024-10-30 00:00:00+00:00
[2024-10-30T09:10:50.978+0000] {processor.py:208} INFO - Processing /usr/local/lib/python3.11/site-packages/airflow/example_dags/example_bash_operator.py took 0.124 seconds
[2024-10-30T09:11:51.318+0000] {processor.py:186} INFO - Started process (PID=5212) to work on /usr/local/lib/python3.11/site-packages/airflow/example_dags/example_bash_operator.py
[2024-10-30T09:11:51.320+0000] {processor.py:914} INFO - Processing file /usr/local/lib/python3.11/site-packages/airflow/example_dags/example_bash_operator.py for tasks to queue
[2024-10-30T09:11:51.322+0000] {logging_mixin.py:190} INFO - [2024-10-30T09:11:51.321+0000] {dagbag.py:588} INFO - Filling up the DagBag from /usr/local/lib/python3.11/site-packages/airflow/example_dags/example_bash_operator.py
[2024-10-30T09:11:51.333+0000] {processor.py:925} INFO - DAG(s) 'example_bash_operator' retrieved from /usr/local/lib/python3.11/site-packages/airflow/example_dags/example_bash_operator.py
[2024-10-30T09:11:51.357+0000] {logging_mixin.py:190} INFO - [2024-10-30T09:11:51.357+0000] {dag.py:3239} INFO - Sync 1 DAGs
[2024-10-30T09:11:51.378+0000] {logging_mixin.py:190} INFO - [2024-10-30T09:11:51.378+0000] {dag.py:4180} INFO - Setting next_dagrun for example_bash_operator to 2024-10-29 00:00:00+00:00, run_after=2024-10-30 00:00:00+00:00
[2024-10-30T09:11:51.427+0000] {processor.py:208} INFO - Processing /usr/local/lib/python3.11/site-packages/airflow/example_dags/example_bash_operator.py took 0.114 seconds
[2024-10-30T09:12:51.557+0000] {processor.py:186} INFO - Started process (PID=5704) to work on /usr/local/lib/python3.11/site-packages/airflow/example_dags/example_bash_operator.py
[2024-10-30T09:12:51.558+0000] {processor.py:914} INFO - Processing file /usr/local/lib/python3.11/site-packages/airflow/example_dags/example_bash_operator.py for tasks to queue
[2024-10-30T09:12:51.561+0000] {logging_mixin.py:190} INFO - [2024-10-30T09:12:51.560+0000] {dagbag.py:588} INFO - Filling up the DagBag from /usr/local/lib/python3.11/site-packages/airflow/example_dags/example_bash_operator.py
[2024-10-30T09:12:51.572+0000] {processor.py:925} INFO - DAG(s) 'example_bash_operator' retrieved from /usr/local/lib/python3.11/site-packages/airflow/example_dags/example_bash_operator.py
[2024-10-30T09:12:51.601+0000] {logging_mixin.py:190} INFO - [2024-10-30T09:12:51.601+0000] {dag.py:3239} INFO - Sync 1 DAGs
[2024-10-30T09:12:51.626+0000] {logging_mixin.py:190} INFO - [2024-10-30T09:12:51.625+0000] {dag.py:4180} INFO - Setting next_dagrun for example_bash_operator to 2024-10-29 00:00:00+00:00, run_after=2024-10-30 00:00:00+00:00
[2024-10-30T09:12:51.681+0000] {processor.py:208} INFO - Processing /usr/local/lib/python3.11/site-packages/airflow/example_dags/example_bash_operator.py took 0.129 seconds
[2024-10-30T09:13:55.504+0000] {processor.py:186} INFO - Started process (PID=6486) to work on /usr/local/lib/python3.11/site-packages/airflow/example_dags/example_bash_operator.py
[2024-10-30T09:13:55.505+0000] {processor.py:914} INFO - Processing file /usr/local/lib/python3.11/site-packages/airflow/example_dags/example_bash_operator.py for tasks to queue
[2024-10-30T09:13:55.507+0000] {logging_mixin.py:190} INFO - [2024-10-30T09:13:55.507+0000] {dagbag.py:588} INFO - Filling up the DagBag from /usr/local/lib/python3.11/site-packages/airflow/example_dags/example_bash_operator.py
[2024-10-30T09:13:55.519+0000] {processor.py:925} INFO - DAG(s) 'example_bash_operator' retrieved from /usr/local/lib/python3.11/site-packages/airflow/example_dags/example_bash_operator.py
[2024-10-30T09:13:55.551+0000] {logging_mixin.py:190} INFO - [2024-10-30T09:13:55.551+0000] {dag.py:3239} INFO - Sync 1 DAGs
[2024-10-30T09:13:55.574+0000] {logging_mixin.py:190} INFO - [2024-10-30T09:13:55.574+0000] {dag.py:4180} INFO - Setting next_dagrun for example_bash_operator to 2024-10-29 00:00:00+00:00, run_after=2024-10-30 00:00:00+00:00
[2024-10-30T09:13:55.628+0000] {processor.py:208} INFO - Processing /usr/local/lib/python3.11/site-packages/airflow/example_dags/example_bash_operator.py took 0.129 seconds
