[2024-10-30T09:09:20.810+0000] {processor.py:186} INFO - Started process (PID=3846) to work on /usr/local/lib/python3.11/site-packages/airflow/example_dags/example_python_operator.py
[2024-10-30T09:09:20.812+0000] {processor.py:914} INFO - Processing file /usr/local/lib/python3.11/site-packages/airflow/example_dags/example_python_operator.py for tasks to queue
[2024-10-30T09:09:20.814+0000] {logging_mixin.py:190} INFO - [2024-10-30T09:09:20.814+0000] {dagbag.py:588} INFO - Filling up the DagBag from /usr/local/lib/python3.11/site-packages/airflow/example_dags/example_python_operator.py
[2024-10-30T09:09:20.823+0000] {logging_mixin.py:190} INFO - [2024-10-30T09:09:20.823+0000] {example_python_operator.py:93} WARNING - The virtalenv_python example task requires virtualenv, please install it.
[2024-10-30T09:09:20.825+0000] {processor.py:925} INFO - DAG(s) 'example_python_operator' retrieved from /usr/local/lib/python3.11/site-packages/airflow/example_dags/example_python_operator.py
[2024-10-30T09:09:21.008+0000] {logging_mixin.py:190} INFO - [2024-10-30T09:09:21.007+0000] {override.py:1907} INFO - Created Permission View: can delete on DAG:example_python_operator
[2024-10-30T09:09:21.030+0000] {logging_mixin.py:190} INFO - [2024-10-30T09:09:21.029+0000] {override.py:1907} INFO - Created Permission View: can read on DAG:example_python_operator
[2024-10-30T09:09:21.049+0000] {logging_mixin.py:190} INFO - [2024-10-30T09:09:21.049+0000] {override.py:1907} INFO - Created Permission View: can edit on DAG:example_python_operator
[2024-10-30T09:09:21.081+0000] {logging_mixin.py:190} INFO - [2024-10-30T09:09:21.081+0000] {override.py:1907} INFO - Created Permission View: can delete on DAG Run:example_python_operator
[2024-10-30T09:09:21.107+0000] {logging_mixin.py:190} INFO - [2024-10-30T09:09:21.107+0000] {override.py:1907} INFO - Created Permission View: can create on DAG Run:example_python_operator
[2024-10-30T09:09:21.128+0000] {logging_mixin.py:190} INFO - [2024-10-30T09:09:21.128+0000] {override.py:1907} INFO - Created Permission View: menu access on DAG Run:example_python_operator
[2024-10-30T09:09:21.147+0000] {logging_mixin.py:190} INFO - [2024-10-30T09:09:21.147+0000] {override.py:1907} INFO - Created Permission View: can read on DAG Run:example_python_operator
[2024-10-30T09:09:21.148+0000] {logging_mixin.py:190} INFO - [2024-10-30T09:09:21.148+0000] {dag.py:3239} INFO - Sync 1 DAGs
[2024-10-30T09:09:21.159+0000] {logging_mixin.py:190} INFO - [2024-10-30T09:09:21.159+0000] {dag.py:3262} INFO - Creating ORM DAG for example_python_operator
[2024-10-30T09:09:21.159+0000] {logging_mixin.py:190} INFO - [2024-10-30T09:09:21.159+0000] {dag.py:4180} INFO - Setting next_dagrun for example_python_operator to None, run_after=None
[2024-10-30T09:09:21.198+0000] {processor.py:208} INFO - Processing /usr/local/lib/python3.11/site-packages/airflow/example_dags/example_python_operator.py took 0.392 seconds
[2024-10-30T09:10:29.668+0000] {processor.py:186} INFO - Started process (PID=4363) to work on /usr/local/lib/python3.11/site-packages/airflow/example_dags/example_python_operator.py
[2024-10-30T09:10:29.669+0000] {processor.py:914} INFO - Processing file /usr/local/lib/python3.11/site-packages/airflow/example_dags/example_python_operator.py for tasks to queue
[2024-10-30T09:10:29.670+0000] {logging_mixin.py:190} INFO - [2024-10-30T09:10:29.670+0000] {dagbag.py:588} INFO - Filling up the DagBag from /usr/local/lib/python3.11/site-packages/airflow/example_dags/example_python_operator.py
[2024-10-30T09:10:29.677+0000] {logging_mixin.py:190} INFO - [2024-10-30T09:10:29.676+0000] {example_python_operator.py:93} WARNING - The virtalenv_python example task requires virtualenv, please install it.
[2024-10-30T09:10:29.679+0000] {processor.py:925} INFO - DAG(s) 'example_python_operator' retrieved from /usr/local/lib/python3.11/site-packages/airflow/example_dags/example_python_operator.py
[2024-10-30T09:10:29.699+0000] {logging_mixin.py:190} INFO - [2024-10-30T09:10:29.699+0000] {dag.py:3239} INFO - Sync 1 DAGs
[2024-10-30T09:10:29.711+0000] {logging_mixin.py:190} INFO - [2024-10-30T09:10:29.711+0000] {dag.py:4180} INFO - Setting next_dagrun for example_python_operator to None, run_after=None
[2024-10-30T09:10:29.750+0000] {processor.py:208} INFO - Processing /usr/local/lib/python3.11/site-packages/airflow/example_dags/example_python_operator.py took 0.087 seconds
[2024-10-30T09:11:28.012+0000] {processor.py:186} INFO - Started process (PID=4852) to work on /usr/local/lib/python3.11/site-packages/airflow/example_dags/example_python_operator.py
[2024-10-30T09:11:28.013+0000] {processor.py:914} INFO - Processing file /usr/local/lib/python3.11/site-packages/airflow/example_dags/example_python_operator.py for tasks to queue
[2024-10-30T09:11:28.015+0000] {logging_mixin.py:190} INFO - [2024-10-30T09:11:28.015+0000] {dagbag.py:588} INFO - Filling up the DagBag from /usr/local/lib/python3.11/site-packages/airflow/example_dags/example_python_operator.py
[2024-10-30T09:11:28.022+0000] {logging_mixin.py:190} INFO - [2024-10-30T09:11:28.022+0000] {example_python_operator.py:93} WARNING - The virtalenv_python example task requires virtualenv, please install it.
[2024-10-30T09:11:28.024+0000] {processor.py:925} INFO - DAG(s) 'example_python_operator' retrieved from /usr/local/lib/python3.11/site-packages/airflow/example_dags/example_python_operator.py
[2024-10-30T09:11:28.045+0000] {logging_mixin.py:190} INFO - [2024-10-30T09:11:28.045+0000] {dag.py:3239} INFO - Sync 1 DAGs
[2024-10-30T09:11:28.058+0000] {logging_mixin.py:190} INFO - [2024-10-30T09:11:28.058+0000] {dag.py:4180} INFO - Setting next_dagrun for example_python_operator to None, run_after=None
[2024-10-30T09:11:28.101+0000] {processor.py:208} INFO - Processing /usr/local/lib/python3.11/site-packages/airflow/example_dags/example_python_operator.py took 0.094 seconds
[2024-10-30T09:12:28.481+0000] {processor.py:186} INFO - Started process (PID=5344) to work on /usr/local/lib/python3.11/site-packages/airflow/example_dags/example_python_operator.py
[2024-10-30T09:12:28.481+0000] {processor.py:914} INFO - Processing file /usr/local/lib/python3.11/site-packages/airflow/example_dags/example_python_operator.py for tasks to queue
[2024-10-30T09:12:28.483+0000] {logging_mixin.py:190} INFO - [2024-10-30T09:12:28.483+0000] {dagbag.py:588} INFO - Filling up the DagBag from /usr/local/lib/python3.11/site-packages/airflow/example_dags/example_python_operator.py
[2024-10-30T09:12:28.489+0000] {logging_mixin.py:190} INFO - [2024-10-30T09:12:28.489+0000] {example_python_operator.py:93} WARNING - The virtalenv_python example task requires virtualenv, please install it.
[2024-10-30T09:12:28.491+0000] {processor.py:925} INFO - DAG(s) 'example_python_operator' retrieved from /usr/local/lib/python3.11/site-packages/airflow/example_dags/example_python_operator.py
[2024-10-30T09:12:28.511+0000] {logging_mixin.py:190} INFO - [2024-10-30T09:12:28.511+0000] {dag.py:3239} INFO - Sync 1 DAGs
[2024-10-30T09:12:28.524+0000] {logging_mixin.py:190} INFO - [2024-10-30T09:12:28.523+0000] {dag.py:4180} INFO - Setting next_dagrun for example_python_operator to None, run_after=None
[2024-10-30T09:12:28.566+0000] {processor.py:208} INFO - Processing /usr/local/lib/python3.11/site-packages/airflow/example_dags/example_python_operator.py took 0.090 seconds
[2024-10-30T09:13:28.233+0000] {processor.py:186} INFO - Started process (PID=6114) to work on /usr/local/lib/python3.11/site-packages/airflow/example_dags/example_python_operator.py
[2024-10-30T09:13:28.234+0000] {processor.py:914} INFO - Processing file /usr/local/lib/python3.11/site-packages/airflow/example_dags/example_python_operator.py for tasks to queue
[2024-10-30T09:13:28.236+0000] {logging_mixin.py:190} INFO - [2024-10-30T09:13:28.235+0000] {dagbag.py:588} INFO - Filling up the DagBag from /usr/local/lib/python3.11/site-packages/airflow/example_dags/example_python_operator.py
[2024-10-30T09:13:28.242+0000] {logging_mixin.py:190} INFO - [2024-10-30T09:13:28.242+0000] {example_python_operator.py:93} WARNING - The virtalenv_python example task requires virtualenv, please install it.
[2024-10-30T09:13:28.244+0000] {processor.py:925} INFO - DAG(s) 'example_python_operator' retrieved from /usr/local/lib/python3.11/site-packages/airflow/example_dags/example_python_operator.py
[2024-10-30T09:13:28.265+0000] {logging_mixin.py:190} INFO - [2024-10-30T09:13:28.265+0000] {dag.py:3239} INFO - Sync 1 DAGs
[2024-10-30T09:13:28.280+0000] {logging_mixin.py:190} INFO - [2024-10-30T09:13:28.280+0000] {dag.py:4180} INFO - Setting next_dagrun for example_python_operator to None, run_after=None
[2024-10-30T09:13:28.352+0000] {processor.py:208} INFO - Processing /usr/local/lib/python3.11/site-packages/airflow/example_dags/example_python_operator.py took 0.124 seconds
[2024-10-30T09:14:32.938+0000] {processor.py:186} INFO - Started process (PID=6621) to work on /usr/local/lib/python3.11/site-packages/airflow/example_dags/example_python_operator.py
[2024-10-30T09:14:32.940+0000] {processor.py:914} INFO - Processing file /usr/local/lib/python3.11/site-packages/airflow/example_dags/example_python_operator.py for tasks to queue
[2024-10-30T09:14:32.942+0000] {logging_mixin.py:190} INFO - [2024-10-30T09:14:32.942+0000] {dagbag.py:588} INFO - Filling up the DagBag from /usr/local/lib/python3.11/site-packages/airflow/example_dags/example_python_operator.py
[2024-10-30T09:14:32.948+0000] {logging_mixin.py:190} INFO - [2024-10-30T09:14:32.947+0000] {example_python_operator.py:93} WARNING - The virtalenv_python example task requires virtualenv, please install it.
[2024-10-30T09:14:32.950+0000] {processor.py:925} INFO - DAG(s) 'example_python_operator' retrieved from /usr/local/lib/python3.11/site-packages/airflow/example_dags/example_python_operator.py
[2024-10-30T09:14:32.976+0000] {logging_mixin.py:190} INFO - [2024-10-30T09:14:32.976+0000] {dag.py:3239} INFO - Sync 1 DAGs
[2024-10-30T09:14:32.989+0000] {logging_mixin.py:190} INFO - [2024-10-30T09:14:32.989+0000] {dag.py:4180} INFO - Setting next_dagrun for example_python_operator to None, run_after=None
[2024-10-30T09:14:33.045+0000] {processor.py:208} INFO - Processing /usr/local/lib/python3.11/site-packages/airflow/example_dags/example_python_operator.py took 0.112 seconds
