[2024-10-30T09:09:31.597+0000] {processor.py:186} INFO - Started process (PID=3879) to work on /usr/local/lib/python3.11/site-packages/airflow/example_dags/example_setup_teardown_taskflow.py
[2024-10-30T09:09:31.598+0000] {processor.py:914} INFO - Processing file /usr/local/lib/python3.11/site-packages/airflow/example_dags/example_setup_teardown_taskflow.py for tasks to queue
[2024-10-30T09:09:31.599+0000] {logging_mixin.py:190} INFO - [2024-10-30T09:09:31.599+0000] {dagbag.py:588} INFO - Filling up the DagBag from /usr/local/lib/python3.11/site-packages/airflow/example_dags/example_setup_teardown_taskflow.py
[2024-10-30T09:09:31.609+0000] {processor.py:925} INFO - DAG(s) 'example_setup_teardown_taskflow' retrieved from /usr/local/lib/python3.11/site-packages/airflow/example_dags/example_setup_teardown_taskflow.py
[2024-10-30T09:09:31.792+0000] {logging_mixin.py:190} INFO - [2024-10-30T09:09:31.792+0000] {override.py:1907} INFO - Created Permission View: can delete on DAG:example_setup_teardown_taskflow
[2024-10-30T09:09:31.815+0000] {logging_mixin.py:190} INFO - [2024-10-30T09:09:31.815+0000] {override.py:1907} INFO - Created Permission View: can read on DAG:example_setup_teardown_taskflow
[2024-10-30T09:09:31.835+0000] {logging_mixin.py:190} INFO - [2024-10-30T09:09:31.835+0000] {override.py:1907} INFO - Created Permission View: can edit on DAG:example_setup_teardown_taskflow
[2024-10-30T09:09:31.869+0000] {logging_mixin.py:190} INFO - [2024-10-30T09:09:31.869+0000] {override.py:1907} INFO - Created Permission View: can delete on DAG Run:example_setup_teardown_taskflow
[2024-10-30T09:09:31.890+0000] {logging_mixin.py:190} INFO - [2024-10-30T09:09:31.889+0000] {override.py:1907} INFO - Created Permission View: can create on DAG Run:example_setup_teardown_taskflow
[2024-10-30T09:09:31.909+0000] {logging_mixin.py:190} INFO - [2024-10-30T09:09:31.909+0000] {override.py:1907} INFO - Created Permission View: menu access on DAG Run:example_setup_teardown_taskflow
[2024-10-30T09:09:31.929+0000] {logging_mixin.py:190} INFO - [2024-10-30T09:09:31.928+0000] {override.py:1907} INFO - Created Permission View: can read on DAG Run:example_setup_teardown_taskflow
[2024-10-30T09:09:31.929+0000] {logging_mixin.py:190} INFO - [2024-10-30T09:09:31.929+0000] {dag.py:3239} INFO - Sync 1 DAGs
[2024-10-30T09:09:31.941+0000] {logging_mixin.py:190} INFO - [2024-10-30T09:09:31.940+0000] {dag.py:3262} INFO - Creating ORM DAG for example_setup_teardown_taskflow
[2024-10-30T09:09:31.941+0000] {logging_mixin.py:190} INFO - [2024-10-30T09:09:31.941+0000] {dag.py:4180} INFO - Setting next_dagrun for example_setup_teardown_taskflow to None, run_after=None
[2024-10-30T09:09:31.975+0000] {processor.py:208} INFO - Processing /usr/local/lib/python3.11/site-packages/airflow/example_dags/example_setup_teardown_taskflow.py took 0.383 seconds
[2024-10-30T09:10:40.549+0000] {processor.py:186} INFO - Started process (PID=4686) to work on /usr/local/lib/python3.11/site-packages/airflow/example_dags/example_setup_teardown_taskflow.py
[2024-10-30T09:10:40.550+0000] {processor.py:914} INFO - Processing file /usr/local/lib/python3.11/site-packages/airflow/example_dags/example_setup_teardown_taskflow.py for tasks to queue
[2024-10-30T09:10:40.553+0000] {logging_mixin.py:190} INFO - [2024-10-30T09:10:40.552+0000] {dagbag.py:588} INFO - Filling up the DagBag from /usr/local/lib/python3.11/site-packages/airflow/example_dags/example_setup_teardown_taskflow.py
[2024-10-30T09:10:40.563+0000] {processor.py:925} INFO - DAG(s) 'example_setup_teardown_taskflow' retrieved from /usr/local/lib/python3.11/site-packages/airflow/example_dags/example_setup_teardown_taskflow.py
[2024-10-30T09:10:40.585+0000] {logging_mixin.py:190} INFO - [2024-10-30T09:10:40.584+0000] {dag.py:3239} INFO - Sync 1 DAGs
[2024-10-30T09:10:40.597+0000] {logging_mixin.py:190} INFO - [2024-10-30T09:10:40.596+0000] {dag.py:4180} INFO - Setting next_dagrun for example_setup_teardown_taskflow to None, run_after=None
[2024-10-30T09:10:40.646+0000] {processor.py:208} INFO - Processing /usr/local/lib/python3.11/site-packages/airflow/example_dags/example_setup_teardown_taskflow.py took 0.101 seconds
[2024-10-30T09:11:41.494+0000] {processor.py:186} INFO - Started process (PID=5178) to work on /usr/local/lib/python3.11/site-packages/airflow/example_dags/example_setup_teardown_taskflow.py
[2024-10-30T09:11:41.495+0000] {processor.py:914} INFO - Processing file /usr/local/lib/python3.11/site-packages/airflow/example_dags/example_setup_teardown_taskflow.py for tasks to queue
[2024-10-30T09:11:41.496+0000] {logging_mixin.py:190} INFO - [2024-10-30T09:11:41.496+0000] {dagbag.py:588} INFO - Filling up the DagBag from /usr/local/lib/python3.11/site-packages/airflow/example_dags/example_setup_teardown_taskflow.py
[2024-10-30T09:11:41.506+0000] {processor.py:925} INFO - DAG(s) 'example_setup_teardown_taskflow' retrieved from /usr/local/lib/python3.11/site-packages/airflow/example_dags/example_setup_teardown_taskflow.py
[2024-10-30T09:11:41.528+0000] {logging_mixin.py:190} INFO - [2024-10-30T09:11:41.528+0000] {dag.py:3239} INFO - Sync 1 DAGs
[2024-10-30T09:11:41.539+0000] {logging_mixin.py:190} INFO - [2024-10-30T09:11:41.539+0000] {dag.py:4180} INFO - Setting next_dagrun for example_setup_teardown_taskflow to None, run_after=None
[2024-10-30T09:11:41.581+0000] {processor.py:208} INFO - Processing /usr/local/lib/python3.11/site-packages/airflow/example_dags/example_setup_teardown_taskflow.py took 0.092 seconds
[2024-10-30T09:12:40.847+0000] {processor.py:186} INFO - Started process (PID=5667) to work on /usr/local/lib/python3.11/site-packages/airflow/example_dags/example_setup_teardown_taskflow.py
[2024-10-30T09:12:40.848+0000] {processor.py:914} INFO - Processing file /usr/local/lib/python3.11/site-packages/airflow/example_dags/example_setup_teardown_taskflow.py for tasks to queue
[2024-10-30T09:12:40.850+0000] {logging_mixin.py:190} INFO - [2024-10-30T09:12:40.850+0000] {dagbag.py:588} INFO - Filling up the DagBag from /usr/local/lib/python3.11/site-packages/airflow/example_dags/example_setup_teardown_taskflow.py
[2024-10-30T09:12:40.860+0000] {processor.py:925} INFO - DAG(s) 'example_setup_teardown_taskflow' retrieved from /usr/local/lib/python3.11/site-packages/airflow/example_dags/example_setup_teardown_taskflow.py
[2024-10-30T09:12:40.883+0000] {logging_mixin.py:190} INFO - [2024-10-30T09:12:40.882+0000] {dag.py:3239} INFO - Sync 1 DAGs
[2024-10-30T09:12:40.895+0000] {logging_mixin.py:190} INFO - [2024-10-30T09:12:40.895+0000] {dag.py:4180} INFO - Setting next_dagrun for example_setup_teardown_taskflow to None, run_after=None
[2024-10-30T09:12:40.942+0000] {processor.py:208} INFO - Processing /usr/local/lib/python3.11/site-packages/airflow/example_dags/example_setup_teardown_taskflow.py took 0.100 seconds
[2024-10-30T09:13:45.186+0000] {processor.py:186} INFO - Started process (PID=6452) to work on /usr/local/lib/python3.11/site-packages/airflow/example_dags/example_setup_teardown_taskflow.py
[2024-10-30T09:13:45.187+0000] {processor.py:914} INFO - Processing file /usr/local/lib/python3.11/site-packages/airflow/example_dags/example_setup_teardown_taskflow.py for tasks to queue
[2024-10-30T09:13:45.189+0000] {logging_mixin.py:190} INFO - [2024-10-30T09:13:45.189+0000] {dagbag.py:588} INFO - Filling up the DagBag from /usr/local/lib/python3.11/site-packages/airflow/example_dags/example_setup_teardown_taskflow.py
[2024-10-30T09:13:45.199+0000] {processor.py:925} INFO - DAG(s) 'example_setup_teardown_taskflow' retrieved from /usr/local/lib/python3.11/site-packages/airflow/example_dags/example_setup_teardown_taskflow.py
[2024-10-30T09:13:45.223+0000] {logging_mixin.py:190} INFO - [2024-10-30T09:13:45.222+0000] {dag.py:3239} INFO - Sync 1 DAGs
[2024-10-30T09:13:45.236+0000] {logging_mixin.py:190} INFO - [2024-10-30T09:13:45.236+0000] {dag.py:4180} INFO - Setting next_dagrun for example_setup_teardown_taskflow to None, run_after=None
[2024-10-30T09:13:45.274+0000] {processor.py:208} INFO - Processing /usr/local/lib/python3.11/site-packages/airflow/example_dags/example_setup_teardown_taskflow.py took 0.092 seconds
