[2024-10-30T09:09:29.993+0000] {processor.py:186} INFO - Started process (PID=3874) to work on /usr/local/lib/python3.11/site-packages/airflow/example_dags/example_params_trigger_ui.py
[2024-10-30T09:09:29.995+0000] {processor.py:914} INFO - Processing file /usr/local/lib/python3.11/site-packages/airflow/example_dags/example_params_trigger_ui.py for tasks to queue
[2024-10-30T09:09:29.996+0000] {logging_mixin.py:190} INFO - [2024-10-30T09:09:29.996+0000] {dagbag.py:588} INFO - Filling up the DagBag from /usr/local/lib/python3.11/site-packages/airflow/example_dags/example_params_trigger_ui.py
[2024-10-30T09:09:30.010+0000] {processor.py:925} INFO - DAG(s) 'example_params_trigger_ui' retrieved from /usr/local/lib/python3.11/site-packages/airflow/example_dags/example_params_trigger_ui.py
[2024-10-30T09:09:30.202+0000] {logging_mixin.py:190} INFO - [2024-10-30T09:09:30.201+0000] {override.py:1907} INFO - Created Permission View: can delete on DAG:example_params_trigger_ui
[2024-10-30T09:09:30.225+0000] {logging_mixin.py:190} INFO - [2024-10-30T09:09:30.225+0000] {override.py:1907} INFO - Created Permission View: can read on DAG:example_params_trigger_ui
[2024-10-30T09:09:30.245+0000] {logging_mixin.py:190} INFO - [2024-10-30T09:09:30.245+0000] {override.py:1907} INFO - Created Permission View: can edit on DAG:example_params_trigger_ui
[2024-10-30T09:09:30.276+0000] {logging_mixin.py:190} INFO - [2024-10-30T09:09:30.276+0000] {override.py:1907} INFO - Created Permission View: can delete on DAG Run:example_params_trigger_ui
[2024-10-30T09:09:30.296+0000] {logging_mixin.py:190} INFO - [2024-10-30T09:09:30.295+0000] {override.py:1907} INFO - Created Permission View: can create on DAG Run:example_params_trigger_ui
[2024-10-30T09:09:30.317+0000] {logging_mixin.py:190} INFO - [2024-10-30T09:09:30.317+0000] {override.py:1907} INFO - Created Permission View: menu access on DAG Run:example_params_trigger_ui
[2024-10-30T09:09:30.339+0000] {logging_mixin.py:190} INFO - [2024-10-30T09:09:30.338+0000] {override.py:1907} INFO - Created Permission View: can read on DAG Run:example_params_trigger_ui
[2024-10-30T09:09:30.339+0000] {logging_mixin.py:190} INFO - [2024-10-30T09:09:30.339+0000] {dag.py:3239} INFO - Sync 1 DAGs
[2024-10-30T09:09:30.351+0000] {logging_mixin.py:190} INFO - [2024-10-30T09:09:30.351+0000] {dag.py:3262} INFO - Creating ORM DAG for example_params_trigger_ui
[2024-10-30T09:09:30.352+0000] {logging_mixin.py:190} INFO - [2024-10-30T09:09:30.351+0000] {dag.py:4180} INFO - Setting next_dagrun for example_params_trigger_ui to None, run_after=None
[2024-10-30T09:09:30.385+0000] {processor.py:208} INFO - Processing /usr/local/lib/python3.11/site-packages/airflow/example_dags/example_params_trigger_ui.py took 0.396 seconds
[2024-10-30T09:10:39.274+0000] {processor.py:186} INFO - Started process (PID=4683) to work on /usr/local/lib/python3.11/site-packages/airflow/example_dags/example_params_trigger_ui.py
[2024-10-30T09:10:39.275+0000] {processor.py:914} INFO - Processing file /usr/local/lib/python3.11/site-packages/airflow/example_dags/example_params_trigger_ui.py for tasks to queue
[2024-10-30T09:10:39.277+0000] {logging_mixin.py:190} INFO - [2024-10-30T09:10:39.277+0000] {dagbag.py:588} INFO - Filling up the DagBag from /usr/local/lib/python3.11/site-packages/airflow/example_dags/example_params_trigger_ui.py
[2024-10-30T09:10:39.286+0000] {processor.py:925} INFO - DAG(s) 'example_params_trigger_ui' retrieved from /usr/local/lib/python3.11/site-packages/airflow/example_dags/example_params_trigger_ui.py
[2024-10-30T09:10:39.322+0000] {logging_mixin.py:190} INFO - [2024-10-30T09:10:39.322+0000] {dag.py:3239} INFO - Sync 1 DAGs
[2024-10-30T09:10:39.334+0000] {logging_mixin.py:190} INFO - [2024-10-30T09:10:39.334+0000] {dag.py:4180} INFO - Setting next_dagrun for example_params_trigger_ui to None, run_after=None
[2024-10-30T09:10:39.374+0000] {processor.py:208} INFO - Processing /usr/local/lib/python3.11/site-packages/airflow/example_dags/example_params_trigger_ui.py took 0.105 seconds
[2024-10-30T09:11:40.201+0000] {processor.py:186} INFO - Started process (PID=5176) to work on /usr/local/lib/python3.11/site-packages/airflow/example_dags/example_params_trigger_ui.py
[2024-10-30T09:11:40.202+0000] {processor.py:914} INFO - Processing file /usr/local/lib/python3.11/site-packages/airflow/example_dags/example_params_trigger_ui.py for tasks to queue
[2024-10-30T09:11:40.204+0000] {logging_mixin.py:190} INFO - [2024-10-30T09:11:40.203+0000] {dagbag.py:588} INFO - Filling up the DagBag from /usr/local/lib/python3.11/site-packages/airflow/example_dags/example_params_trigger_ui.py
[2024-10-30T09:11:40.213+0000] {processor.py:925} INFO - DAG(s) 'example_params_trigger_ui' retrieved from /usr/local/lib/python3.11/site-packages/airflow/example_dags/example_params_trigger_ui.py
[2024-10-30T09:11:40.251+0000] {logging_mixin.py:190} INFO - [2024-10-30T09:11:40.251+0000] {dag.py:3239} INFO - Sync 1 DAGs
[2024-10-30T09:11:40.264+0000] {logging_mixin.py:190} INFO - [2024-10-30T09:11:40.264+0000] {dag.py:4180} INFO - Setting next_dagrun for example_params_trigger_ui to None, run_after=None
[2024-10-30T09:11:40.308+0000] {processor.py:208} INFO - Processing /usr/local/lib/python3.11/site-packages/airflow/example_dags/example_params_trigger_ui.py took 0.112 seconds
[2024-10-30T09:12:39.458+0000] {processor.py:186} INFO - Started process (PID=5661) to work on /usr/local/lib/python3.11/site-packages/airflow/example_dags/example_params_trigger_ui.py
[2024-10-30T09:12:39.459+0000] {processor.py:914} INFO - Processing file /usr/local/lib/python3.11/site-packages/airflow/example_dags/example_params_trigger_ui.py for tasks to queue
[2024-10-30T09:12:39.461+0000] {logging_mixin.py:190} INFO - [2024-10-30T09:12:39.461+0000] {dagbag.py:588} INFO - Filling up the DagBag from /usr/local/lib/python3.11/site-packages/airflow/example_dags/example_params_trigger_ui.py
[2024-10-30T09:12:39.471+0000] {processor.py:925} INFO - DAG(s) 'example_params_trigger_ui' retrieved from /usr/local/lib/python3.11/site-packages/airflow/example_dags/example_params_trigger_ui.py
[2024-10-30T09:12:39.513+0000] {logging_mixin.py:190} INFO - [2024-10-30T09:12:39.513+0000] {dag.py:3239} INFO - Sync 1 DAGs
[2024-10-30T09:12:39.527+0000] {logging_mixin.py:190} INFO - [2024-10-30T09:12:39.527+0000] {dag.py:4180} INFO - Setting next_dagrun for example_params_trigger_ui to None, run_after=None
[2024-10-30T09:12:39.661+0000] {processor.py:208} INFO - Processing /usr/local/lib/python3.11/site-packages/airflow/example_dags/example_params_trigger_ui.py took 0.209 seconds
[2024-10-30T09:13:43.911+0000] {processor.py:186} INFO - Started process (PID=6446) to work on /usr/local/lib/python3.11/site-packages/airflow/example_dags/example_params_trigger_ui.py
[2024-10-30T09:13:43.912+0000] {processor.py:914} INFO - Processing file /usr/local/lib/python3.11/site-packages/airflow/example_dags/example_params_trigger_ui.py for tasks to queue
[2024-10-30T09:13:43.914+0000] {logging_mixin.py:190} INFO - [2024-10-30T09:13:43.914+0000] {dagbag.py:588} INFO - Filling up the DagBag from /usr/local/lib/python3.11/site-packages/airflow/example_dags/example_params_trigger_ui.py
[2024-10-30T09:13:43.924+0000] {processor.py:925} INFO - DAG(s) 'example_params_trigger_ui' retrieved from /usr/local/lib/python3.11/site-packages/airflow/example_dags/example_params_trigger_ui.py
[2024-10-30T09:13:43.962+0000] {logging_mixin.py:190} INFO - [2024-10-30T09:13:43.961+0000] {dag.py:3239} INFO - Sync 1 DAGs
[2024-10-30T09:13:43.974+0000] {logging_mixin.py:190} INFO - [2024-10-30T09:13:43.974+0000] {dag.py:4180} INFO - Setting next_dagrun for example_params_trigger_ui to None, run_after=None
[2024-10-30T09:13:44.025+0000] {processor.py:208} INFO - Processing /usr/local/lib/python3.11/site-packages/airflow/example_dags/example_params_trigger_ui.py took 0.120 seconds
