[2024-10-30T09:09:05.886+0000] {processor.py:186} INFO - Started process (PID=3795) to work on /usr/local/lib/python3.11/site-packages/airflow/example_dags/example_sensor_decorator.py
[2024-10-30T09:09:05.887+0000] {processor.py:914} INFO - Processing file /usr/local/lib/python3.11/site-packages/airflow/example_dags/example_sensor_decorator.py for tasks to queue
[2024-10-30T09:09:05.889+0000] {logging_mixin.py:190} INFO - [2024-10-30T09:09:05.889+0000] {dagbag.py:588} INFO - Filling up the DagBag from /usr/local/lib/python3.11/site-packages/airflow/example_dags/example_sensor_decorator.py
[2024-10-30T09:09:05.902+0000] {processor.py:925} INFO - DAG(s) 'example_sensor_decorator' retrieved from /usr/local/lib/python3.11/site-packages/airflow/example_dags/example_sensor_decorator.py
[2024-10-30T09:09:06.105+0000] {logging_mixin.py:190} INFO - [2024-10-30T09:09:06.104+0000] {override.py:1907} INFO - Created Permission View: can delete on DAG:example_sensor_decorator
[2024-10-30T09:09:06.134+0000] {logging_mixin.py:190} INFO - [2024-10-30T09:09:06.133+0000] {override.py:1907} INFO - Created Permission View: can read on DAG:example_sensor_decorator
[2024-10-30T09:09:06.155+0000] {logging_mixin.py:190} INFO - [2024-10-30T09:09:06.154+0000] {override.py:1907} INFO - Created Permission View: can edit on DAG:example_sensor_decorator
[2024-10-30T09:09:06.186+0000] {logging_mixin.py:190} INFO - [2024-10-30T09:09:06.186+0000] {override.py:1907} INFO - Created Permission View: can delete on DAG Run:example_sensor_decorator
[2024-10-30T09:09:06.206+0000] {logging_mixin.py:190} INFO - [2024-10-30T09:09:06.205+0000] {override.py:1907} INFO - Created Permission View: can create on DAG Run:example_sensor_decorator
[2024-10-30T09:09:06.225+0000] {logging_mixin.py:190} INFO - [2024-10-30T09:09:06.225+0000] {override.py:1907} INFO - Created Permission View: menu access on DAG Run:example_sensor_decorator
[2024-10-30T09:09:06.244+0000] {logging_mixin.py:190} INFO - [2024-10-30T09:09:06.244+0000] {override.py:1907} INFO - Created Permission View: can read on DAG Run:example_sensor_decorator
[2024-10-30T09:09:06.245+0000] {logging_mixin.py:190} INFO - [2024-10-30T09:09:06.245+0000] {dag.py:3239} INFO - Sync 1 DAGs
[2024-10-30T09:09:06.258+0000] {logging_mixin.py:190} INFO - [2024-10-30T09:09:06.258+0000] {dag.py:3262} INFO - Creating ORM DAG for example_sensor_decorator
[2024-10-30T09:09:06.258+0000] {logging_mixin.py:190} INFO - [2024-10-30T09:09:06.258+0000] {dag.py:4180} INFO - Setting next_dagrun for example_sensor_decorator to None, run_after=None
[2024-10-30T09:09:06.294+0000] {processor.py:208} INFO - Processing /usr/local/lib/python3.11/site-packages/airflow/example_dags/example_sensor_decorator.py took 0.414 seconds
[2024-10-30T09:10:18.087+0000] {processor.py:186} INFO - Started process (PID=4326) to work on /usr/local/lib/python3.11/site-packages/airflow/example_dags/example_sensor_decorator.py
[2024-10-30T09:10:18.088+0000] {processor.py:914} INFO - Processing file /usr/local/lib/python3.11/site-packages/airflow/example_dags/example_sensor_decorator.py for tasks to queue
[2024-10-30T09:10:18.089+0000] {logging_mixin.py:190} INFO - [2024-10-30T09:10:18.089+0000] {dagbag.py:588} INFO - Filling up the DagBag from /usr/local/lib/python3.11/site-packages/airflow/example_dags/example_sensor_decorator.py
[2024-10-30T09:10:18.096+0000] {processor.py:925} INFO - DAG(s) 'example_sensor_decorator' retrieved from /usr/local/lib/python3.11/site-packages/airflow/example_dags/example_sensor_decorator.py
[2024-10-30T09:10:18.114+0000] {logging_mixin.py:190} INFO - [2024-10-30T09:10:18.114+0000] {dag.py:3239} INFO - Sync 1 DAGs
[2024-10-30T09:10:18.126+0000] {logging_mixin.py:190} INFO - [2024-10-30T09:10:18.126+0000] {dag.py:4180} INFO - Setting next_dagrun for example_sensor_decorator to None, run_after=None
[2024-10-30T09:10:18.174+0000] {processor.py:208} INFO - Processing /usr/local/lib/python3.11/site-packages/airflow/example_dags/example_sensor_decorator.py took 0.092 seconds
[2024-10-30T09:11:16.419+0000] {processor.py:186} INFO - Started process (PID=4812) to work on /usr/local/lib/python3.11/site-packages/airflow/example_dags/example_sensor_decorator.py
[2024-10-30T09:11:16.420+0000] {processor.py:914} INFO - Processing file /usr/local/lib/python3.11/site-packages/airflow/example_dags/example_sensor_decorator.py for tasks to queue
[2024-10-30T09:11:16.421+0000] {logging_mixin.py:190} INFO - [2024-10-30T09:11:16.421+0000] {dagbag.py:588} INFO - Filling up the DagBag from /usr/local/lib/python3.11/site-packages/airflow/example_dags/example_sensor_decorator.py
[2024-10-30T09:11:16.428+0000] {processor.py:925} INFO - DAG(s) 'example_sensor_decorator' retrieved from /usr/local/lib/python3.11/site-packages/airflow/example_dags/example_sensor_decorator.py
[2024-10-30T09:11:16.445+0000] {logging_mixin.py:190} INFO - [2024-10-30T09:11:16.445+0000] {dag.py:3239} INFO - Sync 1 DAGs
[2024-10-30T09:11:16.458+0000] {logging_mixin.py:190} INFO - [2024-10-30T09:11:16.457+0000] {dag.py:4180} INFO - Setting next_dagrun for example_sensor_decorator to None, run_after=None
[2024-10-30T09:11:16.507+0000] {processor.py:208} INFO - Processing /usr/local/lib/python3.11/site-packages/airflow/example_dags/example_sensor_decorator.py took 0.093 seconds
[2024-10-30T09:12:17.185+0000] {processor.py:186} INFO - Started process (PID=5305) to work on /usr/local/lib/python3.11/site-packages/airflow/example_dags/example_sensor_decorator.py
[2024-10-30T09:12:17.186+0000] {processor.py:914} INFO - Processing file /usr/local/lib/python3.11/site-packages/airflow/example_dags/example_sensor_decorator.py for tasks to queue
[2024-10-30T09:12:17.189+0000] {logging_mixin.py:190} INFO - [2024-10-30T09:12:17.188+0000] {dagbag.py:588} INFO - Filling up the DagBag from /usr/local/lib/python3.11/site-packages/airflow/example_dags/example_sensor_decorator.py
[2024-10-30T09:12:17.196+0000] {processor.py:925} INFO - DAG(s) 'example_sensor_decorator' retrieved from /usr/local/lib/python3.11/site-packages/airflow/example_dags/example_sensor_decorator.py
[2024-10-30T09:12:17.224+0000] {logging_mixin.py:190} INFO - [2024-10-30T09:12:17.224+0000] {dag.py:3239} INFO - Sync 1 DAGs
[2024-10-30T09:12:17.238+0000] {logging_mixin.py:190} INFO - [2024-10-30T09:12:17.238+0000] {dag.py:4180} INFO - Setting next_dagrun for example_sensor_decorator to None, run_after=None
[2024-10-30T09:12:17.327+0000] {processor.py:208} INFO - Processing /usr/local/lib/python3.11/site-packages/airflow/example_dags/example_sensor_decorator.py took 0.147 seconds
[2024-10-30T09:13:18.337+0000] {processor.py:186} INFO - Started process (PID=5797) to work on /usr/local/lib/python3.11/site-packages/airflow/example_dags/example_sensor_decorator.py
[2024-10-30T09:13:18.338+0000] {processor.py:914} INFO - Processing file /usr/local/lib/python3.11/site-packages/airflow/example_dags/example_sensor_decorator.py for tasks to queue
[2024-10-30T09:13:18.340+0000] {logging_mixin.py:190} INFO - [2024-10-30T09:13:18.340+0000] {dagbag.py:588} INFO - Filling up the DagBag from /usr/local/lib/python3.11/site-packages/airflow/example_dags/example_sensor_decorator.py
[2024-10-30T09:13:18.347+0000] {processor.py:925} INFO - DAG(s) 'example_sensor_decorator' retrieved from /usr/local/lib/python3.11/site-packages/airflow/example_dags/example_sensor_decorator.py
[2024-10-30T09:13:18.370+0000] {logging_mixin.py:190} INFO - [2024-10-30T09:13:18.369+0000] {dag.py:3239} INFO - Sync 1 DAGs
[2024-10-30T09:13:18.384+0000] {logging_mixin.py:190} INFO - [2024-10-30T09:13:18.384+0000] {dag.py:4180} INFO - Setting next_dagrun for example_sensor_decorator to None, run_after=None
[2024-10-30T09:13:18.433+0000] {processor.py:208} INFO - Processing /usr/local/lib/python3.11/site-packages/airflow/example_dags/example_sensor_decorator.py took 0.101 seconds
[2024-10-30T09:14:21.878+0000] {processor.py:186} INFO - Started process (PID=6581) to work on /usr/local/lib/python3.11/site-packages/airflow/example_dags/example_sensor_decorator.py
[2024-10-30T09:14:21.879+0000] {processor.py:914} INFO - Processing file /usr/local/lib/python3.11/site-packages/airflow/example_dags/example_sensor_decorator.py for tasks to queue
[2024-10-30T09:14:21.881+0000] {logging_mixin.py:190} INFO - [2024-10-30T09:14:21.881+0000] {dagbag.py:588} INFO - Filling up the DagBag from /usr/local/lib/python3.11/site-packages/airflow/example_dags/example_sensor_decorator.py
[2024-10-30T09:14:21.888+0000] {processor.py:925} INFO - DAG(s) 'example_sensor_decorator' retrieved from /usr/local/lib/python3.11/site-packages/airflow/example_dags/example_sensor_decorator.py
[2024-10-30T09:14:21.907+0000] {logging_mixin.py:190} INFO - [2024-10-30T09:14:21.907+0000] {dag.py:3239} INFO - Sync 1 DAGs
[2024-10-30T09:14:21.920+0000] {logging_mixin.py:190} INFO - [2024-10-30T09:14:21.920+0000] {dag.py:4180} INFO - Setting next_dagrun for example_sensor_decorator to None, run_after=None
[2024-10-30T09:14:21.963+0000] {processor.py:208} INFO - Processing /usr/local/lib/python3.11/site-packages/airflow/example_dags/example_sensor_decorator.py took 0.090 seconds
