[2024-10-30T09:08:41.064+0000] {processor.py:186} INFO - Started process (PID=2201) to work on /usr/local/lib/python3.11/site-packages/airflow/example_dags/example_task_group.py
[2024-10-30T09:08:41.065+0000] {processor.py:914} INFO - Processing file /usr/local/lib/python3.11/site-packages/airflow/example_dags/example_task_group.py for tasks to queue
[2024-10-30T09:08:41.068+0000] {logging_mixin.py:190} INFO - [2024-10-30T09:08:41.067+0000] {dagbag.py:588} INFO - Filling up the DagBag from /usr/local/lib/python3.11/site-packages/airflow/example_dags/example_task_group.py
[2024-10-30T09:08:41.076+0000] {processor.py:925} INFO - DAG(s) 'example_task_group' retrieved from /usr/local/lib/python3.11/site-packages/airflow/example_dags/example_task_group.py
[2024-10-30T09:08:41.265+0000] {logging_mixin.py:190} INFO - [2024-10-30T09:08:41.264+0000] {override.py:1907} INFO - Created Permission View: can delete on DAG:example_task_group
[2024-10-30T09:08:41.294+0000] {logging_mixin.py:190} INFO - [2024-10-30T09:08:41.294+0000] {override.py:1907} INFO - Created Permission View: can read on DAG:example_task_group
[2024-10-30T09:08:41.321+0000] {logging_mixin.py:190} INFO - [2024-10-30T09:08:41.320+0000] {override.py:1907} INFO - Created Permission View: can edit on DAG:example_task_group
[2024-10-30T09:08:41.361+0000] {logging_mixin.py:190} INFO - [2024-10-30T09:08:41.361+0000] {override.py:1907} INFO - Created Permission View: can delete on DAG Run:example_task_group
[2024-10-30T09:08:41.386+0000] {logging_mixin.py:190} INFO - [2024-10-30T09:08:41.385+0000] {override.py:1907} INFO - Created Permission View: can create on DAG Run:example_task_group
[2024-10-30T09:08:41.410+0000] {logging_mixin.py:190} INFO - [2024-10-30T09:08:41.410+0000] {override.py:1907} INFO - Created Permission View: menu access on DAG Run:example_task_group
[2024-10-30T09:08:41.443+0000] {logging_mixin.py:190} INFO - [2024-10-30T09:08:41.443+0000] {override.py:1907} INFO - Created Permission View: can read on DAG Run:example_task_group
[2024-10-30T09:08:41.444+0000] {logging_mixin.py:190} INFO - [2024-10-30T09:08:41.444+0000] {dag.py:3239} INFO - Sync 1 DAGs
[2024-10-30T09:08:41.456+0000] {logging_mixin.py:190} INFO - [2024-10-30T09:08:41.456+0000] {dag.py:3262} INFO - Creating ORM DAG for example_task_group
[2024-10-30T09:08:41.457+0000] {logging_mixin.py:190} INFO - [2024-10-30T09:08:41.457+0000] {dag.py:4180} INFO - Setting next_dagrun for example_task_group to None, run_after=None
[2024-10-30T09:08:41.510+0000] {processor.py:208} INFO - Processing /usr/local/lib/python3.11/site-packages/airflow/example_dags/example_task_group.py took 0.451 seconds
[2024-10-30T09:09:59.745+0000] {processor.py:186} INFO - Started process (PID=4258) to work on /usr/local/lib/python3.11/site-packages/airflow/example_dags/example_task_group.py
[2024-10-30T09:09:59.746+0000] {processor.py:914} INFO - Processing file /usr/local/lib/python3.11/site-packages/airflow/example_dags/example_task_group.py for tasks to queue
[2024-10-30T09:09:59.749+0000] {logging_mixin.py:190} INFO - [2024-10-30T09:09:59.749+0000] {dagbag.py:588} INFO - Filling up the DagBag from /usr/local/lib/python3.11/site-packages/airflow/example_dags/example_task_group.py
[2024-10-30T09:09:59.758+0000] {processor.py:925} INFO - DAG(s) 'example_task_group' retrieved from /usr/local/lib/python3.11/site-packages/airflow/example_dags/example_task_group.py
[2024-10-30T09:09:59.778+0000] {logging_mixin.py:190} INFO - [2024-10-30T09:09:59.778+0000] {dag.py:3239} INFO - Sync 1 DAGs
[2024-10-30T09:09:59.791+0000] {logging_mixin.py:190} INFO - [2024-10-30T09:09:59.791+0000] {dag.py:4180} INFO - Setting next_dagrun for example_task_group to None, run_after=None
[2024-10-30T09:09:59.836+0000] {processor.py:208} INFO - Processing /usr/local/lib/python3.11/site-packages/airflow/example_dags/example_task_group.py took 0.096 seconds
[2024-10-30T09:10:35.245+0000] {processor.py:186} INFO - Started process (PID=4388) to work on /usr/local/lib/python3.11/site-packages/airflow/example_dags/example_task_group.py
[2024-10-30T09:10:35.246+0000] {processor.py:914} INFO - Processing file /usr/local/lib/python3.11/site-packages/airflow/example_dags/example_task_group.py for tasks to queue
[2024-10-30T09:10:35.248+0000] {logging_mixin.py:190} INFO - [2024-10-30T09:10:35.248+0000] {dagbag.py:588} INFO - Filling up the DagBag from /usr/local/lib/python3.11/site-packages/airflow/example_dags/example_task_group.py
[2024-10-30T09:10:35.256+0000] {processor.py:925} INFO - DAG(s) 'example_task_group' retrieved from /usr/local/lib/python3.11/site-packages/airflow/example_dags/example_task_group.py
[2024-10-30T09:10:35.276+0000] {logging_mixin.py:190} INFO - [2024-10-30T09:10:35.276+0000] {dag.py:3239} INFO - Sync 1 DAGs
[2024-10-30T09:10:35.291+0000] {logging_mixin.py:190} INFO - [2024-10-30T09:10:35.290+0000] {dag.py:4180} INFO - Setting next_dagrun for example_task_group to None, run_after=None
[2024-10-30T09:10:35.334+0000] {processor.py:208} INFO - Processing /usr/local/lib/python3.11/site-packages/airflow/example_dags/example_task_group.py took 0.094 seconds
[2024-10-30T09:11:32.211+0000] {processor.py:186} INFO - Started process (PID=4870) to work on /usr/local/lib/python3.11/site-packages/airflow/example_dags/example_task_group.py
[2024-10-30T09:11:32.212+0000] {processor.py:914} INFO - Processing file /usr/local/lib/python3.11/site-packages/airflow/example_dags/example_task_group.py for tasks to queue
[2024-10-30T09:11:32.215+0000] {logging_mixin.py:190} INFO - [2024-10-30T09:11:32.214+0000] {dagbag.py:588} INFO - Filling up the DagBag from /usr/local/lib/python3.11/site-packages/airflow/example_dags/example_task_group.py
[2024-10-30T09:11:32.222+0000] {processor.py:925} INFO - DAG(s) 'example_task_group' retrieved from /usr/local/lib/python3.11/site-packages/airflow/example_dags/example_task_group.py
[2024-10-30T09:11:32.245+0000] {logging_mixin.py:190} INFO - [2024-10-30T09:11:32.244+0000] {dag.py:3239} INFO - Sync 1 DAGs
[2024-10-30T09:11:32.257+0000] {logging_mixin.py:190} INFO - [2024-10-30T09:11:32.257+0000] {dag.py:4180} INFO - Setting next_dagrun for example_task_group to None, run_after=None
[2024-10-30T09:11:32.308+0000] {processor.py:208} INFO - Processing /usr/local/lib/python3.11/site-packages/airflow/example_dags/example_task_group.py took 0.101 seconds
[2024-10-30T09:12:31.769+0000] {processor.py:186} INFO - Started process (PID=5358) to work on /usr/local/lib/python3.11/site-packages/airflow/example_dags/example_task_group.py
[2024-10-30T09:12:31.771+0000] {processor.py:914} INFO - Processing file /usr/local/lib/python3.11/site-packages/airflow/example_dags/example_task_group.py for tasks to queue
[2024-10-30T09:12:31.773+0000] {logging_mixin.py:190} INFO - [2024-10-30T09:12:31.773+0000] {dagbag.py:588} INFO - Filling up the DagBag from /usr/local/lib/python3.11/site-packages/airflow/example_dags/example_task_group.py
[2024-10-30T09:12:31.782+0000] {processor.py:925} INFO - DAG(s) 'example_task_group' retrieved from /usr/local/lib/python3.11/site-packages/airflow/example_dags/example_task_group.py
[2024-10-30T09:12:31.803+0000] {logging_mixin.py:190} INFO - [2024-10-30T09:12:31.803+0000] {dag.py:3239} INFO - Sync 1 DAGs
[2024-10-30T09:12:31.815+0000] {logging_mixin.py:190} INFO - [2024-10-30T09:12:31.815+0000] {dag.py:4180} INFO - Setting next_dagrun for example_task_group to None, run_after=None
[2024-10-30T09:12:31.865+0000] {processor.py:208} INFO - Processing /usr/local/lib/python3.11/site-packages/airflow/example_dags/example_task_group.py took 0.101 seconds
[2024-10-30T09:13:34.802+0000] {processor.py:186} INFO - Started process (PID=6138) to work on /usr/local/lib/python3.11/site-packages/airflow/example_dags/example_task_group.py
[2024-10-30T09:13:34.802+0000] {processor.py:914} INFO - Processing file /usr/local/lib/python3.11/site-packages/airflow/example_dags/example_task_group.py for tasks to queue
[2024-10-30T09:13:34.805+0000] {logging_mixin.py:190} INFO - [2024-10-30T09:13:34.805+0000] {dagbag.py:588} INFO - Filling up the DagBag from /usr/local/lib/python3.11/site-packages/airflow/example_dags/example_task_group.py
[2024-10-30T09:13:34.812+0000] {processor.py:925} INFO - DAG(s) 'example_task_group' retrieved from /usr/local/lib/python3.11/site-packages/airflow/example_dags/example_task_group.py
[2024-10-30T09:13:34.831+0000] {logging_mixin.py:190} INFO - [2024-10-30T09:13:34.831+0000] {dag.py:3239} INFO - Sync 1 DAGs
[2024-10-30T09:13:34.844+0000] {logging_mixin.py:190} INFO - [2024-10-30T09:13:34.843+0000] {dag.py:4180} INFO - Setting next_dagrun for example_task_group to None, run_after=None
[2024-10-30T09:13:34.891+0000] {processor.py:208} INFO - Processing /usr/local/lib/python3.11/site-packages/airflow/example_dags/example_task_group.py took 0.094 seconds
