[2024-10-30T09:08:51.923+0000] {processor.py:186} INFO - Started process (PID=2843) to work on /usr/local/lib/python3.11/site-packages/airflow/example_dags/example_branch_datetime_operator.py
[2024-10-30T09:08:51.924+0000] {processor.py:914} INFO - Processing file /usr/local/lib/python3.11/site-packages/airflow/example_dags/example_branch_datetime_operator.py for tasks to queue
[2024-10-30T09:08:51.926+0000] {logging_mixin.py:190} INFO - [2024-10-30T09:08:51.925+0000] {dagbag.py:588} INFO - Filling up the DagBag from /usr/local/lib/python3.11/site-packages/airflow/example_dags/example_branch_datetime_operator.py
[2024-10-30T09:08:51.936+0000] {processor.py:925} INFO - DAG(s) 'example_branch_datetime_operator_3', 'example_branch_datetime_operator_2', 'example_branch_datetime_operator' retrieved from /usr/local/lib/python3.11/site-packages/airflow/example_dags/example_branch_datetime_operator.py
[2024-10-30T09:08:52.167+0000] {logging_mixin.py:190} INFO - [2024-10-30T09:08:52.166+0000] {override.py:1907} INFO - Created Permission View: can delete on DAG:example_branch_datetime_operator_3
[2024-10-30T09:08:52.196+0000] {logging_mixin.py:190} INFO - [2024-10-30T09:08:52.195+0000] {override.py:1907} INFO - Created Permission View: can read on DAG:example_branch_datetime_operator_3
[2024-10-30T09:08:52.222+0000] {logging_mixin.py:190} INFO - [2024-10-30T09:08:52.222+0000] {override.py:1907} INFO - Created Permission View: can edit on DAG:example_branch_datetime_operator_3
[2024-10-30T09:08:52.262+0000] {logging_mixin.py:190} INFO - [2024-10-30T09:08:52.261+0000] {override.py:1907} INFO - Created Permission View: can delete on DAG Run:example_branch_datetime_operator_3
[2024-10-30T09:08:52.284+0000] {logging_mixin.py:190} INFO - [2024-10-30T09:08:52.284+0000] {override.py:1907} INFO - Created Permission View: can create on DAG Run:example_branch_datetime_operator_3
[2024-10-30T09:08:52.317+0000] {logging_mixin.py:190} INFO - [2024-10-30T09:08:52.317+0000] {override.py:1907} INFO - Created Permission View: menu access on DAG Run:example_branch_datetime_operator_3
[2024-10-30T09:08:52.343+0000] {logging_mixin.py:190} INFO - [2024-10-30T09:08:52.342+0000] {override.py:1907} INFO - Created Permission View: can read on DAG Run:example_branch_datetime_operator_3
[2024-10-30T09:08:52.396+0000] {logging_mixin.py:190} INFO - [2024-10-30T09:08:52.395+0000] {override.py:1907} INFO - Created Permission View: can delete on DAG:example_branch_datetime_operator_2
[2024-10-30T09:08:52.423+0000] {logging_mixin.py:190} INFO - [2024-10-30T09:08:52.423+0000] {override.py:1907} INFO - Created Permission View: can read on DAG:example_branch_datetime_operator_2
[2024-10-30T09:08:52.453+0000] {logging_mixin.py:190} INFO - [2024-10-30T09:08:52.453+0000] {override.py:1907} INFO - Created Permission View: can edit on DAG:example_branch_datetime_operator_2
[2024-10-30T09:08:52.533+0000] {logging_mixin.py:190} INFO - [2024-10-30T09:08:52.532+0000] {override.py:1907} INFO - Created Permission View: can delete on DAG Run:example_branch_datetime_operator_2
[2024-10-30T09:08:52.554+0000] {logging_mixin.py:190} INFO - [2024-10-30T09:08:52.554+0000] {override.py:1907} INFO - Created Permission View: can create on DAG Run:example_branch_datetime_operator_2
[2024-10-30T09:08:52.575+0000] {logging_mixin.py:190} INFO - [2024-10-30T09:08:52.575+0000] {override.py:1907} INFO - Created Permission View: menu access on DAG Run:example_branch_datetime_operator_2
[2024-10-30T09:08:52.596+0000] {logging_mixin.py:190} INFO - [2024-10-30T09:08:52.595+0000] {override.py:1907} INFO - Created Permission View: can read on DAG Run:example_branch_datetime_operator_2
[2024-10-30T09:08:52.637+0000] {logging_mixin.py:190} INFO - [2024-10-30T09:08:52.637+0000] {override.py:1907} INFO - Created Permission View: can delete on DAG:example_branch_datetime_operator
[2024-10-30T09:08:52.659+0000] {logging_mixin.py:190} INFO - [2024-10-30T09:08:52.658+0000] {override.py:1907} INFO - Created Permission View: can read on DAG:example_branch_datetime_operator
[2024-10-30T09:08:52.680+0000] {logging_mixin.py:190} INFO - [2024-10-30T09:08:52.680+0000] {override.py:1907} INFO - Created Permission View: can edit on DAG:example_branch_datetime_operator
[2024-10-30T09:08:52.716+0000] {logging_mixin.py:190} INFO - [2024-10-30T09:08:52.716+0000] {override.py:1907} INFO - Created Permission View: can delete on DAG Run:example_branch_datetime_operator
[2024-10-30T09:08:52.754+0000] {logging_mixin.py:190} INFO - [2024-10-30T09:08:52.754+0000] {override.py:1907} INFO - Created Permission View: can create on DAG Run:example_branch_datetime_operator
[2024-10-30T09:08:52.787+0000] {logging_mixin.py:190} INFO - [2024-10-30T09:08:52.787+0000] {override.py:1907} INFO - Created Permission View: menu access on DAG Run:example_branch_datetime_operator
[2024-10-30T09:08:52.822+0000] {logging_mixin.py:190} INFO - [2024-10-30T09:08:52.821+0000] {override.py:1907} INFO - Created Permission View: can read on DAG Run:example_branch_datetime_operator
[2024-10-30T09:08:52.822+0000] {logging_mixin.py:190} INFO - [2024-10-30T09:08:52.822+0000] {dag.py:3239} INFO - Sync 3 DAGs
[2024-10-30T09:08:52.836+0000] {logging_mixin.py:190} INFO - [2024-10-30T09:08:52.836+0000] {dag.py:3262} INFO - Creating ORM DAG for example_branch_datetime_operator
[2024-10-30T09:08:52.837+0000] {logging_mixin.py:190} INFO - [2024-10-30T09:08:52.837+0000] {dag.py:3262} INFO - Creating ORM DAG for example_branch_datetime_operator_3
[2024-10-30T09:08:52.838+0000] {logging_mixin.py:190} INFO - [2024-10-30T09:08:52.838+0000] {dag.py:3262} INFO - Creating ORM DAG for example_branch_datetime_operator_2
[2024-10-30T09:08:52.848+0000] {logging_mixin.py:190} INFO - [2024-10-30T09:08:52.847+0000] {dag.py:4180} INFO - Setting next_dagrun for example_branch_datetime_operator to 2024-10-29 00:00:00+00:00, run_after=2024-10-30 00:00:00+00:00
[2024-10-30T09:08:52.849+0000] {logging_mixin.py:190} INFO - [2024-10-30T09:08:52.849+0000] {dag.py:4180} INFO - Setting next_dagrun for example_branch_datetime_operator_2 to 2024-10-29 00:00:00+00:00, run_after=2024-10-30 00:00:00+00:00
[2024-10-30T09:08:52.851+0000] {logging_mixin.py:190} INFO - [2024-10-30T09:08:52.851+0000] {dag.py:4180} INFO - Setting next_dagrun for example_branch_datetime_operator_3 to 2024-10-29 00:00:00+00:00, run_after=2024-10-30 00:00:00+00:00
[2024-10-30T09:08:52.902+0000] {processor.py:208} INFO - Processing /usr/local/lib/python3.11/site-packages/airflow/example_dags/example_branch_datetime_operator.py took 0.984 seconds
[2024-10-30T09:10:07.787+0000] {processor.py:186} INFO - Started process (PID=4292) to work on /usr/local/lib/python3.11/site-packages/airflow/example_dags/example_branch_datetime_operator.py
[2024-10-30T09:10:07.788+0000] {processor.py:914} INFO - Processing file /usr/local/lib/python3.11/site-packages/airflow/example_dags/example_branch_datetime_operator.py for tasks to queue
[2024-10-30T09:10:07.790+0000] {logging_mixin.py:190} INFO - [2024-10-30T09:10:07.790+0000] {dagbag.py:588} INFO - Filling up the DagBag from /usr/local/lib/python3.11/site-packages/airflow/example_dags/example_branch_datetime_operator.py
[2024-10-30T09:10:07.801+0000] {processor.py:925} INFO - DAG(s) 'example_branch_datetime_operator_2', 'example_branch_datetime_operator_3', 'example_branch_datetime_operator' retrieved from /usr/local/lib/python3.11/site-packages/airflow/example_dags/example_branch_datetime_operator.py
[2024-10-30T09:10:07.829+0000] {logging_mixin.py:190} INFO - [2024-10-30T09:10:07.829+0000] {dag.py:3239} INFO - Sync 3 DAGs
[2024-10-30T09:10:07.851+0000] {logging_mixin.py:190} INFO - [2024-10-30T09:10:07.851+0000] {dag.py:4180} INFO - Setting next_dagrun for example_branch_datetime_operator to 2024-10-29 00:00:00+00:00, run_after=2024-10-30 00:00:00+00:00
[2024-10-30T09:10:07.857+0000] {logging_mixin.py:190} INFO - [2024-10-30T09:10:07.856+0000] {dag.py:4180} INFO - Setting next_dagrun for example_branch_datetime_operator_2 to 2024-10-29 00:00:00+00:00, run_after=2024-10-30 00:00:00+00:00
[2024-10-30T09:10:07.859+0000] {logging_mixin.py:190} INFO - [2024-10-30T09:10:07.859+0000] {dag.py:4180} INFO - Setting next_dagrun for example_branch_datetime_operator_3 to 2024-10-29 00:00:00+00:00, run_after=2024-10-30 00:00:00+00:00
[2024-10-30T09:10:07.898+0000] {processor.py:208} INFO - Processing /usr/local/lib/python3.11/site-packages/airflow/example_dags/example_branch_datetime_operator.py took 0.116 seconds
[2024-10-30T09:11:06.448+0000] {processor.py:186} INFO - Started process (PID=4776) to work on /usr/local/lib/python3.11/site-packages/airflow/example_dags/example_branch_datetime_operator.py
[2024-10-30T09:11:06.449+0000] {processor.py:914} INFO - Processing file /usr/local/lib/python3.11/site-packages/airflow/example_dags/example_branch_datetime_operator.py for tasks to queue
[2024-10-30T09:11:06.451+0000] {logging_mixin.py:190} INFO - [2024-10-30T09:11:06.451+0000] {dagbag.py:588} INFO - Filling up the DagBag from /usr/local/lib/python3.11/site-packages/airflow/example_dags/example_branch_datetime_operator.py
[2024-10-30T09:11:06.461+0000] {processor.py:925} INFO - DAG(s) 'example_branch_datetime_operator_2', 'example_branch_datetime_operator_3', 'example_branch_datetime_operator' retrieved from /usr/local/lib/python3.11/site-packages/airflow/example_dags/example_branch_datetime_operator.py
[2024-10-30T09:11:06.488+0000] {logging_mixin.py:190} INFO - [2024-10-30T09:11:06.488+0000] {dag.py:3239} INFO - Sync 3 DAGs
[2024-10-30T09:11:06.517+0000] {logging_mixin.py:190} INFO - [2024-10-30T09:11:06.517+0000] {dag.py:4180} INFO - Setting next_dagrun for example_branch_datetime_operator to 2024-10-29 00:00:00+00:00, run_after=2024-10-30 00:00:00+00:00
[2024-10-30T09:11:06.523+0000] {logging_mixin.py:190} INFO - [2024-10-30T09:11:06.523+0000] {dag.py:4180} INFO - Setting next_dagrun for example_branch_datetime_operator_2 to 2024-10-29 00:00:00+00:00, run_after=2024-10-30 00:00:00+00:00
[2024-10-30T09:11:06.526+0000] {logging_mixin.py:190} INFO - [2024-10-30T09:11:06.526+0000] {dag.py:4180} INFO - Setting next_dagrun for example_branch_datetime_operator_3 to 2024-10-29 00:00:00+00:00, run_after=2024-10-30 00:00:00+00:00
[2024-10-30T09:11:06.568+0000] {processor.py:208} INFO - Processing /usr/local/lib/python3.11/site-packages/airflow/example_dags/example_branch_datetime_operator.py took 0.124 seconds
[2024-10-30T09:12:06.865+0000] {processor.py:186} INFO - Started process (PID=5271) to work on /usr/local/lib/python3.11/site-packages/airflow/example_dags/example_branch_datetime_operator.py
[2024-10-30T09:12:06.866+0000] {processor.py:914} INFO - Processing file /usr/local/lib/python3.11/site-packages/airflow/example_dags/example_branch_datetime_operator.py for tasks to queue
[2024-10-30T09:12:06.869+0000] {logging_mixin.py:190} INFO - [2024-10-30T09:12:06.868+0000] {dagbag.py:588} INFO - Filling up the DagBag from /usr/local/lib/python3.11/site-packages/airflow/example_dags/example_branch_datetime_operator.py
[2024-10-30T09:12:06.878+0000] {processor.py:925} INFO - DAG(s) 'example_branch_datetime_operator', 'example_branch_datetime_operator_2', 'example_branch_datetime_operator_3' retrieved from /usr/local/lib/python3.11/site-packages/airflow/example_dags/example_branch_datetime_operator.py
[2024-10-30T09:12:06.905+0000] {logging_mixin.py:190} INFO - [2024-10-30T09:12:06.905+0000] {dag.py:3239} INFO - Sync 3 DAGs
[2024-10-30T09:12:06.938+0000] {logging_mixin.py:190} INFO - [2024-10-30T09:12:06.938+0000] {dag.py:4180} INFO - Setting next_dagrun for example_branch_datetime_operator to 2024-10-29 00:00:00+00:00, run_after=2024-10-30 00:00:00+00:00
[2024-10-30T09:12:06.944+0000] {logging_mixin.py:190} INFO - [2024-10-30T09:12:06.944+0000] {dag.py:4180} INFO - Setting next_dagrun for example_branch_datetime_operator_2 to 2024-10-29 00:00:00+00:00, run_after=2024-10-30 00:00:00+00:00
[2024-10-30T09:12:06.949+0000] {logging_mixin.py:190} INFO - [2024-10-30T09:12:06.949+0000] {dag.py:4180} INFO - Setting next_dagrun for example_branch_datetime_operator_3 to 2024-10-29 00:00:00+00:00, run_after=2024-10-30 00:00:00+00:00
[2024-10-30T09:12:07.005+0000] {processor.py:208} INFO - Processing /usr/local/lib/python3.11/site-packages/airflow/example_dags/example_branch_datetime_operator.py took 0.145 seconds
[2024-10-30T09:13:08.033+0000] {processor.py:186} INFO - Started process (PID=5763) to work on /usr/local/lib/python3.11/site-packages/airflow/example_dags/example_branch_datetime_operator.py
[2024-10-30T09:13:08.034+0000] {processor.py:914} INFO - Processing file /usr/local/lib/python3.11/site-packages/airflow/example_dags/example_branch_datetime_operator.py for tasks to queue
[2024-10-30T09:13:08.037+0000] {logging_mixin.py:190} INFO - [2024-10-30T09:13:08.037+0000] {dagbag.py:588} INFO - Filling up the DagBag from /usr/local/lib/python3.11/site-packages/airflow/example_dags/example_branch_datetime_operator.py
[2024-10-30T09:13:08.047+0000] {processor.py:925} INFO - DAG(s) 'example_branch_datetime_operator', 'example_branch_datetime_operator_3', 'example_branch_datetime_operator_2' retrieved from /usr/local/lib/python3.11/site-packages/airflow/example_dags/example_branch_datetime_operator.py
[2024-10-30T09:13:08.080+0000] {logging_mixin.py:190} INFO - [2024-10-30T09:13:08.080+0000] {dag.py:3239} INFO - Sync 3 DAGs
[2024-10-30T09:13:08.104+0000] {logging_mixin.py:190} INFO - [2024-10-30T09:13:08.104+0000] {dag.py:4180} INFO - Setting next_dagrun for example_branch_datetime_operator to 2024-10-29 00:00:00+00:00, run_after=2024-10-30 00:00:00+00:00
[2024-10-30T09:13:08.110+0000] {logging_mixin.py:190} INFO - [2024-10-30T09:13:08.110+0000] {dag.py:4180} INFO - Setting next_dagrun for example_branch_datetime_operator_2 to 2024-10-29 00:00:00+00:00, run_after=2024-10-30 00:00:00+00:00
[2024-10-30T09:13:08.114+0000] {logging_mixin.py:190} INFO - [2024-10-30T09:13:08.113+0000] {dag.py:4180} INFO - Setting next_dagrun for example_branch_datetime_operator_3 to 2024-10-29 00:00:00+00:00, run_after=2024-10-30 00:00:00+00:00
[2024-10-30T09:13:08.168+0000] {processor.py:208} INFO - Processing /usr/local/lib/python3.11/site-packages/airflow/example_dags/example_branch_datetime_operator.py took 0.140 seconds
[2024-10-30T09:14:11.590+0000] {processor.py:186} INFO - Started process (PID=6547) to work on /usr/local/lib/python3.11/site-packages/airflow/example_dags/example_branch_datetime_operator.py
[2024-10-30T09:14:11.590+0000] {processor.py:914} INFO - Processing file /usr/local/lib/python3.11/site-packages/airflow/example_dags/example_branch_datetime_operator.py for tasks to queue
[2024-10-30T09:14:11.592+0000] {logging_mixin.py:190} INFO - [2024-10-30T09:14:11.592+0000] {dagbag.py:588} INFO - Filling up the DagBag from /usr/local/lib/python3.11/site-packages/airflow/example_dags/example_branch_datetime_operator.py
[2024-10-30T09:14:11.603+0000] {processor.py:925} INFO - DAG(s) 'example_branch_datetime_operator_2', 'example_branch_datetime_operator_3', 'example_branch_datetime_operator' retrieved from /usr/local/lib/python3.11/site-packages/airflow/example_dags/example_branch_datetime_operator.py
[2024-10-30T09:14:11.628+0000] {logging_mixin.py:190} INFO - [2024-10-30T09:14:11.628+0000] {dag.py:3239} INFO - Sync 3 DAGs
[2024-10-30T09:14:11.649+0000] {logging_mixin.py:190} INFO - [2024-10-30T09:14:11.649+0000] {dag.py:4180} INFO - Setting next_dagrun for example_branch_datetime_operator to 2024-10-29 00:00:00+00:00, run_after=2024-10-30 00:00:00+00:00
[2024-10-30T09:14:11.653+0000] {logging_mixin.py:190} INFO - [2024-10-30T09:14:11.653+0000] {dag.py:4180} INFO - Setting next_dagrun for example_branch_datetime_operator_2 to 2024-10-29 00:00:00+00:00, run_after=2024-10-30 00:00:00+00:00
[2024-10-30T09:14:11.656+0000] {logging_mixin.py:190} INFO - [2024-10-30T09:14:11.655+0000] {dag.py:4180} INFO - Setting next_dagrun for example_branch_datetime_operator_3 to 2024-10-29 00:00:00+00:00, run_after=2024-10-30 00:00:00+00:00
[2024-10-30T09:14:11.693+0000] {processor.py:208} INFO - Processing /usr/local/lib/python3.11/site-packages/airflow/example_dags/example_branch_datetime_operator.py took 0.108 seconds
