[2024-10-30T09:09:17.909+0000] {processor.py:186} INFO - Started process (PID=3835) to work on /usr/local/lib/python3.11/site-packages/airflow/example_dags/example_skip_dag.py
[2024-10-30T09:09:17.910+0000] {processor.py:914} INFO - Processing file /usr/local/lib/python3.11/site-packages/airflow/example_dags/example_skip_dag.py for tasks to queue
[2024-10-30T09:09:17.912+0000] {logging_mixin.py:190} INFO - [2024-10-30T09:09:17.912+0000] {dagbag.py:588} INFO - Filling up the DagBag from /usr/local/lib/python3.11/site-packages/airflow/example_dags/example_skip_dag.py
[2024-10-30T09:09:17.918+0000] {processor.py:925} INFO - DAG(s) 'example_skip_dag' retrieved from /usr/local/lib/python3.11/site-packages/airflow/example_dags/example_skip_dag.py
[2024-10-30T09:09:18.104+0000] {logging_mixin.py:190} INFO - [2024-10-30T09:09:18.103+0000] {override.py:1907} INFO - Created Permission View: can delete on DAG:example_skip_dag
[2024-10-30T09:09:18.130+0000] {logging_mixin.py:190} INFO - [2024-10-30T09:09:18.130+0000] {override.py:1907} INFO - Created Permission View: can read on DAG:example_skip_dag
[2024-10-30T09:09:18.160+0000] {logging_mixin.py:190} INFO - [2024-10-30T09:09:18.159+0000] {override.py:1907} INFO - Created Permission View: can edit on DAG:example_skip_dag
[2024-10-30T09:09:18.213+0000] {logging_mixin.py:190} INFO - [2024-10-30T09:09:18.212+0000] {override.py:1907} INFO - Created Permission View: can delete on DAG Run:example_skip_dag
[2024-10-30T09:09:18.241+0000] {logging_mixin.py:190} INFO - [2024-10-30T09:09:18.240+0000] {override.py:1907} INFO - Created Permission View: can create on DAG Run:example_skip_dag
[2024-10-30T09:09:18.282+0000] {logging_mixin.py:190} INFO - [2024-10-30T09:09:18.282+0000] {override.py:1907} INFO - Created Permission View: menu access on DAG Run:example_skip_dag
[2024-10-30T09:09:18.306+0000] {logging_mixin.py:190} INFO - [2024-10-30T09:09:18.306+0000] {override.py:1907} INFO - Created Permission View: can read on DAG Run:example_skip_dag
[2024-10-30T09:09:18.307+0000] {logging_mixin.py:190} INFO - [2024-10-30T09:09:18.306+0000] {dag.py:3239} INFO - Sync 1 DAGs
[2024-10-30T09:09:18.318+0000] {logging_mixin.py:190} INFO - [2024-10-30T09:09:18.318+0000] {dag.py:3262} INFO - Creating ORM DAG for example_skip_dag
[2024-10-30T09:09:18.325+0000] {logging_mixin.py:190} INFO - [2024-10-30T09:09:18.325+0000] {dag.py:4180} INFO - Setting next_dagrun for example_skip_dag to 2024-10-29 00:00:00+00:00, run_after=2024-10-30 00:00:00+00:00
[2024-10-30T09:09:18.357+0000] {processor.py:208} INFO - Processing /usr/local/lib/python3.11/site-packages/airflow/example_dags/example_skip_dag.py took 0.453 seconds
[2024-10-30T09:10:27.599+0000] {processor.py:186} INFO - Started process (PID=4356) to work on /usr/local/lib/python3.11/site-packages/airflow/example_dags/example_skip_dag.py
[2024-10-30T09:10:27.600+0000] {processor.py:914} INFO - Processing file /usr/local/lib/python3.11/site-packages/airflow/example_dags/example_skip_dag.py for tasks to queue
[2024-10-30T09:10:27.602+0000] {logging_mixin.py:190} INFO - [2024-10-30T09:10:27.602+0000] {dagbag.py:588} INFO - Filling up the DagBag from /usr/local/lib/python3.11/site-packages/airflow/example_dags/example_skip_dag.py
[2024-10-30T09:10:27.609+0000] {processor.py:925} INFO - DAG(s) 'example_skip_dag' retrieved from /usr/local/lib/python3.11/site-packages/airflow/example_dags/example_skip_dag.py
[2024-10-30T09:10:27.634+0000] {logging_mixin.py:190} INFO - [2024-10-30T09:10:27.633+0000] {dag.py:3239} INFO - Sync 1 DAGs
[2024-10-30T09:10:27.658+0000] {logging_mixin.py:190} INFO - [2024-10-30T09:10:27.658+0000] {dag.py:4180} INFO - Setting next_dagrun for example_skip_dag to 2024-10-29 00:00:00+00:00, run_after=2024-10-30 00:00:00+00:00
[2024-10-30T09:10:27.706+0000] {processor.py:208} INFO - Processing /usr/local/lib/python3.11/site-packages/airflow/example_dags/example_skip_dag.py took 0.112 seconds
[2024-10-30T09:11:25.479+0000] {processor.py:186} INFO - Started process (PID=4844) to work on /usr/local/lib/python3.11/site-packages/airflow/example_dags/example_skip_dag.py
[2024-10-30T09:11:25.480+0000] {processor.py:914} INFO - Processing file /usr/local/lib/python3.11/site-packages/airflow/example_dags/example_skip_dag.py for tasks to queue
[2024-10-30T09:11:25.482+0000] {logging_mixin.py:190} INFO - [2024-10-30T09:11:25.482+0000] {dagbag.py:588} INFO - Filling up the DagBag from /usr/local/lib/python3.11/site-packages/airflow/example_dags/example_skip_dag.py
[2024-10-30T09:11:25.490+0000] {processor.py:925} INFO - DAG(s) 'example_skip_dag' retrieved from /usr/local/lib/python3.11/site-packages/airflow/example_dags/example_skip_dag.py
[2024-10-30T09:11:25.510+0000] {logging_mixin.py:190} INFO - [2024-10-30T09:11:25.510+0000] {dag.py:3239} INFO - Sync 1 DAGs
[2024-10-30T09:11:25.532+0000] {logging_mixin.py:190} INFO - [2024-10-30T09:11:25.532+0000] {dag.py:4180} INFO - Setting next_dagrun for example_skip_dag to 2024-10-29 00:00:00+00:00, run_after=2024-10-30 00:00:00+00:00
[2024-10-30T09:11:25.571+0000] {processor.py:208} INFO - Processing /usr/local/lib/python3.11/site-packages/airflow/example_dags/example_skip_dag.py took 0.098 seconds
[2024-10-30T09:12:27.061+0000] {processor.py:186} INFO - Started process (PID=5338) to work on /usr/local/lib/python3.11/site-packages/airflow/example_dags/example_skip_dag.py
[2024-10-30T09:12:27.062+0000] {processor.py:914} INFO - Processing file /usr/local/lib/python3.11/site-packages/airflow/example_dags/example_skip_dag.py for tasks to queue
[2024-10-30T09:12:27.064+0000] {logging_mixin.py:190} INFO - [2024-10-30T09:12:27.064+0000] {dagbag.py:588} INFO - Filling up the DagBag from /usr/local/lib/python3.11/site-packages/airflow/example_dags/example_skip_dag.py
[2024-10-30T09:12:27.073+0000] {processor.py:925} INFO - DAG(s) 'example_skip_dag' retrieved from /usr/local/lib/python3.11/site-packages/airflow/example_dags/example_skip_dag.py
[2024-10-30T09:12:27.103+0000] {logging_mixin.py:190} INFO - [2024-10-30T09:12:27.103+0000] {dag.py:3239} INFO - Sync 1 DAGs
[2024-10-30T09:12:27.126+0000] {logging_mixin.py:190} INFO - [2024-10-30T09:12:27.126+0000] {dag.py:4180} INFO - Setting next_dagrun for example_skip_dag to 2024-10-29 00:00:00+00:00, run_after=2024-10-30 00:00:00+00:00
[2024-10-30T09:12:27.177+0000] {processor.py:208} INFO - Processing /usr/local/lib/python3.11/site-packages/airflow/example_dags/example_skip_dag.py took 0.121 seconds
[2024-10-30T09:13:26.330+0000] {processor.py:186} INFO - Started process (PID=5829) to work on /usr/local/lib/python3.11/site-packages/airflow/example_dags/example_skip_dag.py
[2024-10-30T09:13:26.331+0000] {processor.py:914} INFO - Processing file /usr/local/lib/python3.11/site-packages/airflow/example_dags/example_skip_dag.py for tasks to queue
[2024-10-30T09:13:26.332+0000] {logging_mixin.py:190} INFO - [2024-10-30T09:13:26.332+0000] {dagbag.py:588} INFO - Filling up the DagBag from /usr/local/lib/python3.11/site-packages/airflow/example_dags/example_skip_dag.py
[2024-10-30T09:13:26.340+0000] {processor.py:925} INFO - DAG(s) 'example_skip_dag' retrieved from /usr/local/lib/python3.11/site-packages/airflow/example_dags/example_skip_dag.py
[2024-10-30T09:13:26.359+0000] {logging_mixin.py:190} INFO - [2024-10-30T09:13:26.359+0000] {dag.py:3239} INFO - Sync 1 DAGs
[2024-10-30T09:13:26.380+0000] {logging_mixin.py:190} INFO - [2024-10-30T09:13:26.380+0000] {dag.py:4180} INFO - Setting next_dagrun for example_skip_dag to 2024-10-29 00:00:00+00:00, run_after=2024-10-30 00:00:00+00:00
[2024-10-30T09:13:26.428+0000] {processor.py:208} INFO - Processing /usr/local/lib/python3.11/site-packages/airflow/example_dags/example_skip_dag.py took 0.104 seconds
[2024-10-30T09:14:30.894+0000] {processor.py:186} INFO - Started process (PID=6614) to work on /usr/local/lib/python3.11/site-packages/airflow/example_dags/example_skip_dag.py
[2024-10-30T09:14:30.895+0000] {processor.py:914} INFO - Processing file /usr/local/lib/python3.11/site-packages/airflow/example_dags/example_skip_dag.py for tasks to queue
[2024-10-30T09:14:30.897+0000] {logging_mixin.py:190} INFO - [2024-10-30T09:14:30.897+0000] {dagbag.py:588} INFO - Filling up the DagBag from /usr/local/lib/python3.11/site-packages/airflow/example_dags/example_skip_dag.py
[2024-10-30T09:14:30.904+0000] {processor.py:925} INFO - DAG(s) 'example_skip_dag' retrieved from /usr/local/lib/python3.11/site-packages/airflow/example_dags/example_skip_dag.py
[2024-10-30T09:14:30.925+0000] {logging_mixin.py:190} INFO - [2024-10-30T09:14:30.925+0000] {dag.py:3239} INFO - Sync 1 DAGs
[2024-10-30T09:14:30.949+0000] {logging_mixin.py:190} INFO - [2024-10-30T09:14:30.949+0000] {dag.py:4180} INFO - Setting next_dagrun for example_skip_dag to 2024-10-29 00:00:00+00:00, run_after=2024-10-30 00:00:00+00:00
[2024-10-30T09:14:30.994+0000] {processor.py:208} INFO - Processing /usr/local/lib/python3.11/site-packages/airflow/example_dags/example_skip_dag.py took 0.104 seconds
