[2024-10-30T09:09:26.001+0000] {processor.py:186} INFO - Started process (PID=3862) to work on /usr/local/lib/python3.11/site-packages/airflow/example_dags/example_subdag_operator.py
[2024-10-30T09:09:26.002+0000] {processor.py:914} INFO - Processing file /usr/local/lib/python3.11/site-packages/airflow/example_dags/example_subdag_operator.py for tasks to queue
[2024-10-30T09:09:26.004+0000] {logging_mixin.py:190} INFO - [2024-10-30T09:09:26.004+0000] {dagbag.py:588} INFO - Filling up the DagBag from /usr/local/lib/python3.11/site-packages/airflow/example_dags/example_subdag_operator.py
[2024-10-30T09:09:26.036+0000] {processor.py:925} INFO - DAG(s) 'example_subdag_operator.section-1', 'example_subdag_operator.section-2', 'example_subdag_operator' retrieved from /usr/local/lib/python3.11/site-packages/airflow/example_dags/example_subdag_operator.py
[2024-10-30T09:09:26.233+0000] {logging_mixin.py:190} INFO - [2024-10-30T09:09:26.232+0000] {override.py:1907} INFO - Created Permission View: can delete on DAG:example_subdag_operator
[2024-10-30T09:09:26.257+0000] {logging_mixin.py:190} INFO - [2024-10-30T09:09:26.256+0000] {override.py:1907} INFO - Created Permission View: can read on DAG:example_subdag_operator
[2024-10-30T09:09:26.281+0000] {logging_mixin.py:190} INFO - [2024-10-30T09:09:26.281+0000] {override.py:1907} INFO - Created Permission View: can edit on DAG:example_subdag_operator
[2024-10-30T09:09:26.312+0000] {logging_mixin.py:190} INFO - [2024-10-30T09:09:26.312+0000] {override.py:1907} INFO - Created Permission View: can delete on DAG Run:example_subdag_operator
[2024-10-30T09:09:26.336+0000] {logging_mixin.py:190} INFO - [2024-10-30T09:09:26.335+0000] {override.py:1907} INFO - Created Permission View: can create on DAG Run:example_subdag_operator
[2024-10-30T09:09:26.356+0000] {logging_mixin.py:190} INFO - [2024-10-30T09:09:26.356+0000] {override.py:1907} INFO - Created Permission View: menu access on DAG Run:example_subdag_operator
[2024-10-30T09:09:26.382+0000] {logging_mixin.py:190} INFO - [2024-10-30T09:09:26.381+0000] {override.py:1907} INFO - Created Permission View: can read on DAG Run:example_subdag_operator
[2024-10-30T09:09:26.382+0000] {logging_mixin.py:190} INFO - [2024-10-30T09:09:26.382+0000] {dag.py:3239} INFO - Sync 3 DAGs
[2024-10-30T09:09:26.395+0000] {logging_mixin.py:190} INFO - [2024-10-30T09:09:26.395+0000] {dag.py:3262} INFO - Creating ORM DAG for example_subdag_operator.section-1
[2024-10-30T09:09:26.395+0000] {logging_mixin.py:190} INFO - [2024-10-30T09:09:26.395+0000] {dag.py:3262} INFO - Creating ORM DAG for example_subdag_operator.section-2
[2024-10-30T09:09:26.396+0000] {logging_mixin.py:190} INFO - [2024-10-30T09:09:26.396+0000] {dag.py:3262} INFO - Creating ORM DAG for example_subdag_operator
[2024-10-30T09:09:26.405+0000] {logging_mixin.py:190} INFO - [2024-10-30T09:09:26.405+0000] {dag.py:4180} INFO - Setting next_dagrun for example_subdag_operator to 2022-01-01 00:00:00+00:00, run_after=2022-01-01 00:00:00+00:00
[2024-10-30T09:09:26.406+0000] {logging_mixin.py:190} INFO - [2024-10-30T09:09:26.406+0000] {dag.py:4180} INFO - Setting next_dagrun for example_subdag_operator.section-1 to None, run_after=None
[2024-10-30T09:09:26.406+0000] {logging_mixin.py:190} INFO - [2024-10-30T09:09:26.406+0000] {dag.py:4180} INFO - Setting next_dagrun for example_subdag_operator.section-2 to None, run_after=None
[2024-10-30T09:09:26.418+0000] {logging_mixin.py:190} INFO - [2024-10-30T09:09:26.418+0000] {dag.py:3239} INFO - Sync 2 DAGs
[2024-10-30T09:09:26.422+0000] {logging_mixin.py:190} INFO - [2024-10-30T09:09:26.422+0000] {dag.py:4180} INFO - Setting next_dagrun for example_subdag_operator.section-1 to None, run_after=None
[2024-10-30T09:09:26.424+0000] {logging_mixin.py:190} INFO - [2024-10-30T09:09:26.424+0000] {dag.py:4180} INFO - Setting next_dagrun for example_subdag_operator.section-2 to None, run_after=None
[2024-10-30T09:09:26.449+0000] {processor.py:208} INFO - Processing /usr/local/lib/python3.11/site-packages/airflow/example_dags/example_subdag_operator.py took 0.454 seconds
[2024-10-30T09:10:36.943+0000] {processor.py:186} INFO - Started process (PID=4392) to work on /usr/local/lib/python3.11/site-packages/airflow/example_dags/example_subdag_operator.py
[2024-10-30T09:10:36.944+0000] {processor.py:914} INFO - Processing file /usr/local/lib/python3.11/site-packages/airflow/example_dags/example_subdag_operator.py for tasks to queue
[2024-10-30T09:10:36.946+0000] {logging_mixin.py:190} INFO - [2024-10-30T09:10:36.945+0000] {dagbag.py:588} INFO - Filling up the DagBag from /usr/local/lib/python3.11/site-packages/airflow/example_dags/example_subdag_operator.py
[2024-10-30T09:10:36.980+0000] {processor.py:925} INFO - DAG(s) 'example_subdag_operator.section-1', 'example_subdag_operator.section-2', 'example_subdag_operator' retrieved from /usr/local/lib/python3.11/site-packages/airflow/example_dags/example_subdag_operator.py
[2024-10-30T09:10:37.005+0000] {logging_mixin.py:190} INFO - [2024-10-30T09:10:37.005+0000] {dag.py:3239} INFO - Sync 3 DAGs
[2024-10-30T09:10:37.029+0000] {logging_mixin.py:190} INFO - [2024-10-30T09:10:37.029+0000] {dag.py:4180} INFO - Setting next_dagrun for example_subdag_operator to 2022-01-01 00:00:00+00:00, run_after=2022-01-01 00:00:00+00:00
[2024-10-30T09:10:37.033+0000] {logging_mixin.py:190} INFO - [2024-10-30T09:10:37.033+0000] {dag.py:4180} INFO - Setting next_dagrun for example_subdag_operator.section-1 to None, run_after=None
[2024-10-30T09:10:37.036+0000] {logging_mixin.py:190} INFO - [2024-10-30T09:10:37.036+0000] {dag.py:4180} INFO - Setting next_dagrun for example_subdag_operator.section-2 to None, run_after=None
[2024-10-30T09:10:37.050+0000] {logging_mixin.py:190} INFO - [2024-10-30T09:10:37.050+0000] {dag.py:3239} INFO - Sync 2 DAGs
[2024-10-30T09:10:37.054+0000] {logging_mixin.py:190} INFO - [2024-10-30T09:10:37.053+0000] {dag.py:4180} INFO - Setting next_dagrun for example_subdag_operator.section-1 to None, run_after=None
[2024-10-30T09:10:37.054+0000] {logging_mixin.py:190} INFO - [2024-10-30T09:10:37.054+0000] {dag.py:4180} INFO - Setting next_dagrun for example_subdag_operator.section-2 to None, run_after=None
[2024-10-30T09:10:37.092+0000] {processor.py:208} INFO - Processing /usr/local/lib/python3.11/site-packages/airflow/example_dags/example_subdag_operator.py took 0.155 seconds
[2024-10-30T09:11:37.484+0000] {processor.py:186} INFO - Started process (PID=4886) to work on /usr/local/lib/python3.11/site-packages/airflow/example_dags/example_subdag_operator.py
[2024-10-30T09:11:37.485+0000] {processor.py:914} INFO - Processing file /usr/local/lib/python3.11/site-packages/airflow/example_dags/example_subdag_operator.py for tasks to queue
[2024-10-30T09:11:37.487+0000] {logging_mixin.py:190} INFO - [2024-10-30T09:11:37.487+0000] {dagbag.py:588} INFO - Filling up the DagBag from /usr/local/lib/python3.11/site-packages/airflow/example_dags/example_subdag_operator.py
[2024-10-30T09:11:37.516+0000] {processor.py:925} INFO - DAG(s) 'example_subdag_operator.section-1', 'example_subdag_operator.section-2', 'example_subdag_operator' retrieved from /usr/local/lib/python3.11/site-packages/airflow/example_dags/example_subdag_operator.py
[2024-10-30T09:11:37.534+0000] {logging_mixin.py:190} INFO - [2024-10-30T09:11:37.534+0000] {dag.py:3239} INFO - Sync 3 DAGs
[2024-10-30T09:11:37.558+0000] {logging_mixin.py:190} INFO - [2024-10-30T09:11:37.558+0000] {dag.py:4180} INFO - Setting next_dagrun for example_subdag_operator to 2022-01-01 00:00:00+00:00, run_after=2022-01-01 00:00:00+00:00
[2024-10-30T09:11:37.563+0000] {logging_mixin.py:190} INFO - [2024-10-30T09:11:37.562+0000] {dag.py:4180} INFO - Setting next_dagrun for example_subdag_operator.section-1 to None, run_after=None
[2024-10-30T09:11:37.564+0000] {logging_mixin.py:190} INFO - [2024-10-30T09:11:37.564+0000] {dag.py:4180} INFO - Setting next_dagrun for example_subdag_operator.section-2 to None, run_after=None
[2024-10-30T09:11:37.577+0000] {logging_mixin.py:190} INFO - [2024-10-30T09:11:37.577+0000] {dag.py:3239} INFO - Sync 2 DAGs
[2024-10-30T09:11:37.581+0000] {logging_mixin.py:190} INFO - [2024-10-30T09:11:37.580+0000] {dag.py:4180} INFO - Setting next_dagrun for example_subdag_operator.section-1 to None, run_after=None
[2024-10-30T09:11:37.581+0000] {logging_mixin.py:190} INFO - [2024-10-30T09:11:37.581+0000] {dag.py:4180} INFO - Setting next_dagrun for example_subdag_operator.section-2 to None, run_after=None
[2024-10-30T09:11:37.615+0000] {processor.py:208} INFO - Processing /usr/local/lib/python3.11/site-packages/airflow/example_dags/example_subdag_operator.py took 0.136 seconds
[2024-10-30T09:12:36.855+0000] {processor.py:186} INFO - Started process (PID=5375) to work on /usr/local/lib/python3.11/site-packages/airflow/example_dags/example_subdag_operator.py
[2024-10-30T09:12:36.856+0000] {processor.py:914} INFO - Processing file /usr/local/lib/python3.11/site-packages/airflow/example_dags/example_subdag_operator.py for tasks to queue
[2024-10-30T09:12:36.858+0000] {logging_mixin.py:190} INFO - [2024-10-30T09:12:36.857+0000] {dagbag.py:588} INFO - Filling up the DagBag from /usr/local/lib/python3.11/site-packages/airflow/example_dags/example_subdag_operator.py
[2024-10-30T09:12:36.897+0000] {processor.py:925} INFO - DAG(s) 'example_subdag_operator.section-1', 'example_subdag_operator.section-2', 'example_subdag_operator' retrieved from /usr/local/lib/python3.11/site-packages/airflow/example_dags/example_subdag_operator.py
[2024-10-30T09:12:36.918+0000] {logging_mixin.py:190} INFO - [2024-10-30T09:12:36.918+0000] {dag.py:3239} INFO - Sync 3 DAGs
[2024-10-30T09:12:36.947+0000] {logging_mixin.py:190} INFO - [2024-10-30T09:12:36.947+0000] {dag.py:4180} INFO - Setting next_dagrun for example_subdag_operator to 2022-01-01 00:00:00+00:00, run_after=2022-01-01 00:00:00+00:00
[2024-10-30T09:12:36.953+0000] {logging_mixin.py:190} INFO - [2024-10-30T09:12:36.952+0000] {dag.py:4180} INFO - Setting next_dagrun for example_subdag_operator.section-1 to None, run_after=None
[2024-10-30T09:12:36.956+0000] {logging_mixin.py:190} INFO - [2024-10-30T09:12:36.955+0000] {dag.py:4180} INFO - Setting next_dagrun for example_subdag_operator.section-2 to None, run_after=None
[2024-10-30T09:12:36.973+0000] {logging_mixin.py:190} INFO - [2024-10-30T09:12:36.973+0000] {dag.py:3239} INFO - Sync 2 DAGs
[2024-10-30T09:12:36.977+0000] {logging_mixin.py:190} INFO - [2024-10-30T09:12:36.977+0000] {dag.py:4180} INFO - Setting next_dagrun for example_subdag_operator.section-1 to None, run_after=None
[2024-10-30T09:12:36.978+0000] {logging_mixin.py:190} INFO - [2024-10-30T09:12:36.978+0000] {dag.py:4180} INFO - Setting next_dagrun for example_subdag_operator.section-2 to None, run_after=None
[2024-10-30T09:12:37.011+0000] {processor.py:208} INFO - Processing /usr/local/lib/python3.11/site-packages/airflow/example_dags/example_subdag_operator.py took 0.162 seconds
[2024-10-30T09:13:41.309+0000] {processor.py:186} INFO - Started process (PID=6439) to work on /usr/local/lib/python3.11/site-packages/airflow/example_dags/example_subdag_operator.py
[2024-10-30T09:13:41.310+0000] {processor.py:914} INFO - Processing file /usr/local/lib/python3.11/site-packages/airflow/example_dags/example_subdag_operator.py for tasks to queue
[2024-10-30T09:13:41.312+0000] {logging_mixin.py:190} INFO - [2024-10-30T09:13:41.312+0000] {dagbag.py:588} INFO - Filling up the DagBag from /usr/local/lib/python3.11/site-packages/airflow/example_dags/example_subdag_operator.py
[2024-10-30T09:13:41.341+0000] {processor.py:925} INFO - DAG(s) 'example_subdag_operator.section-1', 'example_subdag_operator.section-2', 'example_subdag_operator' retrieved from /usr/local/lib/python3.11/site-packages/airflow/example_dags/example_subdag_operator.py
[2024-10-30T09:13:41.361+0000] {logging_mixin.py:190} INFO - [2024-10-30T09:13:41.360+0000] {dag.py:3239} INFO - Sync 3 DAGs
[2024-10-30T09:13:41.380+0000] {logging_mixin.py:190} INFO - [2024-10-30T09:13:41.380+0000] {dag.py:4180} INFO - Setting next_dagrun for example_subdag_operator to 2022-01-01 00:00:00+00:00, run_after=2022-01-01 00:00:00+00:00
[2024-10-30T09:13:41.383+0000] {logging_mixin.py:190} INFO - [2024-10-30T09:13:41.383+0000] {dag.py:4180} INFO - Setting next_dagrun for example_subdag_operator.section-1 to None, run_after=None
[2024-10-30T09:13:41.385+0000] {logging_mixin.py:190} INFO - [2024-10-30T09:13:41.385+0000] {dag.py:4180} INFO - Setting next_dagrun for example_subdag_operator.section-2 to None, run_after=None
[2024-10-30T09:13:41.398+0000] {logging_mixin.py:190} INFO - [2024-10-30T09:13:41.398+0000] {dag.py:3239} INFO - Sync 2 DAGs
[2024-10-30T09:13:41.401+0000] {logging_mixin.py:190} INFO - [2024-10-30T09:13:41.401+0000] {dag.py:4180} INFO - Setting next_dagrun for example_subdag_operator.section-1 to None, run_after=None
[2024-10-30T09:13:41.402+0000] {logging_mixin.py:190} INFO - [2024-10-30T09:13:41.402+0000] {dag.py:4180} INFO - Setting next_dagrun for example_subdag_operator.section-2 to None, run_after=None
[2024-10-30T09:13:41.434+0000] {processor.py:208} INFO - Processing /usr/local/lib/python3.11/site-packages/airflow/example_dags/example_subdag_operator.py took 0.129 seconds
