[2024-10-30T09:09:24.814+0000] {processor.py:186} INFO - Started process (PID=3859) to work on /usr/local/lib/python3.11/site-packages/airflow/example_dags/example_kubernetes_executor.py
[2024-10-30T09:09:24.815+0000] {processor.py:914} INFO - Processing file /usr/local/lib/python3.11/site-packages/airflow/example_dags/example_kubernetes_executor.py for tasks to queue
[2024-10-30T09:09:24.816+0000] {logging_mixin.py:190} INFO - [2024-10-30T09:09:24.816+0000] {dagbag.py:588} INFO - Filling up the DagBag from /usr/local/lib/python3.11/site-packages/airflow/example_dags/example_kubernetes_executor.py
[2024-10-30T09:09:24.822+0000] {logging_mixin.py:190} INFO - [2024-10-30T09:09:24.822+0000] {example_kubernetes_executor.py:39} WARNING - The example_kubernetes_executor example DAG requires the kubernetes provider. Please install it with: pip install apache-airflow[cncf.kubernetes]
[2024-10-30T09:09:24.823+0000] {processor.py:927} WARNING - No viable dags retrieved from /usr/local/lib/python3.11/site-packages/airflow/example_dags/example_kubernetes_executor.py
[2024-10-30T09:09:24.837+0000] {processor.py:208} INFO - Processing /usr/local/lib/python3.11/site-packages/airflow/example_dags/example_kubernetes_executor.py took 0.028 seconds
[2024-10-30T09:10:32.614+0000] {processor.py:186} INFO - Started process (PID=4375) to work on /usr/local/lib/python3.11/site-packages/airflow/example_dags/example_kubernetes_executor.py
[2024-10-30T09:10:32.615+0000] {processor.py:914} INFO - Processing file /usr/local/lib/python3.11/site-packages/airflow/example_dags/example_kubernetes_executor.py for tasks to queue
[2024-10-30T09:10:32.617+0000] {logging_mixin.py:190} INFO - [2024-10-30T09:10:32.616+0000] {dagbag.py:588} INFO - Filling up the DagBag from /usr/local/lib/python3.11/site-packages/airflow/example_dags/example_kubernetes_executor.py
[2024-10-30T09:10:32.619+0000] {logging_mixin.py:190} INFO - [2024-10-30T09:10:32.619+0000] {example_kubernetes_executor.py:39} WARNING - The example_kubernetes_executor example DAG requires the kubernetes provider. Please install it with: pip install apache-airflow[cncf.kubernetes]
[2024-10-30T09:10:32.619+0000] {processor.py:927} WARNING - No viable dags retrieved from /usr/local/lib/python3.11/site-packages/airflow/example_dags/example_kubernetes_executor.py
[2024-10-30T09:10:32.634+0000] {processor.py:208} INFO - Processing /usr/local/lib/python3.11/site-packages/airflow/example_dags/example_kubernetes_executor.py took 0.025 seconds
[2024-10-30T09:11:37.299+0000] {processor.py:186} INFO - Started process (PID=4885) to work on /usr/local/lib/python3.11/site-packages/airflow/example_dags/example_kubernetes_executor.py
[2024-10-30T09:11:37.300+0000] {processor.py:914} INFO - Processing file /usr/local/lib/python3.11/site-packages/airflow/example_dags/example_kubernetes_executor.py for tasks to queue
[2024-10-30T09:11:37.302+0000] {logging_mixin.py:190} INFO - [2024-10-30T09:11:37.302+0000] {dagbag.py:588} INFO - Filling up the DagBag from /usr/local/lib/python3.11/site-packages/airflow/example_dags/example_kubernetes_executor.py
[2024-10-30T09:11:37.305+0000] {logging_mixin.py:190} INFO - [2024-10-30T09:11:37.305+0000] {example_kubernetes_executor.py:39} WARNING - The example_kubernetes_executor example DAG requires the kubernetes provider. Please install it with: pip install apache-airflow[cncf.kubernetes]
[2024-10-30T09:11:37.306+0000] {processor.py:927} WARNING - No viable dags retrieved from /usr/local/lib/python3.11/site-packages/airflow/example_dags/example_kubernetes_executor.py
[2024-10-30T09:11:37.322+0000] {processor.py:208} INFO - Processing /usr/local/lib/python3.11/site-packages/airflow/example_dags/example_kubernetes_executor.py took 0.028 seconds
[2024-10-30T09:12:36.247+0000] {processor.py:186} INFO - Started process (PID=5373) to work on /usr/local/lib/python3.11/site-packages/airflow/example_dags/example_kubernetes_executor.py
[2024-10-30T09:12:36.248+0000] {processor.py:914} INFO - Processing file /usr/local/lib/python3.11/site-packages/airflow/example_dags/example_kubernetes_executor.py for tasks to queue
[2024-10-30T09:12:36.250+0000] {logging_mixin.py:190} INFO - [2024-10-30T09:12:36.249+0000] {dagbag.py:588} INFO - Filling up the DagBag from /usr/local/lib/python3.11/site-packages/airflow/example_dags/example_kubernetes_executor.py
[2024-10-30T09:12:36.252+0000] {logging_mixin.py:190} INFO - [2024-10-30T09:12:36.252+0000] {example_kubernetes_executor.py:39} WARNING - The example_kubernetes_executor example DAG requires the kubernetes provider. Please install it with: pip install apache-airflow[cncf.kubernetes]
[2024-10-30T09:12:36.253+0000] {processor.py:927} WARNING - No viable dags retrieved from /usr/local/lib/python3.11/site-packages/airflow/example_dags/example_kubernetes_executor.py
[2024-10-30T09:12:36.268+0000] {processor.py:208} INFO - Processing /usr/local/lib/python3.11/site-packages/airflow/example_dags/example_kubernetes_executor.py took 0.026 seconds
[2024-10-30T09:13:40.125+0000] {processor.py:186} INFO - Started process (PID=6437) to work on /usr/local/lib/python3.11/site-packages/airflow/example_dags/example_kubernetes_executor.py
[2024-10-30T09:13:40.126+0000] {processor.py:914} INFO - Processing file /usr/local/lib/python3.11/site-packages/airflow/example_dags/example_kubernetes_executor.py for tasks to queue
[2024-10-30T09:13:40.128+0000] {logging_mixin.py:190} INFO - [2024-10-30T09:13:40.127+0000] {dagbag.py:588} INFO - Filling up the DagBag from /usr/local/lib/python3.11/site-packages/airflow/example_dags/example_kubernetes_executor.py
[2024-10-30T09:13:40.130+0000] {logging_mixin.py:190} INFO - [2024-10-30T09:13:40.130+0000] {example_kubernetes_executor.py:39} WARNING - The example_kubernetes_executor example DAG requires the kubernetes provider. Please install it with: pip install apache-airflow[cncf.kubernetes]
[2024-10-30T09:13:40.130+0000] {processor.py:927} WARNING - No viable dags retrieved from /usr/local/lib/python3.11/site-packages/airflow/example_dags/example_kubernetes_executor.py
[2024-10-30T09:13:40.148+0000] {processor.py:208} INFO - Processing /usr/local/lib/python3.11/site-packages/airflow/example_dags/example_kubernetes_executor.py took 0.028 seconds
