[2024-10-30T09:09:14.823+0000] {processor.py:186} INFO - Started process (PID=3827) to work on /usr/local/lib/python3.11/site-packages/airflow/example_dags/example_complex.py
[2024-10-30T09:09:14.824+0000] {processor.py:914} INFO - Processing file /usr/local/lib/python3.11/site-packages/airflow/example_dags/example_complex.py for tasks to queue
[2024-10-30T09:09:14.826+0000] {logging_mixin.py:190} INFO - [2024-10-30T09:09:14.825+0000] {dagbag.py:588} INFO - Filling up the DagBag from /usr/local/lib/python3.11/site-packages/airflow/example_dags/example_complex.py
[2024-10-30T09:09:14.836+0000] {processor.py:925} INFO - DAG(s) 'example_complex' retrieved from /usr/local/lib/python3.11/site-packages/airflow/example_dags/example_complex.py
[2024-10-30T09:09:15.038+0000] {logging_mixin.py:190} INFO - [2024-10-30T09:09:15.037+0000] {override.py:1907} INFO - Created Permission View: can delete on DAG:example_complex
[2024-10-30T09:09:15.060+0000] {logging_mixin.py:190} INFO - [2024-10-30T09:09:15.059+0000] {override.py:1907} INFO - Created Permission View: can read on DAG:example_complex
[2024-10-30T09:09:15.080+0000] {logging_mixin.py:190} INFO - [2024-10-30T09:09:15.080+0000] {override.py:1907} INFO - Created Permission View: can edit on DAG:example_complex
[2024-10-30T09:09:15.114+0000] {logging_mixin.py:190} INFO - [2024-10-30T09:09:15.114+0000] {override.py:1907} INFO - Created Permission View: can delete on DAG Run:example_complex
[2024-10-30T09:09:15.143+0000] {logging_mixin.py:190} INFO - [2024-10-30T09:09:15.142+0000] {override.py:1907} INFO - Created Permission View: can create on DAG Run:example_complex
[2024-10-30T09:09:15.166+0000] {logging_mixin.py:190} INFO - [2024-10-30T09:09:15.166+0000] {override.py:1907} INFO - Created Permission View: menu access on DAG Run:example_complex
[2024-10-30T09:09:15.194+0000] {logging_mixin.py:190} INFO - [2024-10-30T09:09:15.193+0000] {override.py:1907} INFO - Created Permission View: can read on DAG Run:example_complex
[2024-10-30T09:09:15.194+0000] {logging_mixin.py:190} INFO - [2024-10-30T09:09:15.194+0000] {dag.py:3239} INFO - Sync 1 DAGs
[2024-10-30T09:09:15.209+0000] {logging_mixin.py:190} INFO - [2024-10-30T09:09:15.209+0000] {dag.py:3262} INFO - Creating ORM DAG for example_complex
[2024-10-30T09:09:15.209+0000] {logging_mixin.py:190} INFO - [2024-10-30T09:09:15.209+0000] {dag.py:4180} INFO - Setting next_dagrun for example_complex to None, run_after=None
[2024-10-30T09:09:15.258+0000] {processor.py:208} INFO - Processing /usr/local/lib/python3.11/site-packages/airflow/example_dags/example_complex.py took 0.441 seconds
[2024-10-30T09:10:25.154+0000] {processor.py:186} INFO - Started process (PID=4348) to work on /usr/local/lib/python3.11/site-packages/airflow/example_dags/example_complex.py
[2024-10-30T09:10:25.155+0000] {processor.py:914} INFO - Processing file /usr/local/lib/python3.11/site-packages/airflow/example_dags/example_complex.py for tasks to queue
[2024-10-30T09:10:25.157+0000] {logging_mixin.py:190} INFO - [2024-10-30T09:10:25.157+0000] {dagbag.py:588} INFO - Filling up the DagBag from /usr/local/lib/python3.11/site-packages/airflow/example_dags/example_complex.py
[2024-10-30T09:10:25.167+0000] {processor.py:925} INFO - DAG(s) 'example_complex' retrieved from /usr/local/lib/python3.11/site-packages/airflow/example_dags/example_complex.py
[2024-10-30T09:10:25.197+0000] {logging_mixin.py:190} INFO - [2024-10-30T09:10:25.197+0000] {dag.py:3239} INFO - Sync 1 DAGs
[2024-10-30T09:10:25.209+0000] {logging_mixin.py:190} INFO - [2024-10-30T09:10:25.209+0000] {dag.py:4180} INFO - Setting next_dagrun for example_complex to None, run_after=None
[2024-10-30T09:10:25.251+0000] {processor.py:208} INFO - Processing /usr/local/lib/python3.11/site-packages/airflow/example_dags/example_complex.py took 0.102 seconds
[2024-10-30T09:11:22.994+0000] {processor.py:186} INFO - Started process (PID=4837) to work on /usr/local/lib/python3.11/site-packages/airflow/example_dags/example_complex.py
[2024-10-30T09:11:22.995+0000] {processor.py:914} INFO - Processing file /usr/local/lib/python3.11/site-packages/airflow/example_dags/example_complex.py for tasks to queue
[2024-10-30T09:11:22.998+0000] {logging_mixin.py:190} INFO - [2024-10-30T09:11:22.997+0000] {dagbag.py:588} INFO - Filling up the DagBag from /usr/local/lib/python3.11/site-packages/airflow/example_dags/example_complex.py
[2024-10-30T09:11:23.009+0000] {processor.py:925} INFO - DAG(s) 'example_complex' retrieved from /usr/local/lib/python3.11/site-packages/airflow/example_dags/example_complex.py
[2024-10-30T09:11:23.038+0000] {logging_mixin.py:190} INFO - [2024-10-30T09:11:23.038+0000] {dag.py:3239} INFO - Sync 1 DAGs
[2024-10-30T09:11:23.051+0000] {logging_mixin.py:190} INFO - [2024-10-30T09:11:23.051+0000] {dag.py:4180} INFO - Setting next_dagrun for example_complex to None, run_after=None
[2024-10-30T09:11:23.106+0000] {processor.py:208} INFO - Processing /usr/local/lib/python3.11/site-packages/airflow/example_dags/example_complex.py took 0.116 seconds
[2024-10-30T09:12:24.493+0000] {processor.py:186} INFO - Started process (PID=5330) to work on /usr/local/lib/python3.11/site-packages/airflow/example_dags/example_complex.py
[2024-10-30T09:12:24.494+0000] {processor.py:914} INFO - Processing file /usr/local/lib/python3.11/site-packages/airflow/example_dags/example_complex.py for tasks to queue
[2024-10-30T09:12:24.496+0000] {logging_mixin.py:190} INFO - [2024-10-30T09:12:24.496+0000] {dagbag.py:588} INFO - Filling up the DagBag from /usr/local/lib/python3.11/site-packages/airflow/example_dags/example_complex.py
[2024-10-30T09:12:24.507+0000] {processor.py:925} INFO - DAG(s) 'example_complex' retrieved from /usr/local/lib/python3.11/site-packages/airflow/example_dags/example_complex.py
[2024-10-30T09:12:24.541+0000] {logging_mixin.py:190} INFO - [2024-10-30T09:12:24.541+0000] {dag.py:3239} INFO - Sync 1 DAGs
[2024-10-30T09:12:24.556+0000] {logging_mixin.py:190} INFO - [2024-10-30T09:12:24.556+0000] {dag.py:4180} INFO - Setting next_dagrun for example_complex to None, run_after=None
[2024-10-30T09:12:24.603+0000] {processor.py:208} INFO - Processing /usr/local/lib/python3.11/site-packages/airflow/example_dags/example_complex.py took 0.115 seconds
[2024-10-30T09:13:25.227+0000] {processor.py:186} INFO - Started process (PID=5822) to work on /usr/local/lib/python3.11/site-packages/airflow/example_dags/example_complex.py
[2024-10-30T09:13:25.228+0000] {processor.py:914} INFO - Processing file /usr/local/lib/python3.11/site-packages/airflow/example_dags/example_complex.py for tasks to queue
[2024-10-30T09:13:25.230+0000] {logging_mixin.py:190} INFO - [2024-10-30T09:13:25.229+0000] {dagbag.py:588} INFO - Filling up the DagBag from /usr/local/lib/python3.11/site-packages/airflow/example_dags/example_complex.py
[2024-10-30T09:13:25.243+0000] {processor.py:925} INFO - DAG(s) 'example_complex' retrieved from /usr/local/lib/python3.11/site-packages/airflow/example_dags/example_complex.py
[2024-10-30T09:13:25.282+0000] {logging_mixin.py:190} INFO - [2024-10-30T09:13:25.281+0000] {dag.py:3239} INFO - Sync 1 DAGs
[2024-10-30T09:13:25.296+0000] {logging_mixin.py:190} INFO - [2024-10-30T09:13:25.296+0000] {dag.py:4180} INFO - Setting next_dagrun for example_complex to None, run_after=None
[2024-10-30T09:13:25.350+0000] {processor.py:208} INFO - Processing /usr/local/lib/python3.11/site-packages/airflow/example_dags/example_complex.py took 0.129 seconds
[2024-10-30T09:14:28.401+0000] {processor.py:186} INFO - Started process (PID=6604) to work on /usr/local/lib/python3.11/site-packages/airflow/example_dags/example_complex.py
[2024-10-30T09:14:28.402+0000] {processor.py:914} INFO - Processing file /usr/local/lib/python3.11/site-packages/airflow/example_dags/example_complex.py for tasks to queue
[2024-10-30T09:14:28.404+0000] {logging_mixin.py:190} INFO - [2024-10-30T09:14:28.403+0000] {dagbag.py:588} INFO - Filling up the DagBag from /usr/local/lib/python3.11/site-packages/airflow/example_dags/example_complex.py
[2024-10-30T09:14:28.415+0000] {processor.py:925} INFO - DAG(s) 'example_complex' retrieved from /usr/local/lib/python3.11/site-packages/airflow/example_dags/example_complex.py
[2024-10-30T09:14:28.447+0000] {logging_mixin.py:190} INFO - [2024-10-30T09:14:28.447+0000] {dag.py:3239} INFO - Sync 1 DAGs
[2024-10-30T09:14:28.461+0000] {logging_mixin.py:190} INFO - [2024-10-30T09:14:28.461+0000] {dag.py:4180} INFO - Setting next_dagrun for example_complex to None, run_after=None
[2024-10-30T09:14:28.505+0000] {processor.py:208} INFO - Processing /usr/local/lib/python3.11/site-packages/airflow/example_dags/example_complex.py took 0.110 seconds
