[2024-10-30T09:09:36.135+0000] {processor.py:186} INFO - Started process (PID=3898) to work on /usr/local/lib/python3.11/site-packages/airflow/example_dags/example_setup_teardown.py
[2024-10-30T09:09:36.135+0000] {processor.py:914} INFO - Processing file /usr/local/lib/python3.11/site-packages/airflow/example_dags/example_setup_teardown.py for tasks to queue
[2024-10-30T09:09:36.138+0000] {logging_mixin.py:190} INFO - [2024-10-30T09:09:36.137+0000] {dagbag.py:588} INFO - Filling up the DagBag from /usr/local/lib/python3.11/site-packages/airflow/example_dags/example_setup_teardown.py
[2024-10-30T09:09:36.233+0000] {processor.py:925} INFO - DAG(s) 'example_setup_teardown' retrieved from /usr/local/lib/python3.11/site-packages/airflow/example_dags/example_setup_teardown.py
[2024-10-30T09:09:36.346+0000] {logging_mixin.py:190} INFO - [2024-10-30T09:09:36.345+0000] {override.py:1907} INFO - Created Permission View: can delete on DAG:example_setup_teardown
[2024-10-30T09:09:36.378+0000] {logging_mixin.py:190} INFO - [2024-10-30T09:09:36.377+0000] {override.py:1907} INFO - Created Permission View: can read on DAG:example_setup_teardown
[2024-10-30T09:09:36.405+0000] {logging_mixin.py:190} INFO - [2024-10-30T09:09:36.405+0000] {override.py:1907} INFO - Created Permission View: can edit on DAG:example_setup_teardown
[2024-10-30T09:09:36.450+0000] {logging_mixin.py:190} INFO - [2024-10-30T09:09:36.450+0000] {override.py:1907} INFO - Created Permission View: can delete on DAG Run:example_setup_teardown
[2024-10-30T09:09:36.479+0000] {logging_mixin.py:190} INFO - [2024-10-30T09:09:36.479+0000] {override.py:1907} INFO - Created Permission View: can create on DAG Run:example_setup_teardown
[2024-10-30T09:09:36.506+0000] {logging_mixin.py:190} INFO - [2024-10-30T09:09:36.506+0000] {override.py:1907} INFO - Created Permission View: menu access on DAG Run:example_setup_teardown
[2024-10-30T09:09:36.547+0000] {logging_mixin.py:190} INFO - [2024-10-30T09:09:36.546+0000] {override.py:1907} INFO - Created Permission View: can read on DAG Run:example_setup_teardown
[2024-10-30T09:09:36.547+0000] {logging_mixin.py:190} INFO - [2024-10-30T09:09:36.547+0000] {dag.py:3239} INFO - Sync 1 DAGs
[2024-10-30T09:09:36.563+0000] {logging_mixin.py:190} INFO - [2024-10-30T09:09:36.563+0000] {dag.py:3262} INFO - Creating ORM DAG for example_setup_teardown
[2024-10-30T09:09:36.564+0000] {logging_mixin.py:190} INFO - [2024-10-30T09:09:36.564+0000] {dag.py:4180} INFO - Setting next_dagrun for example_setup_teardown to None, run_after=None
[2024-10-30T09:09:36.605+0000] {processor.py:208} INFO - Processing /usr/local/lib/python3.11/site-packages/airflow/example_dags/example_setup_teardown.py took 0.475 seconds
[2024-10-30T09:10:44.820+0000] {processor.py:186} INFO - Started process (PID=4700) to work on /usr/local/lib/python3.11/site-packages/airflow/example_dags/example_setup_teardown.py
[2024-10-30T09:10:44.821+0000] {processor.py:914} INFO - Processing file /usr/local/lib/python3.11/site-packages/airflow/example_dags/example_setup_teardown.py for tasks to queue
[2024-10-30T09:10:44.823+0000] {logging_mixin.py:190} INFO - [2024-10-30T09:10:44.823+0000] {dagbag.py:588} INFO - Filling up the DagBag from /usr/local/lib/python3.11/site-packages/airflow/example_dags/example_setup_teardown.py
[2024-10-30T09:10:44.832+0000] {processor.py:925} INFO - DAG(s) 'example_setup_teardown' retrieved from /usr/local/lib/python3.11/site-packages/airflow/example_dags/example_setup_teardown.py
[2024-10-30T09:10:44.851+0000] {logging_mixin.py:190} INFO - [2024-10-30T09:10:44.851+0000] {dag.py:3239} INFO - Sync 1 DAGs
[2024-10-30T09:10:44.863+0000] {logging_mixin.py:190} INFO - [2024-10-30T09:10:44.862+0000] {dag.py:4180} INFO - Setting next_dagrun for example_setup_teardown to None, run_after=None
[2024-10-30T09:10:44.913+0000] {processor.py:208} INFO - Processing /usr/local/lib/python3.11/site-packages/airflow/example_dags/example_setup_teardown.py took 0.097 seconds
[2024-10-30T09:11:46.543+0000] {processor.py:186} INFO - Started process (PID=5196) to work on /usr/local/lib/python3.11/site-packages/airflow/example_dags/example_setup_teardown.py
[2024-10-30T09:11:46.544+0000] {processor.py:914} INFO - Processing file /usr/local/lib/python3.11/site-packages/airflow/example_dags/example_setup_teardown.py for tasks to queue
[2024-10-30T09:11:46.546+0000] {logging_mixin.py:190} INFO - [2024-10-30T09:11:46.546+0000] {dagbag.py:588} INFO - Filling up the DagBag from /usr/local/lib/python3.11/site-packages/airflow/example_dags/example_setup_teardown.py
[2024-10-30T09:11:46.554+0000] {processor.py:925} INFO - DAG(s) 'example_setup_teardown' retrieved from /usr/local/lib/python3.11/site-packages/airflow/example_dags/example_setup_teardown.py
[2024-10-30T09:11:46.575+0000] {logging_mixin.py:190} INFO - [2024-10-30T09:11:46.575+0000] {dag.py:3239} INFO - Sync 1 DAGs
[2024-10-30T09:11:46.587+0000] {logging_mixin.py:190} INFO - [2024-10-30T09:11:46.587+0000] {dag.py:4180} INFO - Setting next_dagrun for example_setup_teardown to None, run_after=None
[2024-10-30T09:11:46.630+0000] {processor.py:208} INFO - Processing /usr/local/lib/python3.11/site-packages/airflow/example_dags/example_setup_teardown.py took 0.092 seconds
[2024-10-30T09:12:46.046+0000] {processor.py:186} INFO - Started process (PID=5685) to work on /usr/local/lib/python3.11/site-packages/airflow/example_dags/example_setup_teardown.py
[2024-10-30T09:12:46.047+0000] {processor.py:914} INFO - Processing file /usr/local/lib/python3.11/site-packages/airflow/example_dags/example_setup_teardown.py for tasks to queue
[2024-10-30T09:12:46.049+0000] {logging_mixin.py:190} INFO - [2024-10-30T09:12:46.048+0000] {dagbag.py:588} INFO - Filling up the DagBag from /usr/local/lib/python3.11/site-packages/airflow/example_dags/example_setup_teardown.py
[2024-10-30T09:12:46.056+0000] {processor.py:925} INFO - DAG(s) 'example_setup_teardown' retrieved from /usr/local/lib/python3.11/site-packages/airflow/example_dags/example_setup_teardown.py
[2024-10-30T09:12:46.078+0000] {logging_mixin.py:190} INFO - [2024-10-30T09:12:46.078+0000] {dag.py:3239} INFO - Sync 1 DAGs
[2024-10-30T09:12:46.090+0000] {logging_mixin.py:190} INFO - [2024-10-30T09:12:46.089+0000] {dag.py:4180} INFO - Setting next_dagrun for example_setup_teardown to None, run_after=None
[2024-10-30T09:12:46.133+0000] {processor.py:208} INFO - Processing /usr/local/lib/python3.11/site-packages/airflow/example_dags/example_setup_teardown.py took 0.093 seconds
[2024-10-30T09:13:49.194+0000] {processor.py:186} INFO - Started process (PID=6466) to work on /usr/local/lib/python3.11/site-packages/airflow/example_dags/example_setup_teardown.py
[2024-10-30T09:13:49.196+0000] {processor.py:914} INFO - Processing file /usr/local/lib/python3.11/site-packages/airflow/example_dags/example_setup_teardown.py for tasks to queue
[2024-10-30T09:13:49.197+0000] {logging_mixin.py:190} INFO - [2024-10-30T09:13:49.197+0000] {dagbag.py:588} INFO - Filling up the DagBag from /usr/local/lib/python3.11/site-packages/airflow/example_dags/example_setup_teardown.py
[2024-10-30T09:13:49.205+0000] {processor.py:925} INFO - DAG(s) 'example_setup_teardown' retrieved from /usr/local/lib/python3.11/site-packages/airflow/example_dags/example_setup_teardown.py
[2024-10-30T09:13:49.224+0000] {logging_mixin.py:190} INFO - [2024-10-30T09:13:49.224+0000] {dag.py:3239} INFO - Sync 1 DAGs
[2024-10-30T09:13:49.236+0000] {logging_mixin.py:190} INFO - [2024-10-30T09:13:49.236+0000] {dag.py:4180} INFO - Setting next_dagrun for example_setup_teardown to None, run_after=None
[2024-10-30T09:13:49.280+0000] {processor.py:208} INFO - Processing /usr/local/lib/python3.11/site-packages/airflow/example_dags/example_setup_teardown.py took 0.090 seconds
