[2024-10-30T09:08:58.046+0000] {processor.py:186} INFO - Started process (PID=3161) to work on /usr/local/lib/python3.11/site-packages/airflow/example_dags/example_dynamic_task_mapping.py
[2024-10-30T09:08:58.046+0000] {processor.py:914} INFO - Processing file /usr/local/lib/python3.11/site-packages/airflow/example_dags/example_dynamic_task_mapping.py for tasks to queue
[2024-10-30T09:08:58.048+0000] {logging_mixin.py:190} INFO - [2024-10-30T09:08:58.048+0000] {dagbag.py:588} INFO - Filling up the DagBag from /usr/local/lib/python3.11/site-packages/airflow/example_dags/example_dynamic_task_mapping.py
[2024-10-30T09:08:58.058+0000] {processor.py:925} INFO - DAG(s) 'example_dynamic_task_mapping' retrieved from /usr/local/lib/python3.11/site-packages/airflow/example_dags/example_dynamic_task_mapping.py
[2024-10-30T09:08:58.285+0000] {logging_mixin.py:190} INFO - [2024-10-30T09:08:58.284+0000] {override.py:1907} INFO - Created Permission View: can delete on DAG:example_dynamic_task_mapping
[2024-10-30T09:08:58.321+0000] {logging_mixin.py:190} INFO - [2024-10-30T09:08:58.320+0000] {override.py:1907} INFO - Created Permission View: can read on DAG:example_dynamic_task_mapping
[2024-10-30T09:08:58.353+0000] {logging_mixin.py:190} INFO - [2024-10-30T09:08:58.352+0000] {override.py:1907} INFO - Created Permission View: can edit on DAG:example_dynamic_task_mapping
[2024-10-30T09:08:58.417+0000] {logging_mixin.py:190} INFO - [2024-10-30T09:08:58.417+0000] {override.py:1907} INFO - Created Permission View: can delete on DAG Run:example_dynamic_task_mapping
[2024-10-30T09:08:58.454+0000] {logging_mixin.py:190} INFO - [2024-10-30T09:08:58.453+0000] {override.py:1907} INFO - Created Permission View: can create on DAG Run:example_dynamic_task_mapping
[2024-10-30T09:08:58.481+0000] {logging_mixin.py:190} INFO - [2024-10-30T09:08:58.481+0000] {override.py:1907} INFO - Created Permission View: menu access on DAG Run:example_dynamic_task_mapping
[2024-10-30T09:08:58.509+0000] {logging_mixin.py:190} INFO - [2024-10-30T09:08:58.509+0000] {override.py:1907} INFO - Created Permission View: can read on DAG Run:example_dynamic_task_mapping
[2024-10-30T09:08:58.510+0000] {logging_mixin.py:190} INFO - [2024-10-30T09:08:58.510+0000] {dag.py:3239} INFO - Sync 1 DAGs
[2024-10-30T09:08:58.523+0000] {logging_mixin.py:190} INFO - [2024-10-30T09:08:58.523+0000] {dag.py:3262} INFO - Creating ORM DAG for example_dynamic_task_mapping
[2024-10-30T09:08:58.524+0000] {logging_mixin.py:190} INFO - [2024-10-30T09:08:58.524+0000] {dag.py:4180} INFO - Setting next_dagrun for example_dynamic_task_mapping to None, run_after=None
[2024-10-30T09:08:58.581+0000] {processor.py:208} INFO - Processing /usr/local/lib/python3.11/site-packages/airflow/example_dags/example_dynamic_task_mapping.py took 0.539 seconds
[2024-10-30T09:10:12.071+0000] {processor.py:186} INFO - Started process (PID=4306) to work on /usr/local/lib/python3.11/site-packages/airflow/example_dags/example_dynamic_task_mapping.py
[2024-10-30T09:10:12.072+0000] {processor.py:914} INFO - Processing file /usr/local/lib/python3.11/site-packages/airflow/example_dags/example_dynamic_task_mapping.py for tasks to queue
[2024-10-30T09:10:12.074+0000] {logging_mixin.py:190} INFO - [2024-10-30T09:10:12.074+0000] {dagbag.py:588} INFO - Filling up the DagBag from /usr/local/lib/python3.11/site-packages/airflow/example_dags/example_dynamic_task_mapping.py
[2024-10-30T09:10:12.081+0000] {processor.py:925} INFO - DAG(s) 'example_dynamic_task_mapping' retrieved from /usr/local/lib/python3.11/site-packages/airflow/example_dags/example_dynamic_task_mapping.py
[2024-10-30T09:10:12.108+0000] {logging_mixin.py:190} INFO - [2024-10-30T09:10:12.108+0000] {dag.py:3239} INFO - Sync 1 DAGs
[2024-10-30T09:10:12.123+0000] {logging_mixin.py:190} INFO - [2024-10-30T09:10:12.123+0000] {dag.py:4180} INFO - Setting next_dagrun for example_dynamic_task_mapping to None, run_after=None
[2024-10-30T09:10:12.181+0000] {processor.py:208} INFO - Processing /usr/local/lib/python3.11/site-packages/airflow/example_dags/example_dynamic_task_mapping.py took 0.116 seconds
[2024-10-30T09:11:10.234+0000] {processor.py:186} INFO - Started process (PID=4792) to work on /usr/local/lib/python3.11/site-packages/airflow/example_dags/example_dynamic_task_mapping.py
[2024-10-30T09:11:10.235+0000] {processor.py:914} INFO - Processing file /usr/local/lib/python3.11/site-packages/airflow/example_dags/example_dynamic_task_mapping.py for tasks to queue
[2024-10-30T09:11:10.237+0000] {logging_mixin.py:190} INFO - [2024-10-30T09:11:10.237+0000] {dagbag.py:588} INFO - Filling up the DagBag from /usr/local/lib/python3.11/site-packages/airflow/example_dags/example_dynamic_task_mapping.py
[2024-10-30T09:11:10.245+0000] {processor.py:925} INFO - DAG(s) 'example_dynamic_task_mapping' retrieved from /usr/local/lib/python3.11/site-packages/airflow/example_dags/example_dynamic_task_mapping.py
[2024-10-30T09:11:10.266+0000] {logging_mixin.py:190} INFO - [2024-10-30T09:11:10.266+0000] {dag.py:3239} INFO - Sync 1 DAGs
[2024-10-30T09:11:10.278+0000] {logging_mixin.py:190} INFO - [2024-10-30T09:11:10.278+0000] {dag.py:4180} INFO - Setting next_dagrun for example_dynamic_task_mapping to None, run_after=None
[2024-10-30T09:11:10.331+0000] {processor.py:208} INFO - Processing /usr/local/lib/python3.11/site-packages/airflow/example_dags/example_dynamic_task_mapping.py took 0.102 seconds
[2024-10-30T09:12:11.388+0000] {processor.py:186} INFO - Started process (PID=5285) to work on /usr/local/lib/python3.11/site-packages/airflow/example_dags/example_dynamic_task_mapping.py
[2024-10-30T09:12:11.389+0000] {processor.py:914} INFO - Processing file /usr/local/lib/python3.11/site-packages/airflow/example_dags/example_dynamic_task_mapping.py for tasks to queue
[2024-10-30T09:12:11.391+0000] {logging_mixin.py:190} INFO - [2024-10-30T09:12:11.391+0000] {dagbag.py:588} INFO - Filling up the DagBag from /usr/local/lib/python3.11/site-packages/airflow/example_dags/example_dynamic_task_mapping.py
[2024-10-30T09:12:11.398+0000] {processor.py:925} INFO - DAG(s) 'example_dynamic_task_mapping' retrieved from /usr/local/lib/python3.11/site-packages/airflow/example_dags/example_dynamic_task_mapping.py
[2024-10-30T09:12:11.418+0000] {logging_mixin.py:190} INFO - [2024-10-30T09:12:11.418+0000] {dag.py:3239} INFO - Sync 1 DAGs
[2024-10-30T09:12:11.437+0000] {logging_mixin.py:190} INFO - [2024-10-30T09:12:11.436+0000] {dag.py:4180} INFO - Setting next_dagrun for example_dynamic_task_mapping to None, run_after=None
[2024-10-30T09:12:11.490+0000] {processor.py:208} INFO - Processing /usr/local/lib/python3.11/site-packages/airflow/example_dags/example_dynamic_task_mapping.py took 0.107 seconds
[2024-10-30T09:13:12.205+0000] {processor.py:186} INFO - Started process (PID=5777) to work on /usr/local/lib/python3.11/site-packages/airflow/example_dags/example_dynamic_task_mapping.py
[2024-10-30T09:13:12.206+0000] {processor.py:914} INFO - Processing file /usr/local/lib/python3.11/site-packages/airflow/example_dags/example_dynamic_task_mapping.py for tasks to queue
[2024-10-30T09:13:12.209+0000] {logging_mixin.py:190} INFO - [2024-10-30T09:13:12.208+0000] {dagbag.py:588} INFO - Filling up the DagBag from /usr/local/lib/python3.11/site-packages/airflow/example_dags/example_dynamic_task_mapping.py
[2024-10-30T09:13:12.218+0000] {processor.py:925} INFO - DAG(s) 'example_dynamic_task_mapping' retrieved from /usr/local/lib/python3.11/site-packages/airflow/example_dags/example_dynamic_task_mapping.py
[2024-10-30T09:13:12.242+0000] {logging_mixin.py:190} INFO - [2024-10-30T09:13:12.242+0000] {dag.py:3239} INFO - Sync 1 DAGs
[2024-10-30T09:13:12.257+0000] {logging_mixin.py:190} INFO - [2024-10-30T09:13:12.257+0000] {dag.py:4180} INFO - Setting next_dagrun for example_dynamic_task_mapping to None, run_after=None
[2024-10-30T09:13:12.313+0000] {processor.py:208} INFO - Processing /usr/local/lib/python3.11/site-packages/airflow/example_dags/example_dynamic_task_mapping.py took 0.114 seconds
[2024-10-30T09:14:16.658+0000] {processor.py:186} INFO - Started process (PID=6562) to work on /usr/local/lib/python3.11/site-packages/airflow/example_dags/example_dynamic_task_mapping.py
[2024-10-30T09:14:16.659+0000] {processor.py:914} INFO - Processing file /usr/local/lib/python3.11/site-packages/airflow/example_dags/example_dynamic_task_mapping.py for tasks to queue
[2024-10-30T09:14:16.661+0000] {logging_mixin.py:190} INFO - [2024-10-30T09:14:16.660+0000] {dagbag.py:588} INFO - Filling up the DagBag from /usr/local/lib/python3.11/site-packages/airflow/example_dags/example_dynamic_task_mapping.py
[2024-10-30T09:14:16.667+0000] {processor.py:925} INFO - DAG(s) 'example_dynamic_task_mapping' retrieved from /usr/local/lib/python3.11/site-packages/airflow/example_dags/example_dynamic_task_mapping.py
[2024-10-30T09:14:16.685+0000] {logging_mixin.py:190} INFO - [2024-10-30T09:14:16.685+0000] {dag.py:3239} INFO - Sync 1 DAGs
[2024-10-30T09:14:16.696+0000] {logging_mixin.py:190} INFO - [2024-10-30T09:14:16.696+0000] {dag.py:4180} INFO - Setting next_dagrun for example_dynamic_task_mapping to None, run_after=None
[2024-10-30T09:14:16.741+0000] {processor.py:208} INFO - Processing /usr/local/lib/python3.11/site-packages/airflow/example_dags/example_dynamic_task_mapping.py took 0.088 seconds
