[2024-10-30T09:09:34.623+0000] {processor.py:186} INFO - Started process (PID=3892) to work on /usr/local/lib/python3.11/site-packages/airflow/example_dags/example_inlet_event_extra.py
[2024-10-30T09:09:34.624+0000] {processor.py:914} INFO - Processing file /usr/local/lib/python3.11/site-packages/airflow/example_dags/example_inlet_event_extra.py for tasks to queue
[2024-10-30T09:09:34.626+0000] {logging_mixin.py:190} INFO - [2024-10-30T09:09:34.626+0000] {dagbag.py:588} INFO - Filling up the DagBag from /usr/local/lib/python3.11/site-packages/airflow/example_dags/example_inlet_event_extra.py
[2024-10-30T09:09:34.639+0000] {processor.py:925} INFO - DAG(s) 'read_dataset_event', 'read_dataset_event_from_classic' retrieved from /usr/local/lib/python3.11/site-packages/airflow/example_dags/example_inlet_event_extra.py
[2024-10-30T09:09:34.866+0000] {logging_mixin.py:190} INFO - [2024-10-30T09:09:34.865+0000] {override.py:1907} INFO - Created Permission View: can delete on DAG:read_dataset_event
[2024-10-30T09:09:34.913+0000] {logging_mixin.py:190} INFO - [2024-10-30T09:09:34.913+0000] {override.py:1907} INFO - Created Permission View: can read on DAG:read_dataset_event
[2024-10-30T09:09:34.947+0000] {logging_mixin.py:190} INFO - [2024-10-30T09:09:34.946+0000] {override.py:1907} INFO - Created Permission View: can edit on DAG:read_dataset_event
[2024-10-30T09:09:35.006+0000] {logging_mixin.py:190} INFO - [2024-10-30T09:09:35.005+0000] {override.py:1907} INFO - Created Permission View: can delete on DAG Run:read_dataset_event
[2024-10-30T09:09:35.038+0000] {logging_mixin.py:190} INFO - [2024-10-30T09:09:35.038+0000] {override.py:1907} INFO - Created Permission View: can create on DAG Run:read_dataset_event
[2024-10-30T09:09:35.071+0000] {logging_mixin.py:190} INFO - [2024-10-30T09:09:35.071+0000] {override.py:1907} INFO - Created Permission View: menu access on DAG Run:read_dataset_event
[2024-10-30T09:09:35.106+0000] {logging_mixin.py:190} INFO - [2024-10-30T09:09:35.105+0000] {override.py:1907} INFO - Created Permission View: can read on DAG Run:read_dataset_event
[2024-10-30T09:09:35.172+0000] {logging_mixin.py:190} INFO - [2024-10-30T09:09:35.171+0000] {override.py:1907} INFO - Created Permission View: can delete on DAG:read_dataset_event_from_classic
[2024-10-30T09:09:35.204+0000] {logging_mixin.py:190} INFO - [2024-10-30T09:09:35.204+0000] {override.py:1907} INFO - Created Permission View: can read on DAG:read_dataset_event_from_classic
[2024-10-30T09:09:35.245+0000] {logging_mixin.py:190} INFO - [2024-10-30T09:09:35.245+0000] {override.py:1907} INFO - Created Permission View: can edit on DAG:read_dataset_event_from_classic
[2024-10-30T09:09:35.310+0000] {logging_mixin.py:190} INFO - [2024-10-30T09:09:35.309+0000] {override.py:1907} INFO - Created Permission View: can delete on DAG Run:read_dataset_event_from_classic
[2024-10-30T09:09:35.361+0000] {logging_mixin.py:190} INFO - [2024-10-30T09:09:35.360+0000] {override.py:1907} INFO - Created Permission View: can create on DAG Run:read_dataset_event_from_classic
[2024-10-30T09:09:35.416+0000] {logging_mixin.py:190} INFO - [2024-10-30T09:09:35.415+0000] {override.py:1907} INFO - Created Permission View: menu access on DAG Run:read_dataset_event_from_classic
[2024-10-30T09:09:35.461+0000] {logging_mixin.py:190} INFO - [2024-10-30T09:09:35.460+0000] {override.py:1907} INFO - Created Permission View: can read on DAG Run:read_dataset_event_from_classic
[2024-10-30T09:09:35.462+0000] {logging_mixin.py:190} INFO - [2024-10-30T09:09:35.461+0000] {dag.py:3239} INFO - Sync 2 DAGs
[2024-10-30T09:09:35.486+0000] {logging_mixin.py:190} INFO - [2024-10-30T09:09:35.485+0000] {dag.py:3262} INFO - Creating ORM DAG for read_dataset_event
[2024-10-30T09:09:35.487+0000] {logging_mixin.py:190} INFO - [2024-10-30T09:09:35.487+0000] {dag.py:3262} INFO - Creating ORM DAG for read_dataset_event_from_classic
[2024-10-30T09:09:35.499+0000] {logging_mixin.py:190} INFO - [2024-10-30T09:09:35.499+0000] {dag.py:4180} INFO - Setting next_dagrun for read_dataset_event to 2024-10-29 00:00:00+00:00, run_after=2024-10-30 00:00:00+00:00
[2024-10-30T09:09:35.501+0000] {logging_mixin.py:190} INFO - [2024-10-30T09:09:35.501+0000] {dag.py:4180} INFO - Setting next_dagrun for read_dataset_event_from_classic to 2024-10-29 00:00:00+00:00, run_after=2024-10-30 00:00:00+00:00
[2024-10-30T09:09:35.553+0000] {processor.py:208} INFO - Processing /usr/local/lib/python3.11/site-packages/airflow/example_dags/example_inlet_event_extra.py took 0.935 seconds
[2024-10-30T09:10:43.512+0000] {processor.py:186} INFO - Started process (PID=4698) to work on /usr/local/lib/python3.11/site-packages/airflow/example_dags/example_inlet_event_extra.py
[2024-10-30T09:10:43.513+0000] {processor.py:914} INFO - Processing file /usr/local/lib/python3.11/site-packages/airflow/example_dags/example_inlet_event_extra.py for tasks to queue
[2024-10-30T09:10:43.515+0000] {logging_mixin.py:190} INFO - [2024-10-30T09:10:43.515+0000] {dagbag.py:588} INFO - Filling up the DagBag from /usr/local/lib/python3.11/site-packages/airflow/example_dags/example_inlet_event_extra.py
[2024-10-30T09:10:43.526+0000] {processor.py:925} INFO - DAG(s) 'read_dataset_event', 'read_dataset_event_from_classic' retrieved from /usr/local/lib/python3.11/site-packages/airflow/example_dags/example_inlet_event_extra.py
[2024-10-30T09:10:43.548+0000] {logging_mixin.py:190} INFO - [2024-10-30T09:10:43.548+0000] {dag.py:3239} INFO - Sync 2 DAGs
[2024-10-30T09:10:43.572+0000] {logging_mixin.py:190} INFO - [2024-10-30T09:10:43.572+0000] {dag.py:4180} INFO - Setting next_dagrun for read_dataset_event to 2024-10-29 00:00:00+00:00, run_after=2024-10-30 00:00:00+00:00
[2024-10-30T09:10:43.578+0000] {logging_mixin.py:190} INFO - [2024-10-30T09:10:43.578+0000] {dag.py:4180} INFO - Setting next_dagrun for read_dataset_event_from_classic to 2024-10-29 00:00:00+00:00, run_after=2024-10-30 00:00:00+00:00
[2024-10-30T09:10:43.614+0000] {processor.py:208} INFO - Processing /usr/local/lib/python3.11/site-packages/airflow/example_dags/example_inlet_event_extra.py took 0.107 seconds
[2024-10-30T09:11:45.263+0000] {processor.py:186} INFO - Started process (PID=5191) to work on /usr/local/lib/python3.11/site-packages/airflow/example_dags/example_inlet_event_extra.py
[2024-10-30T09:11:45.263+0000] {processor.py:914} INFO - Processing file /usr/local/lib/python3.11/site-packages/airflow/example_dags/example_inlet_event_extra.py for tasks to queue
[2024-10-30T09:11:45.266+0000] {logging_mixin.py:190} INFO - [2024-10-30T09:11:45.265+0000] {dagbag.py:588} INFO - Filling up the DagBag from /usr/local/lib/python3.11/site-packages/airflow/example_dags/example_inlet_event_extra.py
[2024-10-30T09:11:45.277+0000] {processor.py:925} INFO - DAG(s) 'read_dataset_event', 'read_dataset_event_from_classic' retrieved from /usr/local/lib/python3.11/site-packages/airflow/example_dags/example_inlet_event_extra.py
[2024-10-30T09:11:45.302+0000] {logging_mixin.py:190} INFO - [2024-10-30T09:11:45.302+0000] {dag.py:3239} INFO - Sync 2 DAGs
[2024-10-30T09:11:45.328+0000] {logging_mixin.py:190} INFO - [2024-10-30T09:11:45.328+0000] {dag.py:4180} INFO - Setting next_dagrun for read_dataset_event to 2024-10-29 00:00:00+00:00, run_after=2024-10-30 00:00:00+00:00
[2024-10-30T09:11:45.333+0000] {logging_mixin.py:190} INFO - [2024-10-30T09:11:45.332+0000] {dag.py:4180} INFO - Setting next_dagrun for read_dataset_event_from_classic to 2024-10-29 00:00:00+00:00, run_after=2024-10-30 00:00:00+00:00
[2024-10-30T09:11:45.374+0000] {processor.py:208} INFO - Processing /usr/local/lib/python3.11/site-packages/airflow/example_dags/example_inlet_event_extra.py took 0.117 seconds
[2024-10-30T09:12:44.740+0000] {processor.py:186} INFO - Started process (PID=5679) to work on /usr/local/lib/python3.11/site-packages/airflow/example_dags/example_inlet_event_extra.py
[2024-10-30T09:12:44.741+0000] {processor.py:914} INFO - Processing file /usr/local/lib/python3.11/site-packages/airflow/example_dags/example_inlet_event_extra.py for tasks to queue
[2024-10-30T09:12:44.743+0000] {logging_mixin.py:190} INFO - [2024-10-30T09:12:44.743+0000] {dagbag.py:588} INFO - Filling up the DagBag from /usr/local/lib/python3.11/site-packages/airflow/example_dags/example_inlet_event_extra.py
[2024-10-30T09:12:44.754+0000] {processor.py:925} INFO - DAG(s) 'read_dataset_event_from_classic', 'read_dataset_event' retrieved from /usr/local/lib/python3.11/site-packages/airflow/example_dags/example_inlet_event_extra.py
[2024-10-30T09:12:44.778+0000] {logging_mixin.py:190} INFO - [2024-10-30T09:12:44.777+0000] {dag.py:3239} INFO - Sync 2 DAGs
[2024-10-30T09:12:44.803+0000] {logging_mixin.py:190} INFO - [2024-10-30T09:12:44.803+0000] {dag.py:4180} INFO - Setting next_dagrun for read_dataset_event to 2024-10-29 00:00:00+00:00, run_after=2024-10-30 00:00:00+00:00
[2024-10-30T09:12:44.808+0000] {logging_mixin.py:190} INFO - [2024-10-30T09:12:44.808+0000] {dag.py:4180} INFO - Setting next_dagrun for read_dataset_event_from_classic to 2024-10-29 00:00:00+00:00, run_after=2024-10-30 00:00:00+00:00
[2024-10-30T09:12:44.846+0000] {processor.py:208} INFO - Processing /usr/local/lib/python3.11/site-packages/airflow/example_dags/example_inlet_event_extra.py took 0.111 seconds
[2024-10-30T09:13:47.953+0000] {processor.py:186} INFO - Started process (PID=6460) to work on /usr/local/lib/python3.11/site-packages/airflow/example_dags/example_inlet_event_extra.py
[2024-10-30T09:13:47.954+0000] {processor.py:914} INFO - Processing file /usr/local/lib/python3.11/site-packages/airflow/example_dags/example_inlet_event_extra.py for tasks to queue
[2024-10-30T09:13:47.956+0000] {logging_mixin.py:190} INFO - [2024-10-30T09:13:47.956+0000] {dagbag.py:588} INFO - Filling up the DagBag from /usr/local/lib/python3.11/site-packages/airflow/example_dags/example_inlet_event_extra.py
[2024-10-30T09:13:47.968+0000] {processor.py:925} INFO - DAG(s) 'read_dataset_event_from_classic', 'read_dataset_event' retrieved from /usr/local/lib/python3.11/site-packages/airflow/example_dags/example_inlet_event_extra.py
[2024-10-30T09:13:47.995+0000] {logging_mixin.py:190} INFO - [2024-10-30T09:13:47.994+0000] {dag.py:3239} INFO - Sync 2 DAGs
[2024-10-30T09:13:48.020+0000] {logging_mixin.py:190} INFO - [2024-10-30T09:13:48.020+0000] {dag.py:4180} INFO - Setting next_dagrun for read_dataset_event to 2024-10-29 00:00:00+00:00, run_after=2024-10-30 00:00:00+00:00
[2024-10-30T09:13:48.025+0000] {logging_mixin.py:190} INFO - [2024-10-30T09:13:48.024+0000] {dag.py:4180} INFO - Setting next_dagrun for read_dataset_event_from_classic to 2024-10-29 00:00:00+00:00, run_after=2024-10-30 00:00:00+00:00
[2024-10-30T09:13:48.064+0000] {processor.py:208} INFO - Processing /usr/local/lib/python3.11/site-packages/airflow/example_dags/example_inlet_event_extra.py took 0.116 seconds
