[2024-10-30T09:09:39.535+0000] {processor.py:186} INFO - Started process (PID=4192) to work on /usr/local/lib/python3.11/site-packages/airflow/example_dags/tutorial_taskflow_api_virtualenv.py
[2024-10-30T09:09:39.536+0000] {processor.py:914} INFO - Processing file /usr/local/lib/python3.11/site-packages/airflow/example_dags/tutorial_taskflow_api_virtualenv.py for tasks to queue
[2024-10-30T09:09:39.539+0000] {logging_mixin.py:190} INFO - [2024-10-30T09:09:39.539+0000] {dagbag.py:588} INFO - Filling up the DagBag from /usr/local/lib/python3.11/site-packages/airflow/example_dags/tutorial_taskflow_api_virtualenv.py
[2024-10-30T09:09:39.546+0000] {logging_mixin.py:190} INFO - [2024-10-30T09:09:39.546+0000] {tutorial_taskflow_api_virtualenv.py:29} WARNING - The tutorial_taskflow_api_virtualenv example DAG requires virtualenv, please install it.
[2024-10-30T09:09:39.547+0000] {processor.py:927} WARNING - No viable dags retrieved from /usr/local/lib/python3.11/site-packages/airflow/example_dags/tutorial_taskflow_api_virtualenv.py
[2024-10-30T09:09:39.571+0000] {processor.py:208} INFO - Processing /usr/local/lib/python3.11/site-packages/airflow/example_dags/tutorial_taskflow_api_virtualenv.py took 0.041 seconds
[2024-10-30T09:10:47.391+0000] {processor.py:186} INFO - Started process (PID=4711) to work on /usr/local/lib/python3.11/site-packages/airflow/example_dags/tutorial_taskflow_api_virtualenv.py
[2024-10-30T09:10:47.392+0000] {processor.py:914} INFO - Processing file /usr/local/lib/python3.11/site-packages/airflow/example_dags/tutorial_taskflow_api_virtualenv.py for tasks to queue
[2024-10-30T09:10:47.395+0000] {logging_mixin.py:190} INFO - [2024-10-30T09:10:47.394+0000] {dagbag.py:588} INFO - Filling up the DagBag from /usr/local/lib/python3.11/site-packages/airflow/example_dags/tutorial_taskflow_api_virtualenv.py
[2024-10-30T09:10:47.397+0000] {logging_mixin.py:190} INFO - [2024-10-30T09:10:47.397+0000] {tutorial_taskflow_api_virtualenv.py:29} WARNING - The tutorial_taskflow_api_virtualenv example DAG requires virtualenv, please install it.
[2024-10-30T09:10:47.398+0000] {processor.py:927} WARNING - No viable dags retrieved from /usr/local/lib/python3.11/site-packages/airflow/example_dags/tutorial_taskflow_api_virtualenv.py
[2024-10-30T09:10:47.418+0000] {processor.py:208} INFO - Processing /usr/local/lib/python3.11/site-packages/airflow/example_dags/tutorial_taskflow_api_virtualenv.py took 0.032 seconds
[2024-10-30T09:11:47.956+0000] {processor.py:186} INFO - Started process (PID=5200) to work on /usr/local/lib/python3.11/site-packages/airflow/example_dags/tutorial_taskflow_api_virtualenv.py
[2024-10-30T09:11:47.957+0000] {processor.py:914} INFO - Processing file /usr/local/lib/python3.11/site-packages/airflow/example_dags/tutorial_taskflow_api_virtualenv.py for tasks to queue
[2024-10-30T09:11:47.959+0000] {logging_mixin.py:190} INFO - [2024-10-30T09:11:47.958+0000] {dagbag.py:588} INFO - Filling up the DagBag from /usr/local/lib/python3.11/site-packages/airflow/example_dags/tutorial_taskflow_api_virtualenv.py
[2024-10-30T09:11:47.961+0000] {logging_mixin.py:190} INFO - [2024-10-30T09:11:47.961+0000] {tutorial_taskflow_api_virtualenv.py:29} WARNING - The tutorial_taskflow_api_virtualenv example DAG requires virtualenv, please install it.
[2024-10-30T09:11:47.962+0000] {processor.py:927} WARNING - No viable dags retrieved from /usr/local/lib/python3.11/site-packages/airflow/example_dags/tutorial_taskflow_api_virtualenv.py
[2024-10-30T09:11:47.977+0000] {processor.py:208} INFO - Processing /usr/local/lib/python3.11/site-packages/airflow/example_dags/tutorial_taskflow_api_virtualenv.py took 0.026 seconds
[2024-10-30T09:12:48.542+0000] {processor.py:186} INFO - Started process (PID=5692) to work on /usr/local/lib/python3.11/site-packages/airflow/example_dags/tutorial_taskflow_api_virtualenv.py
[2024-10-30T09:12:48.543+0000] {processor.py:914} INFO - Processing file /usr/local/lib/python3.11/site-packages/airflow/example_dags/tutorial_taskflow_api_virtualenv.py for tasks to queue
[2024-10-30T09:12:48.546+0000] {logging_mixin.py:190} INFO - [2024-10-30T09:12:48.545+0000] {dagbag.py:588} INFO - Filling up the DagBag from /usr/local/lib/python3.11/site-packages/airflow/example_dags/tutorial_taskflow_api_virtualenv.py
[2024-10-30T09:12:48.548+0000] {logging_mixin.py:190} INFO - [2024-10-30T09:12:48.548+0000] {tutorial_taskflow_api_virtualenv.py:29} WARNING - The tutorial_taskflow_api_virtualenv example DAG requires virtualenv, please install it.
[2024-10-30T09:12:48.548+0000] {processor.py:927} WARNING - No viable dags retrieved from /usr/local/lib/python3.11/site-packages/airflow/example_dags/tutorial_taskflow_api_virtualenv.py
[2024-10-30T09:12:48.566+0000] {processor.py:208} INFO - Processing /usr/local/lib/python3.11/site-packages/airflow/example_dags/tutorial_taskflow_api_virtualenv.py took 0.028 seconds
[2024-10-30T09:13:51.680+0000] {processor.py:186} INFO - Started process (PID=6473) to work on /usr/local/lib/python3.11/site-packages/airflow/example_dags/tutorial_taskflow_api_virtualenv.py
[2024-10-30T09:13:51.681+0000] {processor.py:914} INFO - Processing file /usr/local/lib/python3.11/site-packages/airflow/example_dags/tutorial_taskflow_api_virtualenv.py for tasks to queue
[2024-10-30T09:13:51.682+0000] {logging_mixin.py:190} INFO - [2024-10-30T09:13:51.682+0000] {dagbag.py:588} INFO - Filling up the DagBag from /usr/local/lib/python3.11/site-packages/airflow/example_dags/tutorial_taskflow_api_virtualenv.py
[2024-10-30T09:13:51.684+0000] {logging_mixin.py:190} INFO - [2024-10-30T09:13:51.684+0000] {tutorial_taskflow_api_virtualenv.py:29} WARNING - The tutorial_taskflow_api_virtualenv example DAG requires virtualenv, please install it.
[2024-10-30T09:13:51.685+0000] {processor.py:927} WARNING - No viable dags retrieved from /usr/local/lib/python3.11/site-packages/airflow/example_dags/tutorial_taskflow_api_virtualenv.py
[2024-10-30T09:13:51.699+0000] {processor.py:208} INFO - Processing /usr/local/lib/python3.11/site-packages/airflow/example_dags/tutorial_taskflow_api_virtualenv.py took 0.024 seconds
