[2024-10-30T09:09:21.507+0000] {processor.py:186} INFO - Started process (PID=3848) to work on /usr/local/lib/python3.11/site-packages/airflow/example_dags/tutorial_objectstorage.py
[2024-10-30T09:09:21.508+0000] {processor.py:914} INFO - Processing file /usr/local/lib/python3.11/site-packages/airflow/example_dags/tutorial_objectstorage.py for tasks to queue
[2024-10-30T09:09:21.509+0000] {logging_mixin.py:190} INFO - [2024-10-30T09:09:21.509+0000] {dagbag.py:588} INFO - Filling up the DagBag from /usr/local/lib/python3.11/site-packages/airflow/example_dags/tutorial_objectstorage.py
[2024-10-30T09:09:21.520+0000] {processor.py:925} INFO - DAG(s) 'tutorial_objectstorage' retrieved from /usr/local/lib/python3.11/site-packages/airflow/example_dags/tutorial_objectstorage.py
[2024-10-30T09:09:21.715+0000] {logging_mixin.py:190} INFO - [2024-10-30T09:09:21.715+0000] {override.py:1907} INFO - Created Permission View: can delete on DAG:tutorial_objectstorage
[2024-10-30T09:09:21.743+0000] {logging_mixin.py:190} INFO - [2024-10-30T09:09:21.743+0000] {override.py:1907} INFO - Created Permission View: can read on DAG:tutorial_objectstorage
[2024-10-30T09:09:21.767+0000] {logging_mixin.py:190} INFO - [2024-10-30T09:09:21.767+0000] {override.py:1907} INFO - Created Permission View: can edit on DAG:tutorial_objectstorage
[2024-10-30T09:09:21.808+0000] {logging_mixin.py:190} INFO - [2024-10-30T09:09:21.808+0000] {override.py:1907} INFO - Created Permission View: can delete on DAG Run:tutorial_objectstorage
[2024-10-30T09:09:21.841+0000] {logging_mixin.py:190} INFO - [2024-10-30T09:09:21.840+0000] {override.py:1907} INFO - Created Permission View: can create on DAG Run:tutorial_objectstorage
[2024-10-30T09:09:21.874+0000] {logging_mixin.py:190} INFO - [2024-10-30T09:09:21.873+0000] {override.py:1907} INFO - Created Permission View: menu access on DAG Run:tutorial_objectstorage
[2024-10-30T09:09:21.900+0000] {logging_mixin.py:190} INFO - [2024-10-30T09:09:21.900+0000] {override.py:1907} INFO - Created Permission View: can read on DAG Run:tutorial_objectstorage
[2024-10-30T09:09:21.901+0000] {logging_mixin.py:190} INFO - [2024-10-30T09:09:21.901+0000] {dag.py:3239} INFO - Sync 1 DAGs
[2024-10-30T09:09:21.915+0000] {logging_mixin.py:190} INFO - [2024-10-30T09:09:21.915+0000] {dag.py:3262} INFO - Creating ORM DAG for tutorial_objectstorage
[2024-10-30T09:09:21.916+0000] {logging_mixin.py:190} INFO - [2024-10-30T09:09:21.916+0000] {dag.py:4180} INFO - Setting next_dagrun for tutorial_objectstorage to None, run_after=None
[2024-10-30T09:09:21.962+0000] {processor.py:208} INFO - Processing /usr/local/lib/python3.11/site-packages/airflow/example_dags/tutorial_objectstorage.py took 0.460 seconds
[2024-10-30T09:10:30.840+0000] {processor.py:186} INFO - Started process (PID=4368) to work on /usr/local/lib/python3.11/site-packages/airflow/example_dags/tutorial_objectstorage.py
[2024-10-30T09:10:30.841+0000] {processor.py:914} INFO - Processing file /usr/local/lib/python3.11/site-packages/airflow/example_dags/tutorial_objectstorage.py for tasks to queue
[2024-10-30T09:10:30.843+0000] {logging_mixin.py:190} INFO - [2024-10-30T09:10:30.843+0000] {dagbag.py:588} INFO - Filling up the DagBag from /usr/local/lib/python3.11/site-packages/airflow/example_dags/tutorial_objectstorage.py
[2024-10-30T09:10:30.851+0000] {processor.py:925} INFO - DAG(s) 'tutorial_objectstorage' retrieved from /usr/local/lib/python3.11/site-packages/airflow/example_dags/tutorial_objectstorage.py
[2024-10-30T09:10:30.886+0000] {logging_mixin.py:190} INFO - [2024-10-30T09:10:30.885+0000] {dag.py:3239} INFO - Sync 1 DAGs
[2024-10-30T09:10:30.898+0000] {logging_mixin.py:190} INFO - [2024-10-30T09:10:30.898+0000] {dag.py:4180} INFO - Setting next_dagrun for tutorial_objectstorage to None, run_after=None
[2024-10-30T09:10:30.956+0000] {processor.py:208} INFO - Processing /usr/local/lib/python3.11/site-packages/airflow/example_dags/tutorial_objectstorage.py took 0.120 seconds
[2024-10-30T09:11:34.744+0000] {processor.py:186} INFO - Started process (PID=4878) to work on /usr/local/lib/python3.11/site-packages/airflow/example_dags/tutorial_objectstorage.py
[2024-10-30T09:11:34.745+0000] {processor.py:914} INFO - Processing file /usr/local/lib/python3.11/site-packages/airflow/example_dags/tutorial_objectstorage.py for tasks to queue
[2024-10-30T09:11:34.748+0000] {logging_mixin.py:190} INFO - [2024-10-30T09:11:34.747+0000] {dagbag.py:588} INFO - Filling up the DagBag from /usr/local/lib/python3.11/site-packages/airflow/example_dags/tutorial_objectstorage.py
[2024-10-30T09:11:34.755+0000] {processor.py:925} INFO - DAG(s) 'tutorial_objectstorage' retrieved from /usr/local/lib/python3.11/site-packages/airflow/example_dags/tutorial_objectstorage.py
[2024-10-30T09:11:34.776+0000] {logging_mixin.py:190} INFO - [2024-10-30T09:11:34.776+0000] {dag.py:3239} INFO - Sync 1 DAGs
[2024-10-30T09:11:34.789+0000] {logging_mixin.py:190} INFO - [2024-10-30T09:11:34.789+0000] {dag.py:4180} INFO - Setting next_dagrun for tutorial_objectstorage to None, run_after=None
[2024-10-30T09:11:34.845+0000] {processor.py:208} INFO - Processing /usr/local/lib/python3.11/site-packages/airflow/example_dags/tutorial_objectstorage.py took 0.105 seconds
[2024-10-30T09:12:33.671+0000] {processor.py:186} INFO - Started process (PID=5365) to work on /usr/local/lib/python3.11/site-packages/airflow/example_dags/tutorial_objectstorage.py
[2024-10-30T09:12:33.672+0000] {processor.py:914} INFO - Processing file /usr/local/lib/python3.11/site-packages/airflow/example_dags/tutorial_objectstorage.py for tasks to queue
[2024-10-30T09:12:33.676+0000] {logging_mixin.py:190} INFO - [2024-10-30T09:12:33.676+0000] {dagbag.py:588} INFO - Filling up the DagBag from /usr/local/lib/python3.11/site-packages/airflow/example_dags/tutorial_objectstorage.py
[2024-10-30T09:12:33.688+0000] {processor.py:925} INFO - DAG(s) 'tutorial_objectstorage' retrieved from /usr/local/lib/python3.11/site-packages/airflow/example_dags/tutorial_objectstorage.py
[2024-10-30T09:12:33.715+0000] {logging_mixin.py:190} INFO - [2024-10-30T09:12:33.714+0000] {dag.py:3239} INFO - Sync 1 DAGs
[2024-10-30T09:12:33.731+0000] {logging_mixin.py:190} INFO - [2024-10-30T09:12:33.731+0000] {dag.py:4180} INFO - Setting next_dagrun for tutorial_objectstorage to None, run_after=None
[2024-10-30T09:12:33.789+0000] {processor.py:208} INFO - Processing /usr/local/lib/python3.11/site-packages/airflow/example_dags/tutorial_objectstorage.py took 0.128 seconds
[2024-10-30T09:13:37.947+0000] {processor.py:186} INFO - Started process (PID=6150) to work on /usr/local/lib/python3.11/site-packages/airflow/example_dags/tutorial_objectstorage.py
[2024-10-30T09:13:37.948+0000] {processor.py:914} INFO - Processing file /usr/local/lib/python3.11/site-packages/airflow/example_dags/tutorial_objectstorage.py for tasks to queue
[2024-10-30T09:13:37.951+0000] {logging_mixin.py:190} INFO - [2024-10-30T09:13:37.950+0000] {dagbag.py:588} INFO - Filling up the DagBag from /usr/local/lib/python3.11/site-packages/airflow/example_dags/tutorial_objectstorage.py
[2024-10-30T09:13:37.961+0000] {processor.py:925} INFO - DAG(s) 'tutorial_objectstorage' retrieved from /usr/local/lib/python3.11/site-packages/airflow/example_dags/tutorial_objectstorage.py
[2024-10-30T09:13:37.985+0000] {logging_mixin.py:190} INFO - [2024-10-30T09:13:37.985+0000] {dag.py:3239} INFO - Sync 1 DAGs
[2024-10-30T09:13:38.000+0000] {logging_mixin.py:190} INFO - [2024-10-30T09:13:37.999+0000] {dag.py:4180} INFO - Setting next_dagrun for tutorial_objectstorage to None, run_after=None
[2024-10-30T09:13:38.060+0000] {processor.py:208} INFO - Processing /usr/local/lib/python3.11/site-packages/airflow/example_dags/tutorial_objectstorage.py took 0.119 seconds
