[2024-10-30T09:09:48.141+0000] {processor.py:186} INFO - Started process (PID=4219) to work on /usr/local/lib/python3.11/site-packages/airflow/example_dags/tutorial_taskflow_api.py
[2024-10-30T09:09:48.142+0000] {processor.py:914} INFO - Processing file /usr/local/lib/python3.11/site-packages/airflow/example_dags/tutorial_taskflow_api.py for tasks to queue
[2024-10-30T09:09:48.144+0000] {logging_mixin.py:190} INFO - [2024-10-30T09:09:48.144+0000] {dagbag.py:588} INFO - Filling up the DagBag from /usr/local/lib/python3.11/site-packages/airflow/example_dags/tutorial_taskflow_api.py
[2024-10-30T09:09:48.241+0000] {processor.py:925} INFO - DAG(s) 'tutorial_taskflow_api' retrieved from /usr/local/lib/python3.11/site-packages/airflow/example_dags/tutorial_taskflow_api.py
[2024-10-30T09:09:48.367+0000] {logging_mixin.py:190} INFO - [2024-10-30T09:09:48.367+0000] {override.py:1907} INFO - Created Permission View: can delete on DAG:tutorial_taskflow_api
[2024-10-30T09:09:48.404+0000] {logging_mixin.py:190} INFO - [2024-10-30T09:09:48.403+0000] {override.py:1907} INFO - Created Permission View: can read on DAG:tutorial_taskflow_api
[2024-10-30T09:09:48.434+0000] {logging_mixin.py:190} INFO - [2024-10-30T09:09:48.434+0000] {override.py:1907} INFO - Created Permission View: can edit on DAG:tutorial_taskflow_api
[2024-10-30T09:09:48.478+0000] {logging_mixin.py:190} INFO - [2024-10-30T09:09:48.478+0000] {override.py:1907} INFO - Created Permission View: can delete on DAG Run:tutorial_taskflow_api
[2024-10-30T09:09:48.502+0000] {logging_mixin.py:190} INFO - [2024-10-30T09:09:48.502+0000] {override.py:1907} INFO - Created Permission View: can create on DAG Run:tutorial_taskflow_api
[2024-10-30T09:09:48.525+0000] {logging_mixin.py:190} INFO - [2024-10-30T09:09:48.524+0000] {override.py:1907} INFO - Created Permission View: menu access on DAG Run:tutorial_taskflow_api
[2024-10-30T09:09:48.547+0000] {logging_mixin.py:190} INFO - [2024-10-30T09:09:48.546+0000] {override.py:1907} INFO - Created Permission View: can read on DAG Run:tutorial_taskflow_api
[2024-10-30T09:09:48.547+0000] {logging_mixin.py:190} INFO - [2024-10-30T09:09:48.547+0000] {dag.py:3239} INFO - Sync 1 DAGs
[2024-10-30T09:09:48.558+0000] {logging_mixin.py:190} INFO - [2024-10-30T09:09:48.557+0000] {dag.py:3262} INFO - Creating ORM DAG for tutorial_taskflow_api
[2024-10-30T09:09:48.558+0000] {logging_mixin.py:190} INFO - [2024-10-30T09:09:48.558+0000] {dag.py:4180} INFO - Setting next_dagrun for tutorial_taskflow_api to None, run_after=None
[2024-10-30T09:09:48.602+0000] {processor.py:208} INFO - Processing /usr/local/lib/python3.11/site-packages/airflow/example_dags/tutorial_taskflow_api.py took 0.466 seconds
[2024-10-30T09:10:53.953+0000] {processor.py:186} INFO - Started process (PID=4732) to work on /usr/local/lib/python3.11/site-packages/airflow/example_dags/tutorial_taskflow_api.py
[2024-10-30T09:10:53.954+0000] {processor.py:914} INFO - Processing file /usr/local/lib/python3.11/site-packages/airflow/example_dags/tutorial_taskflow_api.py for tasks to queue
[2024-10-30T09:10:53.956+0000] {logging_mixin.py:190} INFO - [2024-10-30T09:10:53.956+0000] {dagbag.py:588} INFO - Filling up the DagBag from /usr/local/lib/python3.11/site-packages/airflow/example_dags/tutorial_taskflow_api.py
[2024-10-30T09:10:53.963+0000] {processor.py:925} INFO - DAG(s) 'tutorial_taskflow_api' retrieved from /usr/local/lib/python3.11/site-packages/airflow/example_dags/tutorial_taskflow_api.py
[2024-10-30T09:10:53.995+0000] {logging_mixin.py:190} INFO - [2024-10-30T09:10:53.995+0000] {dag.py:3239} INFO - Sync 1 DAGs
[2024-10-30T09:10:54.008+0000] {logging_mixin.py:190} INFO - [2024-10-30T09:10:54.007+0000] {dag.py:4180} INFO - Setting next_dagrun for tutorial_taskflow_api to None, run_after=None
[2024-10-30T09:10:54.050+0000] {processor.py:208} INFO - Processing /usr/local/lib/python3.11/site-packages/airflow/example_dags/tutorial_taskflow_api.py took 0.102 seconds
[2024-10-30T09:11:54.416+0000] {processor.py:186} INFO - Started process (PID=5224) to work on /usr/local/lib/python3.11/site-packages/airflow/example_dags/tutorial_taskflow_api.py
[2024-10-30T09:11:54.417+0000] {processor.py:914} INFO - Processing file /usr/local/lib/python3.11/site-packages/airflow/example_dags/tutorial_taskflow_api.py for tasks to queue
[2024-10-30T09:11:54.419+0000] {logging_mixin.py:190} INFO - [2024-10-30T09:11:54.419+0000] {dagbag.py:588} INFO - Filling up the DagBag from /usr/local/lib/python3.11/site-packages/airflow/example_dags/tutorial_taskflow_api.py
[2024-10-30T09:11:54.428+0000] {processor.py:925} INFO - DAG(s) 'tutorial_taskflow_api' retrieved from /usr/local/lib/python3.11/site-packages/airflow/example_dags/tutorial_taskflow_api.py
[2024-10-30T09:11:54.456+0000] {logging_mixin.py:190} INFO - [2024-10-30T09:11:54.455+0000] {dag.py:3239} INFO - Sync 1 DAGs
[2024-10-30T09:11:54.469+0000] {logging_mixin.py:190} INFO - [2024-10-30T09:11:54.469+0000] {dag.py:4180} INFO - Setting next_dagrun for tutorial_taskflow_api to None, run_after=None
[2024-10-30T09:11:54.518+0000] {processor.py:208} INFO - Processing /usr/local/lib/python3.11/site-packages/airflow/example_dags/tutorial_taskflow_api.py took 0.107 seconds
[2024-10-30T09:12:55.135+0000] {processor.py:186} INFO - Started process (PID=5714) to work on /usr/local/lib/python3.11/site-packages/airflow/example_dags/tutorial_taskflow_api.py
[2024-10-30T09:12:55.136+0000] {processor.py:914} INFO - Processing file /usr/local/lib/python3.11/site-packages/airflow/example_dags/tutorial_taskflow_api.py for tasks to queue
[2024-10-30T09:12:55.139+0000] {logging_mixin.py:190} INFO - [2024-10-30T09:12:55.138+0000] {dagbag.py:588} INFO - Filling up the DagBag from /usr/local/lib/python3.11/site-packages/airflow/example_dags/tutorial_taskflow_api.py
[2024-10-30T09:12:55.147+0000] {processor.py:925} INFO - DAG(s) 'tutorial_taskflow_api' retrieved from /usr/local/lib/python3.11/site-packages/airflow/example_dags/tutorial_taskflow_api.py
[2024-10-30T09:12:55.168+0000] {logging_mixin.py:190} INFO - [2024-10-30T09:12:55.167+0000] {dag.py:3239} INFO - Sync 1 DAGs
[2024-10-30T09:12:55.180+0000] {logging_mixin.py:190} INFO - [2024-10-30T09:12:55.180+0000] {dag.py:4180} INFO - Setting next_dagrun for tutorial_taskflow_api to None, run_after=None
[2024-10-30T09:12:55.233+0000] {processor.py:208} INFO - Processing /usr/local/lib/python3.11/site-packages/airflow/example_dags/tutorial_taskflow_api.py took 0.104 seconds
[2024-10-30T09:13:57.558+0000] {processor.py:186} INFO - Started process (PID=6498) to work on /usr/local/lib/python3.11/site-packages/airflow/example_dags/tutorial_taskflow_api.py
[2024-10-30T09:13:57.559+0000] {processor.py:914} INFO - Processing file /usr/local/lib/python3.11/site-packages/airflow/example_dags/tutorial_taskflow_api.py for tasks to queue
[2024-10-30T09:13:57.561+0000] {logging_mixin.py:190} INFO - [2024-10-30T09:13:57.561+0000] {dagbag.py:588} INFO - Filling up the DagBag from /usr/local/lib/python3.11/site-packages/airflow/example_dags/tutorial_taskflow_api.py
[2024-10-30T09:13:57.570+0000] {processor.py:925} INFO - DAG(s) 'tutorial_taskflow_api' retrieved from /usr/local/lib/python3.11/site-packages/airflow/example_dags/tutorial_taskflow_api.py
[2024-10-30T09:13:57.596+0000] {logging_mixin.py:190} INFO - [2024-10-30T09:13:57.596+0000] {dag.py:3239} INFO - Sync 1 DAGs
[2024-10-30T09:13:57.612+0000] {logging_mixin.py:190} INFO - [2024-10-30T09:13:57.612+0000] {dag.py:4180} INFO - Setting next_dagrun for tutorial_taskflow_api to None, run_after=None
[2024-10-30T09:13:57.685+0000] {processor.py:208} INFO - Processing /usr/local/lib/python3.11/site-packages/airflow/example_dags/tutorial_taskflow_api.py took 0.132 seconds
