[2024-10-30T09:09:02.310+0000] {processor.py:186} INFO - Started process (PID=3507) to work on /usr/local/lib/python3.11/site-packages/airflow/example_dags/tutorial_dag.py
[2024-10-30T09:09:02.311+0000] {processor.py:914} INFO - Processing file /usr/local/lib/python3.11/site-packages/airflow/example_dags/tutorial_dag.py for tasks to queue
[2024-10-30T09:09:02.312+0000] {logging_mixin.py:190} INFO - [2024-10-30T09:09:02.312+0000] {dagbag.py:588} INFO - Filling up the DagBag from /usr/local/lib/python3.11/site-packages/airflow/example_dags/tutorial_dag.py
[2024-10-30T09:09:02.318+0000] {processor.py:925} INFO - DAG(s) 'tutorial_dag' retrieved from /usr/local/lib/python3.11/site-packages/airflow/example_dags/tutorial_dag.py
[2024-10-30T09:09:02.516+0000] {logging_mixin.py:190} INFO - [2024-10-30T09:09:02.515+0000] {override.py:1907} INFO - Created Permission View: can delete on DAG:tutorial_dag
[2024-10-30T09:09:02.545+0000] {logging_mixin.py:190} INFO - [2024-10-30T09:09:02.545+0000] {override.py:1907} INFO - Created Permission View: can read on DAG:tutorial_dag
[2024-10-30T09:09:02.567+0000] {logging_mixin.py:190} INFO - [2024-10-30T09:09:02.567+0000] {override.py:1907} INFO - Created Permission View: can edit on DAG:tutorial_dag
[2024-10-30T09:09:02.598+0000] {logging_mixin.py:190} INFO - [2024-10-30T09:09:02.598+0000] {override.py:1907} INFO - Created Permission View: can delete on DAG Run:tutorial_dag
[2024-10-30T09:09:02.628+0000] {logging_mixin.py:190} INFO - [2024-10-30T09:09:02.628+0000] {override.py:1907} INFO - Created Permission View: can create on DAG Run:tutorial_dag
[2024-10-30T09:09:02.669+0000] {logging_mixin.py:190} INFO - [2024-10-30T09:09:02.669+0000] {override.py:1907} INFO - Created Permission View: menu access on DAG Run:tutorial_dag
[2024-10-30T09:09:02.724+0000] {logging_mixin.py:190} INFO - [2024-10-30T09:09:02.724+0000] {override.py:1907} INFO - Created Permission View: can read on DAG Run:tutorial_dag
[2024-10-30T09:09:02.725+0000] {logging_mixin.py:190} INFO - [2024-10-30T09:09:02.725+0000] {dag.py:3239} INFO - Sync 1 DAGs
[2024-10-30T09:09:02.742+0000] {logging_mixin.py:190} INFO - [2024-10-30T09:09:02.742+0000] {dag.py:3262} INFO - Creating ORM DAG for tutorial_dag
[2024-10-30T09:09:02.743+0000] {logging_mixin.py:190} INFO - [2024-10-30T09:09:02.742+0000] {dag.py:4180} INFO - Setting next_dagrun for tutorial_dag to None, run_after=None
[2024-10-30T09:09:02.791+0000] {processor.py:208} INFO - Processing /usr/local/lib/python3.11/site-packages/airflow/example_dags/tutorial_dag.py took 0.485 seconds
[2024-10-30T09:10:14.883+0000] {processor.py:186} INFO - Started process (PID=4314) to work on /usr/local/lib/python3.11/site-packages/airflow/example_dags/tutorial_dag.py
[2024-10-30T09:10:14.883+0000] {processor.py:914} INFO - Processing file /usr/local/lib/python3.11/site-packages/airflow/example_dags/tutorial_dag.py for tasks to queue
[2024-10-30T09:10:14.885+0000] {logging_mixin.py:190} INFO - [2024-10-30T09:10:14.885+0000] {dagbag.py:588} INFO - Filling up the DagBag from /usr/local/lib/python3.11/site-packages/airflow/example_dags/tutorial_dag.py
[2024-10-30T09:10:14.892+0000] {processor.py:925} INFO - DAG(s) 'tutorial_dag' retrieved from /usr/local/lib/python3.11/site-packages/airflow/example_dags/tutorial_dag.py
[2024-10-30T09:10:14.914+0000] {logging_mixin.py:190} INFO - [2024-10-30T09:10:14.913+0000] {dag.py:3239} INFO - Sync 1 DAGs
[2024-10-30T09:10:14.926+0000] {logging_mixin.py:190} INFO - [2024-10-30T09:10:14.926+0000] {dag.py:4180} INFO - Setting next_dagrun for tutorial_dag to None, run_after=None
[2024-10-30T09:10:14.969+0000] {processor.py:208} INFO - Processing /usr/local/lib/python3.11/site-packages/airflow/example_dags/tutorial_dag.py took 0.091 seconds
[2024-10-30T09:11:12.597+0000] {processor.py:186} INFO - Started process (PID=4800) to work on /usr/local/lib/python3.11/site-packages/airflow/example_dags/tutorial_dag.py
[2024-10-30T09:11:12.598+0000] {processor.py:914} INFO - Processing file /usr/local/lib/python3.11/site-packages/airflow/example_dags/tutorial_dag.py for tasks to queue
[2024-10-30T09:11:12.600+0000] {logging_mixin.py:190} INFO - [2024-10-30T09:11:12.600+0000] {dagbag.py:588} INFO - Filling up the DagBag from /usr/local/lib/python3.11/site-packages/airflow/example_dags/tutorial_dag.py
[2024-10-30T09:11:12.607+0000] {processor.py:925} INFO - DAG(s) 'tutorial_dag' retrieved from /usr/local/lib/python3.11/site-packages/airflow/example_dags/tutorial_dag.py
[2024-10-30T09:11:12.625+0000] {logging_mixin.py:190} INFO - [2024-10-30T09:11:12.625+0000] {dag.py:3239} INFO - Sync 1 DAGs
[2024-10-30T09:11:12.639+0000] {logging_mixin.py:190} INFO - [2024-10-30T09:11:12.638+0000] {dag.py:4180} INFO - Setting next_dagrun for tutorial_dag to None, run_after=None
[2024-10-30T09:11:12.689+0000] {processor.py:208} INFO - Processing /usr/local/lib/python3.11/site-packages/airflow/example_dags/tutorial_dag.py took 0.097 seconds
[2024-10-30T09:12:14.077+0000] {processor.py:186} INFO - Started process (PID=5296) to work on /usr/local/lib/python3.11/site-packages/airflow/example_dags/tutorial_dag.py
[2024-10-30T09:12:14.077+0000] {processor.py:914} INFO - Processing file /usr/local/lib/python3.11/site-packages/airflow/example_dags/tutorial_dag.py for tasks to queue
[2024-10-30T09:12:14.080+0000] {logging_mixin.py:190} INFO - [2024-10-30T09:12:14.079+0000] {dagbag.py:588} INFO - Filling up the DagBag from /usr/local/lib/python3.11/site-packages/airflow/example_dags/tutorial_dag.py
[2024-10-30T09:12:14.086+0000] {processor.py:925} INFO - DAG(s) 'tutorial_dag' retrieved from /usr/local/lib/python3.11/site-packages/airflow/example_dags/tutorial_dag.py
[2024-10-30T09:12:14.105+0000] {logging_mixin.py:190} INFO - [2024-10-30T09:12:14.105+0000] {dag.py:3239} INFO - Sync 1 DAGs
[2024-10-30T09:12:14.118+0000] {logging_mixin.py:190} INFO - [2024-10-30T09:12:14.117+0000] {dag.py:4180} INFO - Setting next_dagrun for tutorial_dag to None, run_after=None
[2024-10-30T09:12:14.160+0000] {processor.py:208} INFO - Processing /usr/local/lib/python3.11/site-packages/airflow/example_dags/tutorial_dag.py took 0.088 seconds
[2024-10-30T09:13:14.817+0000] {processor.py:186} INFO - Started process (PID=5787) to work on /usr/local/lib/python3.11/site-packages/airflow/example_dags/tutorial_dag.py
[2024-10-30T09:13:14.819+0000] {processor.py:914} INFO - Processing file /usr/local/lib/python3.11/site-packages/airflow/example_dags/tutorial_dag.py for tasks to queue
[2024-10-30T09:13:14.822+0000] {logging_mixin.py:190} INFO - [2024-10-30T09:13:14.821+0000] {dagbag.py:588} INFO - Filling up the DagBag from /usr/local/lib/python3.11/site-packages/airflow/example_dags/tutorial_dag.py
[2024-10-30T09:13:14.829+0000] {processor.py:925} INFO - DAG(s) 'tutorial_dag' retrieved from /usr/local/lib/python3.11/site-packages/airflow/example_dags/tutorial_dag.py
[2024-10-30T09:13:14.851+0000] {logging_mixin.py:190} INFO - [2024-10-30T09:13:14.851+0000] {dag.py:3239} INFO - Sync 1 DAGs
[2024-10-30T09:13:14.865+0000] {logging_mixin.py:190} INFO - [2024-10-30T09:13:14.865+0000] {dag.py:4180} INFO - Setting next_dagrun for tutorial_dag to None, run_after=None
[2024-10-30T09:13:14.923+0000] {processor.py:208} INFO - Processing /usr/local/lib/python3.11/site-packages/airflow/example_dags/tutorial_dag.py took 0.110 seconds
[2024-10-30T09:14:18.661+0000] {processor.py:186} INFO - Started process (PID=6569) to work on /usr/local/lib/python3.11/site-packages/airflow/example_dags/tutorial_dag.py
[2024-10-30T09:14:18.662+0000] {processor.py:914} INFO - Processing file /usr/local/lib/python3.11/site-packages/airflow/example_dags/tutorial_dag.py for tasks to queue
[2024-10-30T09:14:18.664+0000] {logging_mixin.py:190} INFO - [2024-10-30T09:14:18.664+0000] {dagbag.py:588} INFO - Filling up the DagBag from /usr/local/lib/python3.11/site-packages/airflow/example_dags/tutorial_dag.py
[2024-10-30T09:14:18.671+0000] {processor.py:925} INFO - DAG(s) 'tutorial_dag' retrieved from /usr/local/lib/python3.11/site-packages/airflow/example_dags/tutorial_dag.py
[2024-10-30T09:14:18.689+0000] {logging_mixin.py:190} INFO - [2024-10-30T09:14:18.688+0000] {dag.py:3239} INFO - Sync 1 DAGs
[2024-10-30T09:14:18.700+0000] {logging_mixin.py:190} INFO - [2024-10-30T09:14:18.700+0000] {dag.py:4180} INFO - Setting next_dagrun for tutorial_dag to None, run_after=None
[2024-10-30T09:14:18.749+0000] {processor.py:208} INFO - Processing /usr/local/lib/python3.11/site-packages/airflow/example_dags/tutorial_dag.py took 0.092 seconds
