[2024-11-19T17:10:44.362+0000] {local_task_job_runner.py:123} INFO - ::group::Pre task execution logs
[2024-11-19T17:10:44.381+0000] {taskinstance.py:2612} INFO - Dependencies all met for dep_context=non-requeueable deps ti=<TaskInstance: main_dag.laptop_scraping_tasks.scrape_hacom manual__2024-11-19T15:44:00.418133+00:00 [queued]>
[2024-11-19T17:10:44.388+0000] {taskinstance.py:2612} INFO - Dependencies all met for dep_context=requeueable deps ti=<TaskInstance: main_dag.laptop_scraping_tasks.scrape_hacom manual__2024-11-19T15:44:00.418133+00:00 [queued]>
[2024-11-19T17:10:44.388+0000] {taskinstance.py:2865} INFO - Starting attempt 2 of 3
[2024-11-19T17:10:44.401+0000] {taskinstance.py:2888} INFO - Executing <Task(BashOperator): laptop_scraping_tasks.scrape_hacom> on 2024-11-19 15:44:00.418133+00:00
[2024-11-19T17:10:44.404+0000] {standard_task_runner.py:72} INFO - Started process 86142 to run task
[2024-11-19T17:10:44.407+0000] {standard_task_runner.py:104} INFO - Running: ['***', 'tasks', 'run', 'main_dag', 'laptop_scraping_tasks.scrape_hacom', 'manual__2024-11-19T15:44:00.418133+00:00', '--job-id', '70', '--raw', '--subdir', 'DAGS_FOLDER/main_dag.py', '--cfg-path', '/tmp/tmpx9msbkul']
[2024-11-19T17:10:44.409+0000] {standard_task_runner.py:105} INFO - Job 70: Subtask laptop_scraping_tasks.scrape_hacom
[2024-11-19T17:10:44.463+0000] {task_command.py:467} INFO - Running <TaskInstance: main_dag.laptop_scraping_tasks.scrape_hacom manual__2024-11-19T15:44:00.418133+00:00 [running]> on host 9694314923d2
[2024-11-19T17:10:44.551+0000] {taskinstance.py:3131} INFO - Exporting env vars: AIRFLOW_CTX_DAG_OWNER='veil' AIRFLOW_CTX_DAG_ID='main_dag' AIRFLOW_CTX_TASK_ID='laptop_scraping_tasks.scrape_hacom' AIRFLOW_CTX_EXECUTION_DATE='2024-11-19T15:44:00.418133+00:00' AIRFLOW_CTX_TRY_NUMBER='2' AIRFLOW_CTX_DAG_RUN_ID='manual__2024-11-19T15:44:00.418133+00:00'
[2024-11-19T17:10:44.553+0000] {taskinstance.py:731} INFO - ::endgroup::
[2024-11-19T17:10:44.562+0000] {subprocess.py:63} INFO - Tmp dir root location: /tmp
[2024-11-19T17:10:44.563+0000] {subprocess.py:75} INFO - Running command: ['/usr/bin/bash', '-c', 'cd /app/scraper && scrapy crawl hacom_spider -O ../temp/hacom_data.json']
[2024-11-19T17:10:44.568+0000] {subprocess.py:86} INFO - Output:
[2024-11-19T17:12:50.399+0000] {subprocess.py:93} INFO - 'Load More' button clicked sucessfully.
[2024-11-19T17:12:50.401+0000] {subprocess.py:93} INFO - 'Load More' button clicked sucessfully.
[2024-11-19T17:12:50.402+0000] {subprocess.py:93} INFO - 'Load More' button clicked sucessfully.
[2024-11-19T17:12:50.406+0000] {subprocess.py:93} INFO - 'Load More' button clicked sucessfully.
[2024-11-19T17:12:50.407+0000] {subprocess.py:93} INFO - 'Load More' button clicked sucessfully.
[2024-11-19T17:12:50.409+0000] {subprocess.py:93} INFO - 'Load More' button clicked sucessfully.
[2024-11-19T17:12:50.412+0000] {subprocess.py:93} INFO - 'Load More' button clicked sucessfully.
[2024-11-19T17:12:50.415+0000] {subprocess.py:93} INFO - No more 'Load More' button
