[2024-11-19T17:07:16.148+0000] {local_task_job_runner.py:123} INFO - ::group::Pre task execution logs
[2024-11-19T17:07:16.167+0000] {taskinstance.py:2612} INFO - Dependencies all met for dep_context=non-requeueable deps ti=<TaskInstance: main_dag.laptop_scraping_tasks.scrape_hacom manual__2024-11-19T15:44:00.418133+00:00 [queued]>
[2024-11-19T17:07:16.178+0000] {taskinstance.py:2612} INFO - Dependencies all met for dep_context=requeueable deps ti=<TaskInstance: main_dag.laptop_scraping_tasks.scrape_hacom manual__2024-11-19T15:44:00.418133+00:00 [queued]>
[2024-11-19T17:07:16.179+0000] {taskinstance.py:2865} INFO - Starting attempt 1 of 2
[2024-11-19T17:07:16.196+0000] {taskinstance.py:2888} INFO - Executing <Task(BashOperator): laptop_scraping_tasks.scrape_hacom> on 2024-11-19 15:44:00.418133+00:00
[2024-11-19T17:07:16.200+0000] {standard_task_runner.py:72} INFO - Started process 74924 to run task
[2024-11-19T17:07:16.203+0000] {standard_task_runner.py:104} INFO - Running: ['***', 'tasks', 'run', 'main_dag', 'laptop_scraping_tasks.scrape_hacom', 'manual__2024-11-19T15:44:00.418133+00:00', '--job-id', '64', '--raw', '--subdir', 'DAGS_FOLDER/main_dag.py', '--cfg-path', '/tmp/tmp6iwl675f']
[2024-11-19T17:07:16.204+0000] {standard_task_runner.py:105} INFO - Job 64: Subtask laptop_scraping_tasks.scrape_hacom
[2024-11-19T17:07:16.279+0000] {task_command.py:467} INFO - Running <TaskInstance: main_dag.laptop_scraping_tasks.scrape_hacom manual__2024-11-19T15:44:00.418133+00:00 [running]> on host 9694314923d2
[2024-11-19T17:07:16.385+0000] {taskinstance.py:3131} INFO - Exporting env vars: AIRFLOW_CTX_DAG_OWNER='veil' AIRFLOW_CTX_DAG_ID='main_dag' AIRFLOW_CTX_TASK_ID='laptop_scraping_tasks.scrape_hacom' AIRFLOW_CTX_EXECUTION_DATE='2024-11-19T15:44:00.418133+00:00' AIRFLOW_CTX_TRY_NUMBER='1' AIRFLOW_CTX_DAG_RUN_ID='manual__2024-11-19T15:44:00.418133+00:00'
[2024-11-19T17:07:16.386+0000] {taskinstance.py:731} INFO - ::endgroup::
[2024-11-19T17:07:16.400+0000] {subprocess.py:63} INFO - Tmp dir root location: /tmp
[2024-11-19T17:07:16.402+0000] {subprocess.py:75} INFO - Running command: ['/usr/bin/bash', '-c', 'cd /app/scraper && scrapy crawl hacom_spider -O ../temp/hacom_data.json']
[2024-11-19T17:07:16.410+0000] {subprocess.py:86} INFO - Output:
[2024-11-19T17:07:28.111+0000] {subprocess.py:93} INFO - 'Load More' button clicked sucessfully.
[2024-11-19T17:07:28.113+0000] {subprocess.py:93} INFO - No more 'Load More' button
[2024-11-19T17:07:28.314+0000] {subprocess.py:97} INFO - Command exited with return code 0
[2024-11-19T17:07:28.330+0000] {taskinstance.py:340} INFO - ::group::Post task execution logs
[2024-11-19T17:07:28.331+0000] {taskinstance.py:352} INFO - Marking task as SUCCESS. dag_id=main_dag, task_id=laptop_scraping_tasks.scrape_hacom, run_id=manual__2024-11-19T15:44:00.418133+00:00, execution_date=20241119T154400, start_date=20241119T170716, end_date=20241119T170728
[2024-11-19T17:07:28.376+0000] {local_task_job_runner.py:266} INFO - Task exited with return code 0
[2024-11-19T17:07:28.392+0000] {logging_mixin.py:190} WARNING - /usr/local/lib/python3.11/site-packages/***/models/baseoperator.py:1378 AirflowProviderDeprecationWarning: Call to deprecated class PostgresOperator. (Please use `***.providers.common.sql.operators.sql.SQLExecuteQueryOperator`.Also, you can provide `hook_params={'schema': <database>}`.)
[2024-11-19T17:07:28.406+0000] {taskinstance.py:3900} INFO - 0 downstream tasks scheduled from follow-on schedule check
[2024-11-19T17:07:28.408+0000] {local_task_job_runner.py:245} INFO - ::endgroup::
