[2024-11-06T06:38:52.381+0000] {local_task_job_runner.py:123} INFO - ::group::Pre task execution logs
[2024-11-06T06:38:52.614+0000] {taskinstance.py:2612} INFO - Dependencies all met for dep_context=non-requeueable deps ti=<TaskInstance: main_dag.laptop_scraping_tasks.scrape_cellphones manual__2024-11-06T06:38:51.172039+00:00 [queued]>
[2024-11-06T06:38:52.624+0000] {taskinstance.py:2612} INFO - Dependencies all met for dep_context=requeueable deps ti=<TaskInstance: main_dag.laptop_scraping_tasks.scrape_cellphones manual__2024-11-06T06:38:51.172039+00:00 [queued]>
[2024-11-06T06:38:52.625+0000] {taskinstance.py:2865} INFO - Starting attempt 1 of 2
[2024-11-06T06:38:52.640+0000] {taskinstance.py:2888} INFO - Executing <Task(BashOperator): laptop_scraping_tasks.scrape_cellphones> on 2024-11-06 06:38:51.172039+00:00
[2024-11-06T06:38:52.645+0000] {standard_task_runner.py:72} INFO - Started process 1355 to run task
[2024-11-06T06:38:52.651+0000] {standard_task_runner.py:104} INFO - Running: ['***', 'tasks', 'run', 'main_dag', 'laptop_scraping_tasks.scrape_cellphones', 'manual__2024-11-06T06:38:51.172039+00:00', '--job-id', '5', '--raw', '--subdir', 'DAGS_FOLDER/main_dag.py', '--cfg-path', '/tmp/tmp33ngb_si']
[2024-11-06T06:38:52.653+0000] {standard_task_runner.py:105} INFO - Job 5: Subtask laptop_scraping_tasks.scrape_cellphones
[2024-11-06T06:38:52.752+0000] {task_command.py:467} INFO - Running <TaskInstance: main_dag.laptop_scraping_tasks.scrape_cellphones manual__2024-11-06T06:38:51.172039+00:00 [running]> on host bc012832769a
[2024-11-06T06:38:52.873+0000] {taskinstance.py:3131} INFO - Exporting env vars: AIRFLOW_CTX_DAG_OWNER='veil' AIRFLOW_CTX_DAG_ID='main_dag' AIRFLOW_CTX_TASK_ID='laptop_scraping_tasks.scrape_cellphones' AIRFLOW_CTX_EXECUTION_DATE='2024-11-06T06:38:51.172039+00:00' AIRFLOW_CTX_TRY_NUMBER='1' AIRFLOW_CTX_DAG_RUN_ID='manual__2024-11-06T06:38:51.172039+00:00'
[2024-11-06T06:38:52.875+0000] {taskinstance.py:731} INFO - ::endgroup::
[2024-11-06T06:38:52.894+0000] {subprocess.py:63} INFO - Tmp dir root location: /tmp
[2024-11-06T06:38:52.895+0000] {subprocess.py:75} INFO - Running command: ['/usr/bin/bash', '-c', 'cd /app/scraper && scrapy crawl cellphones_spider -O ../temp/cellphones_data.json']
[2024-11-06T06:38:52.904+0000] {subprocess.py:86} INFO - Output:
[2024-11-06T06:39:11.295+0000] {job.py:229} INFO - Heartbeat recovered after 13.60 seconds
[2024-11-06T06:39:26.153+0000] {job.py:229} INFO - Heartbeat recovered after 17.43 seconds
[2024-11-06T06:39:42.707+0000] {job.py:229} INFO - Heartbeat recovered after 19.36 seconds
[2024-11-06T06:39:45.093+0000] {subprocess.py:93} INFO - 'Load More' button clicked sucessfully.
[2024-11-06T06:39:45.108+0000] {subprocess.py:93} INFO - No more 'Load More' button
[2024-11-06T06:39:45.493+0000] {subprocess.py:97} INFO - Command exited with return code 0
[2024-11-06T06:39:45.529+0000] {taskinstance.py:340} INFO - ::group::Post task execution logs
[2024-11-06T06:39:45.530+0000] {taskinstance.py:352} INFO - Marking task as SUCCESS. dag_id=main_dag, task_id=laptop_scraping_tasks.scrape_cellphones, run_id=manual__2024-11-06T06:38:51.172039+00:00, execution_date=20241106T063851, start_date=20241106T063852, end_date=20241106T063945
[2024-11-06T06:39:45.572+0000] {local_task_job_runner.py:266} INFO - Task exited with return code 0
[2024-11-06T06:39:45.601+0000] {logging_mixin.py:190} WARNING - /usr/local/lib/python3.11/site-packages/***/models/baseoperator.py:1378 AirflowProviderDeprecationWarning: Call to deprecated class PostgresOperator. (Please use `***.providers.common.sql.operators.sql.SQLExecuteQueryOperator`.Also, you can provide `hook_params={'schema': <database>}`.)
[2024-11-06T06:39:45.630+0000] {taskinstance.py:3900} INFO - 2 downstream tasks scheduled from follow-on schedule check
[2024-11-06T06:39:45.634+0000] {local_task_job_runner.py:245} INFO - ::endgroup::
