[2024-11-02T07:46:12.085+0000] {local_task_job_runner.py:123} INFO - ::group::Pre task execution logs
[2024-11-02T07:46:12.105+0000] {taskinstance.py:2612} INFO - Dependencies all met for dep_context=non-requeueable deps ti=<TaskInstance: main_dag.laptop_scraping_tasks.scrape_cellphones manual__2024-11-02T07:45:12.266820+00:00 [queued]>
[2024-11-02T07:46:12.113+0000] {taskinstance.py:2612} INFO - Dependencies all met for dep_context=requeueable deps ti=<TaskInstance: main_dag.laptop_scraping_tasks.scrape_cellphones manual__2024-11-02T07:45:12.266820+00:00 [queued]>
[2024-11-02T07:46:12.114+0000] {taskinstance.py:2865} INFO - Starting attempt 1 of 2
[2024-11-02T07:46:12.126+0000] {taskinstance.py:2888} INFO - Executing <Task(BashOperator): laptop_scraping_tasks.scrape_cellphones> on 2024-11-02 07:45:12.266820+00:00
[2024-11-02T07:46:12.129+0000] {standard_task_runner.py:72} INFO - Started process 26588 to run task
[2024-11-02T07:46:12.132+0000] {standard_task_runner.py:104} INFO - Running: ['***', 'tasks', 'run', 'main_dag', 'laptop_scraping_tasks.scrape_cellphones', 'manual__2024-11-02T07:45:12.266820+00:00', '--job-id', '11', '--raw', '--subdir', 'DAGS_FOLDER/main_dag.py', '--cfg-path', '/tmp/tmpsm4gjips']
[2024-11-02T07:46:12.133+0000] {standard_task_runner.py:105} INFO - Job 11: Subtask laptop_scraping_tasks.scrape_cellphones
[2024-11-02T07:46:12.311+0000] {task_command.py:467} INFO - Running <TaskInstance: main_dag.laptop_scraping_tasks.scrape_cellphones manual__2024-11-02T07:45:12.266820+00:00 [running]> on host 5d3a71e08d00
[2024-11-02T07:46:12.440+0000] {taskinstance.py:3131} INFO - Exporting env vars: AIRFLOW_CTX_DAG_OWNER='veil' AIRFLOW_CTX_DAG_ID='main_dag' AIRFLOW_CTX_TASK_ID='laptop_scraping_tasks.scrape_cellphones' AIRFLOW_CTX_EXECUTION_DATE='2024-11-02T07:45:12.266820+00:00' AIRFLOW_CTX_TRY_NUMBER='1' AIRFLOW_CTX_DAG_RUN_ID='manual__2024-11-02T07:45:12.266820+00:00'
[2024-11-02T07:46:12.442+0000] {taskinstance.py:731} INFO - ::endgroup::
[2024-11-02T07:46:12.460+0000] {subprocess.py:63} INFO - Tmp dir root location: /tmp
[2024-11-02T07:46:12.461+0000] {subprocess.py:75} INFO - Running command: ['/usr/bin/bash', '-c', 'cd /app/scraper && scrapy crawl cellphones_spider -O ../temp/cellphones_data.json']
[2024-11-02T07:46:12.470+0000] {subprocess.py:86} INFO - Output:
[2024-11-02T07:46:41.070+0000] {job.py:229} INFO - Heartbeat recovered after 16.09 seconds
[2024-11-02T07:47:20.527+0000] {job.py:229} INFO - Heartbeat recovered after 29.51 seconds
[2024-11-02T07:47:22.752+0000] {subprocess.py:93} INFO - 'Load More' button clicked sucessfully.
[2024-11-02T07:47:22.754+0000] {subprocess.py:93} INFO - No more 'Load More' button
[2024-11-02T07:47:23.083+0000] {subprocess.py:97} INFO - Command exited with return code 0
[2024-11-02T07:47:23.121+0000] {taskinstance.py:340} INFO - ::group::Post task execution logs
[2024-11-02T07:47:23.123+0000] {taskinstance.py:352} INFO - Marking task as SUCCESS. dag_id=main_dag, task_id=laptop_scraping_tasks.scrape_cellphones, run_id=manual__2024-11-02T07:45:12.266820+00:00, execution_date=20241102T074512, start_date=20241102T074612, end_date=20241102T074723
[2024-11-02T07:47:23.191+0000] {local_task_job_runner.py:266} INFO - Task exited with return code 0
[2024-11-02T07:47:23.239+0000] {taskinstance.py:3900} INFO - 1 downstream tasks scheduled from follow-on schedule check
[2024-11-02T07:47:23.243+0000] {local_task_job_runner.py:245} INFO - ::endgroup::
