[2024-11-01T09:22:18.759+0000] {local_task_job_runner.py:123} INFO - ::group::Pre task execution logs
[2024-11-01T09:22:18.776+0000] {taskinstance.py:2612} INFO - Dependencies all met for dep_context=non-requeueable deps ti=<TaskInstance: main_dag.laptop_scraping_tasks.scrape_cellphones manual__2024-11-01T09:21:40.168716+00:00 [queued]>
[2024-11-01T09:22:18.784+0000] {taskinstance.py:2612} INFO - Dependencies all met for dep_context=requeueable deps ti=<TaskInstance: main_dag.laptop_scraping_tasks.scrape_cellphones manual__2024-11-01T09:21:40.168716+00:00 [queued]>
[2024-11-01T09:22:18.786+0000] {taskinstance.py:2865} INFO - Starting attempt 1 of 2
[2024-11-01T09:22:18.808+0000] {taskinstance.py:2888} INFO - Executing <Task(BashOperator): laptop_scraping_tasks.scrape_cellphones> on 2024-11-01 09:21:40.168716+00:00
[2024-11-01T09:22:18.812+0000] {standard_task_runner.py:72} INFO - Started process 18762 to run task
[2024-11-01T09:22:18.815+0000] {standard_task_runner.py:104} INFO - Running: ['***', 'tasks', 'run', 'main_dag', 'laptop_scraping_tasks.scrape_cellphones', 'manual__2024-11-01T09:21:40.168716+00:00', '--job-id', '9', '--raw', '--subdir', 'DAGS_FOLDER/main_dag.py', '--cfg-path', '/tmp/tmpgvkgizjo']
[2024-11-01T09:22:18.817+0000] {standard_task_runner.py:105} INFO - Job 9: Subtask laptop_scraping_tasks.scrape_cellphones
[2024-11-01T09:22:18.883+0000] {task_command.py:467} INFO - Running <TaskInstance: main_dag.laptop_scraping_tasks.scrape_cellphones manual__2024-11-01T09:21:40.168716+00:00 [running]> on host 79fbfc208f01
[2024-11-01T09:22:19.086+0000] {taskinstance.py:3131} INFO - Exporting env vars: AIRFLOW_CTX_DAG_OWNER='veil' AIRFLOW_CTX_DAG_ID='main_dag' AIRFLOW_CTX_TASK_ID='laptop_scraping_tasks.scrape_cellphones' AIRFLOW_CTX_EXECUTION_DATE='2024-11-01T09:21:40.168716+00:00' AIRFLOW_CTX_TRY_NUMBER='1' AIRFLOW_CTX_DAG_RUN_ID='manual__2024-11-01T09:21:40.168716+00:00'
[2024-11-01T09:22:19.087+0000] {taskinstance.py:731} INFO - ::endgroup::
[2024-11-01T09:22:19.103+0000] {subprocess.py:63} INFO - Tmp dir root location: /tmp
[2024-11-01T09:22:19.105+0000] {subprocess.py:75} INFO - Running command: ['/usr/bin/bash', '-c', 'cd /app/scraper && scrapy crawl cellphones_spider -O ../temp/cellphones_data.json']
[2024-11-01T09:22:19.111+0000] {subprocess.py:86} INFO - Output:
[2024-11-01T09:43:30.492+0000] {subprocess.py:93} INFO - 'Load More' button clicked sucessfully.
[2024-11-01T09:43:30.495+0000] {subprocess.py:93} INFO - 'Load More' button clicked sucessfully.
[2024-11-01T09:43:30.496+0000] {subprocess.py:93} INFO - 'Load More' button clicked sucessfully.
[2024-11-01T09:43:30.497+0000] {subprocess.py:93} INFO - 'Load More' button clicked sucessfully.
[2024-11-01T09:43:30.497+0000] {subprocess.py:93} INFO - 'Load More' button clicked sucessfully.
[2024-11-01T09:43:30.498+0000] {subprocess.py:93} INFO - 'Load More' button clicked sucessfully.
[2024-11-01T09:43:30.498+0000] {subprocess.py:93} INFO - 'Load More' button clicked sucessfully.
[2024-11-01T09:43:30.498+0000] {subprocess.py:93} INFO - 'Load More' button clicked sucessfully.
[2024-11-01T09:43:30.499+0000] {subprocess.py:93} INFO - Closed the modal successfully.
[2024-11-01T09:43:30.499+0000] {subprocess.py:93} INFO - 'Load More' button clicked sucessfully.
[2024-11-01T09:43:30.500+0000] {subprocess.py:93} INFO - 'Load More' button clicked sucessfully.
[2024-11-01T09:43:30.500+0000] {subprocess.py:93} INFO - 'Load More' button clicked sucessfully.
[2024-11-01T09:43:30.501+0000] {subprocess.py:93} INFO - 'Load More' button clicked sucessfully.
[2024-11-01T09:43:30.501+0000] {subprocess.py:93} INFO - 'Load More' button clicked sucessfully.
[2024-11-01T09:43:30.502+0000] {subprocess.py:93} INFO - 'Load More' button clicked sucessfully.
[2024-11-01T09:43:30.502+0000] {subprocess.py:93} INFO - 'Load More' button clicked sucessfully.
[2024-11-01T09:43:30.502+0000] {subprocess.py:93} INFO - 'Load More' button clicked sucessfully.
[2024-11-01T09:43:30.503+0000] {subprocess.py:93} INFO - 'Load More' button clicked sucessfully.
[2024-11-01T09:43:30.503+0000] {subprocess.py:93} INFO - 'Load More' button clicked sucessfully.
[2024-11-01T09:43:30.503+0000] {subprocess.py:93} INFO - 'Load More' button clicked sucessfully.
[2024-11-01T09:43:30.504+0000] {subprocess.py:93} INFO - 'Load More' button clicked sucessfully.
[2024-11-01T09:43:30.504+0000] {subprocess.py:93} INFO - 'Load More' button clicked sucessfully.
[2024-11-01T09:43:30.505+0000] {subprocess.py:93} INFO - 'Load More' button clicked sucessfully.
[2024-11-01T09:43:30.505+0000] {subprocess.py:93} INFO - 'Load More' button clicked sucessfully.
[2024-11-01T09:43:30.506+0000] {subprocess.py:93} INFO - 'Load More' button clicked sucessfully.
[2024-11-01T09:43:30.506+0000] {subprocess.py:93} INFO - 'Load More' button clicked sucessfully.
[2024-11-01T09:43:30.506+0000] {subprocess.py:93} INFO - 'Load More' button clicked sucessfully.
[2024-11-01T09:43:30.507+0000] {subprocess.py:93} INFO - 'Load More' button clicked sucessfully.
[2024-11-01T09:43:30.507+0000] {subprocess.py:93} INFO - 'Load More' button clicked sucessfully.
[2024-11-01T09:43:30.507+0000] {subprocess.py:93} INFO - 'Load More' button clicked sucessfully.
[2024-11-01T09:43:30.508+0000] {subprocess.py:93} INFO - 'Load More' button clicked sucessfully.
[2024-11-01T09:43:30.508+0000] {subprocess.py:93} INFO - 'Load More' button clicked sucessfully.
[2024-11-01T09:43:30.508+0000] {subprocess.py:93} INFO - 'Load More' button clicked sucessfully.
[2024-11-01T09:43:30.509+0000] {subprocess.py:93} INFO - No more 'Load More' button
[2024-11-01T09:43:30.509+0000] {subprocess.py:93} INFO - Opened the modal successfully.
[2024-11-01T09:43:30.510+0000] {subprocess.py:93} INFO - Found item: 1
[2024-11-01T09:43:30.510+0000] {subprocess.py:93} INFO - Opened the modal successfully.
[2024-11-01T09:43:30.510+0000] {subprocess.py:93} INFO - Found item: 2
[2024-11-01T09:43:30.511+0000] {subprocess.py:93} INFO - Opened the modal successfully.
[2024-11-01T09:43:30.511+0000] {subprocess.py:93} INFO - Found item: 3
[2024-11-01T09:43:30.512+0000] {subprocess.py:93} INFO - Opened the modal successfully.
[2024-11-01T09:43:30.512+0000] {subprocess.py:93} INFO - Found item: 4
[2024-11-01T09:43:30.512+0000] {subprocess.py:93} INFO - Opened the modal successfully.
[2024-11-01T09:43:30.513+0000] {subprocess.py:93} INFO - Found item: 5
[2024-11-01T09:43:30.513+0000] {subprocess.py:93} INFO - Opened the modal successfully.
[2024-11-01T09:43:30.513+0000] {subprocess.py:93} INFO - Found item: 6
[2024-11-01T09:43:30.514+0000] {subprocess.py:93} INFO - Opened the modal successfully.
[2024-11-01T09:43:30.514+0000] {subprocess.py:93} INFO - Found item: 7
[2024-11-01T09:43:30.515+0000] {subprocess.py:93} INFO - Opened the modal successfully.
[2024-11-01T09:43:30.515+0000] {subprocess.py:93} INFO - Found item: 8
[2024-11-01T09:43:30.515+0000] {subprocess.py:93} INFO - Technical spec button not found, reloading the page.
[2024-11-01T09:43:30.516+0000] {subprocess.py:93} INFO - Opened the modal successfully.
[2024-11-01T09:43:30.516+0000] {subprocess.py:93} INFO - Found item: 9
[2024-11-01T09:43:30.517+0000] {subprocess.py:93} INFO - Opened the modal successfully.
[2024-11-01T09:43:30.517+0000] {subprocess.py:93} INFO - Found item: 10
[2024-11-01T09:43:30.517+0000] {subprocess.py:93} INFO - Opened the modal successfully.
[2024-11-01T09:43:30.518+0000] {subprocess.py:93} INFO - Found item: 11
[2024-11-01T09:43:30.518+0000] {subprocess.py:93} INFO - Opened the modal successfully.
[2024-11-01T09:43:30.519+0000] {subprocess.py:93} INFO - Found item: 12
[2024-11-01T09:43:30.519+0000] {subprocess.py:93} INFO - Opened the modal successfully.
[2024-11-01T09:43:30.519+0000] {subprocess.py:93} INFO - Found item: 13
[2024-11-01T09:43:30.520+0000] {subprocess.py:93} INFO - Opened the modal successfully.
[2024-11-01T09:43:30.520+0000] {subprocess.py:93} INFO - Found item: 14
[2024-11-01T09:43:30.521+0000] {subprocess.py:93} INFO - Opened the modal successfully.
[2024-11-01T09:43:30.521+0000] {subprocess.py:93} INFO - Found item: 15
[2024-11-01T09:43:30.521+0000] {subprocess.py:93} INFO - Opened the modal successfully.
[2024-11-01T09:43:30.522+0000] {subprocess.py:93} INFO - Found item: 16
[2024-11-01T09:43:30.522+0000] {subprocess.py:93} INFO - Opened the modal successfully.
[2024-11-01T09:43:30.523+0000] {subprocess.py:93} INFO - Found item: 17
[2024-11-01T09:43:30.523+0000] {subprocess.py:93} INFO - Opened the modal successfully.
[2024-11-01T09:43:30.523+0000] {subprocess.py:93} INFO - Found item: 18
[2024-11-01T09:43:30.524+0000] {subprocess.py:93} INFO - Opened the modal successfully.
[2024-11-01T09:43:30.524+0000] {subprocess.py:93} INFO - Found item: 19
[2024-11-01T09:43:30.525+0000] {subprocess.py:93} INFO - Opened the modal successfully.
[2024-11-01T09:43:30.525+0000] {subprocess.py:93} INFO - Found item: 20
[2024-11-01T09:43:30.525+0000] {subprocess.py:93} INFO - Opened the modal successfully.
[2024-11-01T09:43:30.526+0000] {subprocess.py:93} INFO - Found item: 21
[2024-11-01T09:43:30.526+0000] {subprocess.py:93} INFO - Opened the modal successfully.
[2024-11-01T09:43:30.526+0000] {subprocess.py:93} INFO - Found item: 22
[2024-11-01T09:43:30.527+0000] {subprocess.py:93} INFO - Opened the modal successfully.
[2024-11-01T09:43:30.527+0000] {subprocess.py:93} INFO - Found item: 23
[2024-11-01T09:43:30.527+0000] {subprocess.py:93} INFO - Opened the modal successfully.
[2024-11-01T09:43:30.528+0000] {subprocess.py:93} INFO - Found item: 24
[2024-11-01T09:43:30.528+0000] {subprocess.py:93} INFO - Opened the modal successfully.
[2024-11-01T09:43:30.529+0000] {subprocess.py:93} INFO - Found item: 25
[2024-11-01T09:43:30.529+0000] {subprocess.py:93} INFO - Opened the modal successfully.
[2024-11-01T09:43:30.529+0000] {subprocess.py:93} INFO - Found item: 26
[2024-11-01T09:43:30.530+0000] {subprocess.py:93} INFO - Opened the modal successfully.
[2024-11-01T09:43:30.530+0000] {subprocess.py:93} INFO - Found item: 27
[2024-11-01T09:43:30.531+0000] {subprocess.py:93} INFO - Opened the modal successfully.
[2024-11-01T09:43:30.531+0000] {subprocess.py:93} INFO - Found item: 28
[2024-11-01T09:43:30.531+0000] {subprocess.py:93} INFO - Opened the modal successfully.
[2024-11-01T09:43:30.532+0000] {subprocess.py:93} INFO - Found item: 29
[2024-11-01T09:43:30.532+0000] {subprocess.py:93} INFO - Opened the modal successfully.
[2024-11-01T09:43:30.532+0000] {subprocess.py:93} INFO - Found item: 30
[2024-11-01T09:43:30.533+0000] {subprocess.py:93} INFO - Opened the modal successfully.
[2024-11-01T09:43:30.533+0000] {subprocess.py:93} INFO - Found item: 31
[2024-11-01T09:43:30.534+0000] {subprocess.py:93} INFO - Opened the modal successfully.
[2024-11-01T09:43:30.534+0000] {subprocess.py:93} INFO - Found item: 32
[2024-11-01T09:43:30.535+0000] {subprocess.py:93} INFO - Opened the modal successfully.
[2024-11-01T09:43:30.535+0000] {subprocess.py:93} INFO - Found item: 33
[2024-11-01T09:43:30.535+0000] {subprocess.py:93} INFO - Opened the modal successfully.
[2024-11-01T09:43:30.536+0000] {subprocess.py:93} INFO - Found item: 34
[2024-11-01T09:43:30.537+0000] {subprocess.py:93} INFO - Skipped:  mac mini m2 2023 (8 cpu - 10 gpu - 16gb - 256gb) | chính hãng apple việt nam
[2024-11-01T09:43:30.537+0000] {subprocess.py:93} INFO - Opened the modal successfully.
[2024-11-01T09:43:30.538+0000] {subprocess.py:93} INFO - Found item: 35
[2024-11-01T09:43:30.538+0000] {subprocess.py:93} INFO - Opened the modal successfully.
[2024-11-01T09:43:30.538+0000] {subprocess.py:93} INFO - Found item: 36
[2024-11-01T09:43:30.539+0000] {subprocess.py:93} INFO - Opened the modal successfully.
[2024-11-01T09:43:30.539+0000] {subprocess.py:93} INFO - Found item: 37
[2024-11-01T09:43:30.540+0000] {subprocess.py:93} INFO - Opened the modal successfully.
[2024-11-01T09:43:30.540+0000] {subprocess.py:93} INFO - Found item: 38
[2024-11-01T09:43:30.540+0000] {subprocess.py:93} INFO - Opened the modal successfully.
[2024-11-01T09:43:30.542+0000] {subprocess.py:93} INFO - Found item: 39
[2024-11-01T09:43:30.542+0000] {subprocess.py:93} INFO - Opened the modal successfully.
[2024-11-01T09:43:30.543+0000] {subprocess.py:93} INFO - Found item: 40
[2024-11-01T09:43:30.543+0000] {subprocess.py:93} INFO - Opened the modal successfully.
[2024-11-01T09:43:30.543+0000] {subprocess.py:93} INFO - Found item: 41
[2024-11-01T09:43:30.544+0000] {subprocess.py:93} INFO - Opened the modal successfully.
[2024-11-01T09:43:30.544+0000] {subprocess.py:93} INFO - Found item: 42
[2024-11-01T09:43:30.545+0000] {subprocess.py:93} INFO - Opened the modal successfully.
[2024-11-01T09:43:30.545+0000] {subprocess.py:93} INFO - Found item: 43
[2024-11-01T09:43:30.546+0000] {subprocess.py:93} INFO - Opened the modal successfully.
[2024-11-01T09:43:30.546+0000] {subprocess.py:93} INFO - Found item: 44
[2024-11-01T09:43:30.547+0000] {subprocess.py:93} INFO - Opened the modal successfully.
[2024-11-01T09:43:30.547+0000] {subprocess.py:93} INFO - Found item: 45
[2024-11-01T09:43:30.547+0000] {subprocess.py:93} INFO - Opened the modal successfully.
[2024-11-01T09:43:30.548+0000] {subprocess.py:93} INFO - Found item: 46
[2024-11-01T09:43:30.548+0000] {subprocess.py:93} INFO - Opened the modal successfully.
[2024-11-01T09:43:30.549+0000] {subprocess.py:93} INFO - Found item: 47
[2024-11-01T09:43:30.549+0000] {subprocess.py:93} INFO - Opened the modal successfully.
[2024-11-01T09:43:30.549+0000] {subprocess.py:93} INFO - Found item: 48
[2024-11-01T09:43:30.550+0000] {subprocess.py:93} INFO - Opened the modal successfully.
[2024-11-01T09:43:30.550+0000] {subprocess.py:93} INFO - Found item: 49
[2024-11-01T09:43:30.551+0000] {subprocess.py:93} INFO - Opened the modal successfully.
[2024-11-01T09:43:30.552+0000] {subprocess.py:93} INFO - Found item: 50
[2024-11-01T09:43:30.552+0000] {subprocess.py:93} INFO - Skipped:  mac mini m2 2023 (8 cpu - 10 gpu - 8gb - 256gb) | chính hãng apple việt nam
[2024-11-01T09:43:30.553+0000] {subprocess.py:93} INFO - Opened the modal successfully.
[2024-11-01T09:43:30.553+0000] {subprocess.py:93} INFO - Found item: 51
[2024-11-01T09:43:30.553+0000] {subprocess.py:93} INFO - Opened the modal successfully.
[2024-11-01T09:43:30.554+0000] {subprocess.py:93} INFO - Found item: 52
[2024-11-01T09:43:30.554+0000] {subprocess.py:93} INFO - Opened the modal successfully.
[2024-11-01T09:43:30.555+0000] {subprocess.py:93} INFO - Found item: 53
[2024-11-01T09:43:30.555+0000] {subprocess.py:93} INFO - Opened the modal successfully.
[2024-11-01T09:43:30.556+0000] {subprocess.py:93} INFO - Found item: 54
[2024-11-01T09:43:30.556+0000] {subprocess.py:93} INFO - Opened the modal successfully.
[2024-11-01T09:43:30.556+0000] {subprocess.py:93} INFO - Found item: 55
[2024-11-01T09:43:30.557+0000] {subprocess.py:93} INFO - Opened the modal successfully.
[2024-11-01T09:43:30.557+0000] {subprocess.py:93} INFO - Found item: 56
[2024-11-01T09:43:30.558+0000] {subprocess.py:93} INFO - Opened the modal successfully.
[2024-11-01T09:43:30.558+0000] {subprocess.py:93} INFO - Found item: 57
[2024-11-01T09:43:30.558+0000] {subprocess.py:93} INFO - Opened the modal successfully.
[2024-11-01T09:43:30.559+0000] {subprocess.py:93} INFO - Found item: 58
[2024-11-01T09:43:30.559+0000] {subprocess.py:93} INFO - Opened the modal successfully.
[2024-11-01T09:43:30.559+0000] {subprocess.py:93} INFO - Found item: 59
[2024-11-01T09:43:30.560+0000] {subprocess.py:93} INFO - Opened the modal successfully.
[2024-11-01T09:43:30.561+0000] {subprocess.py:93} INFO - Found item: 60
[2024-11-01T09:43:30.561+0000] {subprocess.py:93} INFO - Opened the modal successfully.
[2024-11-01T09:43:30.562+0000] {subprocess.py:93} INFO - Found item: 61
[2024-11-01T09:43:30.562+0000] {subprocess.py:93} INFO - Opened the modal successfully.
[2024-11-01T09:43:30.563+0000] {subprocess.py:93} INFO - Found item: 62
[2024-11-01T09:43:30.563+0000] {subprocess.py:93} INFO - Opened the modal successfully.
[2024-11-01T09:43:30.563+0000] {subprocess.py:93} INFO - Found item: 63
[2024-11-01T09:43:30.564+0000] {subprocess.py:93} INFO - Opened the modal successfully.
[2024-11-01T09:43:30.564+0000] {subprocess.py:93} INFO - Found item: 64
[2024-11-01T09:43:30.565+0000] {subprocess.py:93} INFO - Opened the modal successfully.
[2024-11-01T09:43:30.567+0000] {subprocess.py:93} INFO - Found item: 65
[2024-11-01T09:43:30.567+0000] {subprocess.py:93} INFO - Opened the modal successfully.
[2024-11-01T09:43:30.569+0000] {subprocess.py:93} INFO - Found item: 66
[2024-11-01T09:43:30.570+0000] {subprocess.py:93} INFO - Opened the modal successfully.
[2024-11-01T09:43:30.570+0000] {subprocess.py:93} INFO - Found item: 67
[2024-11-01T09:43:30.571+0000] {subprocess.py:93} INFO - Opened the modal successfully.
[2024-11-01T09:43:30.571+0000] {subprocess.py:93} INFO - Found item: 68
[2024-11-01T09:43:30.571+0000] {subprocess.py:93} INFO - Opened the modal successfully.
[2024-11-01T09:43:30.572+0000] {subprocess.py:93} INFO - Found item: 69
[2024-11-01T09:43:30.572+0000] {subprocess.py:93} INFO - Opened the modal successfully.
[2024-11-01T09:43:30.573+0000] {subprocess.py:93} INFO - Found item: 70
[2024-11-01T09:43:30.573+0000] {subprocess.py:93} INFO - Opened the modal successfully.
[2024-11-01T09:43:30.573+0000] {subprocess.py:93} INFO - Found item: 71
[2024-11-01T09:43:30.574+0000] {subprocess.py:93} INFO - Opened the modal successfully.
[2024-11-01T09:43:30.574+0000] {subprocess.py:93} INFO - Found item: 72
[2024-11-01T09:43:30.574+0000] {subprocess.py:93} INFO - Opened the modal successfully.
[2024-11-01T09:43:30.575+0000] {subprocess.py:93} INFO - Found item: 73
[2024-11-01T09:43:30.575+0000] {subprocess.py:93} INFO - Opened the modal successfully.
[2024-11-01T09:43:30.576+0000] {subprocess.py:93} INFO - Found item: 74
[2024-11-01T09:43:30.576+0000] {subprocess.py:93} INFO - Opened the modal successfully.
[2024-11-01T09:43:30.576+0000] {subprocess.py:93} INFO - Found item: 75
[2024-11-01T09:43:30.577+0000] {subprocess.py:93} INFO - Technical spec button not found, reloading the page.
[2024-11-01T09:43:30.577+0000] {subprocess.py:93} INFO - Technical spec button not found, reloading the page.
[2024-11-01T09:43:30.577+0000] {subprocess.py:93} INFO - Technical spec button not found, reloading the page.
[2024-11-01T09:43:30.578+0000] {subprocess.py:93} INFO - Technical spec button not found, reloading the page.
[2024-11-01T09:43:30.578+0000] {subprocess.py:93} INFO - Technical spec button not found, reloading the page.
[2024-11-01T09:43:30.578+0000] {subprocess.py:93} INFO - Failed to open the modal.
[2024-11-01T09:43:30.579+0000] {subprocess.py:93} INFO - Found item: 76
[2024-11-01T09:43:30.579+0000] {subprocess.py:93} INFO - Opened the modal successfully.
[2024-11-01T09:43:30.579+0000] {subprocess.py:93} INFO - Found item: 77
[2024-11-01T09:43:30.580+0000] {subprocess.py:93} INFO - Opened the modal successfully.
[2024-11-01T09:43:30.580+0000] {subprocess.py:93} INFO - Found item: 78
[2024-11-01T09:43:30.580+0000] {subprocess.py:93} INFO - Opened the modal successfully.
[2024-11-01T09:43:30.581+0000] {subprocess.py:93} INFO - Found item: 79
[2024-11-01T09:43:30.581+0000] {subprocess.py:93} INFO - Opened the modal successfully.
[2024-11-01T09:43:30.581+0000] {subprocess.py:93} INFO - Found item: 80
[2024-11-01T09:43:30.582+0000] {subprocess.py:93} INFO - Opened the modal successfully.
[2024-11-01T09:43:30.582+0000] {subprocess.py:93} INFO - Found item: 81
[2024-11-01T09:43:30.582+0000] {subprocess.py:93} INFO - Opened the modal successfully.
[2024-11-01T09:43:30.583+0000] {subprocess.py:93} INFO - Found item: 82
[2024-11-01T09:43:30.583+0000] {subprocess.py:93} INFO - Opened the modal successfully.
[2024-11-01T09:43:30.584+0000] {subprocess.py:93} INFO - Found item: 83
[2024-11-01T09:43:30.584+0000] {subprocess.py:93} INFO - Opened the modal successfully.
[2024-11-01T09:43:30.584+0000] {subprocess.py:93} INFO - Found item: 84
[2024-11-01T09:43:30.585+0000] {subprocess.py:93} INFO - Opened the modal successfully.
[2024-11-01T09:43:30.585+0000] {subprocess.py:93} INFO - Found item: 85
[2024-11-01T09:43:30.586+0000] {subprocess.py:93} INFO - Opened the modal successfully.
[2024-11-01T09:43:30.586+0000] {subprocess.py:93} INFO - Found item: 86
[2024-11-01T09:43:30.586+0000] {subprocess.py:93} INFO - Opened the modal successfully.
[2024-11-01T09:43:30.587+0000] {subprocess.py:93} INFO - Found item: 87
[2024-11-01T09:43:30.587+0000] {subprocess.py:93} INFO - Opened the modal successfully.
[2024-11-01T09:43:30.588+0000] {subprocess.py:93} INFO - Found item: 88
[2024-11-01T09:43:30.588+0000] {subprocess.py:93} INFO - Opened the modal successfully.
[2024-11-01T09:43:30.588+0000] {subprocess.py:93} INFO - Found item: 89
[2024-11-01T09:43:30.589+0000] {subprocess.py:93} INFO - Opened the modal successfully.
[2024-11-01T09:43:30.589+0000] {subprocess.py:93} INFO - Found item: 90
[2024-11-01T09:43:30.589+0000] {subprocess.py:93} INFO - Opened the modal successfully.
[2024-11-01T09:43:30.590+0000] {subprocess.py:93} INFO - Found item: 91
[2024-11-01T09:43:30.590+0000] {subprocess.py:93} INFO - Opened the modal successfully.
[2024-11-01T09:43:30.591+0000] {subprocess.py:93} INFO - Found item: 92
[2024-11-01T09:43:30.591+0000] {subprocess.py:93} INFO - Opened the modal successfully.
[2024-11-01T09:43:30.591+0000] {subprocess.py:93} INFO - Found item: 93
[2024-11-01T09:43:30.592+0000] {subprocess.py:93} INFO - Opened the modal successfully.
[2024-11-01T09:43:30.592+0000] {subprocess.py:93} INFO - Found item: 94
[2024-11-01T09:43:30.592+0000] {subprocess.py:93} INFO - Opened the modal successfully.
[2024-11-01T09:43:30.593+0000] {subprocess.py:93} INFO - Found item: 95
[2024-11-01T09:43:30.593+0000] {subprocess.py:93} INFO - Opened the modal successfully.
[2024-11-01T09:43:30.593+0000] {subprocess.py:93} INFO - Found item: 96
[2024-11-01T09:43:30.594+0000] {subprocess.py:93} INFO - Opened the modal successfully.
[2024-11-01T09:43:30.594+0000] {subprocess.py:93} INFO - Found item: 97
[2024-11-01T09:43:30.594+0000] {subprocess.py:93} INFO - Opened the modal successfully.
[2024-11-01T09:43:30.595+0000] {subprocess.py:93} INFO - Found item: 98
[2024-11-01T09:43:30.595+0000] {subprocess.py:93} INFO - Opened the modal successfully.
[2024-11-01T09:43:30.595+0000] {subprocess.py:93} INFO - Found item: 99
[2024-11-01T09:43:30.596+0000] {subprocess.py:93} INFO - Opened the modal successfully.
[2024-11-01T09:43:30.596+0000] {subprocess.py:93} INFO - Found item: 100
[2024-11-01T09:43:30.596+0000] {subprocess.py:93} INFO - Opened the modal successfully.
[2024-11-01T09:43:30.597+0000] {subprocess.py:93} INFO - Found item: 101
[2024-11-01T09:43:30.597+0000] {subprocess.py:93} INFO - Opened the modal successfully.
[2024-11-01T09:43:30.598+0000] {subprocess.py:93} INFO - Found item: 102
[2024-11-01T09:43:30.598+0000] {subprocess.py:93} INFO - Opened the modal successfully.
[2024-11-01T09:43:30.598+0000] {subprocess.py:93} INFO - Found item: 103
[2024-11-01T09:43:30.599+0000] {subprocess.py:93} INFO - Opened the modal successfully.
[2024-11-01T09:43:30.599+0000] {subprocess.py:93} INFO - Found item: 104
[2024-11-01T09:43:30.599+0000] {subprocess.py:93} INFO - Opened the modal successfully.
[2024-11-01T09:43:30.600+0000] {subprocess.py:93} INFO - Found item: 105
[2024-11-01T09:43:30.601+0000] {subprocess.py:93} INFO - Opened the modal successfully.
[2024-11-01T09:43:30.602+0000] {subprocess.py:93} INFO - Found item: 106
[2024-11-01T09:43:30.602+0000] {subprocess.py:93} INFO - Opened the modal successfully.
[2024-11-01T09:43:30.602+0000] {subprocess.py:93} INFO - Found item: 107
[2024-11-01T09:43:30.603+0000] {subprocess.py:93} INFO - Opened the modal successfully.
[2024-11-01T09:43:30.603+0000] {subprocess.py:93} INFO - Found item: 108
[2024-11-01T09:43:30.603+0000] {subprocess.py:93} INFO - Opened the modal successfully.
[2024-11-01T09:43:30.604+0000] {subprocess.py:93} INFO - Found item: 109
[2024-11-01T09:43:30.604+0000] {subprocess.py:93} INFO - Opened the modal successfully.
[2024-11-01T09:43:30.605+0000] {subprocess.py:93} INFO - Found item: 110
[2024-11-01T09:43:30.605+0000] {subprocess.py:93} INFO - Skipped:  mac mini m2 2023 (8 cpu - 10 gpu - 16gb - 512gb) | chính hãng apple việt nam
[2024-11-01T09:43:30.605+0000] {subprocess.py:93} INFO - Opened the modal successfully.
[2024-11-01T09:43:30.606+0000] {subprocess.py:93} INFO - Found item: 111
[2024-11-01T09:43:30.606+0000] {subprocess.py:93} INFO - Opened the modal successfully.
[2024-11-01T09:43:30.606+0000] {subprocess.py:93} INFO - Found item: 112
[2024-11-01T09:43:30.607+0000] {subprocess.py:93} INFO - Opened the modal successfully.
[2024-11-01T09:43:30.607+0000] {subprocess.py:93} INFO - Found item: 113
[2024-11-01T09:43:30.607+0000] {subprocess.py:93} INFO - Opened the modal successfully.
[2024-11-01T09:43:30.608+0000] {subprocess.py:93} INFO - Found item: 114
[2024-11-01T09:43:30.608+0000] {subprocess.py:93} INFO - Opened the modal successfully.
[2024-11-01T09:43:30.608+0000] {subprocess.py:93} INFO - Found item: 115
[2024-11-01T09:43:30.609+0000] {subprocess.py:93} INFO - Opened the modal successfully.
[2024-11-01T09:43:30.609+0000] {subprocess.py:93} INFO - Found item: 116
[2024-11-01T09:43:30.610+0000] {subprocess.py:93} INFO - Opened the modal successfully.
[2024-11-01T09:43:30.610+0000] {subprocess.py:93} INFO - Found item: 117
[2024-11-01T09:43:30.611+0000] {subprocess.py:93} INFO - Opened the modal successfully.
[2024-11-01T09:43:30.611+0000] {subprocess.py:93} INFO - Found item: 118
[2024-11-01T09:43:30.612+0000] {subprocess.py:93} INFO - Opened the modal successfully.
[2024-11-01T09:43:30.612+0000] {subprocess.py:93} INFO - Found item: 119
[2024-11-01T09:43:30.613+0000] {subprocess.py:93} INFO - Opened the modal successfully.
[2024-11-01T09:43:30.613+0000] {subprocess.py:93} INFO - Found item: 120
[2024-11-01T09:43:30.613+0000] {subprocess.py:93} INFO - Skipped:  mac mini m2 pro 2023 (10 cpu - 16 gpu - 16gb - 512gb) | chính hãng apple việt nam
[2024-11-01T09:43:30.614+0000] {subprocess.py:93} INFO - Opened the modal successfully.
[2024-11-01T09:43:30.614+0000] {subprocess.py:93} INFO - Found item: 121
[2024-11-01T09:43:30.614+0000] {subprocess.py:93} INFO - Opened the modal successfully.
[2024-11-01T09:43:30.615+0000] {subprocess.py:93} INFO - Found item: 122
[2024-11-01T09:43:30.615+0000] {subprocess.py:93} INFO - Opened the modal successfully.
[2024-11-01T09:43:30.615+0000] {subprocess.py:93} INFO - Found item: 123
[2024-11-01T09:43:30.616+0000] {subprocess.py:93} INFO - Opened the modal successfully.
[2024-11-01T09:43:30.616+0000] {subprocess.py:93} INFO - Found item: 124
[2024-11-01T09:43:30.616+0000] {subprocess.py:93} INFO - Opened the modal successfully.
[2024-11-01T09:43:30.617+0000] {subprocess.py:93} INFO - Found item: 125
[2024-11-01T09:43:30.617+0000] {subprocess.py:93} INFO - Technical spec button not found, reloading the page.
[2024-11-01T09:43:30.618+0000] {subprocess.py:93} INFO - Technical spec button not found, reloading the page.
[2024-11-01T09:43:30.618+0000] {subprocess.py:93} INFO - Technical spec button not found, reloading the page.
[2024-11-01T09:43:30.618+0000] {subprocess.py:93} INFO - Technical spec button not found, reloading the page.
[2024-11-01T09:43:30.619+0000] {subprocess.py:93} INFO - Technical spec button not found, reloading the page.
[2024-11-01T09:43:30.619+0000] {subprocess.py:93} INFO - Failed to open the modal.
[2024-11-01T09:43:30.619+0000] {subprocess.py:93} INFO - Found item: 126
[2024-11-01T09:43:30.620+0000] {subprocess.py:93} INFO - Opened the modal successfully.
[2024-11-01T09:43:30.620+0000] {subprocess.py:93} INFO - Found item: 127
[2024-11-01T09:43:30.621+0000] {subprocess.py:93} INFO - Opened the modal successfully.
[2024-11-01T09:43:30.621+0000] {subprocess.py:93} INFO - Found item: 128
[2024-11-01T10:04:08.240+0000] {subprocess.py:93} INFO - Skipped:  imac m3 24 inch 16gb 256gb | chính hãng apple việt nam
[2024-11-01T10:04:08.250+0000] {subprocess.py:93} INFO - Opened the modal successfully.
[2024-11-01T10:04:08.254+0000] {subprocess.py:93} INFO - Found item: 129
[2024-11-01T10:04:08.256+0000] {subprocess.py:93} INFO - Opened the modal successfully.
[2024-11-01T10:04:08.258+0000] {subprocess.py:93} INFO - Found item: 130
[2024-11-01T10:04:08.260+0000] {subprocess.py:93} INFO - Opened the modal successfully.
[2024-11-01T10:04:08.261+0000] {subprocess.py:93} INFO - Found item: 131
[2024-11-01T10:04:08.262+0000] {subprocess.py:93} INFO - Opened the modal successfully.
[2024-11-01T10:04:08.263+0000] {subprocess.py:93} INFO - Found item: 132
[2024-11-01T10:04:08.264+0000] {subprocess.py:93} INFO - Opened the modal successfully.
[2024-11-01T10:04:08.264+0000] {subprocess.py:93} INFO - Found item: 133
[2024-11-01T10:04:08.265+0000] {subprocess.py:93} INFO - Opened the modal successfully.
[2024-11-01T10:04:08.266+0000] {subprocess.py:93} INFO - Found item: 134
[2024-11-01T10:04:08.267+0000] {subprocess.py:93} INFO - Opened the modal successfully.
[2024-11-01T10:04:08.269+0000] {subprocess.py:93} INFO - Found item: 135
[2024-11-01T10:04:08.269+0000] {subprocess.py:93} INFO - Opened the modal successfully.
[2024-11-01T10:04:08.270+0000] {subprocess.py:93} INFO - Found item: 136
[2024-11-01T10:04:08.270+0000] {subprocess.py:93} INFO - Opened the modal successfully.
[2024-11-01T10:04:08.271+0000] {subprocess.py:93} INFO - Found item: 137
[2024-11-01T10:04:08.272+0000] {subprocess.py:93} INFO - Opened the modal successfully.
[2024-11-01T10:04:08.273+0000] {subprocess.py:93} INFO - Found item: 138
[2024-11-01T10:04:08.275+0000] {subprocess.py:93} INFO - Opened the modal successfully.
[2024-11-01T10:04:08.276+0000] {subprocess.py:93} INFO - Found item: 139
[2024-11-01T10:04:08.277+0000] {subprocess.py:93} INFO - Opened the modal successfully.
[2024-11-01T10:04:08.279+0000] {subprocess.py:93} INFO - Found item: 140
[2024-11-01T10:04:08.280+0000] {subprocess.py:93} INFO - Opened the modal successfully.
[2024-11-01T10:04:08.281+0000] {subprocess.py:93} INFO - Found item: 141
[2024-11-01T10:04:08.282+0000] {subprocess.py:93} INFO - Opened the modal successfully.
[2024-11-01T10:04:08.284+0000] {subprocess.py:93} INFO - Found item: 142
[2024-11-01T10:04:08.285+0000] {subprocess.py:93} INFO - Opened the modal successfully.
[2024-11-01T10:04:08.285+0000] {subprocess.py:93} INFO - Found item: 143
[2024-11-01T10:04:08.286+0000] {subprocess.py:93} INFO - Opened the modal successfully.
[2024-11-01T10:04:08.287+0000] {subprocess.py:93} INFO - Found item: 144
[2024-11-01T10:04:08.287+0000] {subprocess.py:93} INFO - Opened the modal successfully.
[2024-11-01T10:04:08.288+0000] {subprocess.py:93} INFO - Found item: 145
[2024-11-01T10:04:08.289+0000] {subprocess.py:93} INFO - Opened the modal successfully.
[2024-11-01T10:04:08.289+0000] {subprocess.py:93} INFO - Found item: 146
[2024-11-01T10:04:08.290+0000] {subprocess.py:93} INFO - Opened the modal successfully.
[2024-11-01T10:04:08.291+0000] {subprocess.py:93} INFO - Found item: 147
[2024-11-01T10:04:08.291+0000] {subprocess.py:93} INFO - Opened the modal successfully.
[2024-11-01T10:04:08.292+0000] {subprocess.py:93} INFO - Found item: 148
[2024-11-01T10:04:08.293+0000] {subprocess.py:93} INFO - Opened the modal successfully.
[2024-11-01T10:04:08.294+0000] {subprocess.py:93} INFO - Found item: 149
[2024-11-01T10:04:08.294+0000] {subprocess.py:93} INFO - Opened the modal successfully.
[2024-11-01T10:04:08.295+0000] {subprocess.py:93} INFO - Found item: 150
[2024-11-01T10:04:08.296+0000] {subprocess.py:93} INFO - Opened the modal successfully.
[2024-11-01T10:04:08.297+0000] {subprocess.py:93} INFO - Found item: 151
[2024-11-01T10:04:08.298+0000] {subprocess.py:93} INFO - Opened the modal successfully.
[2024-11-01T10:04:08.299+0000] {subprocess.py:93} INFO - Found item: 152
[2024-11-01T10:04:08.299+0000] {subprocess.py:93} INFO - Opened the modal successfully.
[2024-11-01T10:04:08.300+0000] {subprocess.py:93} INFO - Found item: 153
[2024-11-01T10:04:08.301+0000] {subprocess.py:93} INFO - Opened the modal successfully.
[2024-11-01T10:04:08.301+0000] {subprocess.py:93} INFO - Found item: 154
[2024-11-01T10:04:08.302+0000] {subprocess.py:93} INFO - Opened the modal successfully.
[2024-11-01T10:04:08.304+0000] {subprocess.py:93} INFO - Found item: 155
[2024-11-01T10:04:08.305+0000] {subprocess.py:93} INFO - Opened the modal successfully.
[2024-11-01T10:04:08.306+0000] {subprocess.py:93} INFO - Found item: 156
[2024-11-01T10:04:08.307+0000] {subprocess.py:93} INFO - Opened the modal successfully.
[2024-11-01T10:04:08.308+0000] {subprocess.py:93} INFO - Found item: 157
[2024-11-01T10:04:08.309+0000] {subprocess.py:93} INFO - Opened the modal successfully.
[2024-11-01T10:04:08.310+0000] {subprocess.py:93} INFO - Found item: 158
[2024-11-01T10:04:08.310+0000] {subprocess.py:93} INFO - Opened the modal successfully.
[2024-11-01T10:04:08.311+0000] {subprocess.py:93} INFO - Found item: 159
[2024-11-01T10:04:08.312+0000] {subprocess.py:93} INFO - Opened the modal successfully.
[2024-11-01T10:04:08.313+0000] {subprocess.py:93} INFO - Found item: 160
[2024-11-01T10:04:08.314+0000] {subprocess.py:93} INFO - Opened the modal successfully.
[2024-11-01T10:04:08.315+0000] {subprocess.py:93} INFO - Found item: 161
[2024-11-01T10:04:08.316+0000] {subprocess.py:93} INFO - Opened the modal successfully.
[2024-11-01T10:04:08.316+0000] {subprocess.py:93} INFO - Found item: 162
[2024-11-01T10:04:08.317+0000] {subprocess.py:93} INFO - Opened the modal successfully.
[2024-11-01T10:04:08.318+0000] {subprocess.py:93} INFO - Found item: 163
[2024-11-01T10:04:08.318+0000] {subprocess.py:93} INFO - Opened the modal successfully.
[2024-11-01T10:04:08.319+0000] {subprocess.py:93} INFO - Found item: 164
[2024-11-01T10:04:08.320+0000] {subprocess.py:93} INFO - Technical spec button not found, reloading the page.
[2024-11-01T10:04:08.320+0000] {subprocess.py:93} INFO - Technical spec button not found, reloading the page.
[2024-11-01T10:04:08.321+0000] {subprocess.py:93} INFO - Opened the modal successfully.
[2024-11-01T10:04:08.322+0000] {subprocess.py:93} INFO - Found item: 165
[2024-11-01T10:04:08.322+0000] {subprocess.py:93} INFO - Opened the modal successfully.
[2024-11-01T10:04:08.323+0000] {subprocess.py:93} INFO - Found item: 166
[2024-11-01T10:04:08.324+0000] {subprocess.py:93} INFO - Opened the modal successfully.
[2024-11-01T10:04:08.324+0000] {subprocess.py:93} INFO - Found item: 167
[2024-11-01T10:04:08.325+0000] {subprocess.py:93} INFO - Opened the modal successfully.
[2024-11-01T10:04:08.325+0000] {subprocess.py:93} INFO - Found item: 168
[2024-11-01T10:04:08.326+0000] {subprocess.py:93} INFO - Opened the modal successfully.
[2024-11-01T10:04:08.327+0000] {subprocess.py:93} INFO - Found item: 169
[2024-11-01T10:04:08.327+0000] {subprocess.py:93} INFO - Opened the modal successfully.
[2024-11-01T10:04:08.328+0000] {subprocess.py:93} INFO - Found item: 170
[2024-11-01T10:04:08.328+0000] {subprocess.py:93} INFO - Opened the modal successfully.
[2024-11-01T10:04:08.329+0000] {subprocess.py:93} INFO - Found item: 171
[2024-11-01T10:04:08.330+0000] {subprocess.py:93} INFO - Opened the modal successfully.
[2024-11-01T10:04:08.331+0000] {subprocess.py:93} INFO - Found item: 172
[2024-11-01T10:04:08.332+0000] {subprocess.py:93} INFO - Opened the modal successfully.
[2024-11-01T10:04:08.332+0000] {subprocess.py:93} INFO - Found item: 173
[2024-11-01T10:04:08.333+0000] {subprocess.py:93} INFO - Opened the modal successfully.
[2024-11-01T10:04:08.334+0000] {subprocess.py:93} INFO - Found item: 174
[2024-11-01T10:04:08.334+0000] {subprocess.py:93} INFO - Opened the modal successfully.
[2024-11-01T10:04:08.335+0000] {subprocess.py:93} INFO - Found item: 175
[2024-11-01T10:04:08.335+0000] {subprocess.py:93} INFO - Opened the modal successfully.
[2024-11-01T10:04:08.336+0000] {subprocess.py:93} INFO - Found item: 176
[2024-11-01T10:04:08.337+0000] {subprocess.py:93} INFO - Opened the modal successfully.
[2024-11-01T10:04:08.337+0000] {subprocess.py:93} INFO - Found item: 177
[2024-11-01T10:04:08.338+0000] {subprocess.py:93} INFO - Opened the modal successfully.
[2024-11-01T10:04:08.338+0000] {subprocess.py:93} INFO - Found item: 178
[2024-11-01T10:04:08.339+0000] {subprocess.py:93} INFO - Opened the modal successfully.
[2024-11-01T10:04:08.340+0000] {subprocess.py:93} INFO - Found item: 179
[2024-11-01T10:04:08.340+0000] {subprocess.py:93} INFO - Opened the modal successfully.
[2024-11-01T10:04:08.341+0000] {subprocess.py:93} INFO - Found item: 180
[2024-11-01T10:04:08.342+0000] {subprocess.py:93} INFO - Skipped:  mac studio m2 max 2023 (12cpu - 30gpu - 32gb - 512gb) | chính hãng apple việt nam
[2024-11-01T10:04:08.342+0000] {subprocess.py:93} INFO - Opened the modal successfully.
[2024-11-01T10:04:08.343+0000] {subprocess.py:93} INFO - Found item: 181
[2024-11-01T10:04:08.344+0000] {subprocess.py:93} INFO - Opened the modal successfully.
[2024-11-01T10:04:08.344+0000] {subprocess.py:93} INFO - Found item: 182
[2024-11-01T10:04:08.345+0000] {subprocess.py:93} INFO - Opened the modal successfully.
[2024-11-01T10:04:08.346+0000] {subprocess.py:93} INFO - Found item: 183
[2024-11-01T10:04:08.347+0000] {subprocess.py:93} INFO - Opened the modal successfully.
[2024-11-01T10:04:08.349+0000] {subprocess.py:93} INFO - Found item: 184
[2024-11-01T10:04:08.349+0000] {subprocess.py:93} INFO - Opened the modal successfully.
[2024-11-01T10:04:08.350+0000] {subprocess.py:93} INFO - Found item: 185
[2024-11-01T10:04:08.351+0000] {subprocess.py:93} INFO - Opened the modal successfully.
[2024-11-01T10:04:08.352+0000] {subprocess.py:93} INFO - Found item: 186
[2024-11-01T10:04:08.353+0000] {subprocess.py:93} INFO - Opened the modal successfully.
[2024-11-01T10:04:08.354+0000] {subprocess.py:93} INFO - Found item: 187
[2024-11-01T10:04:08.354+0000] {subprocess.py:93} INFO - Opened the modal successfully.
[2024-11-01T10:04:08.355+0000] {subprocess.py:93} INFO - Found item: 188
[2024-11-01T10:04:08.356+0000] {subprocess.py:93} INFO - Opened the modal successfully.
[2024-11-01T10:04:08.357+0000] {subprocess.py:93} INFO - Found item: 189
[2024-11-01T10:04:08.358+0000] {subprocess.py:93} INFO - Opened the modal successfully.
[2024-11-01T10:04:08.359+0000] {subprocess.py:93} INFO - Found item: 190
[2024-11-01T10:04:08.359+0000] {subprocess.py:93} INFO - Opened the modal successfully.
[2024-11-01T10:04:08.360+0000] {subprocess.py:93} INFO - Found item: 191
[2024-11-01T10:04:08.361+0000] {subprocess.py:93} INFO - Skipped:  mac mini m2 pro 2023 (10 cpu - 16 gpu - 32gb - 512gb) | chính hãng apple việt nam
[2024-11-01T10:04:08.362+0000] {subprocess.py:93} INFO - Opened the modal successfully.
[2024-11-01T10:04:08.363+0000] {subprocess.py:93} INFO - Found item: 192
[2024-11-01T10:04:08.363+0000] {subprocess.py:93} INFO - Skipped:  imac m3 24 inch 8gb 512gb | chính hãng apple việt nam
[2024-11-01T10:04:08.365+0000] {subprocess.py:93} INFO - Technical spec button not found, reloading the page.
[2024-11-01T10:04:08.366+0000] {subprocess.py:93} INFO - Opened the modal successfully.
[2024-11-01T10:04:08.367+0000] {subprocess.py:93} INFO - Found item: 193
[2024-11-01T10:04:08.368+0000] {subprocess.py:93} INFO - Opened the modal successfully.
[2024-11-01T10:04:08.369+0000] {subprocess.py:93} INFO - Found item: 194
[2024-11-01T10:04:08.370+0000] {subprocess.py:93} INFO - Technical spec button not found, reloading the page.
[2024-11-01T10:04:08.371+0000] {subprocess.py:93} INFO - Opened the modal successfully.
[2024-11-01T10:04:08.372+0000] {subprocess.py:93} INFO - Found item: 195
[2024-11-01T10:04:08.373+0000] {subprocess.py:93} INFO - Opened the modal successfully.
[2024-11-01T10:04:08.374+0000] {subprocess.py:93} INFO - Found item: 196
[2024-11-01T10:04:08.375+0000] {subprocess.py:93} INFO - Technical spec button not found, reloading the page.
[2024-11-01T10:04:08.376+0000] {subprocess.py:93} INFO - Technical spec button not found, reloading the page.
[2024-11-01T10:04:08.376+0000] {subprocess.py:93} INFO - Technical spec button not found, reloading the page.
[2024-11-01T10:04:08.377+0000] {subprocess.py:93} INFO - Technical spec button not found, reloading the page.
[2024-11-01T10:04:08.377+0000] {subprocess.py:93} INFO - Technical spec button not found, reloading the page.
[2024-11-01T10:04:08.378+0000] {subprocess.py:93} INFO - Failed to open the modal.
[2024-11-01T10:04:08.379+0000] {subprocess.py:93} INFO - Found item: 197
[2024-11-01T10:04:08.379+0000] {subprocess.py:93} INFO - Technical spec button not found, reloading the page.
[2024-11-01T10:04:08.380+0000] {subprocess.py:93} INFO - Technical spec button not found, reloading the page.
[2024-11-01T10:04:08.380+0000] {subprocess.py:93} INFO - Technical spec button not found, reloading the page.
[2024-11-01T10:04:08.381+0000] {subprocess.py:93} INFO - Technical spec button not found, reloading the page.
[2024-11-01T10:04:08.382+0000] {subprocess.py:93} INFO - Technical spec button not found, reloading the page.
[2024-11-01T10:04:08.382+0000] {subprocess.py:93} INFO - Failed to open the modal.
[2024-11-01T10:04:08.382+0000] {subprocess.py:93} INFO - Found item: 198
[2024-11-01T10:04:08.383+0000] {subprocess.py:93} INFO - Technical spec button not found, reloading the page.
[2024-11-01T10:04:08.383+0000] {subprocess.py:93} INFO - Technical spec button not found, reloading the page.
[2024-11-01T10:04:08.384+0000] {subprocess.py:93} INFO - Technical spec button not found, reloading the page.
[2024-11-01T10:04:08.384+0000] {subprocess.py:93} INFO - Technical spec button not found, reloading the page.
[2024-11-01T10:04:08.384+0000] {subprocess.py:93} INFO - Technical spec button not found, reloading the page.
[2024-11-01T10:04:08.385+0000] {subprocess.py:93} INFO - Failed to open the modal.
[2024-11-01T10:04:08.385+0000] {subprocess.py:93} INFO - Technical spec button not found, reloading the page.
[2024-11-01T10:04:08.385+0000] {subprocess.py:93} INFO - Technical spec button not found, reloading the page.
[2024-11-01T10:04:08.386+0000] {subprocess.py:93} INFO - Technical spec button not found, reloading the page.
[2024-11-01T10:04:08.386+0000] {subprocess.py:93} INFO - Technical spec button not found, reloading the page.
[2024-11-01T10:04:08.386+0000] {subprocess.py:93} INFO - Technical spec button not found, reloading the page.
[2024-11-01T10:04:08.387+0000] {subprocess.py:93} INFO - Failed to open the modal.
[2024-11-01T10:04:08.387+0000] {subprocess.py:93} INFO - Technical spec button not found, reloading the page.
[2024-11-01T10:04:08.387+0000] {subprocess.py:93} INFO - Opened the modal successfully.
[2024-11-01T10:04:08.388+0000] {subprocess.py:93} INFO - Found item: 199
[2024-11-01T10:04:08.388+0000] {subprocess.py:93} INFO - Opened the modal successfully.
[2024-11-01T10:04:08.389+0000] {subprocess.py:93} INFO - Found item: 200
[2024-11-01T10:04:08.389+0000] {subprocess.py:93} INFO - Skipped:  laptop dell inspiron 5425
[2024-11-01T10:04:08.389+0000] {subprocess.py:93} INFO - Skipped:  laptop dell latitude 7400
[2024-11-01T10:04:08.390+0000] {subprocess.py:93} INFO - Opened the modal successfully.
[2024-11-01T10:04:08.390+0000] {subprocess.py:93} INFO - Found item: 201
[2024-11-01T10:04:08.390+0000] {subprocess.py:93} INFO - Opened the modal successfully.
[2024-11-01T10:04:08.391+0000] {subprocess.py:93} INFO - Found item: 202
[2024-11-01T10:04:08.391+0000] {subprocess.py:93} INFO - Opened the modal successfully.
[2024-11-01T10:04:08.391+0000] {subprocess.py:93} INFO - Found item: 203
[2024-11-01T10:04:08.392+0000] {subprocess.py:93} INFO - Opened the modal successfully.
[2024-11-01T10:04:08.392+0000] {subprocess.py:93} INFO - Found item: 204
[2024-11-01T10:04:08.392+0000] {subprocess.py:93} INFO - Skipped:  laptop dell xps 9315
[2024-11-01T10:04:08.393+0000] {subprocess.py:93} INFO - Opened the modal successfully.
[2024-11-01T10:04:08.393+0000] {subprocess.py:93} INFO - Found item: 205
[2024-11-01T10:04:08.394+0000] {subprocess.py:93} INFO - Opened the modal successfully.
[2024-11-01T10:04:08.394+0000] {subprocess.py:93} INFO - Found item: 206
[2024-11-01T10:04:08.395+0000] {subprocess.py:93} INFO - Opened the modal successfully.
[2024-11-01T10:04:08.395+0000] {subprocess.py:93} INFO - Found item: 207
[2024-11-01T10:04:08.396+0000] {subprocess.py:93} INFO - Opened the modal successfully.
[2024-11-01T10:04:08.396+0000] {subprocess.py:93} INFO - Found item: 208
[2024-11-01T10:04:08.397+0000] {subprocess.py:93} INFO - Technical spec button not found, reloading the page.
[2024-11-01T10:04:08.398+0000] {subprocess.py:93} INFO - Opened the modal successfully.
[2024-11-01T10:04:08.399+0000] {subprocess.py:93} INFO - Found item: 209
[2024-11-01T10:04:08.399+0000] {subprocess.py:93} INFO - Technical spec button not found, reloading the page.
[2024-11-01T10:04:08.399+0000] {subprocess.py:93} INFO - Technical spec button not found, reloading the page.
[2024-11-01T10:04:08.400+0000] {subprocess.py:93} INFO - Technical spec button not found, reloading the page.
[2024-11-01T10:04:08.400+0000] {subprocess.py:93} INFO - Technical spec button not found, reloading the page.
[2024-11-01T10:04:08.400+0000] {subprocess.py:93} INFO - Technical spec button not found, reloading the page.
[2024-11-01T10:04:08.401+0000] {subprocess.py:93} INFO - Failed to open the modal.
[2024-11-01T10:04:08.401+0000] {subprocess.py:93} INFO - Technical spec button not found, reloading the page.
[2024-11-01T10:04:08.401+0000] {subprocess.py:93} INFO - Technical spec button not found, reloading the page.
[2024-11-01T10:04:08.402+0000] {subprocess.py:93} INFO - Technical spec button not found, reloading the page.
[2024-11-01T10:04:08.402+0000] {subprocess.py:93} INFO - Technical spec button not found, reloading the page.
[2024-11-01T10:04:08.403+0000] {subprocess.py:93} INFO - Technical spec button not found, reloading the page.
[2024-11-01T10:04:08.403+0000] {subprocess.py:93} INFO - Failed to open the modal.
[2024-11-01T10:04:08.403+0000] {subprocess.py:93} INFO - Skipped:  laptop lenovo thinkpad x1 carbon gen 7
[2024-11-01T10:04:08.404+0000] {subprocess.py:93} INFO - Skipped:  laptop lenovo thinkpad x1 carbon gen 5
[2024-11-01T10:04:08.404+0000] {subprocess.py:93} INFO - Technical spec button not found, reloading the page.
[2024-11-01T10:04:08.404+0000] {subprocess.py:93} INFO - Technical spec button not found, reloading the page.
[2024-11-01T10:04:08.405+0000] {subprocess.py:93} INFO - Technical spec button not found, reloading the page.
[2024-11-01T10:04:08.405+0000] {subprocess.py:93} INFO - Technical spec button not found, reloading the page.
[2024-11-01T10:04:08.405+0000] {subprocess.py:93} INFO - Technical spec button not found, reloading the page.
[2024-11-01T10:04:08.406+0000] {subprocess.py:93} INFO - Failed to open the modal.
[2024-11-01T10:04:08.406+0000] {subprocess.py:93} INFO - Found item: 210
[2024-11-01T10:04:08.406+0000] {subprocess.py:93} INFO - Technical spec button not found, reloading the page.
[2024-11-01T10:04:08.407+0000] {subprocess.py:93} INFO - Technical spec button not found, reloading the page.
[2024-11-01T10:04:08.407+0000] {subprocess.py:93} INFO - Technical spec button not found, reloading the page.
[2024-11-01T10:04:08.407+0000] {subprocess.py:93} INFO - Technical spec button not found, reloading the page.
[2024-11-01T10:04:08.408+0000] {subprocess.py:93} INFO - Technical spec button not found, reloading the page.
[2024-11-01T10:04:08.408+0000] {subprocess.py:93} INFO - Failed to open the modal.
[2024-11-01T10:04:08.409+0000] {subprocess.py:93} INFO - Found item: 211
[2024-11-01T10:04:08.409+0000] {subprocess.py:93} INFO - Skipped:  laptop dell latitude 7480
[2024-11-01T10:04:08.410+0000] {subprocess.py:93} INFO - Skipped:  laptop dell xps 15 9520
[2024-11-01T10:04:08.410+0000] {subprocess.py:93} INFO - Skipped:  laptop dell latitude e5430
[2024-11-01T10:04:08.410+0000] {subprocess.py:93} INFO - Technical spec button not found, reloading the page.
[2024-11-01T10:04:08.411+0000] {subprocess.py:93} INFO - Technical spec button not found, reloading the page.
[2024-11-01T10:04:08.411+0000] {subprocess.py:93} INFO - Technical spec button not found, reloading the page.
[2024-11-01T10:04:08.411+0000] {subprocess.py:93} INFO - Technical spec button not found, reloading the page.
[2024-11-01T10:04:08.412+0000] {subprocess.py:93} INFO - Technical spec button not found, reloading the page.
[2024-11-01T10:04:08.412+0000] {subprocess.py:93} INFO - Failed to open the modal.
[2024-11-01T10:04:08.413+0000] {subprocess.py:93} INFO - Found item: 212
[2024-11-01T10:04:08.413+0000] {subprocess.py:93} INFO - Skipped:  laptop lenovo thinkpad x1 carbon gen 8
[2024-11-01T10:04:08.414+0000] {subprocess.py:93} INFO - Technical spec button not found, reloading the page.
[2024-11-01T10:04:08.414+0000] {subprocess.py:93} INFO - Technical spec button not found, reloading the page.
[2024-11-01T10:04:08.414+0000] {subprocess.py:93} INFO - Technical spec button not found, reloading the page.
[2024-11-01T10:04:08.415+0000] {subprocess.py:93} INFO - Technical spec button not found, reloading the page.
[2024-11-01T10:04:08.415+0000] {subprocess.py:93} INFO - Technical spec button not found, reloading the page.
[2024-11-01T10:04:08.415+0000] {subprocess.py:93} INFO - Failed to open the modal.
[2024-11-01T10:04:08.416+0000] {subprocess.py:93} INFO - Technical spec button not found, reloading the page.
[2024-11-01T10:04:08.416+0000] {subprocess.py:93} INFO - Technical spec button not found, reloading the page.
[2024-11-01T10:04:08.416+0000] {subprocess.py:93} INFO - Technical spec button not found, reloading the page.
[2024-11-01T10:04:08.417+0000] {subprocess.py:93} INFO - Technical spec button not found, reloading the page.
[2024-11-01T10:04:08.417+0000] {subprocess.py:93} INFO - Technical spec button not found, reloading the page.
[2024-11-01T10:04:08.418+0000] {subprocess.py:93} INFO - Failed to open the modal.
[2024-11-01T10:04:08.418+0000] {subprocess.py:93} INFO - Technical spec button not found, reloading the page.
[2024-11-01T10:04:08.418+0000] {subprocess.py:93} INFO - Technical spec button not found, reloading the page.
[2024-11-01T10:04:08.419+0000] {subprocess.py:93} INFO - Technical spec button not found, reloading the page.
