[2024-11-20T04:11:17.216+0000] {local_task_job_runner.py:123} INFO - ::group::Pre task execution logs
[2024-11-20T04:11:17.355+0000] {taskinstance.py:2612} INFO - Dependencies all met for dep_context=non-requeueable deps ti=<TaskInstance: main_dag.laptop_scraping_tasks.scrape_hacom manual__2024-11-20T02:00:30.526702+00:00 [queued]>
[2024-11-20T04:11:17.367+0000] {taskinstance.py:2612} INFO - Dependencies all met for dep_context=requeueable deps ti=<TaskInstance: main_dag.laptop_scraping_tasks.scrape_hacom manual__2024-11-20T02:00:30.526702+00:00 [queued]>
[2024-11-20T04:11:17.368+0000] {taskinstance.py:2865} INFO - Starting attempt 2 of 2
[2024-11-20T04:11:17.384+0000] {taskinstance.py:2888} INFO - Executing <Task(BashOperator): laptop_scraping_tasks.scrape_hacom> on 2024-11-20 02:00:30.526702+00:00
[2024-11-20T04:11:17.388+0000] {standard_task_runner.py:72} INFO - Started process 33723 to run task
[2024-11-20T04:11:17.393+0000] {standard_task_runner.py:104} INFO - Running: ['***', 'tasks', 'run', 'main_dag', 'laptop_scraping_tasks.scrape_hacom', 'manual__2024-11-20T02:00:30.526702+00:00', '--job-id', '15', '--raw', '--subdir', 'DAGS_FOLDER/main_dag.py', '--cfg-path', '/tmp/tmppvq7swwd']
[2024-11-20T04:11:17.395+0000] {standard_task_runner.py:105} INFO - Job 15: Subtask laptop_scraping_tasks.scrape_hacom
[2024-11-20T04:11:17.461+0000] {task_command.py:467} INFO - Running <TaskInstance: main_dag.laptop_scraping_tasks.scrape_hacom manual__2024-11-20T02:00:30.526702+00:00 [running]> on host 7331716c13db
[2024-11-20T04:11:17.552+0000] {taskinstance.py:3131} INFO - Exporting env vars: AIRFLOW_CTX_DAG_OWNER='veil' AIRFLOW_CTX_DAG_ID='main_dag' AIRFLOW_CTX_TASK_ID='laptop_scraping_tasks.scrape_hacom' AIRFLOW_CTX_EXECUTION_DATE='2024-11-20T02:00:30.526702+00:00' AIRFLOW_CTX_TRY_NUMBER='2' AIRFLOW_CTX_DAG_RUN_ID='manual__2024-11-20T02:00:30.526702+00:00'
[2024-11-20T04:11:17.553+0000] {taskinstance.py:731} INFO - ::endgroup::
[2024-11-20T04:11:17.564+0000] {subprocess.py:63} INFO - Tmp dir root location: /tmp
[2024-11-20T04:11:17.565+0000] {subprocess.py:75} INFO - Running command: ['/usr/bin/bash', '-c', 'cd /app/scraper && scrapy crawl hacom_spider -O ../temp/hacom_data.json']
[2024-11-20T04:11:17.573+0000] {subprocess.py:86} INFO - Output:
[2024-11-20T04:27:20.960+0000] {subprocess.py:93} INFO - 'Load More' button clicked sucessfully.
[2024-11-20T04:27:20.960+0000] {subprocess.py:93} INFO - 'Load More' button clicked sucessfully.
[2024-11-20T04:27:20.961+0000] {subprocess.py:93} INFO - 'Load More' button clicked sucessfully.
[2024-11-20T04:27:20.961+0000] {subprocess.py:93} INFO - 'Load More' button clicked sucessfully.
[2024-11-20T04:27:20.961+0000] {subprocess.py:93} INFO - 'Load More' button clicked sucessfully.
[2024-11-20T04:27:20.961+0000] {subprocess.py:93} INFO - 'Load More' button clicked sucessfully.
[2024-11-20T04:27:20.961+0000] {subprocess.py:93} INFO - 'Load More' button clicked sucessfully.
[2024-11-20T04:27:20.962+0000] {subprocess.py:93} INFO - 'Load More' button clicked sucessfully.
[2024-11-20T04:27:20.962+0000] {subprocess.py:93} INFO - 'Load More' button clicked sucessfully.
[2024-11-20T04:27:20.962+0000] {subprocess.py:93} INFO - 'Load More' button clicked sucessfully.
[2024-11-20T04:27:20.962+0000] {subprocess.py:93} INFO - 'Load More' button clicked sucessfully.
[2024-11-20T04:27:20.962+0000] {subprocess.py:93} INFO - 'Load More' button clicked sucessfully.
[2024-11-20T04:27:20.963+0000] {subprocess.py:93} INFO - 'Load More' button clicked sucessfully.
[2024-11-20T04:27:20.963+0000] {subprocess.py:93} INFO - 'Load More' button clicked sucessfully.
[2024-11-20T04:27:20.963+0000] {subprocess.py:93} INFO - 'Load More' button clicked sucessfully.
[2024-11-20T04:27:20.963+0000] {subprocess.py:93} INFO - 'Load More' button clicked sucessfully.
[2024-11-20T04:27:20.963+0000] {subprocess.py:93} INFO - No more 'Load More' button
[2024-11-20T04:27:20.964+0000] {subprocess.py:93} INFO - Found item: 1
[2024-11-20T04:27:20.964+0000] {subprocess.py:93} INFO - Found item: 2
[2024-11-20T04:27:20.964+0000] {subprocess.py:93} INFO - Found item: 3
[2024-11-20T04:27:20.964+0000] {subprocess.py:93} INFO - Found item: 4
[2024-11-20T04:27:20.965+0000] {subprocess.py:93} INFO - Found item: 5
[2024-11-20T04:27:20.965+0000] {subprocess.py:93} INFO - Found item: 6
[2024-11-20T04:27:20.965+0000] {subprocess.py:93} INFO - Found item: 7
[2024-11-20T04:27:20.965+0000] {subprocess.py:93} INFO - Found item: 8
[2024-11-20T04:27:20.966+0000] {subprocess.py:93} INFO - Found item: 9
[2024-11-20T04:27:20.966+0000] {subprocess.py:93} INFO - Found item: 10
[2024-11-20T04:27:20.966+0000] {subprocess.py:93} INFO - Found item: 11
[2024-11-20T04:27:20.966+0000] {subprocess.py:93} INFO - Found item: 12
[2024-11-20T04:27:20.966+0000] {subprocess.py:93} INFO - Found item: 13
[2024-11-20T04:27:20.966+0000] {subprocess.py:93} INFO - Found item: 14
[2024-11-20T04:27:20.967+0000] {subprocess.py:93} INFO - Found item: 15
[2024-11-20T04:27:20.967+0000] {subprocess.py:93} INFO - Found item: 16
[2024-11-20T04:27:20.967+0000] {subprocess.py:93} INFO - Found item: 17
[2024-11-20T04:27:20.967+0000] {subprocess.py:93} INFO - Found item: 18
[2024-11-20T04:27:20.967+0000] {subprocess.py:93} INFO - Found item: 19
[2024-11-20T04:27:20.968+0000] {subprocess.py:93} INFO - Found item: 20
[2024-11-20T04:27:20.968+0000] {subprocess.py:93} INFO - Found item: 21
[2024-11-20T04:27:20.968+0000] {subprocess.py:93} INFO - Found item: 22
[2024-11-20T04:27:20.968+0000] {subprocess.py:93} INFO - Found item: 23
[2024-11-20T04:27:20.968+0000] {subprocess.py:93} INFO - Found item: 24
[2024-11-20T04:27:20.968+0000] {subprocess.py:93} INFO - Found item: 25
[2024-11-20T04:27:20.969+0000] {subprocess.py:93} INFO - Found item: 26
[2024-11-20T04:27:20.969+0000] {subprocess.py:93} INFO - Found item: 27
[2024-11-20T04:27:20.969+0000] {subprocess.py:93} INFO - Found item: 28
[2024-11-20T04:27:20.969+0000] {subprocess.py:93} INFO - Found item: 29
[2024-11-20T04:27:20.970+0000] {subprocess.py:93} INFO - Found item: 30
[2024-11-20T04:27:20.970+0000] {subprocess.py:93} INFO - Found item: 31
[2024-11-20T04:27:20.970+0000] {subprocess.py:93} INFO - Found item: 32
[2024-11-20T04:27:20.971+0000] {subprocess.py:93} INFO - Found item: 33
[2024-11-20T04:27:20.971+0000] {subprocess.py:93} INFO - Found item: 34
[2024-11-20T04:27:20.971+0000] {subprocess.py:93} INFO - Found item: 35
[2024-11-20T04:27:20.972+0000] {subprocess.py:93} INFO - Found item: 36
[2024-11-20T04:27:20.972+0000] {subprocess.py:93} INFO - Found item: 37
[2024-11-20T04:27:20.972+0000] {subprocess.py:93} INFO - Found item: 38
[2024-11-20T04:27:20.973+0000] {subprocess.py:93} INFO - Found item: 39
[2024-11-20T04:27:20.973+0000] {subprocess.py:93} INFO - Found item: 40
[2024-11-20T04:27:20.974+0000] {subprocess.py:93} INFO - Found item: 41
[2024-11-20T04:27:20.974+0000] {subprocess.py:93} INFO - Found item: 42
[2024-11-20T04:27:20.974+0000] {subprocess.py:93} INFO - Found item: 43
[2024-11-20T04:27:20.975+0000] {subprocess.py:93} INFO - Found item: 44
[2024-11-20T04:27:20.975+0000] {subprocess.py:93} INFO - Found item: 45
[2024-11-20T04:27:20.975+0000] {subprocess.py:93} INFO - Found item: 46
[2024-11-20T04:27:20.975+0000] {subprocess.py:93} INFO - Found item: 47
[2024-11-20T04:27:20.975+0000] {subprocess.py:93} INFO - Found item: 48
[2024-11-20T04:27:20.975+0000] {subprocess.py:93} INFO - Found item: 49
[2024-11-20T04:27:20.976+0000] {subprocess.py:93} INFO - Found item: 50
[2024-11-20T04:27:20.976+0000] {subprocess.py:93} INFO - Found item: 51
[2024-11-20T04:27:20.976+0000] {subprocess.py:93} INFO - Found item: 52
[2024-11-20T04:27:20.976+0000] {subprocess.py:93} INFO - Found item: 53
[2024-11-20T04:27:20.977+0000] {subprocess.py:93} INFO - Found item: 54
[2024-11-20T04:27:20.977+0000] {subprocess.py:93} INFO - Found item: 55
[2024-11-20T04:27:20.977+0000] {subprocess.py:93} INFO - Found item: 56
[2024-11-20T04:27:20.978+0000] {subprocess.py:93} INFO - Found item: 57
[2024-11-20T04:27:20.978+0000] {subprocess.py:93} INFO - Found item: 58
[2024-11-20T04:27:20.978+0000] {subprocess.py:93} INFO - Found item: 59
[2024-11-20T04:27:20.979+0000] {subprocess.py:93} INFO - Found item: 60
[2024-11-20T04:27:20.979+0000] {subprocess.py:93} INFO - Found item: 61
[2024-11-20T04:27:20.979+0000] {subprocess.py:93} INFO - Found item: 62
[2024-11-20T04:27:20.979+0000] {subprocess.py:93} INFO - Found item: 63
[2024-11-20T04:27:20.980+0000] {subprocess.py:93} INFO - Found item: 64
[2024-11-20T04:27:20.980+0000] {subprocess.py:93} INFO - Found item: 65
[2024-11-20T04:27:20.980+0000] {subprocess.py:93} INFO - Found item: 66
[2024-11-20T04:27:20.980+0000] {subprocess.py:93} INFO - Found item: 67
[2024-11-20T04:27:20.981+0000] {subprocess.py:93} INFO - Found item: 68
[2024-11-20T04:27:20.981+0000] {subprocess.py:93} INFO - Found item: 69
[2024-11-20T04:27:20.981+0000] {subprocess.py:93} INFO - Found item: 70
[2024-11-20T04:27:20.981+0000] {subprocess.py:93} INFO - Found item: 71
[2024-11-20T04:27:20.981+0000] {subprocess.py:93} INFO - Found item: 72
[2024-11-20T04:27:20.982+0000] {subprocess.py:93} INFO - Found item: 73
[2024-11-20T04:27:20.982+0000] {subprocess.py:93} INFO - Found item: 74
[2024-11-20T04:27:20.982+0000] {subprocess.py:93} INFO - Found item: 75
[2024-11-20T04:27:20.982+0000] {subprocess.py:93} INFO - Found item: 76
[2024-11-20T04:27:20.983+0000] {subprocess.py:93} INFO - Found item: 77
[2024-11-20T04:27:20.983+0000] {subprocess.py:93} INFO - Found item: 78
[2024-11-20T04:27:20.983+0000] {subprocess.py:93} INFO - Found item: 79
[2024-11-20T04:27:20.983+0000] {subprocess.py:93} INFO - Found item: 80
[2024-11-20T04:27:20.983+0000] {subprocess.py:93} INFO - Found item: 81
[2024-11-20T04:27:20.983+0000] {subprocess.py:93} INFO - Found item: 82
[2024-11-20T04:27:20.984+0000] {subprocess.py:93} INFO - Found item: 83
[2024-11-20T04:27:20.985+0000] {subprocess.py:93} INFO - Found item: 84
[2024-11-20T04:27:20.986+0000] {subprocess.py:93} INFO - Found item: 85
[2024-11-20T04:27:20.986+0000] {subprocess.py:93} INFO - Found item: 86
[2024-11-20T04:27:20.987+0000] {subprocess.py:93} INFO - Found item: 87
[2024-11-20T04:27:20.987+0000] {subprocess.py:93} INFO - Found item: 88
[2024-11-20T04:27:20.988+0000] {subprocess.py:93} INFO - Found item: 89
[2024-11-20T04:27:20.988+0000] {subprocess.py:93} INFO - Found item: 90
[2024-11-20T04:27:20.988+0000] {subprocess.py:93} INFO - Found item: 91
[2024-11-20T04:27:20.989+0000] {subprocess.py:93} INFO - Found item: 92
[2024-11-20T04:27:20.989+0000] {subprocess.py:93} INFO - Found item: 93
[2024-11-20T04:27:20.989+0000] {subprocess.py:93} INFO - Found item: 94
[2024-11-20T04:27:20.990+0000] {subprocess.py:93} INFO - Found item: 95
[2024-11-20T04:27:20.990+0000] {subprocess.py:93} INFO - Found item: 96
[2024-11-20T04:27:20.990+0000] {subprocess.py:93} INFO - Found item: 97
[2024-11-20T04:27:20.991+0000] {subprocess.py:93} INFO - Found item: 98
[2024-11-20T04:27:20.991+0000] {subprocess.py:93} INFO - Found item: 99
[2024-11-20T04:27:20.991+0000] {subprocess.py:93} INFO - Found item: 100
[2024-11-20T04:27:20.992+0000] {subprocess.py:93} INFO - Found item: 101
[2024-11-20T04:27:20.992+0000] {subprocess.py:93} INFO - Found item: 102
[2024-11-20T04:27:20.993+0000] {subprocess.py:93} INFO - Found item: 103
[2024-11-20T04:27:20.993+0000] {subprocess.py:93} INFO - Found item: 104
[2024-11-20T04:27:20.994+0000] {subprocess.py:93} INFO - Found item: 105
[2024-11-20T04:27:20.994+0000] {subprocess.py:93} INFO - Found item: 106
[2024-11-20T04:27:20.995+0000] {subprocess.py:93} INFO - Found item: 107
[2024-11-20T04:27:20.995+0000] {subprocess.py:93} INFO - Found item: 108
[2024-11-20T04:27:20.995+0000] {subprocess.py:93} INFO - Found item: 109
[2024-11-20T04:27:20.996+0000] {subprocess.py:93} INFO - Found item: 110
[2024-11-20T04:27:20.996+0000] {subprocess.py:93} INFO - Found item: 111
[2024-11-20T04:27:20.996+0000] {subprocess.py:93} INFO - Found item: 112
[2024-11-20T04:27:20.997+0000] {subprocess.py:93} INFO - Found item: 113
[2024-11-20T04:27:20.997+0000] {subprocess.py:93} INFO - Found item: 114
[2024-11-20T04:27:20.997+0000] {subprocess.py:93} INFO - Found item: 115
[2024-11-20T04:27:20.998+0000] {subprocess.py:93} INFO - Found item: 116
[2024-11-20T04:27:20.998+0000] {subprocess.py:93} INFO - Found item: 117
[2024-11-20T04:27:20.999+0000] {subprocess.py:93} INFO - Found item: 118
[2024-11-20T04:27:21.000+0000] {subprocess.py:93} INFO - Found item: 119
[2024-11-20T04:27:21.000+0000] {subprocess.py:93} INFO - Found item: 120
[2024-11-20T04:27:21.001+0000] {subprocess.py:93} INFO - Found item: 121
[2024-11-20T04:27:21.001+0000] {subprocess.py:93} INFO - Found item: 122
[2024-11-20T04:27:21.002+0000] {subprocess.py:93} INFO - Found item: 123
[2024-11-20T04:27:21.002+0000] {subprocess.py:93} INFO - Found item: 124
[2024-11-20T04:27:21.002+0000] {subprocess.py:93} INFO - Found item: 125
[2024-11-20T04:27:21.003+0000] {subprocess.py:93} INFO - Found item: 126
[2024-11-20T04:27:21.003+0000] {subprocess.py:93} INFO - Found item: 127
[2024-11-20T04:27:21.004+0000] {subprocess.py:93} INFO - Found item: 128
[2024-11-20T04:27:21.004+0000] {subprocess.py:93} INFO - Found item: 129
[2024-11-20T04:27:21.004+0000] {subprocess.py:93} INFO - Found item: 130
[2024-11-20T04:27:21.005+0000] {subprocess.py:93} INFO - Found item: 131
[2024-11-20T04:27:21.005+0000] {subprocess.py:93} INFO - Found item: 132
[2024-11-20T04:27:21.005+0000] {subprocess.py:93} INFO - Found item: 133
[2024-11-20T04:27:21.006+0000] {subprocess.py:93} INFO - Found item: 134
[2024-11-20T04:27:21.006+0000] {subprocess.py:93} INFO - Found item: 135
[2024-11-20T04:27:21.007+0000] {subprocess.py:93} INFO - Found item: 136
[2024-11-20T04:27:21.007+0000] {subprocess.py:93} INFO - Found item: 137
[2024-11-20T04:27:21.007+0000] {subprocess.py:93} INFO - Found item: 138
[2024-11-20T04:27:21.008+0000] {subprocess.py:93} INFO - Found item: 139
[2024-11-20T04:27:21.008+0000] {subprocess.py:93} INFO - Found item: 140
[2024-11-20T04:27:21.008+0000] {subprocess.py:93} INFO - Found item: 141
[2024-11-20T04:27:21.008+0000] {subprocess.py:93} INFO - Found item: 142
[2024-11-20T04:27:21.009+0000] {subprocess.py:93} INFO - Found item: 143
[2024-11-20T04:27:21.009+0000] {subprocess.py:93} INFO - Found item: 144
[2024-11-20T04:27:21.009+0000] {subprocess.py:93} INFO - Found item: 145
[2024-11-20T04:27:21.009+0000] {subprocess.py:93} INFO - Found item: 146
[2024-11-20T04:27:21.009+0000] {subprocess.py:93} INFO - Found item: 147
[2024-11-20T04:27:21.010+0000] {subprocess.py:93} INFO - Found item: 148
[2024-11-20T04:27:21.010+0000] {subprocess.py:93} INFO - Found item: 149
[2024-11-20T04:27:21.010+0000] {subprocess.py:93} INFO - Found item: 150
[2024-11-20T04:27:21.010+0000] {subprocess.py:93} INFO - Found item: 151
[2024-11-20T04:27:21.010+0000] {subprocess.py:93} INFO - Found item: 152
[2024-11-20T04:27:21.010+0000] {subprocess.py:93} INFO - Found item: 153
[2024-11-20T04:27:21.011+0000] {subprocess.py:93} INFO - Found item: 154
[2024-11-20T04:27:21.011+0000] {subprocess.py:93} INFO - Found item: 155
[2024-11-20T04:27:21.011+0000] {subprocess.py:93} INFO - Found item: 156
[2024-11-20T04:27:21.011+0000] {subprocess.py:93} INFO - Found item: 157
[2024-11-20T04:27:21.011+0000] {subprocess.py:93} INFO - Found item: 158
[2024-11-20T04:27:21.011+0000] {subprocess.py:93} INFO - Found item: 159
[2024-11-20T04:27:21.012+0000] {subprocess.py:93} INFO - Found item: 160
[2024-11-20T04:27:21.012+0000] {subprocess.py:93} INFO - Found item: 161
[2024-11-20T04:27:21.012+0000] {subprocess.py:93} INFO - Found item: 162
[2024-11-20T04:27:21.012+0000] {subprocess.py:93} INFO - Found item: 163
[2024-11-20T04:27:21.012+0000] {subprocess.py:93} INFO - Found item: 164
[2024-11-20T04:27:21.013+0000] {subprocess.py:93} INFO - Found item: 165
[2024-11-20T04:27:21.013+0000] {subprocess.py:93} INFO - Found item: 166
[2024-11-20T04:27:21.013+0000] {subprocess.py:93} INFO - Found item: 167
[2024-11-20T04:27:21.014+0000] {subprocess.py:93} INFO - Found item: 168
[2024-11-20T04:27:21.014+0000] {subprocess.py:93} INFO - Found item: 169
[2024-11-20T04:27:21.015+0000] {subprocess.py:93} INFO - Found item: 170
[2024-11-20T04:27:21.015+0000] {subprocess.py:93} INFO - Found item: 171
[2024-11-20T04:27:21.015+0000] {subprocess.py:93} INFO - Found item: 172
[2024-11-20T04:27:21.015+0000] {subprocess.py:93} INFO - Found item: 173
[2024-11-20T04:27:21.016+0000] {subprocess.py:93} INFO - Found item: 174
[2024-11-20T04:27:21.016+0000] {subprocess.py:93} INFO - Found item: 175
[2024-11-20T04:27:21.016+0000] {subprocess.py:93} INFO - Found item: 176
[2024-11-20T04:27:21.016+0000] {subprocess.py:93} INFO - Found item: 177
[2024-11-20T04:27:21.016+0000] {subprocess.py:93} INFO - Found item: 178
[2024-11-20T04:27:21.016+0000] {subprocess.py:93} INFO - Found item: 179
[2024-11-20T04:27:21.017+0000] {subprocess.py:93} INFO - Found item: 180
[2024-11-20T04:27:21.018+0000] {subprocess.py:93} INFO - Found item: 181
[2024-11-20T04:27:21.018+0000] {subprocess.py:93} INFO - Found item: 182
[2024-11-20T04:27:21.018+0000] {subprocess.py:93} INFO - Found item: 183
[2024-11-20T04:27:21.019+0000] {subprocess.py:93} INFO - Found item: 184
[2024-11-20T04:27:21.019+0000] {subprocess.py:93} INFO - Found item: 185
[2024-11-20T04:27:21.019+0000] {subprocess.py:93} INFO - Found item: 186
[2024-11-20T04:27:21.020+0000] {subprocess.py:93} INFO - Found item: 187
[2024-11-20T04:27:21.020+0000] {subprocess.py:93} INFO - Found item: 188
[2024-11-20T04:27:21.021+0000] {subprocess.py:93} INFO - Found item: 189
[2024-11-20T04:27:21.021+0000] {subprocess.py:93} INFO - Found item: 190
[2024-11-20T04:27:21.021+0000] {subprocess.py:93} INFO - Found item: 191
[2024-11-20T04:27:21.021+0000] {subprocess.py:93} INFO - Found item: 192
[2024-11-20T04:27:21.021+0000] {subprocess.py:93} INFO - Found item: 193
[2024-11-20T04:27:21.021+0000] {subprocess.py:93} INFO - Found item: 194
[2024-11-20T04:27:21.022+0000] {subprocess.py:93} INFO - Found item: 195
[2024-11-20T04:27:21.022+0000] {subprocess.py:93} INFO - Found item: 196
[2024-11-20T04:27:21.022+0000] {subprocess.py:93} INFO - Found item: 197
[2024-11-20T04:27:21.023+0000] {subprocess.py:93} INFO - Found item: 198
[2024-11-20T04:27:21.023+0000] {subprocess.py:93} INFO - Found item: 199
[2024-11-20T04:27:21.023+0000] {subprocess.py:93} INFO - Found item: 200
[2024-11-20T04:27:21.023+0000] {subprocess.py:93} INFO - Found item: 201
[2024-11-20T04:27:21.023+0000] {subprocess.py:93} INFO - Found item: 202
[2024-11-20T04:27:21.023+0000] {subprocess.py:93} INFO - Found item: 203
[2024-11-20T04:27:21.024+0000] {subprocess.py:93} INFO - Found item: 204
[2024-11-20T04:27:21.024+0000] {subprocess.py:93} INFO - Found item: 205
[2024-11-20T04:27:21.024+0000] {subprocess.py:93} INFO - Found item: 206
[2024-11-20T04:27:21.024+0000] {subprocess.py:93} INFO - Found item: 207
[2024-11-20T04:27:21.024+0000] {subprocess.py:93} INFO - Found item: 208
[2024-11-20T04:27:21.024+0000] {subprocess.py:93} INFO - Found item: 209
[2024-11-20T04:27:21.025+0000] {subprocess.py:93} INFO - Found item: 210
[2024-11-20T04:27:21.025+0000] {subprocess.py:93} INFO - Found item: 211
[2024-11-20T04:27:21.025+0000] {subprocess.py:93} INFO - Found item: 212
[2024-11-20T04:27:21.025+0000] {subprocess.py:93} INFO - Found item: 213
[2024-11-20T04:27:21.025+0000] {subprocess.py:93} INFO - Found item: 214
[2024-11-20T04:27:21.026+0000] {subprocess.py:93} INFO - Found item: 215
[2024-11-20T04:27:21.026+0000] {subprocess.py:93} INFO - Found item: 216
[2024-11-20T04:27:21.027+0000] {subprocess.py:93} INFO - Found item: 217
[2024-11-20T04:27:21.027+0000] {subprocess.py:93} INFO - Found item: 218
[2024-11-20T04:27:21.027+0000] {subprocess.py:93} INFO - Found item: 219
[2024-11-20T04:27:21.027+0000] {subprocess.py:93} INFO - Found item: 220
[2024-11-20T04:27:21.028+0000] {subprocess.py:93} INFO - Found item: 221
[2024-11-20T04:27:21.028+0000] {subprocess.py:93} INFO - Found item: 222
[2024-11-20T04:27:21.029+0000] {subprocess.py:93} INFO - Found item: 223
[2024-11-20T04:27:21.029+0000] {subprocess.py:93} INFO - Found item: 224
[2024-11-20T04:27:21.029+0000] {subprocess.py:93} INFO - Found item: 225
[2024-11-20T04:27:21.030+0000] {subprocess.py:93} INFO - Found item: 226
[2024-11-20T04:27:21.030+0000] {subprocess.py:93} INFO - Found item: 227
[2024-11-20T04:27:21.031+0000] {subprocess.py:93} INFO - Found item: 228
[2024-11-20T04:27:21.031+0000] {subprocess.py:93} INFO - Found item: 229
[2024-11-20T04:27:21.031+0000] {subprocess.py:93} INFO - Found item: 230
[2024-11-20T04:27:21.032+0000] {subprocess.py:93} INFO - Found item: 231
[2024-11-20T04:27:21.032+0000] {subprocess.py:93} INFO - Found item: 232
[2024-11-20T04:27:21.033+0000] {subprocess.py:93} INFO - Found item: 233
[2024-11-20T04:27:21.033+0000] {subprocess.py:93} INFO - Found item: 234
[2024-11-20T04:27:21.034+0000] {subprocess.py:93} INFO - Found item: 235
[2024-11-20T04:27:21.034+0000] {subprocess.py:93} INFO - Found item: 236
[2024-11-20T04:27:21.034+0000] {subprocess.py:93} INFO - Found item: 237
[2024-11-20T04:27:21.035+0000] {subprocess.py:93} INFO - Found item: 238
[2024-11-20T04:27:21.035+0000] {subprocess.py:93} INFO - Found item: 239
[2024-11-20T04:27:21.036+0000] {subprocess.py:93} INFO - Found item: 240
[2024-11-20T04:27:21.036+0000] {subprocess.py:93} INFO - Found item: 241
[2024-11-20T04:27:21.036+0000] {subprocess.py:93} INFO - Found item: 242
[2024-11-20T04:27:21.037+0000] {subprocess.py:93} INFO - Found item: 243
[2024-11-20T04:27:21.037+0000] {subprocess.py:93} INFO - Found item: 244
[2024-11-20T04:27:21.037+0000] {subprocess.py:93} INFO - Found item: 245
[2024-11-20T04:27:21.038+0000] {subprocess.py:93} INFO - Found item: 246
[2024-11-20T04:27:21.038+0000] {subprocess.py:93} INFO - Found item: 247
[2024-11-20T04:27:21.039+0000] {subprocess.py:93} INFO - Found item: 248
[2024-11-20T04:27:21.039+0000] {subprocess.py:93} INFO - Found item: 249
[2024-11-20T04:27:21.039+0000] {subprocess.py:93} INFO - Found item: 250
[2024-11-20T04:27:21.040+0000] {subprocess.py:93} INFO - Found item: 251
[2024-11-20T04:27:21.040+0000] {subprocess.py:93} INFO - Found item: 252
[2024-11-20T04:27:21.041+0000] {subprocess.py:93} INFO - Found item: 253
[2024-11-20T04:27:21.041+0000] {subprocess.py:93} INFO - Found item: 254
[2024-11-20T04:27:21.042+0000] {subprocess.py:93} INFO - Found item: 255
[2024-11-20T04:27:21.042+0000] {subprocess.py:93} INFO - Found item: 256
[2024-11-20T04:27:21.042+0000] {subprocess.py:93} INFO - Found item: 257
[2024-11-20T04:27:21.042+0000] {subprocess.py:93} INFO - Found item: 258
[2024-11-20T04:27:21.043+0000] {subprocess.py:93} INFO - Found item: 259
[2024-11-20T04:27:21.043+0000] {subprocess.py:93} INFO - Found item: 260
[2024-11-20T04:27:21.044+0000] {subprocess.py:93} INFO - Found item: 261
[2024-11-20T04:27:21.044+0000] {subprocess.py:93} INFO - Found item: 262
[2024-11-20T04:27:21.045+0000] {subprocess.py:93} INFO - Found item: 263
[2024-11-20T04:27:21.045+0000] {subprocess.py:93} INFO - Found item: 264
[2024-11-20T04:27:21.045+0000] {subprocess.py:93} INFO - Found item: 265
[2024-11-20T04:27:21.045+0000] {subprocess.py:93} INFO - Found item: 266
[2024-11-20T04:27:21.046+0000] {subprocess.py:93} INFO - Found item: 267
[2024-11-20T04:27:21.046+0000] {subprocess.py:93} INFO - Found item: 268
[2024-11-20T04:27:21.046+0000] {subprocess.py:93} INFO - Found item: 269
[2024-11-20T04:27:21.046+0000] {subprocess.py:93} INFO - Found item: 270
[2024-11-20T04:27:21.047+0000] {subprocess.py:93} INFO - Found item: 271
[2024-11-20T04:27:21.047+0000] {subprocess.py:93} INFO - Found item: 272
[2024-11-20T04:27:21.048+0000] {subprocess.py:93} INFO - Found item: 273
[2024-11-20T04:27:21.048+0000] {subprocess.py:93} INFO - Found item: 274
[2024-11-20T04:27:21.049+0000] {subprocess.py:93} INFO - Found item: 275
[2024-11-20T04:27:21.049+0000] {subprocess.py:93} INFO - Found item: 276
[2024-11-20T04:27:21.049+0000] {subprocess.py:93} INFO - Found item: 277
[2024-11-20T04:27:21.050+0000] {subprocess.py:93} INFO - Found item: 278
[2024-11-20T04:27:21.050+0000] {subprocess.py:93} INFO - Found item: 279
[2024-11-20T04:27:21.050+0000] {subprocess.py:93} INFO - Found item: 280
[2024-11-20T04:27:21.050+0000] {subprocess.py:93} INFO - Found item: 281
[2024-11-20T04:27:21.050+0000] {subprocess.py:93} INFO - Found item: 282
[2024-11-20T04:27:21.050+0000] {subprocess.py:93} INFO - Found item: 283
[2024-11-20T04:27:21.050+0000] {subprocess.py:93} INFO - Found item: 284
[2024-11-20T04:27:21.051+0000] {subprocess.py:93} INFO - Found item: 285
[2024-11-20T04:27:21.051+0000] {subprocess.py:93} INFO - Found item: 286
[2024-11-20T04:27:21.051+0000] {subprocess.py:93} INFO - Found item: 287
[2024-11-20T04:27:21.051+0000] {subprocess.py:93} INFO - Found item: 288
[2024-11-20T04:27:21.051+0000] {subprocess.py:93} INFO - Found item: 289
[2024-11-20T04:27:21.052+0000] {subprocess.py:93} INFO - Found item: 290
[2024-11-20T04:27:21.052+0000] {subprocess.py:93} INFO - Found item: 291
[2024-11-20T04:27:21.052+0000] {subprocess.py:93} INFO - Found item: 292
[2024-11-20T04:27:21.052+0000] {subprocess.py:93} INFO - Found item: 293
[2024-11-20T04:27:21.053+0000] {subprocess.py:93} INFO - Found item: 294
[2024-11-20T04:27:21.053+0000] {subprocess.py:93} INFO - Found item: 295
[2024-11-20T04:27:21.053+0000] {subprocess.py:93} INFO - Found item: 296
[2024-11-20T04:27:21.054+0000] {subprocess.py:93} INFO - Found item: 297
[2024-11-20T04:27:21.054+0000] {subprocess.py:93} INFO - Found item: 298
[2024-11-20T04:27:21.055+0000] {subprocess.py:93} INFO - Found item: 299
[2024-11-20T04:27:21.055+0000] {subprocess.py:93} INFO - Found item: 300
[2024-11-20T04:27:21.055+0000] {subprocess.py:93} INFO - Found item: 301
[2024-11-20T04:27:21.056+0000] {subprocess.py:93} INFO - Found item: 302
[2024-11-20T04:27:21.056+0000] {subprocess.py:93} INFO - Found item: 303
[2024-11-20T04:27:21.057+0000] {subprocess.py:93} INFO - Found item: 304
[2024-11-20T04:27:21.057+0000] {subprocess.py:93} INFO - Found item: 305
[2024-11-20T04:27:21.057+0000] {subprocess.py:93} INFO - Found item: 306
[2024-11-20T04:27:21.057+0000] {subprocess.py:93} INFO - Found item: 307
[2024-11-20T04:27:21.058+0000] {subprocess.py:93} INFO - Found item: 308
[2024-11-20T04:27:21.058+0000] {subprocess.py:93} INFO - Found item: 309
[2024-11-20T04:27:21.058+0000] {subprocess.py:93} INFO - Found item: 310
[2024-11-20T04:27:21.058+0000] {subprocess.py:93} INFO - Found item: 311
[2024-11-20T04:27:21.058+0000] {subprocess.py:93} INFO - Found item: 312
[2024-11-20T04:27:21.058+0000] {subprocess.py:93} INFO - Found item: 313
[2024-11-20T04:27:21.059+0000] {subprocess.py:93} INFO - Found item: 314
[2024-11-20T04:27:21.059+0000] {subprocess.py:93} INFO - Found item: 315
[2024-11-20T04:27:21.059+0000] {subprocess.py:93} INFO - Found item: 316
[2024-11-20T04:27:21.059+0000] {subprocess.py:93} INFO - Found item: 317
[2024-11-20T04:27:21.060+0000] {subprocess.py:93} INFO - Found item: 318
[2024-11-20T04:27:21.060+0000] {subprocess.py:93} INFO - Found item: 319
[2024-11-20T04:27:21.060+0000] {subprocess.py:93} INFO - Found item: 320
[2024-11-20T04:27:21.061+0000] {subprocess.py:93} INFO - Found item: 321
[2024-11-20T04:27:21.061+0000] {subprocess.py:93} INFO - Found item: 322
[2024-11-20T04:27:21.062+0000] {subprocess.py:93} INFO - Found item: 323
[2024-11-20T04:27:21.062+0000] {subprocess.py:93} INFO - Found item: 324
[2024-11-20T04:27:21.062+0000] {subprocess.py:93} INFO - Found item: 325
[2024-11-20T04:27:21.063+0000] {subprocess.py:93} INFO - Found item: 326
[2024-11-20T04:27:21.063+0000] {subprocess.py:93} INFO - Found item: 327
[2024-11-20T04:27:21.064+0000] {subprocess.py:93} INFO - Found item: 328
[2024-11-20T04:27:21.064+0000] {subprocess.py:93} INFO - Found item: 329
[2024-11-20T04:27:21.064+0000] {subprocess.py:93} INFO - Found item: 330
[2024-11-20T04:27:21.064+0000] {subprocess.py:93} INFO - Found item: 331
[2024-11-20T04:27:21.064+0000] {subprocess.py:93} INFO - Found item: 332
[2024-11-20T04:27:21.064+0000] {subprocess.py:93} INFO - Found item: 333
[2024-11-20T04:27:21.065+0000] {subprocess.py:93} INFO - Found item: 334
[2024-11-20T04:27:21.065+0000] {subprocess.py:93} INFO - Found item: 335
[2024-11-20T04:27:21.065+0000] {subprocess.py:93} INFO - Found item: 336
[2024-11-20T04:27:21.065+0000] {subprocess.py:93} INFO - Found item: 337
[2024-11-20T04:27:21.066+0000] {subprocess.py:93} INFO - Found item: 338
[2024-11-20T04:27:21.066+0000] {subprocess.py:93} INFO - Found item: 339
[2024-11-20T04:27:21.066+0000] {subprocess.py:93} INFO - Found item: 340
[2024-11-20T04:27:21.066+0000] {subprocess.py:93} INFO - Found item: 341
[2024-11-20T04:27:21.066+0000] {subprocess.py:93} INFO - Found item: 342
[2024-11-20T04:27:21.067+0000] {subprocess.py:93} INFO - Found item: 343
[2024-11-20T04:27:21.067+0000] {subprocess.py:93} INFO - Found item: 344
[2024-11-20T04:27:21.067+0000] {subprocess.py:93} INFO - Found item: 345
[2024-11-20T04:27:21.068+0000] {subprocess.py:93} INFO - Found item: 346
[2024-11-20T04:27:21.068+0000] {subprocess.py:93} INFO - Found item: 347
[2024-11-20T04:27:21.068+0000] {subprocess.py:93} INFO - Found item: 348
[2024-11-20T04:27:21.068+0000] {subprocess.py:93} INFO - Found item: 349
[2024-11-20T04:27:21.069+0000] {subprocess.py:93} INFO - Found item: 350
[2024-11-20T04:27:21.069+0000] {subprocess.py:93} INFO - Found item: 351
[2024-11-20T04:27:21.069+0000] {subprocess.py:93} INFO - Found item: 352
[2024-11-20T04:27:21.069+0000] {subprocess.py:93} INFO - Found item: 353
[2024-11-20T04:27:21.070+0000] {subprocess.py:93} INFO - Found item: 354
[2024-11-20T04:27:21.070+0000] {subprocess.py:93} INFO - Found item: 355
[2024-11-20T04:27:21.070+0000] {subprocess.py:93} INFO - Found item: 356
[2024-11-20T04:27:21.070+0000] {subprocess.py:93} INFO - Found item: 357
[2024-11-20T04:27:21.070+0000] {subprocess.py:93} INFO - Found item: 358
[2024-11-20T04:27:21.071+0000] {subprocess.py:93} INFO - Found item: 359
[2024-11-20T04:27:21.071+0000] {subprocess.py:93} INFO - Found item: 360
[2024-11-20T04:27:21.071+0000] {subprocess.py:93} INFO - Found item: 361
[2024-11-20T04:27:21.071+0000] {subprocess.py:93} INFO - Found item: 362
[2024-11-20T04:27:21.071+0000] {subprocess.py:93} INFO - Found item: 363
[2024-11-20T04:27:21.071+0000] {subprocess.py:93} INFO - Found item: 364
[2024-11-20T04:27:21.071+0000] {subprocess.py:93} INFO - Found item: 365
[2024-11-20T04:27:21.072+0000] {subprocess.py:93} INFO - Found item: 366
[2024-11-20T04:27:21.072+0000] {subprocess.py:93} INFO - Found item: 367
[2024-11-20T04:27:21.072+0000] {subprocess.py:93} INFO - Found item: 368
[2024-11-20T04:27:21.072+0000] {subprocess.py:93} INFO - Found item: 369
[2024-11-20T04:27:21.072+0000] {subprocess.py:93} INFO - Found item: 370
[2024-11-20T04:27:21.072+0000] {subprocess.py:93} INFO - Found item: 371
[2024-11-20T04:27:21.073+0000] {subprocess.py:93} INFO - Found item: 372
[2024-11-20T04:27:21.073+0000] {subprocess.py:93} INFO - Found item: 373
[2024-11-20T04:27:21.073+0000] {subprocess.py:93} INFO - Found item: 374
[2024-11-20T04:27:21.073+0000] {subprocess.py:93} INFO - Found item: 375
[2024-11-20T04:27:21.074+0000] {subprocess.py:93} INFO - Found item: 376
[2024-11-20T04:27:21.074+0000] {subprocess.py:93} INFO - Found item: 377
[2024-11-20T04:27:21.074+0000] {subprocess.py:93} INFO - Found item: 378
[2024-11-20T04:27:21.075+0000] {subprocess.py:93} INFO - Found item: 379
[2024-11-20T04:27:21.075+0000] {subprocess.py:93} INFO - Found item: 380
[2024-11-20T04:27:21.076+0000] {subprocess.py:93} INFO - Found item: 381
[2024-11-20T04:27:21.076+0000] {subprocess.py:93} INFO - Found item: 382
[2024-11-20T04:27:21.076+0000] {subprocess.py:93} INFO - Found item: 383
[2024-11-20T04:27:21.076+0000] {subprocess.py:93} INFO - Found item: 384
[2024-11-20T04:27:21.077+0000] {subprocess.py:93} INFO - Found item: 385
[2024-11-20T04:27:21.078+0000] {subprocess.py:93} INFO - Found item: 386
[2024-11-20T04:27:21.078+0000] {subprocess.py:93} INFO - Found item: 387
[2024-11-20T04:27:21.078+0000] {subprocess.py:93} INFO - Found item: 388
[2024-11-20T04:27:21.079+0000] {subprocess.py:93} INFO - Found item: 389
[2024-11-20T04:27:21.079+0000] {subprocess.py:93} INFO - Found item: 390
[2024-11-20T04:27:21.079+0000] {subprocess.py:93} INFO - Found item: 391
[2024-11-20T04:27:21.080+0000] {subprocess.py:93} INFO - Found item: 392
[2024-11-20T04:27:21.080+0000] {subprocess.py:93} INFO - Found item: 393
[2024-11-20T04:27:21.080+0000] {subprocess.py:93} INFO - Found item: 394
[2024-11-20T04:27:21.080+0000] {subprocess.py:93} INFO - Found item: 395
[2024-11-20T04:27:21.081+0000] {subprocess.py:93} INFO - Found item: 396
[2024-11-20T04:27:21.081+0000] {subprocess.py:93} INFO - Found item: 397
[2024-11-20T04:27:21.081+0000] {subprocess.py:93} INFO - Found item: 398
[2024-11-20T04:27:21.082+0000] {subprocess.py:93} INFO - Found item: 399
[2024-11-20T04:27:21.082+0000] {subprocess.py:93} INFO - Found item: 400
[2024-11-20T04:27:21.083+0000] {subprocess.py:93} INFO - Found item: 401
[2024-11-20T04:27:21.083+0000] {subprocess.py:93} INFO - Found item: 402
[2024-11-20T04:27:21.083+0000] {subprocess.py:93} INFO - Found item: 403
[2024-11-20T04:27:21.083+0000] {subprocess.py:93} INFO - Found item: 404
[2024-11-20T04:27:21.083+0000] {subprocess.py:93} INFO - Found item: 405
[2024-11-20T04:27:21.084+0000] {subprocess.py:93} INFO - Found item: 406
[2024-11-20T04:27:21.084+0000] {subprocess.py:93} INFO - Found item: 407
[2024-11-20T04:27:21.084+0000] {subprocess.py:93} INFO - Found item: 408
[2024-11-20T04:27:21.084+0000] {subprocess.py:93} INFO - Found item: 409
[2024-11-20T04:27:21.085+0000] {subprocess.py:93} INFO - Found item: 410
[2024-11-20T04:27:21.085+0000] {subprocess.py:93} INFO - Found item: 411
[2024-11-20T04:27:21.085+0000] {subprocess.py:93} INFO - Found item: 412
[2024-11-20T04:27:21.085+0000] {subprocess.py:93} INFO - Found item: 413
[2024-11-20T04:27:21.086+0000] {subprocess.py:93} INFO - Found item: 414
[2024-11-20T04:27:21.086+0000] {subprocess.py:93} INFO - Found item: 415
[2024-11-20T04:27:21.086+0000] {subprocess.py:93} INFO - Found item: 416
[2024-11-20T04:27:21.086+0000] {subprocess.py:93} INFO - Found item: 417
[2024-11-20T04:27:21.086+0000] {subprocess.py:93} INFO - Found item: 418
[2024-11-20T04:27:21.086+0000] {subprocess.py:93} INFO - Found item: 419
[2024-11-20T04:27:21.087+0000] {subprocess.py:93} INFO - Found item: 420
[2024-11-20T04:27:21.087+0000] {subprocess.py:93} INFO - Found item: 421
[2024-11-20T04:27:21.087+0000] {subprocess.py:93} INFO - Found item: 422
[2024-11-20T04:27:21.087+0000] {subprocess.py:93} INFO - Found item: 423
[2024-11-20T04:27:21.087+0000] {subprocess.py:93} INFO - Found item: 424
[2024-11-20T04:27:21.087+0000] {subprocess.py:93} INFO - Found item: 425
[2024-11-20T04:27:21.088+0000] {subprocess.py:93} INFO - Found item: 426
[2024-11-20T04:27:21.088+0000] {subprocess.py:93} INFO - Found item: 427
[2024-11-20T04:27:21.088+0000] {subprocess.py:93} INFO - Found item: 428
[2024-11-20T04:27:21.088+0000] {subprocess.py:93} INFO - Found item: 429
[2024-11-20T04:27:21.088+0000] {subprocess.py:93} INFO - Found item: 430
[2024-11-20T04:27:21.089+0000] {subprocess.py:93} INFO - Found item: 431
[2024-11-20T04:27:21.089+0000] {subprocess.py:93} INFO - Found item: 432
[2024-11-20T04:27:21.089+0000] {subprocess.py:93} INFO - Found item: 433
[2024-11-20T04:27:21.090+0000] {subprocess.py:93} INFO - Found item: 434
[2024-11-20T04:27:21.090+0000] {subprocess.py:93} INFO - Found item: 435
[2024-11-20T04:27:21.090+0000] {subprocess.py:93} INFO - Found item: 436
[2024-11-20T04:27:21.090+0000] {subprocess.py:93} INFO - Found item: 437
[2024-11-20T04:27:21.091+0000] {subprocess.py:93} INFO - Found item: 438
[2024-11-20T04:27:21.091+0000] {subprocess.py:93} INFO - Found item: 439
[2024-11-20T04:27:21.091+0000] {subprocess.py:93} INFO - Found item: 440
[2024-11-20T04:27:21.091+0000] {subprocess.py:93} INFO - Found item: 441
[2024-11-20T04:27:21.092+0000] {subprocess.py:93} INFO - Found item: 442
[2024-11-20T04:27:21.092+0000] {subprocess.py:93} INFO - Found item: 443
[2024-11-20T04:27:21.092+0000] {subprocess.py:93} INFO - Found item: 444
[2024-11-20T04:27:21.092+0000] {subprocess.py:93} INFO - Found item: 445
[2024-11-20T04:27:21.093+0000] {subprocess.py:93} INFO - Found item: 446
[2024-11-20T04:27:21.093+0000] {subprocess.py:93} INFO - Found item: 447
[2024-11-20T04:27:21.093+0000] {subprocess.py:93} INFO - Found item: 448
[2024-11-20T04:27:21.093+0000] {subprocess.py:93} INFO - Found item: 449
[2024-11-20T04:27:21.093+0000] {subprocess.py:93} INFO - Found item: 450
[2024-11-20T04:27:21.094+0000] {subprocess.py:93} INFO - Found item: 451
[2024-11-20T04:27:21.094+0000] {subprocess.py:93} INFO - Found item: 452
[2024-11-20T04:27:21.094+0000] {subprocess.py:93} INFO - Found item: 453
[2024-11-20T04:27:21.094+0000] {subprocess.py:93} INFO - Found item: 454
[2024-11-20T04:27:21.094+0000] {subprocess.py:93} INFO - Found item: 455
[2024-11-20T04:27:21.094+0000] {subprocess.py:93} INFO - Found item: 456
[2024-11-20T04:27:21.094+0000] {subprocess.py:93} INFO - Found item: 457
[2024-11-20T04:27:21.095+0000] {subprocess.py:93} INFO - Found item: 458
[2024-11-20T04:27:21.095+0000] {subprocess.py:93} INFO - Found item: 459
[2024-11-20T04:27:21.095+0000] {subprocess.py:93} INFO - Found item: 460
[2024-11-20T04:27:21.095+0000] {subprocess.py:93} INFO - Found item: 461
[2024-11-20T04:27:21.095+0000] {subprocess.py:93} INFO - Found item: 462
[2024-11-20T04:27:21.095+0000] {subprocess.py:93} INFO - Found item: 463
[2024-11-20T04:27:21.096+0000] {subprocess.py:93} INFO - Found item: 464
[2024-11-20T04:27:21.096+0000] {subprocess.py:93} INFO - Found item: 465
[2024-11-20T04:27:21.096+0000] {subprocess.py:93} INFO - Found item: 466
[2024-11-20T04:27:21.096+0000] {subprocess.py:93} INFO - Found item: 467
[2024-11-20T04:27:21.096+0000] {subprocess.py:93} INFO - Found item: 468
[2024-11-20T04:27:21.097+0000] {subprocess.py:93} INFO - Found item: 469
[2024-11-20T04:27:21.097+0000] {subprocess.py:93} INFO - Found item: 470
[2024-11-20T04:27:21.097+0000] {subprocess.py:93} INFO - Found item: 471
[2024-11-20T04:27:21.097+0000] {subprocess.py:93} INFO - Found item: 472
[2024-11-20T04:27:21.097+0000] {subprocess.py:93} INFO - Found item: 473
[2024-11-20T04:27:21.097+0000] {subprocess.py:93} INFO - Found item: 474
[2024-11-20T04:27:21.097+0000] {subprocess.py:93} INFO - Found item: 475
[2024-11-20T04:27:21.097+0000] {subprocess.py:93} INFO - Found item: 476
[2024-11-20T04:27:21.098+0000] {subprocess.py:93} INFO - Found item: 477
[2024-11-20T04:29:34.830+0000] {subprocess.py:93} INFO - Found item: 478
[2024-11-20T04:29:34.830+0000] {subprocess.py:93} INFO - Found item: 479
[2024-11-20T04:29:34.831+0000] {subprocess.py:93} INFO - Found item: 480
[2024-11-20T04:29:34.831+0000] {subprocess.py:93} INFO - Found item: 481
[2024-11-20T04:29:34.832+0000] {subprocess.py:93} INFO - Found item: 482
[2024-11-20T04:29:34.832+0000] {subprocess.py:93} INFO - Found item: 483
[2024-11-20T04:29:34.832+0000] {subprocess.py:93} INFO - Found item: 484
[2024-11-20T04:29:34.832+0000] {subprocess.py:93} INFO - Found item: 485
[2024-11-20T04:29:34.832+0000] {subprocess.py:93} INFO - Found item: 486
[2024-11-20T04:29:34.832+0000] {subprocess.py:93} INFO - Found item: 487
[2024-11-20T04:29:34.833+0000] {subprocess.py:93} INFO - Found item: 488
[2024-11-20T04:29:34.833+0000] {subprocess.py:93} INFO - Found item: 489
[2024-11-20T04:29:34.833+0000] {subprocess.py:93} INFO - Found item: 490
[2024-11-20T04:29:34.833+0000] {subprocess.py:93} INFO - Found item: 491
[2024-11-20T04:29:34.833+0000] {subprocess.py:93} INFO - Found item: 492
[2024-11-20T04:29:34.834+0000] {subprocess.py:93} INFO - Found item: 493
[2024-11-20T04:29:34.834+0000] {subprocess.py:93} INFO - Found item: 494
[2024-11-20T04:29:34.834+0000] {subprocess.py:93} INFO - Found item: 495
[2024-11-20T04:29:34.834+0000] {subprocess.py:93} INFO - Found item: 496
[2024-11-20T04:29:34.835+0000] {subprocess.py:93} INFO - Found item: 497
[2024-11-20T04:29:34.835+0000] {subprocess.py:93} INFO - Found item: 498
[2024-11-20T04:29:34.835+0000] {subprocess.py:93} INFO - Found item: 499
[2024-11-20T04:29:34.835+0000] {subprocess.py:93} INFO - Found item: 500
[2024-11-20T04:29:34.836+0000] {subprocess.py:93} INFO - Found item: 501
[2024-11-20T04:29:34.836+0000] {subprocess.py:93} INFO - Found item: 502
[2024-11-20T04:29:34.836+0000] {subprocess.py:93} INFO - Found item: 503
[2024-11-20T04:29:34.836+0000] {subprocess.py:93} INFO - Found item: 504
[2024-11-20T04:29:34.839+0000] {subprocess.py:93} INFO - Found item: 505
[2024-11-20T04:29:34.839+0000] {subprocess.py:93} INFO - Found item: 506
[2024-11-20T04:29:34.839+0000] {subprocess.py:93} INFO - Found item: 507
[2024-11-20T04:29:34.839+0000] {subprocess.py:93} INFO - Found item: 508
[2024-11-20T04:29:34.839+0000] {subprocess.py:93} INFO - Found item: 509
[2024-11-20T04:29:34.840+0000] {subprocess.py:93} INFO - Found item: 510
[2024-11-20T04:29:34.840+0000] {subprocess.py:93} INFO - Found item: 511
[2024-11-20T04:29:34.840+0000] {subprocess.py:93} INFO - Found item: 512
[2024-11-20T04:29:34.840+0000] {subprocess.py:93} INFO - Found item: 513
[2024-11-20T04:29:34.841+0000] {subprocess.py:93} INFO - Found item: 514
[2024-11-20T04:29:34.841+0000] {subprocess.py:93} INFO - Found item: 515
[2024-11-20T04:29:34.841+0000] {subprocess.py:93} INFO - Found item: 516
[2024-11-20T04:29:34.841+0000] {subprocess.py:93} INFO - Found item: 517
[2024-11-20T04:29:34.841+0000] {subprocess.py:93} INFO - Found item: 518
[2024-11-20T04:29:34.841+0000] {subprocess.py:93} INFO - Found item: 519
[2024-11-20T04:29:34.842+0000] {subprocess.py:93} INFO - Found item: 520
[2024-11-20T04:29:34.842+0000] {subprocess.py:93} INFO - Found item: 521
[2024-11-20T04:29:34.842+0000] {subprocess.py:93} INFO - Found item: 522
[2024-11-20T04:29:34.842+0000] {subprocess.py:93} INFO - Found item: 523
[2024-11-20T04:29:34.842+0000] {subprocess.py:93} INFO - Found item: 524
[2024-11-20T04:29:34.842+0000] {subprocess.py:93} INFO - Found item: 525
[2024-11-20T04:29:34.843+0000] {subprocess.py:93} INFO - Found item: 526
[2024-11-20T04:29:34.843+0000] {subprocess.py:93} INFO - Found item: 527
[2024-11-20T04:29:34.843+0000] {subprocess.py:93} INFO - Found item: 528
[2024-11-20T04:29:34.843+0000] {subprocess.py:93} INFO - Found item: 529
[2024-11-20T04:29:34.843+0000] {subprocess.py:93} INFO - Found item: 530
[2024-11-20T04:29:34.844+0000] {subprocess.py:93} INFO - Found item: 531
[2024-11-20T04:29:34.844+0000] {subprocess.py:93} INFO - Found item: 532
[2024-11-20T04:29:34.844+0000] {subprocess.py:93} INFO - Found item: 533
[2024-11-20T04:29:34.844+0000] {subprocess.py:93} INFO - Found item: 534
[2024-11-20T04:29:34.845+0000] {subprocess.py:93} INFO - Found item: 535
[2024-11-20T04:29:34.845+0000] {subprocess.py:93} INFO - Found item: 536
[2024-11-20T04:29:34.845+0000] {subprocess.py:93} INFO - Found item: 537
[2024-11-20T04:29:34.845+0000] {subprocess.py:93} INFO - Found item: 538
[2024-11-20T04:29:34.845+0000] {subprocess.py:93} INFO - Found item: 539
[2024-11-20T04:29:34.845+0000] {subprocess.py:93} INFO - Found item: 540
[2024-11-20T04:29:34.846+0000] {subprocess.py:93} INFO - Found item: 541
[2024-11-20T04:29:34.846+0000] {subprocess.py:93} INFO - Found item: 542
[2024-11-20T04:29:34.846+0000] {subprocess.py:93} INFO - Found item: 543
[2024-11-20T04:29:34.846+0000] {subprocess.py:93} INFO - Found item: 544
[2024-11-20T04:29:34.847+0000] {subprocess.py:93} INFO - Found item: 545
[2024-11-20T04:29:34.847+0000] {subprocess.py:93} INFO - Found item: 546
[2024-11-20T04:29:34.847+0000] {subprocess.py:93} INFO - Found item: 547
[2024-11-20T04:29:34.848+0000] {subprocess.py:93} INFO - Found item: 548
[2024-11-20T04:29:34.848+0000] {subprocess.py:93} INFO - Found item: 549
[2024-11-20T04:29:34.848+0000] {subprocess.py:93} INFO - Found item: 550
[2024-11-20T04:29:34.848+0000] {subprocess.py:93} INFO - Found item: 551
[2024-11-20T04:29:34.849+0000] {subprocess.py:93} INFO - Found item: 552
[2024-11-20T04:29:35.295+0000] {subprocess.py:97} INFO - Command exited with return code 0
[2024-11-20T04:29:35.312+0000] {taskinstance.py:340} INFO - ::group::Post task execution logs
[2024-11-20T04:29:35.313+0000] {taskinstance.py:352} INFO - Marking task as SUCCESS. dag_id=main_dag, task_id=laptop_scraping_tasks.scrape_hacom, run_id=manual__2024-11-20T02:00:30.526702+00:00, execution_date=20241120T020030, start_date=20241120T041117, end_date=20241120T042935
[2024-11-20T04:29:35.370+0000] {local_task_job_runner.py:266} INFO - Task exited with return code 0
[2024-11-20T04:29:35.390+0000] {logging_mixin.py:190} WARNING - /usr/local/lib/python3.11/site-packages/***/models/baseoperator.py:1378 AirflowProviderDeprecationWarning: Call to deprecated class PostgresOperator. (Please use `***.providers.common.sql.operators.sql.SQLExecuteQueryOperator`.Also, you can provide `hook_params={'schema': <database>}`.)
[2024-11-20T04:29:35.404+0000] {taskinstance.py:3900} INFO - 0 downstream tasks scheduled from follow-on schedule check
[2024-11-20T04:29:35.406+0000] {local_task_job_runner.py:245} INFO - ::endgroup::
