[2024-11-20T04:04:38.396+0000] {local_task_job_runner.py:123} INFO - ::group::Pre task execution logs
[2024-11-20T04:04:38.871+0000] {taskinstance.py:2612} INFO - Dependencies all met for dep_context=non-requeueable deps ti=<TaskInstance: main_dag.laptop_scraping_tasks.scrape_phucanh manual__2024-11-20T02:00:30.526702+00:00 [queued]>
[2024-11-20T04:04:38.881+0000] {taskinstance.py:2612} INFO - Dependencies all met for dep_context=requeueable deps ti=<TaskInstance: main_dag.laptop_scraping_tasks.scrape_phucanh manual__2024-11-20T02:00:30.526702+00:00 [queued]>
[2024-11-20T04:04:38.881+0000] {taskinstance.py:2865} INFO - Starting attempt 1 of 2
[2024-11-20T04:04:38.895+0000] {taskinstance.py:2888} INFO - Executing <Task(BashOperator): laptop_scraping_tasks.scrape_phucanh> on 2024-11-20 02:00:30.526702+00:00
[2024-11-20T04:04:38.899+0000] {standard_task_runner.py:72} INFO - Started process 10891 to run task
[2024-11-20T04:04:38.904+0000] {standard_task_runner.py:104} INFO - Running: ['***', 'tasks', 'run', 'main_dag', 'laptop_scraping_tasks.scrape_phucanh', 'manual__2024-11-20T02:00:30.526702+00:00', '--job-id', '14', '--raw', '--subdir', 'DAGS_FOLDER/main_dag.py', '--cfg-path', '/tmp/tmpy5byjb3c']
[2024-11-20T04:04:38.905+0000] {standard_task_runner.py:105} INFO - Job 14: Subtask laptop_scraping_tasks.scrape_phucanh
[2024-11-20T04:04:38.964+0000] {task_command.py:467} INFO - Running <TaskInstance: main_dag.laptop_scraping_tasks.scrape_phucanh manual__2024-11-20T02:00:30.526702+00:00 [running]> on host 7331716c13db
[2024-11-20T04:04:39.051+0000] {taskinstance.py:3131} INFO - Exporting env vars: AIRFLOW_CTX_DAG_OWNER='veil' AIRFLOW_CTX_DAG_ID='main_dag' AIRFLOW_CTX_TASK_ID='laptop_scraping_tasks.scrape_phucanh' AIRFLOW_CTX_EXECUTION_DATE='2024-11-20T02:00:30.526702+00:00' AIRFLOW_CTX_TRY_NUMBER='1' AIRFLOW_CTX_DAG_RUN_ID='manual__2024-11-20T02:00:30.526702+00:00'
[2024-11-20T04:04:39.052+0000] {taskinstance.py:731} INFO - ::endgroup::
[2024-11-20T04:04:39.070+0000] {subprocess.py:63} INFO - Tmp dir root location: /tmp
[2024-11-20T04:04:39.071+0000] {subprocess.py:75} INFO - Running command: ['/usr/bin/bash', '-c', 'cd /app/scraper && scrapy crawl phucanh_spider -O ../temp/phucanh_data.json']
[2024-11-20T04:04:39.078+0000] {subprocess.py:86} INFO - Output:
[2024-11-20T04:11:15.837+0000] {subprocess.py:93} INFO - Reached page: https://www.phucanh.vn/laptop.html
[2024-11-20T04:11:15.838+0000] {subprocess.py:93} INFO - Found item: 1
[2024-11-20T04:11:15.839+0000] {subprocess.py:93} INFO - Reached page: https://www.phucanh.vn/laptop.html?page=2
[2024-11-20T04:11:15.839+0000] {subprocess.py:93} INFO - Found item: 2
[2024-11-20T04:11:15.841+0000] {subprocess.py:93} INFO - Found item: 3
[2024-11-20T04:11:15.842+0000] {subprocess.py:93} INFO - Found item: 4
[2024-11-20T04:11:15.842+0000] {subprocess.py:93} INFO - Found item: 5
[2024-11-20T04:11:15.843+0000] {subprocess.py:93} INFO - Found item: 6
[2024-11-20T04:11:15.844+0000] {subprocess.py:93} INFO - Found item: 7
[2024-11-20T04:11:15.845+0000] {subprocess.py:93} INFO - Found item: 8
[2024-11-20T04:11:15.845+0000] {subprocess.py:93} INFO - Found item: 9
[2024-11-20T04:11:15.846+0000] {subprocess.py:93} INFO - Found item: 10
[2024-11-20T04:11:15.846+0000] {subprocess.py:93} INFO - Found item: 11
[2024-11-20T04:11:15.849+0000] {subprocess.py:93} INFO - Found item: 12
[2024-11-20T04:11:15.850+0000] {subprocess.py:93} INFO - Found item: 13
[2024-11-20T04:11:15.851+0000] {subprocess.py:93} INFO - Found item: 14
[2024-11-20T04:11:15.854+0000] {subprocess.py:93} INFO - Found item: 15
[2024-11-20T04:11:15.858+0000] {subprocess.py:93} INFO - Reached page: https://www.phucanh.vn/laptop.html?page=7
[2024-11-20T04:11:15.859+0000] {subprocess.py:93} INFO - Reached page: https://www.phucanh.vn/laptop.html?page=6
[2024-11-20T04:11:15.863+0000] {subprocess.py:93} INFO - Found item: 16
[2024-11-20T04:11:15.864+0000] {subprocess.py:93} INFO - Found item: 17
[2024-11-20T04:11:15.867+0000] {subprocess.py:93} INFO - Found item: 18
[2024-11-20T04:11:15.868+0000] {subprocess.py:93} INFO - Found item: 19
[2024-11-20T04:11:15.871+0000] {subprocess.py:93} INFO - Found item: 20
[2024-11-20T04:11:15.872+0000] {subprocess.py:93} INFO - Found item: 21
[2024-11-20T04:11:15.873+0000] {subprocess.py:93} INFO - Found item: 22
[2024-11-20T04:11:15.874+0000] {subprocess.py:93} INFO - Found item: 23
[2024-11-20T04:11:15.876+0000] {subprocess.py:93} INFO - Found item: 24
[2024-11-20T04:11:15.876+0000] {subprocess.py:93} INFO - Found item: 25
[2024-11-20T04:11:15.878+0000] {subprocess.py:93} INFO - Found item: 26
[2024-11-20T04:11:15.882+0000] {subprocess.py:93} INFO - Found item: 27
[2024-11-20T04:11:15.884+0000] {subprocess.py:93} INFO - Found item: 28
[2024-11-20T04:11:15.885+0000] {subprocess.py:93} INFO - Found item: 29
[2024-11-20T04:11:15.886+0000] {subprocess.py:93} INFO - Found item: 30
[2024-11-20T04:11:15.888+0000] {subprocess.py:93} INFO - Reached page: https://www.phucanh.vn/laptop.html?page=10
[2024-11-20T04:11:15.891+0000] {subprocess.py:93} INFO - Reached page: https://www.phucanh.vn/laptop.html?page=9
[2024-11-20T04:11:15.891+0000] {subprocess.py:93} INFO - Reached page: https://www.phucanh.vn/laptop.html?page=8
[2024-11-20T04:11:15.892+0000] {subprocess.py:93} INFO - Found item: 31
[2024-11-20T04:11:15.893+0000] {subprocess.py:93} INFO - Found item: 32
[2024-11-20T04:11:15.895+0000] {subprocess.py:93} INFO - Found item: 33
[2024-11-20T04:11:15.897+0000] {subprocess.py:93} INFO - Found item: 34
[2024-11-20T04:11:15.898+0000] {subprocess.py:93} INFO - Found item: 35
[2024-11-20T04:11:15.899+0000] {subprocess.py:93} INFO - Found item: 36
[2024-11-20T04:11:15.900+0000] {subprocess.py:93} INFO - Found item: 37
[2024-11-20T04:11:15.901+0000] {subprocess.py:93} INFO - Found item: 38
[2024-11-20T04:11:15.904+0000] {subprocess.py:93} INFO - Found item: 39
[2024-11-20T04:11:15.907+0000] {subprocess.py:93} INFO - Found item: 40
[2024-11-20T04:11:15.909+0000] {subprocess.py:93} INFO - Found item: 41
[2024-11-20T04:11:15.911+0000] {subprocess.py:93} INFO - Found item: 42
[2024-11-20T04:11:15.914+0000] {subprocess.py:93} INFO - Found item: 43
[2024-11-20T04:11:15.915+0000] {subprocess.py:93} INFO - Found item: 44
[2024-11-20T04:11:15.915+0000] {subprocess.py:93} INFO - Found item: 45
[2024-11-20T04:11:15.917+0000] {subprocess.py:93} INFO - Found item: 46
[2024-11-20T04:11:15.917+0000] {subprocess.py:93} INFO - Reached page: https://www.phucanh.vn/laptop.html?page=11
[2024-11-20T04:11:15.918+0000] {subprocess.py:93} INFO - Found item: 47
[2024-11-20T04:11:15.920+0000] {subprocess.py:93} INFO - Found item: 48
[2024-11-20T04:11:15.921+0000] {subprocess.py:93} INFO - Found item: 49
[2024-11-20T04:11:15.922+0000] {subprocess.py:93} INFO - Found item: 50
[2024-11-20T04:11:15.923+0000] {subprocess.py:93} INFO - Found item: 51
[2024-11-20T04:11:15.924+0000] {subprocess.py:93} INFO - Found item: 52
[2024-11-20T04:11:15.925+0000] {subprocess.py:93} INFO - Found item: 53
[2024-11-20T04:11:15.926+0000] {subprocess.py:93} INFO - Found item: 54
[2024-11-20T04:11:15.927+0000] {subprocess.py:93} INFO - Found item: 55
[2024-11-20T04:11:15.927+0000] {subprocess.py:93} INFO - Found item: 56
[2024-11-20T04:11:15.928+0000] {subprocess.py:93} INFO - Found item: 57
[2024-11-20T04:11:15.933+0000] {subprocess.py:93} INFO - Found item: 58
[2024-11-20T04:11:15.933+0000] {subprocess.py:93} INFO - Found item: 59
[2024-11-20T04:11:15.934+0000] {subprocess.py:93} INFO - Found item: 60
[2024-11-20T04:11:15.935+0000] {subprocess.py:93} INFO - Found item: 61
[2024-11-20T04:11:15.936+0000] {subprocess.py:93} INFO - Found item: 62
[2024-11-20T04:11:15.936+0000] {subprocess.py:93} INFO - Found item: 63
[2024-11-20T04:11:15.937+0000] {subprocess.py:93} INFO - Found item: 64
[2024-11-20T04:11:15.938+0000] {subprocess.py:93} INFO - Found item: 65
[2024-11-20T04:11:15.938+0000] {subprocess.py:93} INFO - Found item: 66
[2024-11-20T04:11:15.938+0000] {subprocess.py:93} INFO - Found item: 67
[2024-11-20T04:11:15.938+0000] {subprocess.py:93} INFO - Found item: 68
[2024-11-20T04:11:15.939+0000] {subprocess.py:93} INFO - Found item: 69
[2024-11-20T04:11:15.939+0000] {subprocess.py:93} INFO - Found item: 70
[2024-11-20T04:11:15.939+0000] {subprocess.py:93} INFO - Found item: 71
[2024-11-20T04:11:15.940+0000] {subprocess.py:93} INFO - Found item: 72
[2024-11-20T04:11:15.940+0000] {subprocess.py:93} INFO - Found item: 73
[2024-11-20T04:11:15.940+0000] {subprocess.py:93} INFO - Found item: 74
[2024-11-20T04:11:15.940+0000] {subprocess.py:93} INFO - Found item: 75
[2024-11-20T04:11:15.940+0000] {subprocess.py:93} INFO - Found item: 76
[2024-11-20T04:11:15.941+0000] {subprocess.py:93} INFO - Found item: 77
[2024-11-20T04:11:15.941+0000] {subprocess.py:93} INFO - Found item: 78
[2024-11-20T04:11:15.941+0000] {subprocess.py:93} INFO - Found item: 79
[2024-11-20T04:11:15.942+0000] {subprocess.py:93} INFO - Found item: 80
[2024-11-20T04:11:15.942+0000] {subprocess.py:93} INFO - Found item: 81
[2024-11-20T04:11:15.944+0000] {subprocess.py:93} INFO - Found item: 82
[2024-11-20T04:11:15.945+0000] {subprocess.py:93} INFO - Found item: 83
[2024-11-20T04:11:15.946+0000] {subprocess.py:93} INFO - Found item: 84
[2024-11-20T04:11:15.947+0000] {subprocess.py:93} INFO - Found item: 85
[2024-11-20T04:11:15.947+0000] {subprocess.py:93} INFO - Found item: 86
[2024-11-20T04:11:15.948+0000] {subprocess.py:93} INFO - Found item: 87
[2024-11-20T04:11:15.949+0000] {subprocess.py:93} INFO - Found item: 88
[2024-11-20T04:11:15.950+0000] {subprocess.py:93} INFO - Found item: 89
[2024-11-20T04:11:15.952+0000] {subprocess.py:93} INFO - Found item: 90
[2024-11-20T04:11:15.953+0000] {subprocess.py:93} INFO - Found item: 91
[2024-11-20T04:11:15.954+0000] {subprocess.py:93} INFO - Found item: 92
[2024-11-20T04:11:15.955+0000] {subprocess.py:93} INFO - Found item: 93
[2024-11-20T04:11:15.956+0000] {subprocess.py:93} INFO - Found item: 94
[2024-11-20T04:11:15.957+0000] {subprocess.py:93} INFO - Found item: 95
[2024-11-20T04:11:15.958+0000] {subprocess.py:93} INFO - Found item: 96
[2024-11-20T04:11:15.959+0000] {subprocess.py:93} INFO - Found item: 97
[2024-11-20T04:11:15.960+0000] {subprocess.py:93} INFO - Found item: 98
[2024-11-20T04:11:15.960+0000] {subprocess.py:93} INFO - Found item: 99
[2024-11-20T04:11:15.961+0000] {subprocess.py:93} INFO - Found item: 100
[2024-11-20T04:11:15.961+0000] {subprocess.py:93} INFO - Found item: 101
[2024-11-20T04:11:15.962+0000] {subprocess.py:93} INFO - Found item: 102
[2024-11-20T04:11:15.962+0000] {subprocess.py:93} INFO - Found item: 103
[2024-11-20T04:11:15.963+0000] {subprocess.py:93} INFO - Found item: 104
[2024-11-20T04:11:15.965+0000] {subprocess.py:93} INFO - Found item: 105
[2024-11-20T04:11:15.965+0000] {subprocess.py:93} INFO - Reached page: https://www.phucanh.vn/laptop.html?page=5
[2024-11-20T04:11:15.966+0000] {subprocess.py:93} INFO - Reached page: https://www.phucanh.vn/laptop.html?page=4
[2024-11-20T04:11:15.966+0000] {subprocess.py:93} INFO - Reached page: https://www.phucanh.vn/laptop.html?page=3
[2024-11-20T04:11:15.966+0000] {subprocess.py:93} INFO - Found item: 106
[2024-11-20T04:11:15.967+0000] {subprocess.py:93} INFO - Found item: 107
[2024-11-20T04:11:15.967+0000] {subprocess.py:93} INFO - Found item: 108
[2024-11-20T04:11:15.968+0000] {subprocess.py:93} INFO - Found item: 109
[2024-11-20T04:11:15.968+0000] {subprocess.py:93} INFO - Found item: 110
[2024-11-20T04:11:15.968+0000] {subprocess.py:93} INFO - Found item: 111
[2024-11-20T04:11:15.969+0000] {subprocess.py:93} INFO - Found item: 112
[2024-11-20T04:11:15.969+0000] {subprocess.py:93} INFO - Found item: 113
[2024-11-20T04:11:15.970+0000] {subprocess.py:93} INFO - Found item: 114
[2024-11-20T04:11:15.971+0000] {subprocess.py:93} INFO - Found item: 115
[2024-11-20T04:11:15.971+0000] {subprocess.py:93} INFO - Found item: 116
[2024-11-20T04:11:15.972+0000] {subprocess.py:93} INFO - Found item: 117
[2024-11-20T04:11:15.972+0000] {subprocess.py:93} INFO - Found item: 118
[2024-11-20T04:11:15.972+0000] {subprocess.py:93} INFO - Found item: 119
[2024-11-20T04:11:15.972+0000] {subprocess.py:93} INFO - Found item: 120
[2024-11-20T04:11:15.972+0000] {subprocess.py:93} INFO - Found item: 121
[2024-11-20T04:11:15.973+0000] {subprocess.py:93} INFO - Found item: 122
[2024-11-20T04:11:15.973+0000] {subprocess.py:93} INFO - Found item: 123
[2024-11-20T04:11:15.973+0000] {subprocess.py:93} INFO - Found item: 124
[2024-11-20T04:11:15.973+0000] {subprocess.py:93} INFO - Found item: 125
[2024-11-20T04:11:15.973+0000] {subprocess.py:93} INFO - Found item: 126
[2024-11-20T04:11:15.974+0000] {subprocess.py:93} INFO - Found item: 127
[2024-11-20T04:11:15.974+0000] {subprocess.py:93} INFO - Found item: 128
[2024-11-20T04:11:15.975+0000] {subprocess.py:93} INFO - Found item: 129
[2024-11-20T04:11:15.975+0000] {subprocess.py:93} INFO - Found item: 130
[2024-11-20T04:11:15.976+0000] {subprocess.py:93} INFO - Found item: 131
[2024-11-20T04:11:15.976+0000] {subprocess.py:93} INFO - Found item: 132
[2024-11-20T04:11:15.976+0000] {subprocess.py:93} INFO - Found item: 133
[2024-11-20T04:11:15.977+0000] {subprocess.py:93} INFO - Found item: 134
[2024-11-20T04:11:15.978+0000] {subprocess.py:93} INFO - Found item: 135
[2024-11-20T04:11:15.978+0000] {subprocess.py:93} INFO - Found item: 136
[2024-11-20T04:11:15.979+0000] {subprocess.py:93} INFO - Found item: 137
[2024-11-20T04:11:15.979+0000] {subprocess.py:93} INFO - Found item: 138
[2024-11-20T04:11:15.980+0000] {subprocess.py:93} INFO - Found item: 139
[2024-11-20T04:11:15.981+0000] {subprocess.py:93} INFO - Found item: 140
[2024-11-20T04:11:15.981+0000] {subprocess.py:93} INFO - Found item: 141
[2024-11-20T04:11:15.981+0000] {subprocess.py:93} INFO - Found item: 142
[2024-11-20T04:11:15.981+0000] {subprocess.py:93} INFO - Found item: 143
[2024-11-20T04:11:15.981+0000] {subprocess.py:93} INFO - Found item: 144
[2024-11-20T04:11:15.981+0000] {subprocess.py:93} INFO - Found item: 145
[2024-11-20T04:11:15.982+0000] {subprocess.py:93} INFO - Found item: 146
[2024-11-20T04:11:15.982+0000] {subprocess.py:93} INFO - Found item: 147
[2024-11-20T04:11:15.982+0000] {subprocess.py:93} INFO - Found item: 148
[2024-11-20T04:11:15.982+0000] {subprocess.py:93} INFO - Found item: 149
[2024-11-20T04:11:15.982+0000] {subprocess.py:93} INFO - Found item: 150
[2024-11-20T04:11:15.982+0000] {subprocess.py:93} INFO - Found item: 151
[2024-11-20T04:11:15.982+0000] {subprocess.py:93} INFO - Found item: 152
[2024-11-20T04:11:15.982+0000] {subprocess.py:93} INFO - Found item: 153
[2024-11-20T04:11:15.982+0000] {subprocess.py:93} INFO - Found item: 154
[2024-11-20T04:11:15.982+0000] {subprocess.py:93} INFO - Found item: 155
[2024-11-20T04:11:15.983+0000] {subprocess.py:93} INFO - Found item: 156
[2024-11-20T04:11:15.983+0000] {subprocess.py:93} INFO - Found item: 157
[2024-11-20T04:11:15.983+0000] {subprocess.py:93} INFO - Found item: 158
[2024-11-20T04:11:15.983+0000] {subprocess.py:93} INFO - Found item: 159
[2024-11-20T04:11:15.984+0000] {subprocess.py:93} INFO - Found item: 160
[2024-11-20T04:11:15.984+0000] {subprocess.py:93} INFO - Found item: 161
[2024-11-20T04:11:15.984+0000] {subprocess.py:93} INFO - Found item: 162
[2024-11-20T04:11:15.984+0000] {subprocess.py:93} INFO - Found item: 163
[2024-11-20T04:11:15.984+0000] {subprocess.py:93} INFO - Found item: 164
[2024-11-20T04:11:15.984+0000] {subprocess.py:93} INFO - Found item: 165
[2024-11-20T04:11:15.985+0000] {subprocess.py:93} INFO - Found item: 166
[2024-11-20T04:11:15.985+0000] {subprocess.py:93} INFO - Found item: 167
[2024-11-20T04:11:15.985+0000] {subprocess.py:93} INFO - Found item: 168
[2024-11-20T04:11:15.985+0000] {subprocess.py:93} INFO - Found item: 169
[2024-11-20T04:11:15.985+0000] {subprocess.py:93} INFO - Found item: 170
[2024-11-20T04:11:15.986+0000] {subprocess.py:93} INFO - Found item: 171
[2024-11-20T04:11:15.986+0000] {subprocess.py:93} INFO - Found item: 172
[2024-11-20T04:11:15.986+0000] {subprocess.py:93} INFO - Found item: 173
[2024-11-20T04:11:15.986+0000] {subprocess.py:93} INFO - Found item: 174
[2024-11-20T04:11:15.986+0000] {subprocess.py:93} INFO - Found item: 175
[2024-11-20T04:11:15.986+0000] {subprocess.py:93} INFO - Found item: 176
[2024-11-20T04:11:15.986+0000] {subprocess.py:93} INFO - Found item: 177
[2024-11-20T04:11:15.986+0000] {subprocess.py:93} INFO - Found item: 178
[2024-11-20T04:11:15.987+0000] {subprocess.py:93} INFO - Found item: 179
[2024-11-20T04:11:15.987+0000] {subprocess.py:93} INFO - Found item: 180
[2024-11-20T04:11:15.987+0000] {subprocess.py:93} INFO - Found item: 181
[2024-11-20T04:11:15.987+0000] {subprocess.py:93} INFO - Found item: 182
[2024-11-20T04:11:15.987+0000] {subprocess.py:93} INFO - Found item: 183
[2024-11-20T04:11:15.988+0000] {subprocess.py:93} INFO - Found item: 184
[2024-11-20T04:11:15.989+0000] {subprocess.py:93} INFO - Found item: 185
[2024-11-20T04:11:15.989+0000] {subprocess.py:93} INFO - Found item: 186
[2024-11-20T04:11:15.989+0000] {subprocess.py:93} INFO - Found item: 187
[2024-11-20T04:11:15.991+0000] {subprocess.py:93} INFO - Found item: 188
[2024-11-20T04:11:15.992+0000] {subprocess.py:93} INFO - Found item: 189
[2024-11-20T04:11:15.992+0000] {subprocess.py:93} INFO - Found item: 190
[2024-11-20T04:11:15.992+0000] {subprocess.py:93} INFO - Found item: 191
[2024-11-20T04:11:15.993+0000] {subprocess.py:93} INFO - Found item: 192
[2024-11-20T04:11:15.993+0000] {subprocess.py:93} INFO - Found item: 193
[2024-11-20T04:11:15.994+0000] {subprocess.py:93} INFO - Found item: 194
[2024-11-20T04:11:15.995+0000] {subprocess.py:93} INFO - Found item: 195
[2024-11-20T04:11:15.995+0000] {subprocess.py:93} INFO - Found item: 196
[2024-11-20T04:11:15.996+0000] {subprocess.py:93} INFO - Found item: 197
[2024-11-20T04:11:15.996+0000] {subprocess.py:93} INFO - Found item: 198
[2024-11-20T04:11:15.997+0000] {subprocess.py:93} INFO - Found item: 199
[2024-11-20T04:11:15.997+0000] {subprocess.py:93} INFO - Found item: 200
[2024-11-20T04:11:15.999+0000] {subprocess.py:93} INFO - Found item: 201
[2024-11-20T04:11:16.000+0000] {subprocess.py:93} INFO - Found item: 202
[2024-11-20T04:11:16.001+0000] {subprocess.py:93} INFO - Found item: 203
[2024-11-20T04:11:16.001+0000] {subprocess.py:93} INFO - Found item: 204
[2024-11-20T04:11:16.001+0000] {subprocess.py:93} INFO - Found item: 205
[2024-11-20T04:11:16.002+0000] {subprocess.py:93} INFO - Found item: 206
[2024-11-20T04:11:16.002+0000] {subprocess.py:93} INFO - Found item: 207
[2024-11-20T04:11:16.002+0000] {subprocess.py:93} INFO - Found item: 208
[2024-11-20T04:11:16.002+0000] {subprocess.py:93} INFO - Found item: 209
[2024-11-20T04:11:16.282+0000] {subprocess.py:97} INFO - Command exited with return code 0
[2024-11-20T04:11:16.296+0000] {taskinstance.py:340} INFO - ::group::Post task execution logs
[2024-11-20T04:11:16.297+0000] {taskinstance.py:352} INFO - Marking task as SUCCESS. dag_id=main_dag, task_id=laptop_scraping_tasks.scrape_phucanh, run_id=manual__2024-11-20T02:00:30.526702+00:00, execution_date=20241120T020030, start_date=20241120T040438, end_date=20241120T041116
[2024-11-20T04:11:16.346+0000] {local_task_job_runner.py:266} INFO - Task exited with return code 0
[2024-11-20T04:11:16.366+0000] {logging_mixin.py:190} WARNING - /usr/local/lib/python3.11/site-packages/***/models/baseoperator.py:1378 AirflowProviderDeprecationWarning: Call to deprecated class PostgresOperator. (Please use `***.providers.common.sql.operators.sql.SQLExecuteQueryOperator`.Also, you can provide `hook_params={'schema': <database>}`.)
[2024-11-20T04:11:16.381+0000] {taskinstance.py:3900} INFO - 0 downstream tasks scheduled from follow-on schedule check
[2024-11-20T04:11:16.383+0000] {local_task_job_runner.py:245} INFO - ::endgroup::
