[2024-11-20T03:37:58.196+0000] {local_task_job_runner.py:123} INFO - ::group::Pre task execution logs
[2024-11-20T03:37:58.300+0000] {taskinstance.py:2612} INFO - Dependencies all met for dep_context=non-requeueable deps ti=<TaskInstance: main_dag.laptop_scraping_tasks.scrape_laptopworld manual__2024-11-20T02:00:30.526702+00:00 [queued]>
[2024-11-20T03:37:58.308+0000] {taskinstance.py:2612} INFO - Dependencies all met for dep_context=requeueable deps ti=<TaskInstance: main_dag.laptop_scraping_tasks.scrape_laptopworld manual__2024-11-20T02:00:30.526702+00:00 [queued]>
[2024-11-20T03:37:58.309+0000] {taskinstance.py:2865} INFO - Starting attempt 1 of 2
[2024-11-20T03:37:58.330+0000] {taskinstance.py:2888} INFO - Executing <Task(BashOperator): laptop_scraping_tasks.scrape_laptopworld> on 2024-11-20 02:00:30.526702+00:00
[2024-11-20T03:37:58.334+0000] {standard_task_runner.py:72} INFO - Started process 1182 to run task
[2024-11-20T03:37:58.338+0000] {standard_task_runner.py:104} INFO - Running: ['***', 'tasks', 'run', 'main_dag', 'laptop_scraping_tasks.scrape_laptopworld', 'manual__2024-11-20T02:00:30.526702+00:00', '--job-id', '10', '--raw', '--subdir', 'DAGS_FOLDER/main_dag.py', '--cfg-path', '/tmp/tmpz75ma51z']
[2024-11-20T03:37:58.339+0000] {standard_task_runner.py:105} INFO - Job 10: Subtask laptop_scraping_tasks.scrape_laptopworld
[2024-11-20T03:37:58.389+0000] {task_command.py:467} INFO - Running <TaskInstance: main_dag.laptop_scraping_tasks.scrape_laptopworld manual__2024-11-20T02:00:30.526702+00:00 [running]> on host 7331716c13db
[2024-11-20T03:37:58.465+0000] {taskinstance.py:3131} INFO - Exporting env vars: AIRFLOW_CTX_DAG_OWNER='veil' AIRFLOW_CTX_DAG_ID='main_dag' AIRFLOW_CTX_TASK_ID='laptop_scraping_tasks.scrape_laptopworld' AIRFLOW_CTX_EXECUTION_DATE='2024-11-20T02:00:30.526702+00:00' AIRFLOW_CTX_TRY_NUMBER='1' AIRFLOW_CTX_DAG_RUN_ID='manual__2024-11-20T02:00:30.526702+00:00'
[2024-11-20T03:37:58.466+0000] {taskinstance.py:731} INFO - ::endgroup::
[2024-11-20T03:37:58.478+0000] {subprocess.py:63} INFO - Tmp dir root location: /tmp
[2024-11-20T03:37:58.480+0000] {subprocess.py:75} INFO - Running command: ['/usr/bin/bash', '-c', 'cd /app/scraper && scrapy crawl laptopworld_spider -O ../temp/laptopworld_data.json']
[2024-11-20T03:37:58.486+0000] {subprocess.py:86} INFO - Output:
[2024-11-20T04:04:37.079+0000] {subprocess.py:93} INFO - Reached page: https://laptopworld.vn/san-pham-apple/laptop-apple.html
[2024-11-20T04:04:37.080+0000] {subprocess.py:93} INFO - Reached page: https://laptopworld.vn/laptop-games-do-hoa.html
[2024-11-20T04:04:37.081+0000] {subprocess.py:93} INFO - Reached page: https://laptopworld.vn/san-pham-apple/laptop-apple.html?page=7
[2024-11-20T04:04:37.081+0000] {subprocess.py:93} INFO - Reached page: https://laptopworld.vn/san-pham-apple/laptop-apple.html?page=6
[2024-11-20T04:04:37.081+0000] {subprocess.py:93} INFO - Reached page: https://laptopworld.vn/san-pham-apple/laptop-apple.html?page=5
[2024-11-20T04:04:37.081+0000] {subprocess.py:93} INFO - Reached page: https://laptopworld.vn/san-pham-apple/laptop-apple.html?page=4
[2024-11-20T04:04:37.081+0000] {subprocess.py:93} INFO - Reached page: https://laptopworld.vn/san-pham-apple/laptop-apple.html?page=3
[2024-11-20T04:04:37.082+0000] {subprocess.py:93} INFO - Reached page: https://laptopworld.vn/san-pham-apple/laptop-apple.html?page=2
[2024-11-20T04:04:37.082+0000] {subprocess.py:93} INFO - Reached page: https://laptopworld.vn/laptop-games-do-hoa.html?page=7
[2024-11-20T04:04:37.082+0000] {subprocess.py:93} INFO - Reached page: https://laptopworld.vn/laptop-games-do-hoa.html?page=6
[2024-11-20T04:04:37.082+0000] {subprocess.py:93} INFO - Reached page: https://laptopworld.vn/laptop-games-do-hoa.html?page=5
[2024-11-20T04:04:37.082+0000] {subprocess.py:93} INFO - Reached page: https://laptopworld.vn/laptop-games-do-hoa.html?page=4
[2024-11-20T04:04:37.082+0000] {subprocess.py:93} INFO - Reached page: https://laptopworld.vn/laptop-games-do-hoa.html?page=3
[2024-11-20T04:04:37.083+0000] {subprocess.py:93} INFO - Reached page: https://laptopworld.vn/laptop-games-do-hoa.html?page=2
[2024-11-20T04:04:37.083+0000] {subprocess.py:93} INFO - Found item: 1
[2024-11-20T04:04:37.083+0000] {subprocess.py:93} INFO - Found item: 2
[2024-11-20T04:04:37.083+0000] {subprocess.py:93} INFO - Found item: 3
[2024-11-20T04:04:37.083+0000] {subprocess.py:93} INFO - Found item: 4
[2024-11-20T04:04:37.083+0000] {subprocess.py:93} INFO - Found item: 5
[2024-11-20T04:04:37.084+0000] {subprocess.py:93} INFO - Found item: 6
[2024-11-20T04:04:37.084+0000] {subprocess.py:93} INFO - Found item: 7
[2024-11-20T04:04:37.084+0000] {subprocess.py:93} INFO - Found item: 8
[2024-11-20T04:04:37.085+0000] {subprocess.py:93} INFO - Found item: 9
[2024-11-20T04:04:37.085+0000] {subprocess.py:93} INFO - Found item: 10
[2024-11-20T04:04:37.086+0000] {subprocess.py:93} INFO - Found item: 11
[2024-11-20T04:04:37.086+0000] {subprocess.py:93} INFO - Reached page: https://laptopworld.vn/laptop-games-do-hoa.html?page=10
[2024-11-20T04:04:37.087+0000] {subprocess.py:93} INFO - Reached page: https://laptopworld.vn/laptop-games-do-hoa.html?page=9
[2024-11-20T04:04:37.088+0000] {subprocess.py:93} INFO - Reached page: https://laptopworld.vn/laptop-games-do-hoa.html?page=8
[2024-11-20T04:04:37.089+0000] {subprocess.py:93} INFO - Found item: 12
[2024-11-20T04:04:37.089+0000] {subprocess.py:93} INFO - Found item: 13
[2024-11-20T04:04:37.090+0000] {subprocess.py:93} INFO - Found item: 14
[2024-11-20T04:04:37.090+0000] {subprocess.py:93} INFO - Found item: 15
[2024-11-20T04:04:37.090+0000] {subprocess.py:93} INFO - Found item: 16
[2024-11-20T04:04:37.091+0000] {subprocess.py:93} INFO - Found item: 17
[2024-11-20T04:04:37.091+0000] {subprocess.py:93} INFO - Found item: 18
[2024-11-20T04:04:37.091+0000] {subprocess.py:93} INFO - Found item: 19
[2024-11-20T04:04:37.091+0000] {subprocess.py:93} INFO - Found item: 20
[2024-11-20T04:04:37.092+0000] {subprocess.py:93} INFO - Found item: 21
[2024-11-20T04:04:37.092+0000] {subprocess.py:93} INFO - Found item: 22
[2024-11-20T04:04:37.092+0000] {subprocess.py:93} INFO - Found item: 23
[2024-11-20T04:04:37.093+0000] {subprocess.py:93} INFO - Found item: 24
[2024-11-20T04:04:37.093+0000] {subprocess.py:93} INFO - Found item: 25
[2024-11-20T04:04:37.094+0000] {subprocess.py:93} INFO - Reached page: https://laptopworld.vn/laptop-games-do-hoa.html?page=11
[2024-11-20T04:04:37.094+0000] {subprocess.py:93} INFO - Found item: 26
[2024-11-20T04:04:37.095+0000] {subprocess.py:93} INFO - Found item: 27
[2024-11-20T04:04:37.096+0000] {subprocess.py:93} INFO - Found item: 28
[2024-11-20T04:04:37.096+0000] {subprocess.py:93} INFO - Found item: 29
[2024-11-20T04:04:37.097+0000] {subprocess.py:93} INFO - Found item: 30
[2024-11-20T04:04:37.097+0000] {subprocess.py:93} INFO - Found item: 31
[2024-11-20T04:04:37.098+0000] {subprocess.py:93} INFO - Found item: 32
[2024-11-20T04:04:37.098+0000] {subprocess.py:93} INFO - Found item: 33
[2024-11-20T04:04:37.098+0000] {subprocess.py:93} INFO - Found item: 34
[2024-11-20T04:04:37.098+0000] {subprocess.py:93} INFO - Found item: 35
[2024-11-20T04:04:37.098+0000] {subprocess.py:93} INFO - Found item: 36
[2024-11-20T04:04:37.099+0000] {subprocess.py:93} INFO - Found item: 37
[2024-11-20T04:04:37.099+0000] {subprocess.py:93} INFO - Found item: 38
[2024-11-20T04:04:37.099+0000] {subprocess.py:93} INFO - Found item: 39
[2024-11-20T04:04:37.099+0000] {subprocess.py:93} INFO - Found item: 40
[2024-11-20T04:04:37.099+0000] {subprocess.py:93} INFO - Found item: 41
[2024-11-20T04:04:37.099+0000] {subprocess.py:93} INFO - Error in price transformation: invalid literal for int() with base 10: 'liên hệ'
[2024-11-20T04:04:37.100+0000] {subprocess.py:93} INFO - Error at: laptop hp omen transcend 14
[2024-11-20T04:04:37.100+0000] {subprocess.py:93} INFO - Found item: 42
[2024-11-20T04:04:37.101+0000] {subprocess.py:93} INFO - Found item: 43
[2024-11-20T04:04:37.101+0000] {subprocess.py:93} INFO - Found item: 44
[2024-11-20T04:04:37.102+0000] {subprocess.py:93} INFO - Found item: 45
[2024-11-20T04:04:37.102+0000] {subprocess.py:93} INFO - Found item: 46
[2024-11-20T04:04:37.102+0000] {subprocess.py:93} INFO - Found item: 47
[2024-11-20T04:04:37.102+0000] {subprocess.py:93} INFO - Found item: 48
[2024-11-20T04:04:37.103+0000] {subprocess.py:93} INFO - Found item: 49
[2024-11-20T04:04:37.103+0000] {subprocess.py:93} INFO - Found item: 50
[2024-11-20T04:04:37.103+0000] {subprocess.py:93} INFO - Found item: 51
[2024-11-20T04:04:37.104+0000] {subprocess.py:93} INFO - Found item: 52
[2024-11-20T04:04:37.104+0000] {subprocess.py:93} INFO - Found item: 53
[2024-11-20T04:04:37.105+0000] {subprocess.py:93} INFO - Found item: 54
[2024-11-20T04:04:37.105+0000] {subprocess.py:93} INFO - Found item: 55
[2024-11-20T04:04:37.105+0000] {subprocess.py:93} INFO - Found item: 56
[2024-11-20T04:04:37.106+0000] {subprocess.py:93} INFO - Found item: 57
[2024-11-20T04:04:37.107+0000] {subprocess.py:93} INFO - Found item: 58
[2024-11-20T04:04:37.107+0000] {subprocess.py:93} INFO - Found item: 59
[2024-11-20T04:04:37.108+0000] {subprocess.py:93} INFO - Found item: 60
[2024-11-20T04:04:37.108+0000] {subprocess.py:93} INFO - Found item: 61
[2024-11-20T04:04:37.109+0000] {subprocess.py:93} INFO - Found item: 62
[2024-11-20T04:04:37.110+0000] {subprocess.py:93} INFO - Found item: 63
[2024-11-20T04:04:37.110+0000] {subprocess.py:93} INFO - Found item: 64
[2024-11-20T04:04:37.111+0000] {subprocess.py:93} INFO - Found item: 65
[2024-11-20T04:04:37.111+0000] {subprocess.py:93} INFO - Found item: 66
[2024-11-20T04:04:37.112+0000] {subprocess.py:93} INFO - Found item: 67
[2024-11-20T04:04:37.112+0000] {subprocess.py:93} INFO - Found item: 68
[2024-11-20T04:04:37.113+0000] {subprocess.py:93} INFO - Found item: 69
[2024-11-20T04:04:37.113+0000] {subprocess.py:93} INFO - Found item: 70
[2024-11-20T04:04:37.114+0000] {subprocess.py:93} INFO - Found item: 71
[2024-11-20T04:04:37.115+0000] {subprocess.py:93} INFO - Found item: 72
[2024-11-20T04:04:37.115+0000] {subprocess.py:93} INFO - Found item: 73
[2024-11-20T04:04:37.115+0000] {subprocess.py:93} INFO - Found item: 74
[2024-11-20T04:04:37.116+0000] {subprocess.py:93} INFO - Found item: 75
[2024-11-20T04:04:37.116+0000] {subprocess.py:93} INFO - Skipped: máy chơi game asus rog ally rc71l-nh001w (ryzen z1 extreme | 16gd5 | 512gb | 7.0fhd-120hz | cảm ứng | w11 | trắng)
[2024-11-20T04:04:37.116+0000] {subprocess.py:93} INFO - Found item: 76
[2024-11-20T04:04:37.116+0000] {subprocess.py:93} INFO - Found item: 77
[2024-11-20T04:04:37.116+0000] {subprocess.py:93} INFO - Found item: 78
[2024-11-20T04:04:37.116+0000] {subprocess.py:93} INFO - Found item: 79
[2024-11-20T04:04:37.117+0000] {subprocess.py:93} INFO - Found item: 80
[2024-11-20T04:04:37.117+0000] {subprocess.py:93} INFO - Found item: 81
[2024-11-20T04:04:37.117+0000] {subprocess.py:93} INFO - Found item: 82
[2024-11-20T04:04:37.117+0000] {subprocess.py:93} INFO - Found item: 83
[2024-11-20T04:04:37.117+0000] {subprocess.py:93} INFO - Found item: 84
[2024-11-20T04:04:37.117+0000] {subprocess.py:93} INFO - Found item: 85
[2024-11-20T04:04:37.118+0000] {subprocess.py:93} INFO - Found item: 86
[2024-11-20T04:04:37.118+0000] {subprocess.py:93} INFO - Found item: 87
[2024-11-20T04:04:37.118+0000] {subprocess.py:93} INFO - Found item: 88
[2024-11-20T04:04:37.118+0000] {subprocess.py:93} INFO - Found item: 89
[2024-11-20T04:04:37.118+0000] {subprocess.py:93} INFO - Found item: 90
[2024-11-20T04:04:37.118+0000] {subprocess.py:93} INFO - Found item: 91
[2024-11-20T04:04:37.119+0000] {subprocess.py:93} INFO - Found item: 92
[2024-11-20T04:04:37.119+0000] {subprocess.py:93} INFO - Found item: 93
[2024-11-20T04:04:37.119+0000] {subprocess.py:93} INFO - Found item: 94
[2024-11-20T04:04:37.119+0000] {subprocess.py:93} INFO - Found item: 95
[2024-11-20T04:04:37.119+0000] {subprocess.py:93} INFO - Found item: 96
[2024-11-20T04:04:37.120+0000] {subprocess.py:93} INFO - Found item: 97
[2024-11-20T04:04:37.120+0000] {subprocess.py:93} INFO - Found item: 98
[2024-11-20T04:04:37.120+0000] {subprocess.py:93} INFO - Found item: 99
[2024-11-20T04:04:37.120+0000] {subprocess.py:93} INFO - Found item: 100
[2024-11-20T04:04:37.121+0000] {subprocess.py:93} INFO - Found item: 101
[2024-11-20T04:04:37.121+0000] {subprocess.py:93} INFO - Found item: 102
[2024-11-20T04:04:37.123+0000] {subprocess.py:93} INFO - Found item: 103
[2024-11-20T04:04:37.123+0000] {subprocess.py:93} INFO - Found item: 104
[2024-11-20T04:04:37.124+0000] {subprocess.py:93} INFO - Found item: 105
[2024-11-20T04:04:37.124+0000] {subprocess.py:93} INFO - Found item: 106
[2024-11-20T04:04:37.124+0000] {subprocess.py:93} INFO - Found item: 107
[2024-11-20T04:04:37.124+0000] {subprocess.py:93} INFO - Found item: 108
[2024-11-20T04:04:37.124+0000] {subprocess.py:93} INFO - Found item: 109
[2024-11-20T04:04:37.125+0000] {subprocess.py:93} INFO - Found item: 110
[2024-11-20T04:04:37.125+0000] {subprocess.py:93} INFO - Found item: 111
[2024-11-20T04:04:37.125+0000] {subprocess.py:93} INFO - Found item: 112
[2024-11-20T04:04:37.125+0000] {subprocess.py:93} INFO - Found item: 113
[2024-11-20T04:04:37.125+0000] {subprocess.py:93} INFO - Found item: 114
[2024-11-20T04:04:37.125+0000] {subprocess.py:93} INFO - Found item: 115
[2024-11-20T04:04:37.126+0000] {subprocess.py:93} INFO - Found item: 116
[2024-11-20T04:04:37.126+0000] {subprocess.py:93} INFO - Found item: 117
[2024-11-20T04:04:37.126+0000] {subprocess.py:93} INFO - Found item: 118
[2024-11-20T04:04:37.127+0000] {subprocess.py:93} INFO - Found item: 119
[2024-11-20T04:04:37.127+0000] {subprocess.py:93} INFO - Found item: 120
[2024-11-20T04:04:37.127+0000] {subprocess.py:93} INFO - Found item: 121
[2024-11-20T04:04:37.127+0000] {subprocess.py:93} INFO - Found item: 122
[2024-11-20T04:04:37.127+0000] {subprocess.py:93} INFO - Found item: 123
[2024-11-20T04:04:37.128+0000] {subprocess.py:93} INFO - Found item: 124
[2024-11-20T04:04:37.128+0000] {subprocess.py:93} INFO - Found item: 125
[2024-11-20T04:04:37.128+0000] {subprocess.py:93} INFO - Found item: 126
[2024-11-20T04:04:37.128+0000] {subprocess.py:93} INFO - Found item: 127
[2024-11-20T04:04:37.129+0000] {subprocess.py:93} INFO - Found item: 128
[2024-11-20T04:04:37.129+0000] {subprocess.py:93} INFO - Found item: 129
[2024-11-20T04:04:37.129+0000] {subprocess.py:93} INFO - Found item: 130
[2024-11-20T04:04:37.129+0000] {subprocess.py:93} INFO - Found item: 131
[2024-11-20T04:04:37.129+0000] {subprocess.py:93} INFO - Found item: 132
[2024-11-20T04:04:37.130+0000] {subprocess.py:93} INFO - Found item: 133
[2024-11-20T04:04:37.130+0000] {subprocess.py:93} INFO - Found item: 134
[2024-11-20T04:04:37.130+0000] {subprocess.py:93} INFO - Found item: 135
[2024-11-20T04:04:37.130+0000] {subprocess.py:93} INFO - Found item: 136
[2024-11-20T04:04:37.130+0000] {subprocess.py:93} INFO - Found item: 137
[2024-11-20T04:04:37.131+0000] {subprocess.py:93} INFO - Found item: 138
[2024-11-20T04:04:37.131+0000] {subprocess.py:93} INFO - Found item: 139
[2024-11-20T04:04:37.131+0000] {subprocess.py:93} INFO - Found item: 140
[2024-11-20T04:04:37.131+0000] {subprocess.py:93} INFO - Found item: 141
[2024-11-20T04:04:37.131+0000] {subprocess.py:93} INFO - Found item: 142
[2024-11-20T04:04:37.131+0000] {subprocess.py:93} INFO - Found item: 143
[2024-11-20T04:04:37.132+0000] {subprocess.py:93} INFO - Found item: 144
[2024-11-20T04:04:37.132+0000] {subprocess.py:93} INFO - Found item: 145
[2024-11-20T04:04:37.132+0000] {subprocess.py:93} INFO - Found item: 146
[2024-11-20T04:04:37.133+0000] {subprocess.py:93} INFO - Found item: 147
[2024-11-20T04:04:37.133+0000] {subprocess.py:93} INFO - Found item: 148
[2024-11-20T04:04:37.134+0000] {subprocess.py:93} INFO - Found item: 149
[2024-11-20T04:04:37.599+0000] {subprocess.py:97} INFO - Command exited with return code 0
[2024-11-20T04:04:37.617+0000] {taskinstance.py:340} INFO - ::group::Post task execution logs
[2024-11-20T04:04:37.618+0000] {taskinstance.py:352} INFO - Marking task as SUCCESS. dag_id=main_dag, task_id=laptop_scraping_tasks.scrape_laptopworld, run_id=manual__2024-11-20T02:00:30.526702+00:00, execution_date=20241120T020030, start_date=20241120T033758, end_date=20241120T040437
[2024-11-20T04:04:37.646+0000] {local_task_job_runner.py:266} INFO - Task exited with return code 0
[2024-11-20T04:04:37.676+0000] {logging_mixin.py:190} WARNING - /usr/local/lib/python3.11/site-packages/***/models/baseoperator.py:1378 AirflowProviderDeprecationWarning: Call to deprecated class PostgresOperator. (Please use `***.providers.common.sql.operators.sql.SQLExecuteQueryOperator`.Also, you can provide `hook_params={'schema': <database>}`.)
[2024-11-20T04:04:37.698+0000] {taskinstance.py:3900} INFO - 0 downstream tasks scheduled from follow-on schedule check
[2024-11-20T04:04:37.701+0000] {local_task_job_runner.py:245} INFO - ::endgroup::
