[2024-11-20T14:53:53.042+0000] {local_task_job_runner.py:123} INFO - ::group::Pre task execution logs
[2024-11-20T14:53:53.158+0000] {taskinstance.py:2612} INFO - Dependencies all met for dep_context=non-requeueable deps ti=<TaskInstance: main_dag.laptop_scraping_tasks.scrape_laptopworld manual__2024-11-20T02:00:30.526702+00:00 [queued]>
[2024-11-20T14:53:53.166+0000] {taskinstance.py:2612} INFO - Dependencies all met for dep_context=requeueable deps ti=<TaskInstance: main_dag.laptop_scraping_tasks.scrape_laptopworld manual__2024-11-20T02:00:30.526702+00:00 [queued]>
[2024-11-20T14:53:53.166+0000] {taskinstance.py:2865} INFO - Starting attempt 2 of 3
[2024-11-20T14:53:53.185+0000] {taskinstance.py:2888} INFO - Executing <Task(BashOperator): laptop_scraping_tasks.scrape_laptopworld> on 2024-11-20 02:00:30.526702+00:00
[2024-11-20T14:53:53.188+0000] {standard_task_runner.py:72} INFO - Started process 2687 to run task
[2024-11-20T14:53:53.193+0000] {standard_task_runner.py:104} INFO - Running: ['***', 'tasks', 'run', 'main_dag', 'laptop_scraping_tasks.scrape_laptopworld', 'manual__2024-11-20T02:00:30.526702+00:00', '--job-id', '50', '--raw', '--subdir', 'DAGS_FOLDER/main_dag.py', '--cfg-path', '/tmp/tmprbn9bder']
[2024-11-20T14:53:53.194+0000] {standard_task_runner.py:105} INFO - Job 50: Subtask laptop_scraping_tasks.scrape_laptopworld
[2024-11-20T14:53:53.257+0000] {task_command.py:467} INFO - Running <TaskInstance: main_dag.laptop_scraping_tasks.scrape_laptopworld manual__2024-11-20T02:00:30.526702+00:00 [running]> on host 7331716c13db
[2024-11-20T14:53:53.334+0000] {taskinstance.py:3131} INFO - Exporting env vars: AIRFLOW_CTX_DAG_OWNER='veil' AIRFLOW_CTX_DAG_ID='main_dag' AIRFLOW_CTX_TASK_ID='laptop_scraping_tasks.scrape_laptopworld' AIRFLOW_CTX_EXECUTION_DATE='2024-11-20T02:00:30.526702+00:00' AIRFLOW_CTX_TRY_NUMBER='2' AIRFLOW_CTX_DAG_RUN_ID='manual__2024-11-20T02:00:30.526702+00:00'
[2024-11-20T14:53:53.336+0000] {taskinstance.py:731} INFO - ::endgroup::
[2024-11-20T14:53:53.348+0000] {subprocess.py:63} INFO - Tmp dir root location: /tmp
[2024-11-20T14:53:53.349+0000] {subprocess.py:75} INFO - Running command: ['/usr/bin/bash', '-c', 'cd /app/scraper && scrapy crawl laptopworld_spider -O ../temp/laptopworld_data.json']
[2024-11-20T14:53:53.355+0000] {subprocess.py:86} INFO - Output:
[2024-11-20T15:42:48.344+0000] {subprocess.py:93} INFO - Reached page: https://laptopworld.vn/san-pham-apple/laptop-apple.html
[2024-11-20T15:42:48.345+0000] {subprocess.py:93} INFO - Reached page: https://laptopworld.vn/laptop-games-do-hoa.html
[2024-11-20T15:42:48.346+0000] {subprocess.py:93} INFO - Found item: 1
[2024-11-20T15:42:48.347+0000] {subprocess.py:93} INFO - Found item: 2
[2024-11-20T15:42:48.347+0000] {subprocess.py:93} INFO - Found item: 3
[2024-11-20T15:42:48.347+0000] {subprocess.py:93} INFO - Found item: 4
[2024-11-20T15:42:48.347+0000] {subprocess.py:93} INFO - Found item: 5
[2024-11-20T15:42:48.347+0000] {subprocess.py:93} INFO - Reached page: https://laptopworld.vn/san-pham-apple/laptop-apple.html?page=7
[2024-11-20T15:42:48.348+0000] {subprocess.py:93} INFO - Reached page: https://laptopworld.vn/san-pham-apple/laptop-apple.html?page=6
[2024-11-20T15:42:48.348+0000] {subprocess.py:93} INFO - Reached page: https://laptopworld.vn/san-pham-apple/laptop-apple.html?page=5
[2024-11-20T15:42:48.348+0000] {subprocess.py:93} INFO - Reached page: https://laptopworld.vn/san-pham-apple/laptop-apple.html?page=4
[2024-11-20T15:42:48.348+0000] {subprocess.py:93} INFO - Reached page: https://laptopworld.vn/san-pham-apple/laptop-apple.html?page=3
[2024-11-20T15:42:48.349+0000] {subprocess.py:93} INFO - Reached page: https://laptopworld.vn/san-pham-apple/laptop-apple.html?page=2
[2024-11-20T15:42:48.349+0000] {subprocess.py:93} INFO - Found item: 6
[2024-11-20T15:42:48.349+0000] {subprocess.py:93} INFO - Found item: 7
[2024-11-20T15:42:48.350+0000] {subprocess.py:93} INFO - Found item: 8
[2024-11-20T15:42:48.350+0000] {subprocess.py:93} INFO - Found item: 9
[2024-11-20T15:42:48.350+0000] {subprocess.py:93} INFO - Found item: 10
[2024-11-20T15:42:48.350+0000] {subprocess.py:93} INFO - Reached page: https://laptopworld.vn/laptop-games-do-hoa.html?page=7
[2024-11-20T15:42:48.350+0000] {subprocess.py:93} INFO - Reached page: https://laptopworld.vn/laptop-games-do-hoa.html?page=6
[2024-11-20T15:42:48.351+0000] {subprocess.py:93} INFO - Reached page: https://laptopworld.vn/laptop-games-do-hoa.html?page=5
[2024-11-20T15:42:48.351+0000] {subprocess.py:93} INFO - Reached page: https://laptopworld.vn/laptop-games-do-hoa.html?page=4
[2024-11-20T15:42:48.351+0000] {subprocess.py:93} INFO - Reached page: https://laptopworld.vn/laptop-games-do-hoa.html?page=3
[2024-11-20T15:42:48.351+0000] {subprocess.py:93} INFO - Reached page: https://laptopworld.vn/laptop-games-do-hoa.html?page=2
[2024-11-20T15:42:48.351+0000] {subprocess.py:93} INFO - Found item: 11
[2024-11-20T15:42:48.352+0000] {subprocess.py:93} INFO - Found item: 12
[2024-11-20T15:42:48.352+0000] {subprocess.py:93} INFO - Found item: 13
[2024-11-20T15:42:48.352+0000] {subprocess.py:93} INFO - Found item: 14
[2024-11-20T15:42:48.352+0000] {subprocess.py:93} INFO - Found item: 15
[2024-11-20T15:42:48.352+0000] {subprocess.py:93} INFO - Found item: 16
[2024-11-20T15:42:48.353+0000] {subprocess.py:93} INFO - Found item: 17
[2024-11-20T15:42:48.354+0000] {subprocess.py:93} INFO - Found item: 18
[2024-11-20T15:42:48.354+0000] {subprocess.py:93} INFO - Found item: 19
[2024-11-20T15:42:48.355+0000] {subprocess.py:93} INFO - Found item: 20
[2024-11-20T15:42:48.355+0000] {subprocess.py:93} INFO - Found item: 21
[2024-11-20T15:42:48.356+0000] {subprocess.py:93} INFO - Reached page: https://laptopworld.vn/laptop-games-do-hoa.html?page=10
[2024-11-20T15:42:48.356+0000] {subprocess.py:93} INFO - Reached page: https://laptopworld.vn/laptop-games-do-hoa.html?page=9
[2024-11-20T15:42:48.356+0000] {subprocess.py:93} INFO - Skipped: máy chơi game lenovo legion go 8apu1 83e1004kvn (amd ryzen z1 extreme | 16gb | 512gb | 8.8 inch wqxga | win 11)
[2024-11-20T15:42:48.357+0000] {subprocess.py:93} INFO - Found item: 22
[2024-11-20T15:42:48.357+0000] {subprocess.py:93} INFO - Found item: 23
[2024-11-20T15:42:48.357+0000] {subprocess.py:93} INFO - Found item: 24
[2024-11-20T15:42:48.357+0000] {subprocess.py:93} INFO - Found item: 25
[2024-11-20T15:42:48.357+0000] {subprocess.py:93} INFO - Found item: 26
[2024-11-20T15:42:48.358+0000] {subprocess.py:93} INFO - Found item: 27
[2024-11-20T15:42:48.358+0000] {subprocess.py:93} INFO - Found item: 28
[2024-11-20T15:42:48.359+0000] {subprocess.py:93} INFO - Found item: 29
[2024-11-20T15:42:48.359+0000] {subprocess.py:93} INFO - Found item: 30
[2024-11-20T15:42:48.359+0000] {subprocess.py:93} INFO - Found item: 31
[2024-11-20T15:42:48.359+0000] {subprocess.py:93} INFO - Found item: 32
[2024-11-20T15:42:48.359+0000] {subprocess.py:93} INFO - Found item: 33
[2024-11-20T15:42:48.360+0000] {subprocess.py:93} INFO - Found item: 34
[2024-11-20T15:42:48.360+0000] {subprocess.py:93} INFO - Found item: 35
[2024-11-20T15:42:48.360+0000] {subprocess.py:93} INFO - Reached page: https://laptopworld.vn/laptop-games-do-hoa.html?page=11
[2024-11-20T15:42:48.360+0000] {subprocess.py:93} INFO - Found item: 36
[2024-11-20T15:42:48.361+0000] {subprocess.py:93} INFO - Found item: 37
[2024-11-20T15:42:48.361+0000] {subprocess.py:93} INFO - Found item: 38
[2024-11-20T15:42:48.361+0000] {subprocess.py:93} INFO - Found item: 39
[2024-11-20T15:42:48.362+0000] {subprocess.py:93} INFO - Found item: 40
[2024-11-20T15:42:48.362+0000] {subprocess.py:93} INFO - Found item: 41
[2024-11-20T15:42:48.362+0000] {subprocess.py:93} INFO - Found item: 42
[2024-11-20T15:42:48.363+0000] {subprocess.py:93} INFO - Found item: 43
[2024-11-20T15:42:48.363+0000] {subprocess.py:93} INFO - Found item: 44
[2024-11-20T15:42:48.364+0000] {subprocess.py:93} INFO - Found item: 45
[2024-11-20T15:42:48.364+0000] {subprocess.py:93} INFO - Found item: 46
[2024-11-20T15:42:48.364+0000] {subprocess.py:93} INFO - Found item: 47
[2024-11-20T15:42:48.365+0000] {subprocess.py:93} INFO - Found item: 48
[2024-11-20T15:42:48.365+0000] {subprocess.py:93} INFO - Found item: 49
[2024-11-20T15:42:48.365+0000] {subprocess.py:93} INFO - Found item: 50
[2024-11-20T15:42:48.366+0000] {subprocess.py:93} INFO - Found item: 51
[2024-11-20T15:42:48.366+0000] {subprocess.py:93} INFO - Found item: 52
[2024-11-20T15:42:48.366+0000] {subprocess.py:93} INFO - Found item: 53
[2024-11-20T15:42:48.367+0000] {subprocess.py:93} INFO - Found item: 54
[2024-11-20T15:42:48.367+0000] {subprocess.py:93} INFO - Found item: 55
[2024-11-20T15:42:48.368+0000] {subprocess.py:93} INFO - Found item: 56
[2024-11-20T15:42:48.368+0000] {subprocess.py:93} INFO - Found item: 57
[2024-11-20T15:42:48.369+0000] {subprocess.py:93} INFO - Found item: 58
[2024-11-20T15:42:48.369+0000] {subprocess.py:93} INFO - Found item: 59
[2024-11-20T15:42:48.369+0000] {subprocess.py:93} INFO - Found item: 60
[2024-11-20T15:42:48.370+0000] {subprocess.py:93} INFO - Found item: 61
[2024-11-20T15:42:48.370+0000] {subprocess.py:93} INFO - Found item: 62
[2024-11-20T15:42:48.370+0000] {subprocess.py:93} INFO - Found item: 63
[2024-11-20T15:42:48.371+0000] {subprocess.py:93} INFO - Found item: 64
[2024-11-20T15:42:48.371+0000] {subprocess.py:93} INFO - Found item: 65
[2024-11-20T15:42:48.371+0000] {subprocess.py:93} INFO - Found item: 66
[2024-11-20T15:42:48.371+0000] {subprocess.py:93} INFO - Found item: 67
[2024-11-20T15:42:48.372+0000] {subprocess.py:93} INFO - Found item: 68
[2024-11-20T15:42:48.372+0000] {subprocess.py:93} INFO - Found item: 69
[2024-11-20T15:42:48.373+0000] {subprocess.py:93} INFO - Found item: 70
[2024-11-20T15:42:48.373+0000] {subprocess.py:93} INFO - Found item: 71
[2024-11-20T15:42:48.373+0000] {subprocess.py:93} INFO - Found item: 72
[2024-11-20T15:42:48.374+0000] {subprocess.py:93} INFO - Found item: 73
[2024-11-20T15:42:48.374+0000] {subprocess.py:93} INFO - Found item: 74
[2024-11-20T15:42:48.375+0000] {subprocess.py:93} INFO - Found item: 75
[2024-11-20T15:42:48.375+0000] {subprocess.py:93} INFO - Found item: 76
[2024-11-20T15:42:48.375+0000] {subprocess.py:93} INFO - Found item: 77
[2024-11-20T15:42:48.375+0000] {subprocess.py:93} INFO - Found item: 78
[2024-11-20T15:42:48.376+0000] {subprocess.py:93} INFO - Found item: 79
[2024-11-20T15:42:48.376+0000] {subprocess.py:93} INFO - Found item: 80
[2024-11-20T15:42:48.377+0000] {subprocess.py:93} INFO - Found item: 81
[2024-11-20T15:42:48.377+0000] {subprocess.py:93} INFO - Found item: 82
[2024-11-20T15:42:48.378+0000] {subprocess.py:93} INFO - Found item: 83
[2024-11-20T15:42:48.378+0000] {subprocess.py:93} INFO - Found item: 84
[2024-11-20T15:42:48.379+0000] {subprocess.py:93} INFO - Found item: 85
[2024-11-20T15:42:48.380+0000] {subprocess.py:93} INFO - Found item: 86
[2024-11-20T15:42:48.380+0000] {subprocess.py:93} INFO - Found item: 87
[2024-11-20T15:42:48.381+0000] {subprocess.py:93} INFO - Found item: 88
[2024-11-20T15:42:48.381+0000] {subprocess.py:93} INFO - Found item: 89
[2024-11-20T15:42:48.382+0000] {subprocess.py:93} INFO - Found item: 90
[2024-11-20T15:42:48.382+0000] {subprocess.py:93} INFO - Found item: 91
[2024-11-20T15:42:48.383+0000] {subprocess.py:93} INFO - Found item: 92
[2024-11-20T15:42:48.384+0000] {subprocess.py:93} INFO - Found item: 93
[2024-11-20T15:42:48.384+0000] {subprocess.py:93} INFO - Found item: 94
[2024-11-20T15:42:48.384+0000] {subprocess.py:93} INFO - Found item: 95
[2024-11-20T15:42:48.385+0000] {subprocess.py:93} INFO - Found item: 96
[2024-11-20T15:42:48.385+0000] {subprocess.py:93} INFO - Found item: 97
[2024-11-20T15:42:48.385+0000] {subprocess.py:93} INFO - Found item: 98
[2024-11-20T15:42:48.385+0000] {subprocess.py:93} INFO - Found item: 99
[2024-11-20T15:42:48.386+0000] {subprocess.py:93} INFO - Found item: 100
[2024-11-20T15:42:48.386+0000] {subprocess.py:93} INFO - Found item: 101
[2024-11-20T15:42:48.386+0000] {subprocess.py:93} INFO - Found item: 102
[2024-11-20T15:42:48.386+0000] {subprocess.py:93} INFO - Found item: 103
[2024-11-20T15:42:48.387+0000] {subprocess.py:93} INFO - Found item: 104
[2024-11-20T15:42:48.387+0000] {subprocess.py:93} INFO - Found item: 105
[2024-11-20T15:42:48.387+0000] {subprocess.py:93} INFO - Found item: 106
[2024-11-20T15:42:48.388+0000] {subprocess.py:93} INFO - Found item: 107
[2024-11-20T15:42:48.388+0000] {subprocess.py:93} INFO - Found item: 108
[2024-11-20T15:42:48.389+0000] {subprocess.py:93} INFO - Found item: 109
[2024-11-20T15:42:48.389+0000] {subprocess.py:93} INFO - Found item: 110
[2024-11-20T15:42:48.389+0000] {subprocess.py:93} INFO - Found item: 111
[2024-11-20T15:42:48.390+0000] {subprocess.py:93} INFO - Found item: 112
[2024-11-20T15:42:48.390+0000] {subprocess.py:93} INFO - Found item: 113
[2024-11-20T15:42:48.390+0000] {subprocess.py:93} INFO - Found item: 114
[2024-11-20T15:42:48.390+0000] {subprocess.py:93} INFO - Found item: 115
[2024-11-20T15:42:48.391+0000] {subprocess.py:93} INFO - Found item: 116
[2024-11-20T15:42:48.391+0000] {subprocess.py:93} INFO - Found item: 117
[2024-11-20T15:42:48.391+0000] {subprocess.py:93} INFO - Found item: 118
[2024-11-20T15:42:48.392+0000] {subprocess.py:93} INFO - Found item: 119
[2024-11-20T15:42:48.392+0000] {subprocess.py:93} INFO - Found item: 120
[2024-11-20T15:42:48.393+0000] {subprocess.py:93} INFO - Found item: 121
[2024-11-20T15:42:48.393+0000] {subprocess.py:93} INFO - Found item: 122
[2024-11-20T15:42:48.393+0000] {subprocess.py:93} INFO - Found item: 123
[2024-11-20T15:42:48.394+0000] {subprocess.py:93} INFO - Found item: 124
[2024-11-20T15:42:48.394+0000] {subprocess.py:93} INFO - Found item: 125
[2024-11-20T15:42:48.394+0000] {subprocess.py:93} INFO - Found item: 126
[2024-11-20T15:42:48.395+0000] {subprocess.py:93} INFO - Found item: 127
[2024-11-20T15:42:48.395+0000] {subprocess.py:93} INFO - Found item: 128
[2024-11-20T15:42:48.395+0000] {subprocess.py:93} INFO - Found item: 129
[2024-11-20T15:42:48.396+0000] {subprocess.py:93} INFO - Skipped: máy chơi game asus rog ally rc71l-nh019w (amd ryzen z1 | 16gb | amd radeon | 512gb | 7.0 inch fhd ips | win 11)
[2024-11-20T15:42:48.396+0000] {subprocess.py:93} INFO - Found item: 130
[2024-11-20T15:42:48.396+0000] {subprocess.py:93} INFO - Found item: 131
[2024-11-20T15:42:48.396+0000] {subprocess.py:93} INFO - Found item: 132
[2024-11-20T15:42:48.396+0000] {subprocess.py:93} INFO - Found item: 133
[2024-11-20T15:42:48.397+0000] {subprocess.py:93} INFO - Found item: 134
[2024-11-20T15:42:48.397+0000] {subprocess.py:93} INFO - Found item: 135
[2024-11-20T15:42:48.397+0000] {subprocess.py:93} INFO - Found item: 136
[2024-11-20T15:42:48.397+0000] {subprocess.py:93} INFO - Found item: 137
[2024-11-20T15:42:48.398+0000] {subprocess.py:93} INFO - Found item: 138
[2024-11-20T15:42:48.398+0000] {subprocess.py:93} INFO - Found item: 139
[2024-11-20T15:42:48.398+0000] {subprocess.py:93} INFO - Found item: 140
[2024-11-20T15:42:48.398+0000] {subprocess.py:93} INFO - Found item: 141
[2024-11-20T15:42:48.398+0000] {subprocess.py:93} INFO - Found item: 142
[2024-11-20T15:42:48.398+0000] {subprocess.py:93} INFO - Found item: 143
[2024-11-20T15:42:48.399+0000] {subprocess.py:93} INFO - Found item: 144
[2024-11-20T15:42:48.399+0000] {subprocess.py:93} INFO - Found item: 145
[2024-11-20T15:42:48.399+0000] {subprocess.py:93} INFO - Found item: 146
[2024-11-20T15:42:48.399+0000] {subprocess.py:93} INFO - Found item: 147
[2024-11-20T15:42:48.399+0000] {subprocess.py:93} INFO - Found item: 148
[2024-11-20T15:42:48.399+0000] {subprocess.py:93} INFO - Found item: 149
[2024-11-20T15:42:48.400+0000] {subprocess.py:93} INFO - Found item: 150
[2024-11-20T15:42:48.400+0000] {subprocess.py:93} INFO - Found item: 151
[2024-11-20T15:42:48.400+0000] {subprocess.py:93} INFO - Found item: 152
[2024-11-20T15:42:48.400+0000] {subprocess.py:93} INFO - Found item: 153
[2024-11-20T15:42:48.400+0000] {subprocess.py:93} INFO - Found item: 154
[2024-11-20T15:42:48.401+0000] {subprocess.py:93} INFO - Found item: 155
[2024-11-20T15:42:48.401+0000] {subprocess.py:93} INFO - Found item: 156
[2024-11-20T15:42:48.401+0000] {subprocess.py:93} INFO - Found item: 157
[2024-11-20T15:42:48.401+0000] {subprocess.py:93} INFO - Found item: 158
[2024-11-20T15:42:48.401+0000] {subprocess.py:93} INFO - Found item: 159
[2024-11-20T15:42:48.402+0000] {subprocess.py:93} INFO - Found item: 160
[2024-11-20T15:42:48.402+0000] {subprocess.py:93} INFO - Found item: 161
[2024-11-20T15:42:48.402+0000] {subprocess.py:93} INFO - Found item: 162
[2024-11-20T15:42:48.403+0000] {subprocess.py:93} INFO - Skipped: máy chơi game rog ally x 2024
[2024-11-20T15:42:48.403+0000] {subprocess.py:93} INFO - Found item: 163
[2024-11-20T15:42:48.403+0000] {subprocess.py:93} INFO - Found item: 164
[2024-11-20T15:42:48.403+0000] {subprocess.py:93} INFO - Found item: 165
[2024-11-20T15:42:48.403+0000] {subprocess.py:93} INFO - Found item: 166
[2024-11-20T15:42:48.403+0000] {subprocess.py:93} INFO - Found item: 167
[2024-11-20T15:42:48.404+0000] {subprocess.py:93} INFO - Found item: 168
[2024-11-20T15:42:48.404+0000] {subprocess.py:93} INFO - Reached page: https://laptopworld.vn/laptop-games-do-hoa.html?page=8
[2024-11-20T15:42:48.404+0000] {subprocess.py:93} INFO - Found item: 169
[2024-11-20T15:42:48.404+0000] {subprocess.py:93} INFO - Found item: 170
[2024-11-20T15:42:48.405+0000] {subprocess.py:93} INFO - Found item: 171
[2024-11-20T15:42:48.405+0000] {subprocess.py:93} INFO - Found item: 172
[2024-11-20T15:42:48.405+0000] {subprocess.py:93} INFO - Found item: 173
[2024-11-20T15:42:48.405+0000] {subprocess.py:93} INFO - Found item: 174
[2024-11-20T15:42:48.406+0000] {subprocess.py:93} INFO - Found item: 175
[2024-11-20T15:42:48.406+0000] {subprocess.py:93} INFO - Found item: 176
[2024-11-20T15:42:48.407+0000] {subprocess.py:93} INFO - Found item: 177
[2024-11-20T15:42:48.407+0000] {subprocess.py:93} INFO - Found item: 178
[2024-11-20T15:42:48.408+0000] {subprocess.py:93} INFO - Found item: 179
[2024-11-20T15:42:48.408+0000] {subprocess.py:93} INFO - Found item: 180
[2024-11-20T15:42:48.408+0000] {subprocess.py:93} INFO - Found item: 181
[2024-11-20T15:42:48.409+0000] {subprocess.py:93} INFO - Found item: 182
[2024-11-20T15:42:48.409+0000] {subprocess.py:93} INFO - Found item: 183
[2024-11-20T15:42:48.409+0000] {subprocess.py:93} INFO - Found item: 184
[2024-11-20T15:42:48.409+0000] {subprocess.py:93} INFO - Found item: 185
[2024-11-20T15:42:48.410+0000] {subprocess.py:93} INFO - Found item: 186
[2024-11-20T15:42:48.410+0000] {subprocess.py:93} INFO - Found item: 187
[2024-11-20T15:42:48.410+0000] {subprocess.py:93} INFO - Found item: 188
[2024-11-20T15:42:48.410+0000] {subprocess.py:93} INFO - Found item: 189
[2024-11-20T15:42:48.411+0000] {subprocess.py:93} INFO - Found item: 190
[2024-11-20T15:42:48.411+0000] {subprocess.py:93} INFO - Skipped: máy chơi game cầm tay msi claw a1m 049vn (intel core ultra 7 155h | 16gb | 512gb | 7 inch fhd 120hz | win 11)
[2024-11-20T15:42:48.411+0000] {subprocess.py:93} INFO - Found item: 191
[2024-11-20T15:42:48.411+0000] {subprocess.py:93} INFO - Found item: 192
[2024-11-20T15:42:48.412+0000] {subprocess.py:93} INFO - Found item: 193
[2024-11-20T15:42:48.412+0000] {subprocess.py:93} INFO - Found item: 194
[2024-11-20T15:42:48.412+0000] {subprocess.py:93} INFO - Found item: 195
[2024-11-20T15:42:48.413+0000] {subprocess.py:93} INFO - Found item: 196
[2024-11-20T15:42:48.413+0000] {subprocess.py:93} INFO - Found item: 197
[2024-11-20T15:42:48.413+0000] {subprocess.py:93} INFO - Found item: 198
[2024-11-20T15:42:48.413+0000] {subprocess.py:93} INFO - Found item: 199
[2024-11-20T15:42:48.413+0000] {subprocess.py:93} INFO - Found item: 200
[2024-11-20T15:42:48.414+0000] {subprocess.py:93} INFO - Found item: 201
[2024-11-20T15:42:48.414+0000] {subprocess.py:93} INFO - Found item: 202
[2024-11-20T15:42:48.414+0000] {subprocess.py:93} INFO - Found item: 203
[2024-11-20T15:42:48.414+0000] {subprocess.py:93} INFO - Found item: 204
[2024-11-20T15:42:48.414+0000] {subprocess.py:93} INFO - Found item: 205
[2024-11-20T15:42:48.414+0000] {subprocess.py:93} INFO - Found item: 206
[2024-11-20T15:42:48.415+0000] {subprocess.py:93} INFO - Found item: 207
[2024-11-20T15:42:48.415+0000] {subprocess.py:93} INFO - Found item: 208
[2024-11-20T15:42:48.415+0000] {subprocess.py:93} INFO - Found item: 209
[2024-11-20T15:42:48.415+0000] {subprocess.py:93} INFO - Found item: 210
[2024-11-20T15:42:48.415+0000] {subprocess.py:93} INFO - Found item: 211
[2024-11-20T15:42:48.415+0000] {subprocess.py:93} INFO - Found item: 212
[2024-11-20T15:42:48.415+0000] {subprocess.py:93} INFO - Found item: 213
[2024-11-20T15:42:48.416+0000] {subprocess.py:93} INFO - Found item: 214
[2024-11-20T15:42:48.416+0000] {subprocess.py:93} INFO - Found item: 215
[2024-11-20T15:42:48.416+0000] {subprocess.py:93} INFO - Found item: 216
[2024-11-20T15:42:48.416+0000] {subprocess.py:93} INFO - Found item: 217
[2024-11-20T15:42:48.416+0000] {subprocess.py:93} INFO - Found item: 218
[2024-11-20T15:42:48.416+0000] {subprocess.py:93} INFO - Found item: 219
[2024-11-20T15:42:48.417+0000] {subprocess.py:93} INFO - Found item: 220
[2024-11-20T15:42:48.417+0000] {subprocess.py:93} INFO - Found item: 221
[2024-11-20T15:42:48.417+0000] {subprocess.py:93} INFO - Found item: 222
[2024-11-20T15:42:48.417+0000] {subprocess.py:93} INFO - Found item: 223
[2024-11-20T15:42:48.418+0000] {subprocess.py:93} INFO - Found item: 224
[2024-11-20T15:42:48.418+0000] {subprocess.py:93} INFO - Found item: 225
[2024-11-20T15:42:48.418+0000] {subprocess.py:93} INFO - Found item: 226
[2024-11-20T15:42:48.418+0000] {subprocess.py:93} INFO - Found item: 227
[2024-11-20T15:42:48.419+0000] {subprocess.py:93} INFO - Found item: 228
[2024-11-20T15:42:48.419+0000] {subprocess.py:93} INFO - Found item: 229
[2024-11-20T15:42:48.419+0000] {subprocess.py:93} INFO - Found item: 230
[2024-11-20T15:42:48.419+0000] {subprocess.py:93} INFO - Found item: 231
[2024-11-20T15:42:48.420+0000] {subprocess.py:93} INFO - Found item: 232
[2024-11-20T15:42:48.420+0000] {subprocess.py:93} INFO - Found item: 233
[2024-11-20T15:42:48.420+0000] {subprocess.py:93} INFO - Found item: 234
[2024-11-20T15:42:48.420+0000] {subprocess.py:93} INFO - Found item: 235
[2024-11-20T15:42:48.420+0000] {subprocess.py:93} INFO - Found item: 236
[2024-11-20T15:42:48.420+0000] {subprocess.py:93} INFO - Found item: 237
[2024-11-20T15:42:48.420+0000] {subprocess.py:93} INFO - Found item: 238
[2024-11-20T15:42:48.421+0000] {subprocess.py:93} INFO - Found item: 239
[2024-11-20T15:42:48.421+0000] {subprocess.py:93} INFO - Found item: 240
[2024-11-20T15:42:48.421+0000] {subprocess.py:93} INFO - Found item: 241
[2024-11-20T15:42:48.421+0000] {subprocess.py:93} INFO - Found item: 242
[2024-11-20T15:42:48.421+0000] {subprocess.py:93} INFO - Found item: 243
[2024-11-20T15:42:48.422+0000] {subprocess.py:93} INFO - Found item: 244
[2024-11-20T15:42:48.422+0000] {subprocess.py:93} INFO - Found item: 245
[2024-11-20T15:42:48.422+0000] {subprocess.py:93} INFO - Found item: 246
[2024-11-20T15:42:48.422+0000] {subprocess.py:93} INFO - Found item: 247
[2024-11-20T15:42:48.423+0000] {subprocess.py:93} INFO - Found item: 248
[2024-11-20T15:42:48.423+0000] {subprocess.py:93} INFO - Found item: 249
[2024-11-20T15:42:48.423+0000] {subprocess.py:93} INFO - Found item: 250
[2024-11-20T15:42:48.423+0000] {subprocess.py:93} INFO - Found item: 251
[2024-11-20T15:42:48.424+0000] {subprocess.py:93} INFO - Found item: 252
[2024-11-20T15:42:48.424+0000] {subprocess.py:93} INFO - Found item: 253
[2024-11-20T15:42:48.424+0000] {subprocess.py:93} INFO - Found item: 254
[2024-11-20T15:42:48.424+0000] {subprocess.py:93} INFO - Found item: 255
[2024-11-20T15:42:48.425+0000] {subprocess.py:93} INFO - Found item: 256
[2024-11-20T15:42:48.425+0000] {subprocess.py:93} INFO - Found item: 257
[2024-11-20T15:42:48.425+0000] {subprocess.py:93} INFO - Found item: 258
[2024-11-20T15:42:48.425+0000] {subprocess.py:93} INFO - Found item: 259
[2024-11-20T15:42:48.426+0000] {subprocess.py:93} INFO - Found item: 260
[2024-11-20T15:42:48.426+0000] {subprocess.py:93} INFO - Found item: 261
[2024-11-20T15:42:48.426+0000] {subprocess.py:93} INFO - Found item: 262
[2024-11-20T15:42:48.426+0000] {subprocess.py:93} INFO - Found item: 263
[2024-11-20T15:42:48.427+0000] {subprocess.py:93} INFO - Found item: 264
[2024-11-20T15:42:48.428+0000] {subprocess.py:93} INFO - Found item: 265
[2024-11-20T15:42:48.428+0000] {subprocess.py:93} INFO - Found item: 266
[2024-11-20T15:42:48.428+0000] {subprocess.py:93} INFO - Found item: 267
[2024-11-20T15:42:48.429+0000] {subprocess.py:93} INFO - Found item: 268
[2024-11-20T15:42:48.429+0000] {subprocess.py:93} INFO - Found item: 269
[2024-11-20T15:42:48.429+0000] {subprocess.py:93} INFO - Found item: 270
[2024-11-20T15:42:48.430+0000] {subprocess.py:93} INFO - Found item: 271
[2024-11-20T15:42:48.430+0000] {subprocess.py:93} INFO - Found item: 272
[2024-11-20T15:42:48.430+0000] {subprocess.py:93} INFO - Found item: 273
[2024-11-20T15:42:48.430+0000] {subprocess.py:93} INFO - Found item: 274
[2024-11-20T15:42:48.430+0000] {subprocess.py:93} INFO - Found item: 275
[2024-11-20T15:42:48.431+0000] {subprocess.py:93} INFO - Found item: 276
[2024-11-20T15:42:48.431+0000] {subprocess.py:93} INFO - Found item: 277
[2024-11-20T15:42:48.789+0000] {subprocess.py:97} INFO - Command exited with return code 0
[2024-11-20T15:42:48.800+0000] {taskinstance.py:340} INFO - ::group::Post task execution logs
[2024-11-20T15:42:48.801+0000] {taskinstance.py:352} INFO - Marking task as SUCCESS. dag_id=main_dag, task_id=laptop_scraping_tasks.scrape_laptopworld, run_id=manual__2024-11-20T02:00:30.526702+00:00, execution_date=20241120T020030, start_date=20241120T145353, end_date=20241120T154248
[2024-11-20T15:42:48.832+0000] {local_task_job_runner.py:266} INFO - Task exited with return code 0
[2024-11-20T15:42:48.844+0000] {logging_mixin.py:190} WARNING - /usr/local/lib/python3.11/site-packages/***/models/baseoperator.py:1378 AirflowProviderDeprecationWarning: Call to deprecated class PostgresOperator. (Please use `***.providers.common.sql.operators.sql.SQLExecuteQueryOperator`.Also, you can provide `hook_params={'schema': <database>}`.)
[2024-11-20T15:42:48.851+0000] {taskinstance.py:3900} INFO - 0 downstream tasks scheduled from follow-on schedule check
[2024-11-20T15:42:48.853+0000] {local_task_job_runner.py:245} INFO - ::endgroup::
