[2024-11-20T03:26:12.345+0000] {local_task_job_runner.py:123} INFO - ::group::Pre task execution logs
[2024-11-20T03:26:13.193+0000] {taskinstance.py:2612} INFO - Dependencies all met for dep_context=non-requeueable deps ti=<TaskInstance: main_dag.laptop_scraping_tasks.scrape_fptshop manual__2024-11-20T02:00:30.526702+00:00 [queued]>
[2024-11-20T03:26:13.207+0000] {taskinstance.py:2612} INFO - Dependencies all met for dep_context=requeueable deps ti=<TaskInstance: main_dag.laptop_scraping_tasks.scrape_fptshop manual__2024-11-20T02:00:30.526702+00:00 [queued]>
[2024-11-20T03:26:13.207+0000] {taskinstance.py:2865} INFO - Starting attempt 1 of 2
[2024-11-20T03:26:13.227+0000] {taskinstance.py:2888} INFO - Executing <Task(BashOperator): laptop_scraping_tasks.scrape_fptshop> on 2024-11-20 02:00:30.526702+00:00
[2024-11-20T03:26:13.231+0000] {standard_task_runner.py:72} INFO - Started process 4947 to run task
[2024-11-20T03:26:13.236+0000] {standard_task_runner.py:104} INFO - Running: ['***', 'tasks', 'run', 'main_dag', 'laptop_scraping_tasks.scrape_fptshop', 'manual__2024-11-20T02:00:30.526702+00:00', '--job-id', '5', '--raw', '--subdir', 'DAGS_FOLDER/main_dag.py', '--cfg-path', '/tmp/tmppujqj__t']
[2024-11-20T03:26:13.237+0000] {standard_task_runner.py:105} INFO - Job 5: Subtask laptop_scraping_tasks.scrape_fptshop
[2024-11-20T03:26:13.303+0000] {task_command.py:467} INFO - Running <TaskInstance: main_dag.laptop_scraping_tasks.scrape_fptshop manual__2024-11-20T02:00:30.526702+00:00 [running]> on host 7331716c13db
[2024-11-20T03:26:13.396+0000] {taskinstance.py:3131} INFO - Exporting env vars: AIRFLOW_CTX_DAG_OWNER='veil' AIRFLOW_CTX_DAG_ID='main_dag' AIRFLOW_CTX_TASK_ID='laptop_scraping_tasks.scrape_fptshop' AIRFLOW_CTX_EXECUTION_DATE='2024-11-20T02:00:30.526702+00:00' AIRFLOW_CTX_TRY_NUMBER='1' AIRFLOW_CTX_DAG_RUN_ID='manual__2024-11-20T02:00:30.526702+00:00'
[2024-11-20T03:26:13.398+0000] {taskinstance.py:731} INFO - ::endgroup::
[2024-11-20T03:26:13.412+0000] {subprocess.py:63} INFO - Tmp dir root location: /tmp
[2024-11-20T03:26:13.413+0000] {subprocess.py:75} INFO - Running command: ['/usr/bin/bash', '-c', 'cd /app/scraper && scrapy crawl fptshop_spider -O ../temp/fptshop_data.json']
[2024-11-20T03:26:13.420+0000] {subprocess.py:86} INFO - Output:
[2024-11-20T03:28:06.227+0000] {job.py:229} INFO - Heartbeat recovered after 55.27 seconds
[2024-11-20T03:28:09.858+0000] {subprocess.py:93} INFO - 'Load More' button clicked sucessfully.
[2024-11-20T03:28:09.859+0000] {subprocess.py:93} INFO - 'Load More' button clicked sucessfully.
[2024-11-20T03:28:09.860+0000] {subprocess.py:93} INFO - 'Load More' button clicked sucessfully.
[2024-11-20T03:28:09.860+0000] {subprocess.py:93} INFO - 'Load More' button clicked sucessfully.
[2024-11-20T03:28:09.860+0000] {subprocess.py:93} INFO - 'Load More' button clicked sucessfully.
[2024-11-20T03:28:09.861+0000] {subprocess.py:93} INFO - 'Load More' button clicked sucessfully.
[2024-11-20T03:28:09.861+0000] {subprocess.py:93} INFO - 'Load More' button clicked sucessfully.
[2024-11-20T03:28:09.862+0000] {subprocess.py:93} INFO - 'Load More' button clicked sucessfully.
[2024-11-20T03:28:09.862+0000] {subprocess.py:93} INFO - 'Load More' button clicked sucessfully.
[2024-11-20T03:28:09.863+0000] {subprocess.py:93} INFO - 'Load More' button clicked sucessfully.
[2024-11-20T03:28:09.863+0000] {subprocess.py:93} INFO - No more 'Load More' button
[2024-11-20T03:28:10.023+0000] {subprocess.py:97} INFO - Command exited with return code 0
[2024-11-20T03:28:10.051+0000] {taskinstance.py:340} INFO - ::group::Post task execution logs
[2024-11-20T03:28:10.052+0000] {taskinstance.py:352} INFO - Marking task as SUCCESS. dag_id=main_dag, task_id=laptop_scraping_tasks.scrape_fptshop, run_id=manual__2024-11-20T02:00:30.526702+00:00, execution_date=20241120T020030, start_date=20241120T032613, end_date=20241120T032810
[2024-11-20T03:28:10.082+0000] {local_task_job_runner.py:266} INFO - Task exited with return code 0
[2024-11-20T03:28:10.101+0000] {logging_mixin.py:190} WARNING - /usr/local/lib/python3.11/site-packages/***/models/baseoperator.py:1378 AirflowProviderDeprecationWarning: Call to deprecated class PostgresOperator. (Please use `***.providers.common.sql.operators.sql.SQLExecuteQueryOperator`.Also, you can provide `hook_params={'schema': <database>}`.)
[2024-11-20T03:28:10.116+0000] {taskinstance.py:3900} INFO - 0 downstream tasks scheduled from follow-on schedule check
[2024-11-20T03:28:10.118+0000] {local_task_job_runner.py:245} INFO - ::endgroup::
