[2024-11-20T05:45:14.947+0000] {local_task_job_runner.py:123} INFO - ::group::Pre task execution logs
[2024-11-20T05:45:15.060+0000] {taskinstance.py:2612} INFO - Dependencies all met for dep_context=non-requeueable deps ti=<TaskInstance: main_dag.laptop_scraping_tasks.scrape_fptshop manual__2024-11-20T02:00:30.526702+00:00 [queued]>
[2024-11-20T05:45:15.068+0000] {taskinstance.py:2612} INFO - Dependencies all met for dep_context=requeueable deps ti=<TaskInstance: main_dag.laptop_scraping_tasks.scrape_fptshop manual__2024-11-20T02:00:30.526702+00:00 [queued]>
[2024-11-20T05:45:15.068+0000] {taskinstance.py:2865} INFO - Starting attempt 2 of 3
[2024-11-20T05:45:15.078+0000] {taskinstance.py:2888} INFO - Executing <Task(BashOperator): laptop_scraping_tasks.scrape_fptshop> on 2024-11-20 02:00:30.526702+00:00
[2024-11-20T05:45:15.081+0000] {standard_task_runner.py:72} INFO - Started process 4958 to run task
[2024-11-20T05:45:15.084+0000] {standard_task_runner.py:104} INFO - Running: ['***', 'tasks', 'run', 'main_dag', 'laptop_scraping_tasks.scrape_fptshop', 'manual__2024-11-20T02:00:30.526702+00:00', '--job-id', '22', '--raw', '--subdir', 'DAGS_FOLDER/main_dag.py', '--cfg-path', '/tmp/tmpho9m1sbx']
[2024-11-20T05:45:15.085+0000] {standard_task_runner.py:105} INFO - Job 22: Subtask laptop_scraping_tasks.scrape_fptshop
[2024-11-20T05:45:15.130+0000] {task_command.py:467} INFO - Running <TaskInstance: main_dag.laptop_scraping_tasks.scrape_fptshop manual__2024-11-20T02:00:30.526702+00:00 [running]> on host 7331716c13db
[2024-11-20T05:45:15.198+0000] {taskinstance.py:3131} INFO - Exporting env vars: AIRFLOW_CTX_DAG_OWNER='veil' AIRFLOW_CTX_DAG_ID='main_dag' AIRFLOW_CTX_TASK_ID='laptop_scraping_tasks.scrape_fptshop' AIRFLOW_CTX_EXECUTION_DATE='2024-11-20T02:00:30.526702+00:00' AIRFLOW_CTX_TRY_NUMBER='2' AIRFLOW_CTX_DAG_RUN_ID='manual__2024-11-20T02:00:30.526702+00:00'
[2024-11-20T05:45:15.199+0000] {taskinstance.py:731} INFO - ::endgroup::
[2024-11-20T05:45:15.207+0000] {subprocess.py:63} INFO - Tmp dir root location: /tmp
[2024-11-20T05:45:15.208+0000] {subprocess.py:75} INFO - Running command: ['/usr/bin/bash', '-c', 'cd /app/scraper && scrapy crawl fptshop_spider -O ../temp/fptshop_data.json']
[2024-11-20T05:45:15.216+0000] {subprocess.py:86} INFO - Output:
[2024-11-20T06:00:14.603+0000] {subprocess.py:93} INFO - 'Load More' button clicked sucessfully.
[2024-11-20T06:00:14.603+0000] {subprocess.py:93} INFO - 'Load More' button clicked sucessfully.
[2024-11-20T06:00:14.604+0000] {subprocess.py:93} INFO - 'Load More' button clicked sucessfully.
[2024-11-20T06:00:14.604+0000] {subprocess.py:93} INFO - 'Load More' button clicked sucessfully.
[2024-11-20T06:00:14.604+0000] {subprocess.py:93} INFO - 'Load More' button clicked sucessfully.
[2024-11-20T06:00:14.604+0000] {subprocess.py:93} INFO - 'Load More' button clicked sucessfully.
[2024-11-20T06:00:14.605+0000] {subprocess.py:93} INFO - 'Load More' button clicked sucessfully.
[2024-11-20T06:00:14.605+0000] {subprocess.py:93} INFO - 'Load More' button clicked sucessfully.
[2024-11-20T06:00:14.605+0000] {subprocess.py:93} INFO - 'Load More' button clicked sucessfully.
[2024-11-20T06:00:14.605+0000] {subprocess.py:93} INFO - 'Load More' button clicked sucessfully.
[2024-11-20T06:00:14.605+0000] {subprocess.py:93} INFO - 'Load More' button clicked sucessfully.
[2024-11-20T06:00:14.605+0000] {subprocess.py:93} INFO - 'Load More' button clicked sucessfully.
[2024-11-20T06:00:14.605+0000] {subprocess.py:93} INFO - 'Load More' button clicked sucessfully.
[2024-11-20T06:00:14.606+0000] {subprocess.py:93} INFO - 'Load More' button clicked sucessfully.
[2024-11-20T06:00:14.606+0000] {subprocess.py:93} INFO - 'Load More' button clicked sucessfully.
[2024-11-20T06:00:14.606+0000] {subprocess.py:93} INFO - 'Load More' button clicked sucessfully.
[2024-11-20T06:00:14.606+0000] {subprocess.py:93} INFO - 'Load More' button clicked sucessfully.
[2024-11-20T06:00:14.606+0000] {subprocess.py:93} INFO - 'Load More' button clicked sucessfully.
[2024-11-20T06:00:14.606+0000] {subprocess.py:93} INFO - No more 'Load More' button
[2024-11-20T06:00:14.606+0000] {subprocess.py:93} INFO - Opened the modal successfully.
[2024-11-20T06:00:14.607+0000] {subprocess.py:93} INFO - Found item: 1
[2024-11-20T06:00:14.607+0000] {subprocess.py:93} INFO - Value ['Tên đầy đủ (Card rời)'] not found
[2024-11-20T06:00:14.607+0000] {subprocess.py:93} INFO - Value ['Độ sáng'] not found
[2024-11-20T06:00:14.607+0000] {subprocess.py:93} INFO - Opened the modal successfully.
[2024-11-20T06:00:14.607+0000] {subprocess.py:93} INFO - Found item: 2
[2024-11-20T06:00:14.608+0000] {subprocess.py:93} INFO - Value ['Tên đầy đủ (Card rời)'] not found
[2024-11-20T06:00:14.608+0000] {subprocess.py:93} INFO - Value ['Độ sáng'] not found
[2024-11-20T06:00:14.608+0000] {subprocess.py:93} INFO - Value ['Dung lượng pin'] not found
[2024-11-20T06:00:14.608+0000] {subprocess.py:93} INFO - Value ['Dung lượng pin'] not found
[2024-11-20T06:00:14.608+0000] {subprocess.py:93} INFO - Opened the modal successfully.
[2024-11-20T06:00:14.608+0000] {subprocess.py:93} INFO - Found item: 3
[2024-11-20T06:00:14.608+0000] {subprocess.py:93} INFO - Value ['Loại CPU'] not found
[2024-11-20T06:00:14.609+0000] {subprocess.py:93} INFO - Opened the modal successfully.
[2024-11-20T06:00:14.609+0000] {subprocess.py:93} INFO - Found item: 4
[2024-11-20T06:00:14.609+0000] {subprocess.py:93} INFO - Opened the modal successfully.
[2024-11-20T06:00:14.609+0000] {subprocess.py:93} INFO - Found item: 5
[2024-11-20T06:00:14.609+0000] {subprocess.py:93} INFO - Value ['Độ sáng'] not found
[2024-11-20T06:00:14.609+0000] {subprocess.py:93} INFO - Opened the modal successfully.
[2024-11-20T06:00:14.610+0000] {subprocess.py:93} INFO - Found item: 6
[2024-11-20T06:00:14.610+0000] {subprocess.py:93} INFO - Value ['Tên đầy đủ (Card rời)'] not found
[2024-11-20T06:00:14.610+0000] {subprocess.py:93} INFO - Opened the modal successfully.
[2024-11-20T06:00:14.611+0000] {subprocess.py:93} INFO - Found item: 7
[2024-11-20T06:00:14.611+0000] {subprocess.py:93} INFO - Value ['Tên đầy đủ (Card rời)'] not found
[2024-11-20T06:00:14.611+0000] {subprocess.py:93} INFO - Opened the modal successfully.
[2024-11-20T06:00:14.611+0000] {subprocess.py:93} INFO - Found item: 8
[2024-11-20T06:00:14.612+0000] {subprocess.py:93} INFO - Value ['Tên đầy đủ (Card rời)'] not found
[2024-11-20T06:00:14.612+0000] {subprocess.py:93} INFO - Value ['Độ sáng'] not found
[2024-11-20T06:00:14.612+0000] {subprocess.py:93} INFO - Opened the modal successfully.
[2024-11-20T06:00:14.612+0000] {subprocess.py:93} INFO - Found item: 9
[2024-11-20T06:00:14.613+0000] {subprocess.py:93} INFO - Value ['Tên đầy đủ (Card rời)'] not found
[2024-11-20T06:00:14.613+0000] {subprocess.py:93} INFO - Opened the modal successfully.
[2024-11-20T06:00:14.613+0000] {subprocess.py:93} INFO - Found item: 10
[2024-11-20T06:00:14.614+0000] {subprocess.py:93} INFO - Value ['Độ sáng'] not found
[2024-11-20T06:00:14.614+0000] {subprocess.py:93} INFO - Opened the modal successfully.
[2024-11-20T06:00:14.614+0000] {subprocess.py:93} INFO - Found item: 11
[2024-11-20T06:00:14.614+0000] {subprocess.py:93} INFO - Value ['Tên đầy đủ (Card rời)'] not found
[2024-11-20T06:00:14.615+0000] {subprocess.py:93} INFO - Value ['Độ sáng'] not found
[2024-11-20T06:00:14.615+0000] {subprocess.py:93} INFO - Opened the modal successfully.
[2024-11-20T06:00:14.615+0000] {subprocess.py:93} INFO - Found item: 12
[2024-11-20T06:00:14.615+0000] {subprocess.py:93} INFO - Value ['Tên đầy đủ (Card rời)'] not found
[2024-11-20T06:00:14.616+0000] {subprocess.py:93} INFO - Opened the modal successfully.
[2024-11-20T06:00:14.616+0000] {subprocess.py:93} INFO - Found item: 13
[2024-11-20T06:00:14.616+0000] {subprocess.py:93} INFO - Value ['Tên đầy đủ (Card rời)'] not found
[2024-11-20T06:00:14.616+0000] {subprocess.py:93} INFO - Value ['Độ sáng'] not found
[2024-11-20T06:00:14.617+0000] {subprocess.py:93} INFO - Opened the modal successfully.
[2024-11-20T06:00:14.617+0000] {subprocess.py:93} INFO - Found item: 14
[2024-11-20T06:00:14.617+0000] {subprocess.py:93} INFO - Opened the modal successfully.
[2024-11-20T06:00:14.617+0000] {subprocess.py:93} INFO - Found item: 15
[2024-11-20T06:00:14.617+0000] {subprocess.py:93} INFO - Opened the modal successfully.
[2024-11-20T06:00:14.618+0000] {subprocess.py:93} INFO - Found item: 16
[2024-11-20T06:00:14.618+0000] {subprocess.py:93} INFO - Value ['Tên đầy đủ (Card rời)'] not found
[2024-11-20T06:00:14.618+0000] {subprocess.py:93} INFO - Opened the modal successfully.
[2024-11-20T06:00:14.618+0000] {subprocess.py:93} INFO - Found item: 17
[2024-11-20T06:00:14.618+0000] {subprocess.py:93} INFO - Value ['Tên đầy đủ (Card rời)'] not found
[2024-11-20T06:00:14.618+0000] {subprocess.py:93} INFO - Opened the modal successfully.
[2024-11-20T06:00:14.619+0000] {subprocess.py:93} INFO - Found item: 18
[2024-11-20T06:00:14.619+0000] {subprocess.py:93} INFO - Opened the modal successfully.
[2024-11-20T06:00:14.619+0000] {subprocess.py:93} INFO - Found item: 19
[2024-11-20T06:00:14.619+0000] {subprocess.py:93} INFO - Opened the modal successfully.
[2024-11-20T06:00:14.619+0000] {subprocess.py:93} INFO - Found item: 20
[2024-11-20T06:00:14.619+0000] {subprocess.py:93} INFO - Value ['Dung lượng pin'] not found
[2024-11-20T06:00:14.619+0000] {subprocess.py:93} INFO - Value ['Dung lượng pin'] not found
[2024-11-20T06:00:14.620+0000] {subprocess.py:93} INFO - Opened the modal successfully.
[2024-11-20T06:00:14.620+0000] {subprocess.py:93} INFO - Found item: 21
[2024-11-20T06:00:14.620+0000] {subprocess.py:93} INFO - Value ['Tên đầy đủ (Card rời)'] not found
[2024-11-20T06:00:14.620+0000] {subprocess.py:93} INFO - Opened the modal successfully.
[2024-11-20T06:00:14.620+0000] {subprocess.py:93} INFO - Found item: 22
[2024-11-20T06:00:14.620+0000] {subprocess.py:93} INFO - Value ['Độ sáng'] not found
[2024-11-20T06:00:14.620+0000] {subprocess.py:93} INFO - Opened the modal successfully.
[2024-11-20T06:00:14.620+0000] {subprocess.py:93} INFO - Found item: 23
[2024-11-20T06:00:14.621+0000] {subprocess.py:93} INFO - Opened the modal successfully.
[2024-11-20T06:00:14.621+0000] {subprocess.py:93} INFO - Found item: 24
[2024-11-20T06:00:14.621+0000] {subprocess.py:93} INFO - Value ['Độ sáng'] not found
[2024-11-20T06:00:14.621+0000] {subprocess.py:93} INFO - Opened the modal successfully.
[2024-11-20T06:00:14.621+0000] {subprocess.py:93} INFO - Found item: 25
[2024-11-20T06:00:14.621+0000] {subprocess.py:93} INFO - Value ['Tên đầy đủ (Card rời)'] not found
[2024-11-20T06:00:14.621+0000] {subprocess.py:93} INFO - Value ['Độ sáng'] not found
[2024-11-20T06:00:14.622+0000] {subprocess.py:93} INFO - Opened the modal successfully.
[2024-11-20T06:00:14.622+0000] {subprocess.py:93} INFO - Found item: 26
[2024-11-20T06:00:14.622+0000] {subprocess.py:93} INFO - Value ['Tên đầy đủ (Card rời)'] not found
[2024-11-20T06:00:14.622+0000] {subprocess.py:93} INFO - Opened the modal successfully.
[2024-11-20T06:00:14.622+0000] {subprocess.py:93} INFO - Found item: 27
[2024-11-20T06:00:14.622+0000] {subprocess.py:93} INFO - Value ['Tên đầy đủ (Card rời)'] not found
[2024-11-20T06:00:14.623+0000] {subprocess.py:93} INFO - Opened the modal successfully.
[2024-11-20T06:00:14.623+0000] {subprocess.py:93} INFO - Found item: 28
[2024-11-20T06:00:14.623+0000] {subprocess.py:93} INFO - Value ['Độ sáng'] not found
[2024-11-20T06:00:14.623+0000] {subprocess.py:93} INFO - Opened the modal successfully.
[2024-11-20T06:00:14.623+0000] {subprocess.py:93} INFO - Found item: 29
[2024-11-20T06:00:14.623+0000] {subprocess.py:93} INFO - Value ['Tên đầy đủ (Card rời)'] not found
[2024-11-20T06:00:14.623+0000] {subprocess.py:93} INFO - Value ['Độ sáng'] not found
[2024-11-20T06:00:14.623+0000] {subprocess.py:93} INFO - Opened the modal successfully.
[2024-11-20T06:00:14.623+0000] {subprocess.py:93} INFO - Found item: 30
[2024-11-20T06:00:14.624+0000] {subprocess.py:93} INFO - Value ['Tên đầy đủ (Card rời)'] not found
[2024-11-20T06:00:14.624+0000] {subprocess.py:93} INFO - Opened the modal successfully.
[2024-11-20T06:00:14.624+0000] {subprocess.py:93} INFO - Found item: 31
[2024-11-20T06:00:14.624+0000] {subprocess.py:93} INFO - Value ['Độ sáng'] not found
[2024-11-20T06:00:14.625+0000] {subprocess.py:93} INFO - Opened the modal successfully.
[2024-11-20T06:00:14.625+0000] {subprocess.py:93} INFO - Found item: 32
[2024-11-20T06:00:14.625+0000] {subprocess.py:93} INFO - Value ['Độ sáng'] not found
[2024-11-20T06:00:14.625+0000] {subprocess.py:93} INFO - Opened the modal successfully.
[2024-11-20T06:00:14.625+0000] {subprocess.py:93} INFO - Found item: 33
[2024-11-20T06:00:14.625+0000] {subprocess.py:93} INFO - Value ['Tên đầy đủ (Card rời)'] not found
[2024-11-20T06:00:14.625+0000] {subprocess.py:93} INFO - Value ['Loại RAM'] not found
[2024-11-20T06:00:14.626+0000] {subprocess.py:93} INFO - Value ['Độ sáng'] not found
[2024-11-20T06:00:14.626+0000] {subprocess.py:93} INFO - Opened the modal successfully.
[2024-11-20T06:00:14.626+0000] {subprocess.py:93} INFO - Found item: 34
[2024-11-20T06:00:14.626+0000] {subprocess.py:93} INFO - Value ['Tên đầy đủ (Card rời)'] not found
[2024-11-20T06:00:14.626+0000] {subprocess.py:93} INFO - Value ['Độ sáng'] not found
[2024-11-20T06:00:14.627+0000] {subprocess.py:93} INFO - Opened the modal successfully.
[2024-11-20T06:00:14.627+0000] {subprocess.py:93} INFO - Found item: 35
[2024-11-20T06:00:14.627+0000] {subprocess.py:93} INFO - Value ['Tên đầy đủ (Card rời)'] not found
[2024-11-20T06:00:14.627+0000] {subprocess.py:93} INFO - Opened the modal successfully.
[2024-11-20T06:00:14.628+0000] {subprocess.py:93} INFO - Found item: 36
[2024-11-20T06:00:14.628+0000] {subprocess.py:93} INFO - Value ['Độ sáng'] not found
[2024-11-20T06:00:14.628+0000] {subprocess.py:93} INFO - Opened the modal successfully.
[2024-11-20T06:00:14.628+0000] {subprocess.py:93} INFO - Found item: 37
[2024-11-20T06:00:14.629+0000] {subprocess.py:93} INFO - Value ['Tên đầy đủ (Card rời)'] not found
[2024-11-20T06:00:14.629+0000] {subprocess.py:93} INFO - Value ['Độ sáng'] not found
[2024-11-20T06:00:14.629+0000] {subprocess.py:93} INFO - Opened the modal successfully.
[2024-11-20T06:00:14.629+0000] {subprocess.py:93} INFO - Found item: 38
[2024-11-20T06:00:14.629+0000] {subprocess.py:93} INFO - Value ['Tên đầy đủ (Card rời)'] not found
[2024-11-20T06:00:14.629+0000] {subprocess.py:93} INFO - Value ['Độ sáng'] not found
[2024-11-20T06:00:14.630+0000] {subprocess.py:93} INFO - Opened the modal successfully.
[2024-11-20T06:00:14.630+0000] {subprocess.py:93} INFO - Found item: 39
[2024-11-20T06:00:14.630+0000] {subprocess.py:93} INFO - Value ['Tên đầy đủ (Card rời)'] not found
[2024-11-20T06:00:14.630+0000] {subprocess.py:93} INFO - Opened the modal successfully.
[2024-11-20T06:00:14.630+0000] {subprocess.py:93} INFO - Found item: 40
[2024-11-20T06:00:14.630+0000] {subprocess.py:93} INFO - Value ['Độ sáng'] not found
[2024-11-20T06:00:14.630+0000] {subprocess.py:93} INFO - Opened the modal successfully.
[2024-11-20T06:00:14.631+0000] {subprocess.py:93} INFO - Found item: 41
[2024-11-20T06:00:14.631+0000] {subprocess.py:93} INFO - Value ['Tên đầy đủ (Card rời)'] not found
[2024-11-20T06:00:14.631+0000] {subprocess.py:93} INFO - Value ['Độ sáng'] not found
[2024-11-20T06:00:14.631+0000] {subprocess.py:93} INFO - Opened the modal successfully.
[2024-11-20T06:00:14.631+0000] {subprocess.py:93} INFO - Found item: 42
[2024-11-20T06:00:14.631+0000] {subprocess.py:93} INFO - Value ['Tên đầy đủ (Card rời)'] not found
[2024-11-20T06:00:14.632+0000] {subprocess.py:93} INFO - Value ['Dung lượng pin'] not found
[2024-11-20T06:00:14.632+0000] {subprocess.py:93} INFO - Value ['Dung lượng pin'] not found
[2024-11-20T06:00:14.632+0000] {subprocess.py:93} INFO - Value ['Thời gian bảo hành'] not found
[2024-11-20T06:00:14.632+0000] {subprocess.py:93} INFO - Opened the modal successfully.
[2024-11-20T06:00:14.632+0000] {subprocess.py:93} INFO - Found item: 43
[2024-11-20T06:00:14.632+0000] {subprocess.py:93} INFO - Value ['Tên đầy đủ (Card rời)'] not found
[2024-11-20T06:00:14.632+0000] {subprocess.py:93} INFO - Value ['Độ sáng'] not found
[2024-11-20T06:00:14.632+0000] {subprocess.py:93} INFO - Opened the modal successfully.
[2024-11-20T06:00:14.633+0000] {subprocess.py:93} INFO - Found item: 44
[2024-11-20T06:00:14.633+0000] {subprocess.py:93} INFO - Value ['Độ sáng'] not found
[2024-11-20T06:00:14.633+0000] {subprocess.py:93} INFO - Opened the modal successfully.
[2024-11-20T06:00:14.633+0000] {subprocess.py:93} INFO - Found item: 45
[2024-11-20T06:00:14.633+0000] {subprocess.py:93} INFO - Value ['Tên đầy đủ (Card rời)'] not found
[2024-11-20T06:00:14.633+0000] {subprocess.py:93} INFO - Opened the modal successfully.
[2024-11-20T06:00:14.633+0000] {subprocess.py:93} INFO - Found item: 46
[2024-11-20T06:00:14.634+0000] {subprocess.py:93} INFO - Value ['Tên đầy đủ (Card rời)'] not found
[2024-11-20T06:00:14.634+0000] {subprocess.py:93} INFO - Value ['Độ sáng'] not found
[2024-11-20T06:00:14.634+0000] {subprocess.py:93} INFO - Opened the modal successfully.
[2024-11-20T06:00:14.634+0000] {subprocess.py:93} INFO - Found item: 47
[2024-11-20T06:00:14.634+0000] {subprocess.py:93} INFO - Value ['Tên đầy đủ (Card rời)'] not found
[2024-11-20T06:00:14.634+0000] {subprocess.py:93} INFO - Value ['Dung lượng pin'] not found
[2024-11-20T06:00:14.634+0000] {subprocess.py:93} INFO - Value ['Dung lượng pin'] not found
[2024-11-20T06:00:14.635+0000] {subprocess.py:93} INFO - Opened the modal successfully.
[2024-11-20T06:00:14.635+0000] {subprocess.py:93} INFO - Found item: 48
[2024-11-20T06:00:14.635+0000] {subprocess.py:93} INFO - Value ['Dung lượng pin'] not found
[2024-11-20T06:00:14.635+0000] {subprocess.py:93} INFO - Value ['Dung lượng pin'] not found
[2024-11-20T06:00:14.635+0000] {subprocess.py:93} INFO - Opened the modal successfully.
[2024-11-20T06:00:14.635+0000] {subprocess.py:93} INFO - Found item: 49
[2024-11-20T06:00:14.636+0000] {subprocess.py:93} INFO - Opened the modal successfully.
[2024-11-20T06:00:14.636+0000] {subprocess.py:93} INFO - Found item: 50
[2024-11-20T06:00:14.636+0000] {subprocess.py:93} INFO - Value ['Độ sáng'] not found
[2024-11-20T06:00:14.636+0000] {subprocess.py:93} INFO - Opened the modal successfully.
[2024-11-20T06:00:14.636+0000] {subprocess.py:93} INFO - Found item: 51
[2024-11-20T06:00:14.636+0000] {subprocess.py:93} INFO - Opened the modal successfully.
[2024-11-20T06:00:14.636+0000] {subprocess.py:93} INFO - Found item: 52
[2024-11-20T06:00:14.637+0000] {subprocess.py:93} INFO - Value ['Tên đầy đủ (Card rời)'] not found
[2024-11-20T06:00:14.637+0000] {subprocess.py:93} INFO - Opened the modal successfully.
[2024-11-20T06:00:14.637+0000] {subprocess.py:93} INFO - Found item: 53
[2024-11-20T06:00:14.637+0000] {subprocess.py:93} INFO - Value ['Tên đầy đủ (Card rời)'] not found
[2024-11-20T06:00:14.637+0000] {subprocess.py:93} INFO - Opened the modal successfully.
[2024-11-20T06:00:14.637+0000] {subprocess.py:93} INFO - Found item: 54
[2024-11-20T06:00:14.638+0000] {subprocess.py:93} INFO - Value ['Tên đầy đủ (Card rời)'] not found
[2024-11-20T06:00:14.638+0000] {subprocess.py:93} INFO - Opened the modal successfully.
[2024-11-20T06:00:14.638+0000] {subprocess.py:93} INFO - Found item: 55
[2024-11-20T06:00:14.639+0000] {subprocess.py:93} INFO - Value ['Tên đầy đủ (Card rời)'] not found
[2024-11-20T06:00:14.639+0000] {subprocess.py:93} INFO - Value ['Độ sáng'] not found
[2024-11-20T06:00:14.639+0000] {subprocess.py:93} INFO - Opened the modal successfully.
[2024-11-20T06:00:14.640+0000] {subprocess.py:93} INFO - Found item: 56
[2024-11-20T06:00:14.640+0000] {subprocess.py:93} INFO - Value ['Tên đầy đủ (Card rời)'] not found
[2024-11-20T06:00:14.640+0000] {subprocess.py:93} INFO - Opened the modal successfully.
[2024-11-20T06:00:14.640+0000] {subprocess.py:93} INFO - Found item: 57
[2024-11-20T06:00:14.640+0000] {subprocess.py:93} INFO - Value ['Độ sáng'] not found
[2024-11-20T06:00:14.641+0000] {subprocess.py:93} INFO - Opened the modal successfully.
[2024-11-20T06:00:14.641+0000] {subprocess.py:93} INFO - Found item: 58
[2024-11-20T06:00:14.641+0000] {subprocess.py:93} INFO - Value ['Tên đầy đủ (Card rời)'] not found
[2024-11-20T06:00:14.641+0000] {subprocess.py:93} INFO - Opened the modal successfully.
[2024-11-20T06:00:14.641+0000] {subprocess.py:93} INFO - Found item: 59
[2024-11-20T06:00:14.641+0000] {subprocess.py:93} INFO - Opened the modal successfully.
[2024-11-20T06:00:14.641+0000] {subprocess.py:93} INFO - Found item: 60
[2024-11-20T06:00:14.642+0000] {subprocess.py:93} INFO - Value ['Độ sáng'] not found
[2024-11-20T06:00:14.642+0000] {subprocess.py:93} INFO - Opened the modal successfully.
[2024-11-20T06:00:14.642+0000] {subprocess.py:93} INFO - Found item: 61
[2024-11-20T06:00:14.642+0000] {subprocess.py:93} INFO - Opened the modal successfully.
[2024-11-20T06:00:14.642+0000] {subprocess.py:93} INFO - Found item: 62
[2024-11-20T06:00:14.642+0000] {subprocess.py:93} INFO - Opened the modal successfully.
[2024-11-20T06:00:14.643+0000] {subprocess.py:93} INFO - Found item: 63
[2024-11-20T06:00:14.643+0000] {subprocess.py:93} INFO - Value ['Tên đầy đủ (Card rời)'] not found
[2024-11-20T06:00:14.643+0000] {subprocess.py:93} INFO - Opened the modal successfully.
[2024-11-20T06:00:14.643+0000] {subprocess.py:93} INFO - Found item: 64
[2024-11-20T06:00:14.643+0000] {subprocess.py:93} INFO - Value ['Tên đầy đủ (Card rời)'] not found
[2024-11-20T06:00:14.643+0000] {subprocess.py:93} INFO - Value ['Độ sáng'] not found
[2024-11-20T06:00:14.643+0000] {subprocess.py:93} INFO - Opened the modal successfully.
[2024-11-20T06:00:14.643+0000] {subprocess.py:93} INFO - Found item: 65
[2024-11-20T06:00:14.644+0000] {subprocess.py:93} INFO - Value ['Tên đầy đủ (Card rời)'] not found
[2024-11-20T06:00:14.644+0000] {subprocess.py:93} INFO - Value ['Độ sáng'] not found
[2024-11-20T06:00:14.644+0000] {subprocess.py:93} INFO - Value ['Thời gian bảo hành'] not found
[2024-11-20T06:00:14.644+0000] {subprocess.py:93} INFO - Opened the modal successfully.
[2024-11-20T06:00:14.645+0000] {subprocess.py:93} INFO - Found item: 66
[2024-11-20T06:00:14.645+0000] {subprocess.py:93} INFO - Value ['Tên đầy đủ (Card rời)'] not found
[2024-11-20T06:00:14.645+0000] {subprocess.py:93} INFO - Opened the modal successfully.
[2024-11-20T06:00:14.646+0000] {subprocess.py:93} INFO - Found item: 67
[2024-11-20T06:00:14.646+0000] {subprocess.py:93} INFO - Value ['Tên đầy đủ (Card rời)'] not found
[2024-11-20T06:00:14.646+0000] {subprocess.py:93} INFO - Value ['Độ sáng'] not found
[2024-11-20T06:00:14.646+0000] {subprocess.py:93} INFO - Opened the modal successfully.
[2024-11-20T06:00:14.646+0000] {subprocess.py:93} INFO - Found item: 68
[2024-11-20T06:00:14.646+0000] {subprocess.py:93} INFO - Value ['Tên đầy đủ (Card rời)'] not found
[2024-11-20T06:00:14.649+0000] {subprocess.py:93} INFO - Value ['Dung lượng pin'] not found
[2024-11-20T06:00:14.649+0000] {subprocess.py:93} INFO - Value ['Dung lượng pin'] not found
[2024-11-20T06:00:14.650+0000] {subprocess.py:93} INFO - Opened the modal successfully.
[2024-11-20T06:00:14.650+0000] {subprocess.py:93} INFO - Found item: 69
[2024-11-20T06:00:14.650+0000] {subprocess.py:93} INFO - Value ['Độ sáng'] not found
[2024-11-20T06:00:14.650+0000] {subprocess.py:93} INFO - Opened the modal successfully.
[2024-11-20T06:00:14.650+0000] {subprocess.py:93} INFO - Found item: 70
[2024-11-20T06:00:14.650+0000] {subprocess.py:93} INFO - Value ['Tên đầy đủ (Card rời)'] not found
[2024-11-20T06:00:14.650+0000] {subprocess.py:93} INFO - Opened the modal successfully.
[2024-11-20T06:00:14.651+0000] {subprocess.py:93} INFO - Found item: 71
[2024-11-20T06:00:14.651+0000] {subprocess.py:93} INFO - Value ['Loại CPU'] not found
[2024-11-20T06:00:14.651+0000] {subprocess.py:93} INFO - Opened the modal successfully.
[2024-11-20T06:00:14.651+0000] {subprocess.py:93} INFO - Found item: 72
[2024-11-20T06:00:14.651+0000] {subprocess.py:93} INFO - Value ['Độ sáng'] not found
[2024-11-20T06:00:14.651+0000] {subprocess.py:93} INFO - Opened the modal successfully.
[2024-11-20T06:00:14.651+0000] {subprocess.py:93} INFO - Found item: 73
[2024-11-20T06:00:14.651+0000] {subprocess.py:93} INFO - Value ['Tên đầy đủ (Card rời)'] not found
[2024-11-20T06:00:14.652+0000] {subprocess.py:93} INFO - Value ['Dung lượng pin'] not found
[2024-11-20T06:00:14.652+0000] {subprocess.py:93} INFO - Value ['Dung lượng pin'] not found
[2024-11-20T06:00:14.652+0000] {subprocess.py:93} INFO - Opened the modal successfully.
[2024-11-20T06:00:14.652+0000] {subprocess.py:93} INFO - Found item: 74
[2024-11-20T06:00:14.652+0000] {subprocess.py:93} INFO - Value ['Tên đầy đủ (Card rời)'] not found
[2024-11-20T06:00:14.652+0000] {subprocess.py:93} INFO - Value ['Độ sáng'] not found
[2024-11-20T06:14:53.092+0000] {subprocess.py:93} INFO - Opened the modal successfully.
[2024-11-20T06:14:53.092+0000] {subprocess.py:93} INFO - Found item: 75
[2024-11-20T06:14:53.093+0000] {subprocess.py:93} INFO - Opened the modal successfully.
[2024-11-20T06:14:53.093+0000] {subprocess.py:93} INFO - Found item: 76
[2024-11-20T06:14:53.093+0000] {subprocess.py:93} INFO - Value ['Tên đầy đủ (Card rời)'] not found
[2024-11-20T06:14:53.093+0000] {subprocess.py:93} INFO - Value ['Dung lượng pin'] not found
[2024-11-20T06:14:53.094+0000] {subprocess.py:93} INFO - Value ['Dung lượng pin'] not found
[2024-11-20T06:14:53.094+0000] {subprocess.py:93} INFO - Opened the modal successfully.
[2024-11-20T06:14:53.094+0000] {subprocess.py:93} INFO - Found item: 77
[2024-11-20T06:14:53.094+0000] {subprocess.py:93} INFO - Value ['Tên đầy đủ (Card rời)'] not found
[2024-11-20T06:14:53.094+0000] {subprocess.py:93} INFO - Value ['Độ sáng'] not found
[2024-11-20T06:14:53.094+0000] {subprocess.py:93} INFO - Opened the modal successfully.
[2024-11-20T06:14:53.095+0000] {subprocess.py:93} INFO - Found item: 78
[2024-11-20T06:14:53.095+0000] {subprocess.py:93} INFO - Value ['Tên đầy đủ (Card rời)'] not found
[2024-11-20T06:14:53.095+0000] {subprocess.py:93} INFO - Opened the modal successfully.
[2024-11-20T06:14:53.095+0000] {subprocess.py:93} INFO - Found item: 79
[2024-11-20T06:14:53.095+0000] {subprocess.py:93} INFO - Value ['Tên đầy đủ (Card rời)'] not found
[2024-11-20T06:14:53.096+0000] {subprocess.py:93} INFO - Value ['Dung lượng pin'] not found
[2024-11-20T06:14:53.096+0000] {subprocess.py:93} INFO - Value ['Dung lượng pin'] not found
[2024-11-20T06:14:53.096+0000] {subprocess.py:93} INFO - Opened the modal successfully.
[2024-11-20T06:14:53.096+0000] {subprocess.py:93} INFO - Found item: 80
[2024-11-20T06:14:53.096+0000] {subprocess.py:93} INFO - Value ['Tên đầy đủ (Card rời)'] not found
[2024-11-20T06:14:53.097+0000] {subprocess.py:93} INFO - Value ['Độ sáng'] not found
[2024-11-20T06:14:53.097+0000] {subprocess.py:93} INFO - Opened the modal successfully.
[2024-11-20T06:14:53.097+0000] {subprocess.py:93} INFO - Found item: 81
[2024-11-20T06:14:53.097+0000] {subprocess.py:93} INFO - Value ['Tên đầy đủ (Card rời)'] not found
[2024-11-20T06:14:53.097+0000] {subprocess.py:93} INFO - Value ['Độ sáng'] not found
[2024-11-20T06:14:53.098+0000] {subprocess.py:93} INFO - Opened the modal successfully.
[2024-11-20T06:14:53.098+0000] {subprocess.py:93} INFO - Found item: 82
[2024-11-20T06:14:53.098+0000] {subprocess.py:93} INFO - Value ['Tên đầy đủ (Card rời)'] not found
[2024-11-20T06:14:53.098+0000] {subprocess.py:93} INFO - Opened the modal successfully.
[2024-11-20T06:14:53.099+0000] {subprocess.py:93} INFO - Found item: 83
[2024-11-20T06:14:53.099+0000] {subprocess.py:93} INFO - Value ['Tên đầy đủ (Card rời)'] not found
[2024-11-20T06:14:53.099+0000] {subprocess.py:93} INFO - Value ['Độ sáng'] not found
[2024-11-20T06:14:53.099+0000] {subprocess.py:93} INFO - Opened the modal successfully.
[2024-11-20T06:14:53.100+0000] {subprocess.py:93} INFO - Found item: 84
[2024-11-20T06:14:53.100+0000] {subprocess.py:93} INFO - Value ['Tên đầy đủ (Card rời)'] not found
[2024-11-20T06:14:53.100+0000] {subprocess.py:93} INFO - Value ['Độ sáng'] not found
[2024-11-20T06:14:53.100+0000] {subprocess.py:93} INFO - Opened the modal successfully.
[2024-11-20T06:14:53.101+0000] {subprocess.py:93} INFO - Found item: 85
[2024-11-20T06:14:53.101+0000] {subprocess.py:93} INFO - Value ['Tên đầy đủ (Card rời)'] not found
[2024-11-20T06:14:53.101+0000] {subprocess.py:93} INFO - Opened the modal successfully.
[2024-11-20T06:14:53.101+0000] {subprocess.py:93} INFO - Found item: 86
[2024-11-20T06:14:53.101+0000] {subprocess.py:93} INFO - Opened the modal successfully.
[2024-11-20T06:14:53.102+0000] {subprocess.py:93} INFO - Found item: 87
[2024-11-20T06:14:53.102+0000] {subprocess.py:93} INFO - Opened the modal successfully.
[2024-11-20T06:14:53.102+0000] {subprocess.py:93} INFO - Found item: 88
[2024-11-20T06:14:53.102+0000] {subprocess.py:93} INFO - Value ['Tên đầy đủ (Card rời)'] not found
[2024-11-20T06:14:53.102+0000] {subprocess.py:93} INFO - Opened the modal successfully.
[2024-11-20T06:14:53.103+0000] {subprocess.py:93} INFO - Found item: 89
[2024-11-20T06:14:53.103+0000] {subprocess.py:93} INFO - Value ['Độ sáng'] not found
[2024-11-20T06:14:53.103+0000] {subprocess.py:93} INFO - Opened the modal successfully.
[2024-11-20T06:14:53.103+0000] {subprocess.py:93} INFO - Found item: 90
[2024-11-20T06:14:53.103+0000] {subprocess.py:93} INFO - Value ['Tên đầy đủ (Card rời)'] not found
[2024-11-20T06:14:53.103+0000] {subprocess.py:93} INFO - Opened the modal successfully.
[2024-11-20T06:14:53.103+0000] {subprocess.py:93} INFO - Found item: 91
[2024-11-20T06:14:53.104+0000] {subprocess.py:93} INFO - Value ['Tên đầy đủ (Card rời)'] not found
[2024-11-20T06:14:53.106+0000] {subprocess.py:93} INFO - Value ['Độ sáng'] not found
[2024-11-20T06:14:53.107+0000] {subprocess.py:93} INFO - Opened the modal successfully.
[2024-11-20T06:14:53.107+0000] {subprocess.py:93} INFO - Found item: 92
[2024-11-20T06:14:53.107+0000] {subprocess.py:93} INFO - Value ['Độ sáng'] not found
[2024-11-20T06:14:53.108+0000] {subprocess.py:93} INFO - Opened the modal successfully.
[2024-11-20T06:14:53.108+0000] {subprocess.py:93} INFO - Found item: 93
[2024-11-20T06:14:53.108+0000] {subprocess.py:93} INFO - Value ['Tên đầy đủ (Card rời)'] not found
[2024-11-20T06:14:53.109+0000] {subprocess.py:93} INFO - Opened the modal successfully.
[2024-11-20T06:14:53.109+0000] {subprocess.py:93} INFO - Found item: 94
[2024-11-20T06:14:53.109+0000] {subprocess.py:93} INFO - Value ['Tên đầy đủ (Card rời)'] not found
[2024-11-20T06:14:53.109+0000] {subprocess.py:93} INFO - Opened the modal successfully.
[2024-11-20T06:14:53.110+0000] {subprocess.py:93} INFO - Found item: 95
[2024-11-20T06:14:53.110+0000] {subprocess.py:93} INFO - Value ['Tên đầy đủ (Card rời)'] not found
[2024-11-20T06:14:53.110+0000] {subprocess.py:93} INFO - Opened the modal successfully.
[2024-11-20T06:14:53.111+0000] {subprocess.py:93} INFO - Found item: 96
[2024-11-20T06:14:53.111+0000] {subprocess.py:93} INFO - Value ['Tên đầy đủ (Card rời)'] not found
[2024-11-20T06:14:53.111+0000] {subprocess.py:93} INFO - Value ['Độ sáng'] not found
[2024-11-20T06:14:53.111+0000] {subprocess.py:93} INFO - Opened the modal successfully.
[2024-11-20T06:14:53.112+0000] {subprocess.py:93} INFO - Found item: 97
[2024-11-20T06:14:53.112+0000] {subprocess.py:93} INFO - Value ['Độ sáng'] not found
[2024-11-20T06:14:53.112+0000] {subprocess.py:93} INFO - Opened the modal successfully.
[2024-11-20T06:14:53.113+0000] {subprocess.py:93} INFO - Found item: 98
[2024-11-20T06:14:53.113+0000] {subprocess.py:93} INFO - Value ['Độ sáng'] not found
[2024-11-20T06:14:53.113+0000] {subprocess.py:93} INFO - Opened the modal successfully.
[2024-11-20T06:14:53.113+0000] {subprocess.py:93} INFO - Found item: 99
[2024-11-20T06:14:53.114+0000] {subprocess.py:93} INFO - Value ['Tên đầy đủ (Card rời)'] not found
[2024-11-20T06:14:53.114+0000] {subprocess.py:93} INFO - Opened the modal successfully.
[2024-11-20T06:14:53.114+0000] {subprocess.py:93} INFO - Found item: 100
[2024-11-20T06:14:53.115+0000] {subprocess.py:93} INFO - Value ['Độ sáng'] not found
[2024-11-20T06:14:53.115+0000] {subprocess.py:93} INFO - Opened the modal successfully.
[2024-11-20T06:14:53.115+0000] {subprocess.py:93} INFO - Found item: 101
[2024-11-20T06:14:53.115+0000] {subprocess.py:93} INFO - Value ['Độ sáng'] not found
[2024-11-20T06:14:53.115+0000] {subprocess.py:93} INFO - Opened the modal successfully.
[2024-11-20T06:14:53.115+0000] {subprocess.py:93} INFO - Found item: 102
[2024-11-20T06:14:53.115+0000] {subprocess.py:93} INFO - Value ['Tên đầy đủ (Card rời)'] not found
[2024-11-20T06:14:53.116+0000] {subprocess.py:93} INFO - Value ['Dung lượng pin'] not found
[2024-11-20T06:14:53.116+0000] {subprocess.py:93} INFO - Value ['Dung lượng pin'] not found
[2024-11-20T06:14:53.116+0000] {subprocess.py:93} INFO - Opened the modal successfully.
[2024-11-20T06:14:53.116+0000] {subprocess.py:93} INFO - Found item: 103
[2024-11-20T06:14:53.116+0000] {subprocess.py:93} INFO - Value ['Tên đầy đủ (Card rời)'] not found
[2024-11-20T06:14:53.117+0000] {subprocess.py:93} INFO - Opened the modal successfully.
[2024-11-20T06:14:53.117+0000] {subprocess.py:93} INFO - Found item: 104
[2024-11-20T06:14:53.117+0000] {subprocess.py:93} INFO - Opened the modal successfully.
[2024-11-20T06:14:53.117+0000] {subprocess.py:93} INFO - Found item: 105
[2024-11-20T06:14:53.117+0000] {subprocess.py:93} INFO - Value ['Tên đầy đủ (Card rời)'] not found
[2024-11-20T06:14:53.117+0000] {subprocess.py:93} INFO - Opened the modal successfully.
[2024-11-20T06:14:53.117+0000] {subprocess.py:93} INFO - Found item: 106
[2024-11-20T06:14:53.118+0000] {subprocess.py:93} INFO - Value ['Tên đầy đủ (Card rời)'] not found
[2024-11-20T06:14:53.118+0000] {subprocess.py:93} INFO - Value ['Loại RAM'] not found
[2024-11-20T06:14:53.118+0000] {subprocess.py:93} INFO - Value ['Độ sáng'] not found
[2024-11-20T06:14:53.118+0000] {subprocess.py:93} INFO - Opened the modal successfully.
[2024-11-20T06:14:53.119+0000] {subprocess.py:93} INFO - Found item: 107
[2024-11-20T06:14:53.119+0000] {subprocess.py:93} INFO - Value ['Tên đầy đủ (Card rời)'] not found
[2024-11-20T06:14:53.119+0000] {subprocess.py:93} INFO - Value ['Tần số quét'] not found
[2024-11-20T06:14:53.119+0000] {subprocess.py:93} INFO - Opened the modal successfully.
[2024-11-20T06:14:53.120+0000] {subprocess.py:93} INFO - Found item: 108
[2024-11-20T06:14:53.120+0000] {subprocess.py:93} INFO - Value ['Tên đầy đủ (Card rời)'] not found
[2024-11-20T06:14:53.120+0000] {subprocess.py:93} INFO - Value ['Độ sáng'] not found
[2024-11-20T06:14:53.120+0000] {subprocess.py:93} INFO - Opened the modal successfully.
[2024-11-20T06:14:53.120+0000] {subprocess.py:93} INFO - Found item: 109
[2024-11-20T06:14:53.120+0000] {subprocess.py:93} INFO - Value ['Tên đầy đủ (Card rời)'] not found
[2024-11-20T06:14:53.121+0000] {subprocess.py:93} INFO - Value ['Độ sáng'] not found
[2024-11-20T06:14:53.121+0000] {subprocess.py:93} INFO - Opened the modal successfully.
[2024-11-20T06:14:53.121+0000] {subprocess.py:93} INFO - Found item: 110
[2024-11-20T06:14:53.122+0000] {subprocess.py:93} INFO - Opened the modal successfully.
[2024-11-20T06:14:53.122+0000] {subprocess.py:93} INFO - Found item: 111
[2024-11-20T06:14:53.122+0000] {subprocess.py:93} INFO - Value ['Tên đầy đủ (Card rời)'] not found
[2024-11-20T06:14:53.122+0000] {subprocess.py:93} INFO - Value ['Độ sáng'] not found
[2024-11-20T06:14:53.122+0000] {subprocess.py:93} INFO - Opened the modal successfully.
[2024-11-20T06:14:53.122+0000] {subprocess.py:93} INFO - Found item: 112
[2024-11-20T06:14:53.122+0000] {subprocess.py:93} INFO - Opened the modal successfully.
[2024-11-20T06:14:53.123+0000] {subprocess.py:93} INFO - Found item: 113
[2024-11-20T06:14:53.123+0000] {subprocess.py:93} INFO - Value ['Tên đầy đủ (Card rời)'] not found
[2024-11-20T06:14:53.123+0000] {subprocess.py:93} INFO - Value ['Độ sáng'] not found
[2024-11-20T06:14:53.123+0000] {subprocess.py:93} INFO - Opened the modal successfully.
[2024-11-20T06:14:53.123+0000] {subprocess.py:93} INFO - Found item: 114
[2024-11-20T06:14:53.123+0000] {subprocess.py:93} INFO - Value ['Độ sáng'] not found
[2024-11-20T06:14:53.123+0000] {subprocess.py:93} INFO - Opened the modal successfully.
[2024-11-20T06:14:53.124+0000] {subprocess.py:93} INFO - Found item: 115
[2024-11-20T06:14:53.124+0000] {subprocess.py:93} INFO - Opened the modal successfully.
[2024-11-20T06:14:53.124+0000] {subprocess.py:93} INFO - Found item: 116
[2024-11-20T06:14:53.124+0000] {subprocess.py:93} INFO - Value ['Tên đầy đủ (Card rời)'] not found
[2024-11-20T06:14:53.125+0000] {subprocess.py:93} INFO - Opened the modal successfully.
[2024-11-20T06:14:53.125+0000] {subprocess.py:93} INFO - Found item: 117
[2024-11-20T06:14:53.125+0000] {subprocess.py:93} INFO - Value ['Tên đầy đủ (Card rời)'] not found
[2024-11-20T06:14:53.125+0000] {subprocess.py:93} INFO - Opened the modal successfully.
[2024-11-20T06:14:53.125+0000] {subprocess.py:93} INFO - Found item: 118
[2024-11-20T06:14:53.126+0000] {subprocess.py:93} INFO - Value ['Tên đầy đủ (Card rời)'] not found
[2024-11-20T06:14:53.126+0000] {subprocess.py:93} INFO - Value ['Dung lượng pin'] not found
[2024-11-20T06:14:53.126+0000] {subprocess.py:93} INFO - Value ['Dung lượng pin'] not found
[2024-11-20T06:14:53.126+0000] {subprocess.py:93} INFO - Opened the modal successfully.
[2024-11-20T06:14:53.126+0000] {subprocess.py:93} INFO - Found item: 119
[2024-11-20T06:14:53.126+0000] {subprocess.py:93} INFO - Value ['Tên đầy đủ (Card rời)'] not found
[2024-11-20T06:14:53.127+0000] {subprocess.py:93} INFO - Value ['Độ sáng'] not found
[2024-11-20T06:14:53.127+0000] {subprocess.py:93} INFO - Opened the modal successfully.
[2024-11-20T06:14:53.127+0000] {subprocess.py:93} INFO - Found item: 120
[2024-11-20T06:14:53.127+0000] {subprocess.py:93} INFO - Value ['Tên đầy đủ (Card rời)'] not found
[2024-11-20T06:14:53.127+0000] {subprocess.py:93} INFO - Value ['Dung lượng pin'] not found
[2024-11-20T06:14:53.128+0000] {subprocess.py:93} INFO - Value ['Dung lượng pin'] not found
[2024-11-20T06:14:53.128+0000] {subprocess.py:93} INFO - Opened the modal successfully.
[2024-11-20T06:14:53.128+0000] {subprocess.py:93} INFO - Found item: 121
[2024-11-20T06:14:53.128+0000] {subprocess.py:93} INFO - Value ['Tên đầy đủ (Card rời)'] not found
[2024-11-20T06:14:53.129+0000] {subprocess.py:93} INFO - Opened the modal successfully.
[2024-11-20T06:14:53.129+0000] {subprocess.py:93} INFO - Found item: 122
[2024-11-20T06:14:53.129+0000] {subprocess.py:93} INFO - Opened the modal successfully.
[2024-11-20T06:14:53.129+0000] {subprocess.py:93} INFO - Found item: 123
[2024-11-20T06:14:53.129+0000] {subprocess.py:93} INFO - Value ['Độ sáng'] not found
[2024-11-20T06:14:53.130+0000] {subprocess.py:93} INFO - Opened the modal successfully.
[2024-11-20T06:14:53.130+0000] {subprocess.py:93} INFO - Found item: 124
[2024-11-20T06:14:53.130+0000] {subprocess.py:93} INFO - Value ['Tên đầy đủ (Card rời)'] not found
[2024-11-20T06:14:53.130+0000] {subprocess.py:93} INFO - Value ['Độ sáng'] not found
[2024-11-20T06:14:53.130+0000] {subprocess.py:93} INFO - Opened the modal successfully.
[2024-11-20T06:14:53.131+0000] {subprocess.py:93} INFO - Found item: 125
[2024-11-20T06:14:53.131+0000] {subprocess.py:93} INFO - Opened the modal successfully.
[2024-11-20T06:14:53.131+0000] {subprocess.py:93} INFO - Found item: 126
[2024-11-20T06:14:53.131+0000] {subprocess.py:93} INFO - Value ['Độ sáng'] not found
[2024-11-20T06:14:53.131+0000] {subprocess.py:93} INFO - Opened the modal successfully.
[2024-11-20T06:14:53.132+0000] {subprocess.py:93} INFO - Found item: 127
[2024-11-20T06:14:53.132+0000] {subprocess.py:93} INFO - Value ['Tên đầy đủ (Card rời)'] not found
[2024-11-20T06:14:53.132+0000] {subprocess.py:93} INFO - Opened the modal successfully.
[2024-11-20T06:14:53.132+0000] {subprocess.py:93} INFO - Found item: 128
[2024-11-20T06:14:53.132+0000] {subprocess.py:93} INFO - Opened the modal successfully.
[2024-11-20T06:14:53.132+0000] {subprocess.py:93} INFO - Found item: 129
[2024-11-20T06:14:53.133+0000] {subprocess.py:93} INFO - Opened the modal successfully.
[2024-11-20T06:14:53.133+0000] {subprocess.py:93} INFO - Found item: 130
[2024-11-20T06:14:53.133+0000] {subprocess.py:93} INFO - Value ['Tên đầy đủ (Card rời)'] not found
[2024-11-20T06:14:53.133+0000] {subprocess.py:93} INFO - Value ['Loại RAM'] not found
[2024-11-20T06:14:53.134+0000] {subprocess.py:93} INFO - Value ['Độ sáng'] not found
[2024-11-20T06:14:53.134+0000] {subprocess.py:93} INFO - Opened the modal successfully.
[2024-11-20T06:14:53.134+0000] {subprocess.py:93} INFO - Found item: 131
[2024-11-20T06:14:53.134+0000] {subprocess.py:93} INFO - Value ['Tên đầy đủ (Card rời)'] not found
[2024-11-20T06:14:53.134+0000] {subprocess.py:93} INFO - Opened the modal successfully.
[2024-11-20T06:14:53.134+0000] {subprocess.py:93} INFO - Found item: 132
[2024-11-20T06:14:53.134+0000] {subprocess.py:93} INFO - Opened the modal successfully.
[2024-11-20T06:14:53.134+0000] {subprocess.py:93} INFO - Found item: 133
[2024-11-20T06:14:53.135+0000] {subprocess.py:93} INFO - Value ['Tên đầy đủ (Card rời)'] not found
[2024-11-20T06:14:53.135+0000] {subprocess.py:93} INFO - Opened the modal successfully.
[2024-11-20T06:14:53.135+0000] {subprocess.py:93} INFO - Found item: 134
[2024-11-20T06:14:53.135+0000] {subprocess.py:93} INFO - Value ['Tên đầy đủ (Card rời)'] not found
[2024-11-20T06:14:53.135+0000] {subprocess.py:93} INFO - Value ['Loại RAM'] not found
[2024-11-20T06:14:53.136+0000] {subprocess.py:93} INFO - Value ['Độ sáng'] not found
[2024-11-20T06:14:53.136+0000] {subprocess.py:93} INFO - Opened the modal successfully.
[2024-11-20T06:14:53.136+0000] {subprocess.py:93} INFO - Found item: 135
[2024-11-20T06:14:53.136+0000] {subprocess.py:93} INFO - Value ['Tên đầy đủ (Card rời)'] not found
[2024-11-20T06:14:53.136+0000] {subprocess.py:93} INFO - Value ['Độ sáng'] not found
[2024-11-20T06:14:53.137+0000] {subprocess.py:93} INFO - Value ['Dung lượng pin'] not found
[2024-11-20T06:14:53.137+0000] {subprocess.py:93} INFO - Value ['Dung lượng pin'] not found
[2024-11-20T06:14:53.137+0000] {subprocess.py:93} INFO - Value ['Thời gian bảo hành'] not found
[2024-11-20T06:14:53.137+0000] {subprocess.py:93} INFO - Opened the modal successfully.
[2024-11-20T06:14:53.137+0000] {subprocess.py:93} INFO - Found item: 136
[2024-11-20T06:14:53.137+0000] {subprocess.py:93} INFO - Value ['Tên đầy đủ (Card rời)'] not found
[2024-11-20T06:14:53.137+0000] {subprocess.py:93} INFO - Value ['Độ sáng'] not found
[2024-11-20T06:14:53.138+0000] {subprocess.py:93} INFO - Opened the modal successfully.
[2024-11-20T06:14:53.138+0000] {subprocess.py:93} INFO - Found item: 137
[2024-11-20T06:14:53.138+0000] {subprocess.py:93} INFO - Opened the modal successfully.
[2024-11-20T06:14:53.138+0000] {subprocess.py:93} INFO - Found item: 138
[2024-11-20T06:14:53.138+0000] {subprocess.py:93} INFO - Opened the modal successfully.
[2024-11-20T06:14:53.138+0000] {subprocess.py:93} INFO - Found item: 139
[2024-11-20T06:14:53.138+0000] {subprocess.py:93} INFO - Opened the modal successfully.
[2024-11-20T06:14:53.139+0000] {subprocess.py:93} INFO - Found item: 140
[2024-11-20T06:14:53.139+0000] {subprocess.py:93} INFO - Opened the modal successfully.
[2024-11-20T06:14:53.139+0000] {subprocess.py:93} INFO - Found item: 141
[2024-11-20T06:14:53.139+0000] {subprocess.py:93} INFO - Value ['Tên đầy đủ (Card rời)'] not found
[2024-11-20T06:14:53.139+0000] {subprocess.py:93} INFO - Value ['Độ sáng'] not found
[2024-11-20T06:14:53.140+0000] {subprocess.py:93} INFO - Opened the modal successfully.
[2024-11-20T06:14:53.140+0000] {subprocess.py:93} INFO - Found item: 142
[2024-11-20T06:14:53.140+0000] {subprocess.py:93} INFO - Value ['Tên đầy đủ (Card rời)'] not found
[2024-11-20T06:14:53.141+0000] {subprocess.py:93} INFO - Value ['Độ sáng'] not found
[2024-11-20T06:14:53.141+0000] {subprocess.py:93} INFO - Opened the modal successfully.
[2024-11-20T06:14:53.141+0000] {subprocess.py:93} INFO - Found item: 143
[2024-11-20T06:14:53.141+0000] {subprocess.py:93} INFO - Value ['Độ sáng'] not found
[2024-11-20T06:14:53.142+0000] {subprocess.py:93} INFO - Opened the modal successfully.
[2024-11-20T06:14:53.142+0000] {subprocess.py:93} INFO - Found item: 144
[2024-11-20T06:14:53.142+0000] {subprocess.py:93} INFO - Value ['Độ sáng'] not found
[2024-11-20T06:14:53.142+0000] {subprocess.py:93} INFO - Opened the modal successfully.
[2024-11-20T06:14:53.142+0000] {subprocess.py:93} INFO - Found item: 145
[2024-11-20T06:14:53.143+0000] {subprocess.py:93} INFO - Value ['Độ sáng'] not found
[2024-11-20T06:14:53.143+0000] {subprocess.py:93} INFO - Opened the modal successfully.
[2024-11-20T06:14:53.143+0000] {subprocess.py:93} INFO - Found item: 146
[2024-11-20T06:14:53.143+0000] {subprocess.py:93} INFO - Value ['Tên đầy đủ (Card rời)'] not found
[2024-11-20T06:14:53.144+0000] {subprocess.py:93} INFO - Opened the modal successfully.
[2024-11-20T06:14:53.144+0000] {subprocess.py:93} INFO - Found item: 147
[2024-11-20T06:14:53.144+0000] {subprocess.py:93} INFO - Opened the modal successfully.
[2024-11-20T06:14:53.144+0000] {subprocess.py:93} INFO - Found item: 148
[2024-11-20T06:14:53.145+0000] {subprocess.py:93} INFO - Opened the modal successfully.
[2024-11-20T06:14:53.145+0000] {subprocess.py:93} INFO - Found item: 149
[2024-11-20T06:14:53.145+0000] {subprocess.py:93} INFO - Value ['Độ sáng'] not found
[2024-11-20T06:14:53.145+0000] {subprocess.py:93} INFO - Opened the modal successfully.
[2024-11-20T06:14:53.145+0000] {subprocess.py:93} INFO - Found item: 150
[2024-11-20T06:14:53.146+0000] {subprocess.py:93} INFO - Value ['Tên đầy đủ (Card rời)'] not found
[2024-11-20T06:14:53.146+0000] {subprocess.py:93} INFO - Value ['Độ sáng'] not found
[2024-11-20T06:14:53.146+0000] {subprocess.py:93} INFO - Opened the modal successfully.
[2024-11-20T06:14:53.146+0000] {subprocess.py:93} INFO - Found item: 151
[2024-11-20T06:14:53.147+0000] {subprocess.py:93} INFO - Opened the modal successfully.
[2024-11-20T06:14:53.147+0000] {subprocess.py:93} INFO - Found item: 152
[2024-11-20T06:14:53.147+0000] {subprocess.py:93} INFO - Opened the modal successfully.
[2024-11-20T06:14:53.148+0000] {subprocess.py:93} INFO - Found item: 153
[2024-11-20T06:14:53.148+0000] {subprocess.py:93} INFO - Value ['Tên đầy đủ (Card rời)'] not found
[2024-11-20T06:14:53.148+0000] {subprocess.py:93} INFO - Value ['Độ sáng'] not found
[2024-11-20T06:14:53.148+0000] {subprocess.py:93} INFO - Opened the modal successfully.
[2024-11-20T06:14:53.148+0000] {subprocess.py:93} INFO - Found item: 154
[2024-11-20T06:14:53.148+0000] {subprocess.py:93} INFO - Value ['Tên đầy đủ (Card rời)'] not found
[2024-11-20T06:14:53.149+0000] {subprocess.py:93} INFO - Opened the modal successfully.
[2024-11-20T06:14:53.149+0000] {subprocess.py:93} INFO - Found item: 155
[2024-11-20T06:14:53.149+0000] {subprocess.py:93} INFO - Value ['Tên đầy đủ (Card rời)'] not found
[2024-11-20T06:14:53.149+0000] {subprocess.py:93} INFO - Value ['Dung lượng pin'] not found
[2024-11-20T06:14:53.149+0000] {subprocess.py:93} INFO - Value ['Dung lượng pin'] not found
[2024-11-20T06:14:53.149+0000] {subprocess.py:93} INFO - Opened the modal successfully.
[2024-11-20T06:14:53.149+0000] {subprocess.py:93} INFO - Found item: 156
[2024-11-20T06:14:53.150+0000] {subprocess.py:93} INFO - Opened the modal successfully.
[2024-11-20T06:14:53.150+0000] {subprocess.py:93} INFO - Found item: 157
[2024-11-20T06:14:53.150+0000] {subprocess.py:93} INFO - Value ['Độ sáng'] not found
[2024-11-20T06:25:17.639+0000] {subprocess.py:93} INFO - Opened the modal successfully.
[2024-11-20T06:25:17.640+0000] {subprocess.py:93} INFO - Found item: 158
[2024-11-20T06:25:17.640+0000] {subprocess.py:93} INFO - Opened the modal successfully.
[2024-11-20T06:25:17.641+0000] {subprocess.py:93} INFO - Found item: 159
[2024-11-20T06:25:17.642+0000] {subprocess.py:93} INFO - Value ['Tên đầy đủ (Card rời)'] not found
[2024-11-20T06:25:17.645+0000] {subprocess.py:93} INFO - Opened the modal successfully.
[2024-11-20T06:25:17.645+0000] {subprocess.py:93} INFO - Found item: 160
[2024-11-20T06:25:17.646+0000] {subprocess.py:93} INFO - Value ['Tên đầy đủ (Card rời)'] not found
[2024-11-20T06:25:17.647+0000] {subprocess.py:93} INFO - Value ['Độ sáng'] not found
[2024-11-20T06:25:17.647+0000] {subprocess.py:93} INFO - Opened the modal successfully.
[2024-11-20T06:25:17.648+0000] {subprocess.py:93} INFO - Found item: 161
[2024-11-20T06:25:17.649+0000] {subprocess.py:93} INFO - Value ['Tên đầy đủ (Card rời)'] not found
[2024-11-20T06:25:17.650+0000] {subprocess.py:93} INFO - Value ['Độ sáng'] not found
[2024-11-20T06:25:17.651+0000] {subprocess.py:93} INFO - Opened the modal successfully.
[2024-11-20T06:25:17.651+0000] {subprocess.py:93} INFO - Found item: 162
[2024-11-20T06:25:17.652+0000] {subprocess.py:93} INFO - Value ['Độ sáng'] not found
[2024-11-20T06:25:17.654+0000] {subprocess.py:93} INFO - Opened the modal successfully.
[2024-11-20T06:25:17.655+0000] {subprocess.py:93} INFO - Found item: 163
[2024-11-20T06:25:17.655+0000] {subprocess.py:93} INFO - Value ['Tên đầy đủ (Card rời)'] not found
[2024-11-20T06:25:17.656+0000] {subprocess.py:93} INFO - Value ['Dung lượng pin'] not found
[2024-11-20T06:25:17.656+0000] {subprocess.py:93} INFO - Value ['Dung lượng pin'] not found
[2024-11-20T06:25:17.657+0000] {subprocess.py:93} INFO - Opened the modal successfully.
[2024-11-20T06:25:17.658+0000] {subprocess.py:93} INFO - Found item: 164
[2024-11-20T06:25:17.658+0000] {subprocess.py:93} INFO - Value ['Tên đầy đủ (Card rời)'] not found
[2024-11-20T06:25:17.660+0000] {subprocess.py:93} INFO - Value ['Độ sáng'] not found
[2024-11-20T06:25:17.660+0000] {subprocess.py:93} INFO - Opened the modal successfully.
[2024-11-20T06:25:17.661+0000] {subprocess.py:93} INFO - Found item: 165
[2024-11-20T06:25:17.662+0000] {subprocess.py:93} INFO - Value ['Độ sáng'] not found
[2024-11-20T06:25:17.663+0000] {subprocess.py:93} INFO - Opened the modal successfully.
[2024-11-20T06:25:17.664+0000] {subprocess.py:93} INFO - Found item: 166
[2024-11-20T06:25:17.666+0000] {subprocess.py:93} INFO - Value ['Loại CPU'] not found
[2024-11-20T06:25:17.667+0000] {subprocess.py:93} INFO - Opened the modal successfully.
[2024-11-20T06:25:17.668+0000] {subprocess.py:93} INFO - Found item: 167
[2024-11-20T06:25:17.669+0000] {subprocess.py:93} INFO - Value ['Tên đầy đủ (Card rời)'] not found
[2024-11-20T06:25:17.670+0000] {subprocess.py:93} INFO - Value ['Độ sáng'] not found
[2024-11-20T06:25:17.671+0000] {subprocess.py:93} INFO - Opened the modal successfully.
[2024-11-20T06:25:17.672+0000] {subprocess.py:93} INFO - Found item: 168
[2024-11-20T06:25:17.673+0000] {subprocess.py:93} INFO - Value ['Tên đầy đủ (Card rời)'] not found
[2024-11-20T06:25:17.673+0000] {subprocess.py:93} INFO - Opened the modal successfully.
[2024-11-20T06:25:17.674+0000] {subprocess.py:93} INFO - Found item: 169
[2024-11-20T06:25:17.675+0000] {subprocess.py:93} INFO - Value ['Tên đầy đủ (Card rời)'] not found
[2024-11-20T06:25:17.677+0000] {subprocess.py:93} INFO - Opened the modal successfully.
[2024-11-20T06:25:17.677+0000] {subprocess.py:93} INFO - Found item: 170
[2024-11-20T06:25:17.678+0000] {subprocess.py:93} INFO - Value ['Tên đầy đủ (Card rời)'] not found
[2024-11-20T06:25:17.680+0000] {subprocess.py:93} INFO - Opened the modal successfully.
[2024-11-20T06:25:17.681+0000] {subprocess.py:93} INFO - Found item: 171
[2024-11-20T06:25:17.681+0000] {subprocess.py:93} INFO - Value ['Tên đầy đủ (Card rời)'] not found
[2024-11-20T06:25:17.682+0000] {subprocess.py:93} INFO - Value ['Độ sáng'] not found
[2024-11-20T06:25:17.687+0000] {subprocess.py:93} INFO - Value ['Dung lượng pin'] not found
[2024-11-20T06:25:17.687+0000] {subprocess.py:93} INFO - Value ['Dung lượng pin'] not found
[2024-11-20T06:25:17.688+0000] {subprocess.py:93} INFO - Opened the modal successfully.
[2024-11-20T06:25:17.688+0000] {subprocess.py:93} INFO - Found item: 172
[2024-11-20T06:25:17.688+0000] {subprocess.py:93} INFO - Value ['Tên đầy đủ (Card rời)'] not found
[2024-11-20T06:25:17.688+0000] {subprocess.py:93} INFO - Value ['Dung lượng pin'] not found
[2024-11-20T06:25:17.689+0000] {subprocess.py:93} INFO - Value ['Dung lượng pin'] not found
[2024-11-20T06:25:17.689+0000] {subprocess.py:93} INFO - Opened the modal successfully.
[2024-11-20T06:25:17.689+0000] {subprocess.py:93} INFO - Found item: 173
[2024-11-20T06:25:17.690+0000] {subprocess.py:93} INFO - Value ['Tên đầy đủ (Card rời)'] not found
[2024-11-20T06:25:17.691+0000] {subprocess.py:93} INFO - Value ['Độ sáng'] not found
[2024-11-20T06:25:17.692+0000] {subprocess.py:93} INFO - Opened the modal successfully.
[2024-11-20T06:25:17.692+0000] {subprocess.py:93} INFO - Found item: 174
[2024-11-20T06:25:17.692+0000] {subprocess.py:93} INFO - Value ['Dung lượng pin'] not found
[2024-11-20T06:25:17.693+0000] {subprocess.py:93} INFO - Value ['Dung lượng pin'] not found
[2024-11-20T06:25:17.693+0000] {subprocess.py:93} INFO - Opened the modal successfully.
[2024-11-20T06:25:17.693+0000] {subprocess.py:93} INFO - Found item: 175
[2024-11-20T06:25:17.694+0000] {subprocess.py:93} INFO - Value ['Tên đầy đủ (Card rời)'] not found
[2024-11-20T06:25:17.694+0000] {subprocess.py:93} INFO - Opened the modal successfully.
[2024-11-20T06:25:17.694+0000] {subprocess.py:93} INFO - Found item: 176
[2024-11-20T06:25:17.694+0000] {subprocess.py:93} INFO - Value ['Tên đầy đủ (Card rời)'] not found
[2024-11-20T06:25:17.695+0000] {subprocess.py:93} INFO - Value ['Độ sáng'] not found
[2024-11-20T06:25:17.696+0000] {subprocess.py:93} INFO - Opened the modal successfully.
[2024-11-20T06:25:17.696+0000] {subprocess.py:93} INFO - Found item: 177
[2024-11-20T06:25:17.697+0000] {subprocess.py:93} INFO - Value ['Tên đầy đủ (Card rời)'] not found
[2024-11-20T06:25:17.697+0000] {subprocess.py:93} INFO - Opened the modal successfully.
[2024-11-20T06:25:17.698+0000] {subprocess.py:93} INFO - Found item: 178
[2024-11-20T06:25:17.698+0000] {subprocess.py:93} INFO - Opened the modal successfully.
[2024-11-20T06:25:17.699+0000] {subprocess.py:93} INFO - Found item: 179
[2024-11-20T06:25:17.699+0000] {subprocess.py:93} INFO - Opened the modal successfully.
[2024-11-20T06:25:17.700+0000] {subprocess.py:93} INFO - Found item: 180
[2024-11-20T06:25:17.700+0000] {subprocess.py:93} INFO - Opened the modal successfully.
[2024-11-20T06:25:17.705+0000] {subprocess.py:93} INFO - Found item: 181
[2024-11-20T06:25:17.705+0000] {subprocess.py:93} INFO - Value ['Tên đầy đủ (Card rời)'] not found
[2024-11-20T06:25:17.706+0000] {subprocess.py:93} INFO - Value ['Độ sáng'] not found
[2024-11-20T06:25:17.707+0000] {subprocess.py:93} INFO - Opened the modal successfully.
[2024-11-20T06:25:17.708+0000] {subprocess.py:93} INFO - Found item: 182
[2024-11-20T06:25:17.708+0000] {subprocess.py:93} INFO - Value ['Tên đầy đủ (Card rời)'] not found
[2024-11-20T06:25:17.709+0000] {subprocess.py:93} INFO - Opened the modal successfully.
[2024-11-20T06:25:17.710+0000] {subprocess.py:93} INFO - Found item: 183
[2024-11-20T06:25:17.711+0000] {subprocess.py:93} INFO - Value ['Tên đầy đủ (Card rời)'] not found
[2024-11-20T06:25:17.711+0000] {subprocess.py:93} INFO - Opened the modal successfully.
[2024-11-20T06:25:17.712+0000] {subprocess.py:93} INFO - Found item: 184
[2024-11-20T06:25:17.712+0000] {subprocess.py:93} INFO - Value ['Tên đầy đủ (Card rời)'] not found
[2024-11-20T06:25:17.713+0000] {subprocess.py:93} INFO - Value ['Dung lượng pin'] not found
[2024-11-20T06:25:17.714+0000] {subprocess.py:93} INFO - Value ['Dung lượng pin'] not found
[2024-11-20T06:25:17.715+0000] {subprocess.py:93} INFO - Opened the modal successfully.
[2024-11-20T06:25:17.715+0000] {subprocess.py:93} INFO - Found item: 185
[2024-11-20T06:25:17.715+0000] {subprocess.py:93} INFO - Value ['Tên đầy đủ (Card rời)'] not found
[2024-11-20T06:25:17.715+0000] {subprocess.py:93} INFO - Opened the modal successfully.
[2024-11-20T06:25:17.716+0000] {subprocess.py:93} INFO - Found item: 186
[2024-11-20T06:25:17.716+0000] {subprocess.py:93} INFO - Value ['Tên đầy đủ (Card rời)'] not found
[2024-11-20T06:25:17.716+0000] {subprocess.py:93} INFO - Opened the modal successfully.
[2024-11-20T06:25:17.716+0000] {subprocess.py:93} INFO - Found item: 187
[2024-11-20T06:25:17.717+0000] {subprocess.py:93} INFO - Value ['Tên đầy đủ (Card rời)'] not found
[2024-11-20T06:25:17.718+0000] {subprocess.py:93} INFO - Value ['Độ sáng'] not found
[2024-11-20T06:25:17.718+0000] {subprocess.py:93} INFO - Value ['Dung lượng pin'] not found
[2024-11-20T06:25:17.719+0000] {subprocess.py:93} INFO - Value ['Dung lượng pin'] not found
[2024-11-20T06:25:17.719+0000] {subprocess.py:93} INFO - Opened the modal successfully.
[2024-11-20T06:25:17.720+0000] {subprocess.py:93} INFO - Found item: 188
[2024-11-20T06:25:17.720+0000] {subprocess.py:93} INFO - Value ['Tên đầy đủ (Card rời)'] not found
[2024-11-20T06:25:17.720+0000] {subprocess.py:93} INFO - Value ['Độ sáng'] not found
[2024-11-20T06:25:17.721+0000] {subprocess.py:93} INFO - Value ['Dung lượng pin'] not found
[2024-11-20T06:25:17.723+0000] {subprocess.py:93} INFO - Value ['Dung lượng pin'] not found
[2024-11-20T06:25:17.724+0000] {subprocess.py:93} INFO - Opened the modal successfully.
[2024-11-20T06:25:17.724+0000] {subprocess.py:93} INFO - Found item: 189
[2024-11-20T06:25:17.725+0000] {subprocess.py:93} INFO - Opened the modal successfully.
[2024-11-20T06:25:17.726+0000] {subprocess.py:93} INFO - Found item: 190
[2024-11-20T06:25:17.726+0000] {subprocess.py:93} INFO - Value ['Độ sáng'] not found
[2024-11-20T06:25:17.727+0000] {subprocess.py:93} INFO - Opened the modal successfully.
[2024-11-20T06:25:17.727+0000] {subprocess.py:93} INFO - Found item: 191
[2024-11-20T06:25:17.727+0000] {subprocess.py:93} INFO - Value ['Tên đầy đủ (Card rời)'] not found
[2024-11-20T06:25:17.727+0000] {subprocess.py:93} INFO - Value ['Độ sáng'] not found
[2024-11-20T06:25:17.728+0000] {subprocess.py:93} INFO - Opened the modal successfully.
[2024-11-20T06:25:17.729+0000] {subprocess.py:93} INFO - Found item: 192
[2024-11-20T06:25:17.729+0000] {subprocess.py:93} INFO - Value ['Tên đầy đủ (Card rời)'] not found
[2024-11-20T06:25:17.730+0000] {subprocess.py:93} INFO - Opened the modal successfully.
[2024-11-20T06:25:17.730+0000] {subprocess.py:93} INFO - Found item: 193
[2024-11-20T06:25:17.730+0000] {subprocess.py:93} INFO - Value ['Tên đầy đủ (Card rời)'] not found
[2024-11-20T06:25:17.731+0000] {subprocess.py:93} INFO - Value ['Độ sáng'] not found
[2024-11-20T06:25:17.731+0000] {subprocess.py:93} INFO - Opened the modal successfully.
[2024-11-20T06:25:17.731+0000] {subprocess.py:93} INFO - Found item: 194
[2024-11-20T06:25:17.732+0000] {subprocess.py:93} INFO - Value ['Tên đầy đủ (Card rời)'] not found
[2024-11-20T06:25:17.732+0000] {subprocess.py:93} INFO - Value ['Độ sáng'] not found
[2024-11-20T06:25:17.732+0000] {subprocess.py:93} INFO - Value ['Dung lượng pin'] not found
[2024-11-20T06:25:17.732+0000] {subprocess.py:93} INFO - Value ['Dung lượng pin'] not found
[2024-11-20T06:25:17.733+0000] {subprocess.py:93} INFO - Opened the modal successfully.
[2024-11-20T06:25:17.733+0000] {subprocess.py:93} INFO - Found item: 195
[2024-11-20T06:25:17.733+0000] {subprocess.py:93} INFO - Value ['Tên đầy đủ (Card rời)'] not found
[2024-11-20T06:25:17.734+0000] {subprocess.py:93} INFO - Value ['Độ sáng'] not found
[2024-11-20T06:25:17.734+0000] {subprocess.py:93} INFO - Value ['Dung lượng pin'] not found
[2024-11-20T06:25:17.734+0000] {subprocess.py:93} INFO - Value ['Dung lượng pin'] not found
[2024-11-20T06:25:17.734+0000] {subprocess.py:93} INFO - Opened the modal successfully.
[2024-11-20T06:25:17.735+0000] {subprocess.py:93} INFO - Found item: 196
[2024-11-20T06:25:17.735+0000] {subprocess.py:93} INFO - Value ['Tên đầy đủ (Card rời)'] not found
[2024-11-20T06:25:17.735+0000] {subprocess.py:93} INFO - Value ['Độ sáng'] not found
[2024-11-20T06:25:17.735+0000] {subprocess.py:93} INFO - Value ['Dung lượng pin'] not found
[2024-11-20T06:25:17.736+0000] {subprocess.py:93} INFO - Value ['Dung lượng pin'] not found
[2024-11-20T06:25:17.736+0000] {subprocess.py:93} INFO - Opened the modal successfully.
[2024-11-20T06:25:17.736+0000] {subprocess.py:93} INFO - Found item: 197
[2024-11-20T06:25:17.737+0000] {subprocess.py:93} INFO - Value ['Tên đầy đủ (Card rời)'] not found
[2024-11-20T06:25:17.737+0000] {subprocess.py:93} INFO - Value ['Độ sáng'] not found
[2024-11-20T06:25:17.737+0000] {subprocess.py:93} INFO - Value ['Dung lượng pin'] not found
[2024-11-20T06:25:17.738+0000] {subprocess.py:93} INFO - Value ['Dung lượng pin'] not found
[2024-11-20T06:25:17.738+0000] {subprocess.py:93} INFO - Opened the modal successfully.
[2024-11-20T06:25:17.739+0000] {subprocess.py:93} INFO - Found item: 198
[2024-11-20T06:25:17.740+0000] {subprocess.py:93} INFO - Value ['Tên đầy đủ (Card rời)'] not found
[2024-11-20T06:25:17.740+0000] {subprocess.py:93} INFO - Opened the modal successfully.
[2024-11-20T06:25:17.741+0000] {subprocess.py:93} INFO - Found item: 199
[2024-11-20T06:25:17.742+0000] {subprocess.py:93} INFO - Value ['Tên đầy đủ (Card rời)'] not found
[2024-11-20T06:25:17.742+0000] {subprocess.py:93} INFO - Value ['Độ sáng'] not found
[2024-11-20T06:25:17.743+0000] {subprocess.py:93} INFO - Opened the modal successfully.
[2024-11-20T06:25:17.743+0000] {subprocess.py:93} INFO - Found item: 200
[2024-11-20T06:25:17.744+0000] {subprocess.py:93} INFO - Value ['Tên đầy đủ (Card rời)'] not found
[2024-11-20T06:25:17.745+0000] {subprocess.py:93} INFO - Value ['Độ sáng'] not found
[2024-11-20T06:25:17.745+0000] {subprocess.py:93} INFO - Opened the modal successfully.
[2024-11-20T06:25:17.747+0000] {subprocess.py:93} INFO - Found item: 201
[2024-11-20T06:25:17.748+0000] {subprocess.py:93} INFO - Value ['Tên đầy đủ (Card rời)'] not found
[2024-11-20T06:25:17.749+0000] {subprocess.py:93} INFO - Opened the modal successfully.
[2024-11-20T06:25:17.750+0000] {subprocess.py:93} INFO - Found item: 202
[2024-11-20T06:25:17.750+0000] {subprocess.py:93} INFO - Value ['Tên đầy đủ (Card rời)'] not found
[2024-11-20T06:25:17.750+0000] {subprocess.py:93} INFO - Value ['Độ sáng'] not found
[2024-11-20T06:25:17.751+0000] {subprocess.py:93} INFO - Value ['Dung lượng pin'] not found
[2024-11-20T06:25:17.751+0000] {subprocess.py:93} INFO - Value ['Dung lượng pin'] not found
[2024-11-20T06:25:17.752+0000] {subprocess.py:93} INFO - Opened the modal successfully.
[2024-11-20T06:25:17.752+0000] {subprocess.py:93} INFO - Found item: 203
[2024-11-20T06:25:17.753+0000] {subprocess.py:93} INFO - Opened the modal successfully.
[2024-11-20T06:25:17.754+0000] {subprocess.py:93} INFO - Found item: 204
[2024-11-20T06:25:17.754+0000] {subprocess.py:93} INFO - Value ['Tên đầy đủ (Card rời)'] not found
[2024-11-20T06:25:17.755+0000] {subprocess.py:93} INFO - Value ['Dung lượng pin'] not found
[2024-11-20T06:25:17.755+0000] {subprocess.py:93} INFO - Value ['Dung lượng pin'] not found
[2024-11-20T06:25:17.756+0000] {subprocess.py:93} INFO - Opened the modal successfully.
[2024-11-20T06:25:17.757+0000] {subprocess.py:93} INFO - Found item: 205
[2024-11-20T06:25:17.757+0000] {subprocess.py:93} INFO - Value ['Tên đầy đủ (Card rời)'] not found
[2024-11-20T06:25:17.757+0000] {subprocess.py:93} INFO - Opened the modal successfully.
[2024-11-20T06:25:17.758+0000] {subprocess.py:93} INFO - Found item: 206
[2024-11-20T06:25:17.758+0000] {subprocess.py:93} INFO - Value ['Tên đầy đủ (Card rời)'] not found
[2024-11-20T06:25:17.759+0000] {subprocess.py:93} INFO - Opened the modal successfully.
[2024-11-20T06:25:17.760+0000] {subprocess.py:93} INFO - Found item: 207
[2024-11-20T06:25:17.761+0000] {subprocess.py:93} INFO - Value ['Tên đầy đủ (Card rời)'] not found
[2024-11-20T06:25:17.762+0000] {subprocess.py:93} INFO - Opened the modal successfully.
[2024-11-20T06:25:17.762+0000] {subprocess.py:93} INFO - Found item: 208
[2024-11-20T06:25:17.762+0000] {subprocess.py:93} INFO - Value ['Tên đầy đủ (Card rời)'] not found
[2024-11-20T06:25:17.763+0000] {subprocess.py:93} INFO - Value ['Độ sáng'] not found
[2024-11-20T06:25:17.763+0000] {subprocess.py:93} INFO - Opened the modal successfully.
[2024-11-20T06:25:17.763+0000] {subprocess.py:93} INFO - Found item: 209
[2024-11-20T06:25:17.764+0000] {subprocess.py:93} INFO - Opened the modal successfully.
[2024-11-20T06:25:17.764+0000] {subprocess.py:93} INFO - Found item: 210
[2024-11-20T06:25:17.764+0000] {subprocess.py:93} INFO - Value ['Tên đầy đủ (Card rời)'] not found
[2024-11-20T06:25:17.764+0000] {subprocess.py:93} INFO - Opened the modal successfully.
[2024-11-20T06:25:17.764+0000] {subprocess.py:93} INFO - Found item: 211
[2024-11-20T06:25:17.764+0000] {subprocess.py:93} INFO - Value ['Tên đầy đủ (Card rời)'] not found
[2024-11-20T06:25:17.765+0000] {subprocess.py:93} INFO - Value ['Độ sáng'] not found
[2024-11-20T06:25:17.765+0000] {subprocess.py:93} INFO - Opened the modal successfully.
[2024-11-20T06:25:17.765+0000] {subprocess.py:93} INFO - Found item: 212
[2024-11-20T06:25:17.765+0000] {subprocess.py:93} INFO - Value ['Tên đầy đủ (Card rời)'] not found
[2024-11-20T06:25:17.765+0000] {subprocess.py:93} INFO - Value ['Độ sáng'] not found
[2024-11-20T06:25:17.766+0000] {subprocess.py:93} INFO - Opened the modal successfully.
[2024-11-20T06:25:17.766+0000] {subprocess.py:93} INFO - Found item: 213
[2024-11-20T06:25:17.766+0000] {subprocess.py:93} INFO - Value ['Tên đầy đủ (Card rời)'] not found
[2024-11-20T06:25:17.766+0000] {subprocess.py:93} INFO - Opened the modal successfully.
[2024-11-20T06:25:17.766+0000] {subprocess.py:93} INFO - Found item: 214
[2024-11-20T06:25:17.766+0000] {subprocess.py:93} INFO - Value ['Độ sáng'] not found
[2024-11-20T06:25:17.767+0000] {subprocess.py:93} INFO - Opened the modal successfully.
[2024-11-20T06:25:17.767+0000] {subprocess.py:93} INFO - Found item: 215
[2024-11-20T06:25:17.767+0000] {subprocess.py:93} INFO - Value ['Dung lượng pin'] not found
[2024-11-20T06:25:17.767+0000] {subprocess.py:93} INFO - Value ['Dung lượng pin'] not found
[2024-11-20T06:25:17.768+0000] {subprocess.py:93} INFO - Opened the modal successfully.
[2024-11-20T06:25:17.768+0000] {subprocess.py:93} INFO - Found item: 216
[2024-11-20T06:25:18.444+0000] {subprocess.py:97} INFO - Command exited with return code 0
[2024-11-20T06:25:18.459+0000] {taskinstance.py:340} INFO - ::group::Post task execution logs
[2024-11-20T06:25:18.459+0000] {taskinstance.py:352} INFO - Marking task as SUCCESS. dag_id=main_dag, task_id=laptop_scraping_tasks.scrape_fptshop, run_id=manual__2024-11-20T02:00:30.526702+00:00, execution_date=20241120T020030, start_date=20241120T054515, end_date=20241120T062518
[2024-11-20T06:25:18.482+0000] {local_task_job_runner.py:266} INFO - Task exited with return code 0
[2024-11-20T06:25:18.498+0000] {logging_mixin.py:190} WARNING - /usr/local/lib/python3.11/site-packages/***/models/baseoperator.py:1378 AirflowProviderDeprecationWarning: Call to deprecated class PostgresOperator. (Please use `***.providers.common.sql.operators.sql.SQLExecuteQueryOperator`.Also, you can provide `hook_params={'schema': <database>}`.)
[2024-11-20T06:25:18.517+0000] {taskinstance.py:3900} INFO - 2 downstream tasks scheduled from follow-on schedule check
[2024-11-20T06:25:18.519+0000] {local_task_job_runner.py:245} INFO - ::endgroup::
