[2024-11-20T06:25:19.162+0000] {local_task_job_runner.py:123} INFO - ::group::Pre task execution logs
[2024-11-20T06:25:19.303+0000] {taskinstance.py:2612} INFO - Dependencies all met for dep_context=non-requeueable deps ti=<TaskInstance: main_dag.database_tasks.create_laptop_specs_table_sql manual__2024-11-20T02:00:30.526702+00:00 [queued]>
[2024-11-20T06:25:19.313+0000] {taskinstance.py:2612} INFO - Dependencies all met for dep_context=requeueable deps ti=<TaskInstance: main_dag.database_tasks.create_laptop_specs_table_sql manual__2024-11-20T02:00:30.526702+00:00 [queued]>
[2024-11-20T06:25:19.313+0000] {taskinstance.py:2865} INFO - Starting attempt 1 of 2
[2024-11-20T06:25:19.325+0000] {taskinstance.py:2888} INFO - Executing <Task(PythonOperator): database_tasks.create_laptop_specs_table_sql> on 2024-11-20 02:00:30.526702+00:00
[2024-11-20T06:25:19.329+0000] {standard_task_runner.py:72} INFO - Started process 57748 to run task
[2024-11-20T06:25:19.334+0000] {standard_task_runner.py:104} INFO - Running: ['***', 'tasks', 'run', 'main_dag', 'database_tasks.create_laptop_specs_table_sql', 'manual__2024-11-20T02:00:30.526702+00:00', '--job-id', '29', '--raw', '--subdir', 'DAGS_FOLDER/main_dag.py', '--cfg-path', '/tmp/tmpbjg1qxi6']
[2024-11-20T06:25:19.335+0000] {standard_task_runner.py:105} INFO - Job 29: Subtask database_tasks.create_laptop_specs_table_sql
[2024-11-20T06:25:19.394+0000] {task_command.py:467} INFO - Running <TaskInstance: main_dag.database_tasks.create_laptop_specs_table_sql manual__2024-11-20T02:00:30.526702+00:00 [running]> on host 7331716c13db
[2024-11-20T06:25:19.482+0000] {taskinstance.py:3131} INFO - Exporting env vars: AIRFLOW_CTX_DAG_OWNER='veil' AIRFLOW_CTX_DAG_ID='main_dag' AIRFLOW_CTX_TASK_ID='database_tasks.create_laptop_specs_table_sql' AIRFLOW_CTX_EXECUTION_DATE='2024-11-20T02:00:30.526702+00:00' AIRFLOW_CTX_TRY_NUMBER='1' AIRFLOW_CTX_DAG_RUN_ID='manual__2024-11-20T02:00:30.526702+00:00'
[2024-11-20T06:25:19.484+0000] {taskinstance.py:731} INFO - ::endgroup::
[2024-11-20T06:25:19.494+0000] {python.py:240} INFO - Done. Returned value was: 
        CREATE TABLE laptop_specs_11_2024 (
            source VARCHAR(255) NOT NULL,
            brand VARCHAR(255),
            name VARCHAR(255) NOT NULL,
            cpu VARCHAR(255),
            vga VARCHAR(255),
            ram_amount INTEGER,
            ram_type VARCHAR(50),
            storage_amount INTEGER,
            storage_type VARCHAR(50),
            webcam_resolution VARCHAR(50),
            screen_size FLOAT,
            screen_resolution VARCHAR(50),
            screen_refresh_rate INTEGER,
            screen_brightness VARCHAR(50),
            battery_capacity FLOAT,
            battery_cells INTEGER,
            weight FLOAT,
            default_os VARCHAR(255),
            warranty INTEGER,
            price INT NOT NULL,
            width FLOAT,
            depth FLOAT,
            height FLOAT,
            number_usb_a_ports INTEGER,
            number_usb_c_ports INTEGER,
            number_hdmi_ports INTEGER,
            number_ethernet_ports INTEGER,
            number_audio_jacks INTEGER,
            PRIMARY KEY (source, name)
        );
        
[2024-11-20T06:25:19.526+0000] {taskinstance.py:340} INFO - ::group::Post task execution logs
[2024-11-20T06:25:19.527+0000] {taskinstance.py:352} INFO - Marking task as SUCCESS. dag_id=main_dag, task_id=database_tasks.create_laptop_specs_table_sql, run_id=manual__2024-11-20T02:00:30.526702+00:00, execution_date=20241120T020030, start_date=20241120T062519, end_date=20241120T062519
[2024-11-20T06:25:19.554+0000] {local_task_job_runner.py:266} INFO - Task exited with return code 0
[2024-11-20T06:25:19.569+0000] {logging_mixin.py:190} WARNING - /usr/local/lib/python3.11/site-packages/***/models/baseoperator.py:1378 AirflowProviderDeprecationWarning: Call to deprecated class PostgresOperator. (Please use `***.providers.common.sql.operators.sql.SQLExecuteQueryOperator`.Also, you can provide `hook_params={'schema': <database>}`.)
[2024-11-20T06:25:19.588+0000] {taskinstance.py:3900} INFO - 1 downstream tasks scheduled from follow-on schedule check
[2024-11-20T06:25:19.591+0000] {local_task_job_runner.py:245} INFO - ::endgroup::
