[2024-11-20T05:35:22.891+0000] {local_task_job_runner.py:123} INFO - ::group::Pre task execution logs
[2024-11-20T05:35:23.026+0000] {taskinstance.py:2612} INFO - Dependencies all met for dep_context=non-requeueable deps ti=<TaskInstance: main_dag.laptop_scraping_tasks.scrape_nguyenkim manual__2024-11-20T02:00:30.526702+00:00 [queued]>
[2024-11-20T05:35:23.035+0000] {taskinstance.py:2612} INFO - Dependencies all met for dep_context=requeueable deps ti=<TaskInstance: main_dag.laptop_scraping_tasks.scrape_nguyenkim manual__2024-11-20T02:00:30.526702+00:00 [queued]>
[2024-11-20T05:35:23.036+0000] {taskinstance.py:2865} INFO - Starting attempt 1 of 2
[2024-11-20T05:35:23.054+0000] {taskinstance.py:2888} INFO - Executing <Task(BashOperator): laptop_scraping_tasks.scrape_nguyenkim> on 2024-11-20 02:00:30.526702+00:00
[2024-11-20T05:35:23.058+0000] {standard_task_runner.py:72} INFO - Started process 68308 to run task
[2024-11-20T05:35:23.062+0000] {standard_task_runner.py:104} INFO - Running: ['***', 'tasks', 'run', 'main_dag', 'laptop_scraping_tasks.scrape_nguyenkim', 'manual__2024-11-20T02:00:30.526702+00:00', '--job-id', '19', '--raw', '--subdir', 'DAGS_FOLDER/main_dag.py', '--cfg-path', '/tmp/tmp17m75kwr']
[2024-11-20T05:35:23.063+0000] {standard_task_runner.py:105} INFO - Job 19: Subtask laptop_scraping_tasks.scrape_nguyenkim
[2024-11-20T05:35:23.125+0000] {task_command.py:467} INFO - Running <TaskInstance: main_dag.laptop_scraping_tasks.scrape_nguyenkim manual__2024-11-20T02:00:30.526702+00:00 [running]> on host 7331716c13db
[2024-11-20T05:35:23.215+0000] {taskinstance.py:3131} INFO - Exporting env vars: AIRFLOW_CTX_DAG_OWNER='veil' AIRFLOW_CTX_DAG_ID='main_dag' AIRFLOW_CTX_TASK_ID='laptop_scraping_tasks.scrape_nguyenkim' AIRFLOW_CTX_EXECUTION_DATE='2024-11-20T02:00:30.526702+00:00' AIRFLOW_CTX_TRY_NUMBER='1' AIRFLOW_CTX_DAG_RUN_ID='manual__2024-11-20T02:00:30.526702+00:00'
[2024-11-20T05:35:23.216+0000] {taskinstance.py:731} INFO - ::endgroup::
[2024-11-20T05:35:23.224+0000] {subprocess.py:63} INFO - Tmp dir root location: /tmp
[2024-11-20T05:35:23.225+0000] {subprocess.py:75} INFO - Running command: ['/usr/bin/bash', '-c', 'cd /app/scraper && scrapy crawl nguyenkim_spider -O ../temp/nguyenkim_data.json']
[2024-11-20T05:35:23.232+0000] {subprocess.py:86} INFO - Output:
[2024-11-20T05:45:09.986+0000] {subprocess.py:93} INFO - Reached page: https://www.nguyenkim.com/laptop-may-tinh-xach-tay/
[2024-11-20T05:45:09.987+0000] {subprocess.py:93} INFO - Opened the modal successfully.
[2024-11-20T05:45:09.987+0000] {subprocess.py:93} INFO - Found item: 1
[2024-11-20T05:45:09.988+0000] {subprocess.py:93} INFO - Opened the modal successfully.
[2024-11-20T05:45:09.989+0000] {subprocess.py:93} INFO - Found item: 2
[2024-11-20T05:45:09.990+0000] {subprocess.py:93} INFO - Opened the modal successfully.
[2024-11-20T05:45:09.990+0000] {subprocess.py:93} INFO - Found item: 3
[2024-11-20T05:45:09.992+0000] {subprocess.py:93} INFO - Opened the modal successfully.
[2024-11-20T05:45:09.993+0000] {subprocess.py:93} INFO - Found item: 4
[2024-11-20T05:45:09.993+0000] {subprocess.py:93} INFO - Opened the modal successfully.
[2024-11-20T05:45:09.994+0000] {subprocess.py:93} INFO - Found item: 5
[2024-11-20T05:45:09.995+0000] {subprocess.py:93} INFO - Opened the modal successfully.
[2024-11-20T05:45:09.996+0000] {subprocess.py:93} INFO - Found item: 6
[2024-11-20T05:45:09.996+0000] {subprocess.py:93} INFO - Opened the modal successfully.
[2024-11-20T05:45:09.997+0000] {subprocess.py:93} INFO - Found item: 7
[2024-11-20T05:45:09.998+0000] {subprocess.py:93} INFO - Opened the modal successfully.
[2024-11-20T05:45:10.000+0000] {subprocess.py:93} INFO - Found item: 8
[2024-11-20T05:45:10.002+0000] {subprocess.py:93} INFO - Opened the modal successfully.
[2024-11-20T05:45:10.003+0000] {subprocess.py:93} INFO - Found item: 9
[2024-11-20T05:45:10.003+0000] {subprocess.py:93} INFO - Opened the modal successfully.
[2024-11-20T05:45:10.003+0000] {subprocess.py:93} INFO - Found item: 10
[2024-11-20T05:45:10.004+0000] {subprocess.py:93} INFO - Opened the modal successfully.
[2024-11-20T05:45:10.004+0000] {subprocess.py:93} INFO - Found item: 11
[2024-11-20T05:45:10.005+0000] {subprocess.py:93} INFO - Opened the modal successfully.
[2024-11-20T05:45:10.005+0000] {subprocess.py:93} INFO - Found item: 12
[2024-11-20T05:45:10.006+0000] {subprocess.py:93} INFO - Opened the modal successfully.
[2024-11-20T05:45:10.006+0000] {subprocess.py:93} INFO - Found item: 13
[2024-11-20T05:45:10.006+0000] {subprocess.py:93} INFO - Opened the modal successfully.
[2024-11-20T05:45:10.007+0000] {subprocess.py:93} INFO - Found item: 14
[2024-11-20T05:45:10.007+0000] {subprocess.py:93} INFO - Opened the modal successfully.
[2024-11-20T05:45:10.007+0000] {subprocess.py:93} INFO - Found item: 15
[2024-11-20T05:45:10.008+0000] {subprocess.py:93} INFO - Opened the modal successfully.
[2024-11-20T05:45:10.008+0000] {subprocess.py:93} INFO - Found item: 16
[2024-11-20T05:45:10.008+0000] {subprocess.py:93} INFO - Opened the modal successfully.
[2024-11-20T05:45:10.009+0000] {subprocess.py:93} INFO - Found item: 17
[2024-11-20T05:45:10.009+0000] {subprocess.py:93} INFO - Reached page: https://www.nguyenkim.com/laptop-may-tinh-xach-tay/page-2/
[2024-11-20T05:45:10.009+0000] {subprocess.py:93} INFO - Opened the modal successfully.
[2024-11-20T05:45:10.010+0000] {subprocess.py:93} INFO - Found item: 18
[2024-11-20T05:45:10.010+0000] {subprocess.py:93} INFO - Opened the modal successfully.
[2024-11-20T05:45:10.011+0000] {subprocess.py:93} INFO - Found item: 19
[2024-11-20T05:45:10.013+0000] {subprocess.py:93} INFO - Opened the modal successfully.
[2024-11-20T05:45:10.014+0000] {subprocess.py:93} INFO - Found item: 20
[2024-11-20T05:45:10.015+0000] {subprocess.py:93} INFO - Opened the modal successfully.
[2024-11-20T05:45:10.015+0000] {subprocess.py:93} INFO - Found item: 21
[2024-11-20T05:45:10.016+0000] {subprocess.py:93} INFO - Opened the modal successfully.
[2024-11-20T05:45:10.016+0000] {subprocess.py:93} INFO - Found item: 22
[2024-11-20T05:45:10.016+0000] {subprocess.py:93} INFO - Opened the modal successfully.
[2024-11-20T05:45:10.017+0000] {subprocess.py:93} INFO - Found item: 23
[2024-11-20T05:45:10.017+0000] {subprocess.py:93} INFO - Opened the modal successfully.
[2024-11-20T05:45:10.017+0000] {subprocess.py:93} INFO - Found item: 24
[2024-11-20T05:45:10.017+0000] {subprocess.py:93} INFO - Opened the modal successfully.
[2024-11-20T05:45:10.018+0000] {subprocess.py:93} INFO - Found item: 25
[2024-11-20T05:45:10.018+0000] {subprocess.py:93} INFO - Opened the modal successfully.
[2024-11-20T05:45:10.018+0000] {subprocess.py:93} INFO - Found item: 26
[2024-11-20T05:45:10.019+0000] {subprocess.py:93} INFO - Opened the modal successfully.
[2024-11-20T05:45:10.019+0000] {subprocess.py:93} INFO - Found item: 27
[2024-11-20T05:45:10.020+0000] {subprocess.py:93} INFO - Opened the modal successfully.
[2024-11-20T05:45:10.020+0000] {subprocess.py:93} INFO - Found item: 28
[2024-11-20T05:45:10.021+0000] {subprocess.py:93} INFO - Opened the modal successfully.
[2024-11-20T05:45:10.021+0000] {subprocess.py:93} INFO - Found item: 29
[2024-11-20T05:45:10.022+0000] {subprocess.py:93} INFO - Opened the modal successfully.
[2024-11-20T05:45:10.022+0000] {subprocess.py:93} INFO - Found item: 30
[2024-11-20T05:45:10.023+0000] {subprocess.py:93} INFO - Opened the modal successfully.
[2024-11-20T05:45:10.023+0000] {subprocess.py:93} INFO - Found item: 31
[2024-11-20T05:45:10.023+0000] {subprocess.py:93} INFO - Opened the modal successfully.
[2024-11-20T05:45:10.024+0000] {subprocess.py:93} INFO - Found item: 32
[2024-11-20T05:45:10.024+0000] {subprocess.py:93} INFO - Opened the modal successfully.
[2024-11-20T05:45:10.024+0000] {subprocess.py:93} INFO - Found item: 33
[2024-11-20T05:45:10.024+0000] {subprocess.py:93} INFO - Reached page: https://www.nguyenkim.com/laptop-may-tinh-xach-tay/page-3/
[2024-11-20T05:45:10.025+0000] {subprocess.py:93} INFO - Opened the modal successfully.
[2024-11-20T05:45:10.025+0000] {subprocess.py:93} INFO - Found item: 34
[2024-11-20T05:45:10.025+0000] {subprocess.py:93} INFO - Opened the modal successfully.
[2024-11-20T05:45:10.026+0000] {subprocess.py:93} INFO - Found item: 35
[2024-11-20T05:45:10.026+0000] {subprocess.py:93} INFO - Opened the modal successfully.
[2024-11-20T05:45:10.026+0000] {subprocess.py:93} INFO - Found item: 36
[2024-11-20T05:45:10.027+0000] {subprocess.py:93} INFO - Opened the modal successfully.
[2024-11-20T05:45:10.027+0000] {subprocess.py:93} INFO - Found item: 37
[2024-11-20T05:45:10.028+0000] {subprocess.py:93} INFO - Opened the modal successfully.
[2024-11-20T05:45:10.028+0000] {subprocess.py:93} INFO - Found item: 38
[2024-11-20T05:45:10.028+0000] {subprocess.py:93} INFO - Opened the modal successfully.
[2024-11-20T05:45:10.029+0000] {subprocess.py:93} INFO - Found item: 39
[2024-11-20T05:45:10.030+0000] {subprocess.py:93} INFO - Opened the modal successfully.
[2024-11-20T05:45:10.031+0000] {subprocess.py:93} INFO - Found item: 40
[2024-11-20T05:45:10.032+0000] {subprocess.py:93} INFO - Opened the modal successfully.
[2024-11-20T05:45:10.034+0000] {subprocess.py:93} INFO - Found item: 41
[2024-11-20T05:45:10.035+0000] {subprocess.py:93} INFO - Opened the modal successfully.
[2024-11-20T05:45:10.035+0000] {subprocess.py:93} INFO - Found item: 42
[2024-11-20T05:45:10.036+0000] {subprocess.py:93} INFO - Opened the modal successfully.
[2024-11-20T05:45:10.036+0000] {subprocess.py:93} INFO - Found item: 43
[2024-11-20T05:45:10.036+0000] {subprocess.py:93} INFO - Opened the modal successfully.
[2024-11-20T05:45:10.036+0000] {subprocess.py:93} INFO - Found item: 44
[2024-11-20T05:45:10.037+0000] {subprocess.py:93} INFO - Opened the modal successfully.
[2024-11-20T05:45:10.037+0000] {subprocess.py:93} INFO - Found item: 45
[2024-11-20T05:45:10.037+0000] {subprocess.py:93} INFO - Opened the modal successfully.
[2024-11-20T05:45:10.038+0000] {subprocess.py:93} INFO - Found item: 46
[2024-11-20T05:45:10.038+0000] {subprocess.py:93} INFO - Opened the modal successfully.
[2024-11-20T05:45:10.039+0000] {subprocess.py:93} INFO - Found item: 47
[2024-11-20T05:45:10.040+0000] {subprocess.py:93} INFO - Opened the modal successfully.
[2024-11-20T05:45:10.041+0000] {subprocess.py:93} INFO - Found item: 48
[2024-11-20T05:45:10.042+0000] {subprocess.py:93} INFO - Opened the modal successfully.
[2024-11-20T05:45:10.043+0000] {subprocess.py:93} INFO - Found item: 49
[2024-11-20T05:45:10.043+0000] {subprocess.py:93} INFO - Opened the modal successfully.
[2024-11-20T05:45:10.043+0000] {subprocess.py:93} INFO - Found item: 50
[2024-11-20T05:45:10.044+0000] {subprocess.py:93} INFO - Opened the modal successfully.
[2024-11-20T05:45:10.044+0000] {subprocess.py:93} INFO - Found item: 51
[2024-11-20T05:45:10.045+0000] {subprocess.py:93} INFO - Opened the modal successfully.
[2024-11-20T05:45:10.046+0000] {subprocess.py:93} INFO - Found item: 52
[2024-11-20T05:45:10.048+0000] {subprocess.py:93} INFO - Opened the modal successfully.
[2024-11-20T05:45:10.049+0000] {subprocess.py:93} INFO - Found item: 53
[2024-11-20T05:45:10.049+0000] {subprocess.py:93} INFO - Opened the modal successfully.
[2024-11-20T05:45:10.049+0000] {subprocess.py:93} INFO - Found item: 54
[2024-11-20T05:45:10.050+0000] {subprocess.py:93} INFO - Opened the modal successfully.
[2024-11-20T05:45:10.050+0000] {subprocess.py:93} INFO - Found item: 55
[2024-11-20T05:45:10.052+0000] {subprocess.py:93} INFO - Opened the modal successfully.
[2024-11-20T05:45:10.052+0000] {subprocess.py:93} INFO - Found item: 56
[2024-11-20T05:45:10.053+0000] {subprocess.py:93} INFO - Opened the modal successfully.
[2024-11-20T05:45:10.054+0000] {subprocess.py:93} INFO - Found item: 57
[2024-11-20T05:45:10.055+0000] {subprocess.py:93} INFO - Opened the modal successfully.
[2024-11-20T05:45:10.057+0000] {subprocess.py:93} INFO - Found item: 58
[2024-11-20T05:45:12.396+0000] {subprocess.py:97} INFO - Command exited with return code 0
[2024-11-20T05:45:12.412+0000] {taskinstance.py:340} INFO - ::group::Post task execution logs
[2024-11-20T05:45:12.412+0000] {taskinstance.py:352} INFO - Marking task as SUCCESS. dag_id=main_dag, task_id=laptop_scraping_tasks.scrape_nguyenkim, run_id=manual__2024-11-20T02:00:30.526702+00:00, execution_date=20241120T020030, start_date=20241120T053523, end_date=20241120T054512
[2024-11-20T05:45:12.456+0000] {local_task_job_runner.py:266} INFO - Task exited with return code 0
[2024-11-20T05:45:12.469+0000] {logging_mixin.py:190} WARNING - /usr/local/lib/python3.11/site-packages/***/models/baseoperator.py:1378 AirflowProviderDeprecationWarning: Call to deprecated class PostgresOperator. (Please use `***.providers.common.sql.operators.sql.SQLExecuteQueryOperator`.Also, you can provide `hook_params={'schema': <database>}`.)
[2024-11-20T05:45:12.480+0000] {taskinstance.py:3900} INFO - 0 downstream tasks scheduled from follow-on schedule check
[2024-11-20T05:45:12.482+0000] {local_task_job_runner.py:245} INFO - ::endgroup::
