[2024-11-06T07:49:23.429+0000] {local_task_job_runner.py:123} INFO - ::group::Pre task execution logs
[2024-11-06T07:49:23.578+0000] {taskinstance.py:2612} INFO - Dependencies all met for dep_context=non-requeueable deps ti=<TaskInstance: main_dag.specifications_scraping_tasks.cpu_scrape_task manual__2024-11-06T06:42:05.001646+00:00 [queued]>
[2024-11-06T07:49:23.586+0000] {taskinstance.py:2612} INFO - Dependencies all met for dep_context=requeueable deps ti=<TaskInstance: main_dag.specifications_scraping_tasks.cpu_scrape_task manual__2024-11-06T06:42:05.001646+00:00 [queued]>
[2024-11-06T07:49:23.587+0000] {taskinstance.py:2865} INFO - Starting attempt 2 of 3
[2024-11-06T07:49:23.599+0000] {taskinstance.py:2888} INFO - Executing <Task(BashOperator): specifications_scraping_tasks.cpu_scrape_task> on 2024-11-06 06:42:05.001646+00:00
[2024-11-06T07:49:23.602+0000] {standard_task_runner.py:72} INFO - Started process 75686 to run task
[2024-11-06T07:49:23.606+0000] {standard_task_runner.py:104} INFO - Running: ['***', 'tasks', 'run', 'main_dag', 'specifications_scraping_tasks.cpu_scrape_task', 'manual__2024-11-06T06:42:05.001646+00:00', '--job-id', '14', '--raw', '--subdir', 'DAGS_FOLDER/main_dag.py', '--cfg-path', '/tmp/tmp4ubi0k3g']
[2024-11-06T07:49:23.607+0000] {standard_task_runner.py:105} INFO - Job 14: Subtask specifications_scraping_tasks.cpu_scrape_task
[2024-11-06T07:49:23.663+0000] {task_command.py:467} INFO - Running <TaskInstance: main_dag.specifications_scraping_tasks.cpu_scrape_task manual__2024-11-06T06:42:05.001646+00:00 [running]> on host 9694314923d2
[2024-11-06T07:49:23.741+0000] {taskinstance.py:3131} INFO - Exporting env vars: AIRFLOW_CTX_DAG_OWNER='veil' AIRFLOW_CTX_DAG_ID='main_dag' AIRFLOW_CTX_TASK_ID='specifications_scraping_tasks.cpu_scrape_task' AIRFLOW_CTX_EXECUTION_DATE='2024-11-06T06:42:05.001646+00:00' AIRFLOW_CTX_TRY_NUMBER='2' AIRFLOW_CTX_DAG_RUN_ID='manual__2024-11-06T06:42:05.001646+00:00'
[2024-11-06T07:49:23.741+0000] {taskinstance.py:731} INFO - ::endgroup::
[2024-11-06T07:49:23.753+0000] {subprocess.py:63} INFO - Tmp dir root location: /tmp
[2024-11-06T07:49:23.754+0000] {subprocess.py:75} INFO - Running command: ['/usr/bin/bash', '-c', 'cd /app/scraper && scrapy crawl cpu_spider -O ../temp/cpu_data.json']
[2024-11-06T07:49:23.762+0000] {subprocess.py:86} INFO - Output:
[2024-11-06T08:42:41.364+0000] {subprocess.py:97} INFO - Command exited with return code 0
[2024-11-06T08:42:41.385+0000] {taskinstance.py:340} INFO - ::group::Post task execution logs
[2024-11-06T08:42:41.386+0000] {taskinstance.py:352} INFO - Marking task as SUCCESS. dag_id=main_dag, task_id=specifications_scraping_tasks.cpu_scrape_task, run_id=manual__2024-11-06T06:42:05.001646+00:00, execution_date=20241106T064205, start_date=20241106T074923, end_date=20241106T084241
[2024-11-06T08:42:41.418+0000] {local_task_job_runner.py:266} INFO - Task exited with return code 0
[2024-11-06T08:42:41.434+0000] {logging_mixin.py:190} WARNING - /usr/local/lib/python3.11/site-packages/***/models/baseoperator.py:1378 AirflowProviderDeprecationWarning: Call to deprecated class PostgresOperator. (Please use `***.providers.common.sql.operators.sql.SQLExecuteQueryOperator`.Also, you can provide `hook_params={'schema': <database>}`.)
[2024-11-06T08:42:41.443+0000] {taskinstance.py:3900} INFO - 0 downstream tasks scheduled from follow-on schedule check
[2024-11-06T08:42:41.445+0000] {local_task_job_runner.py:245} INFO - ::endgroup::
