[2024-11-01T09:22:18.759+0000] {local_task_job_runner.py:123} INFO - ::group::Pre task execution logs
[2024-11-01T09:22:18.777+0000] {taskinstance.py:2612} INFO - Dependencies all met for dep_context=non-requeueable deps ti=<TaskInstance: main_dag.laptop_scraping_tasks.scrape_gearvn manual__2024-11-01T09:21:40.168716+00:00 [queued]>
[2024-11-01T09:22:18.785+0000] {taskinstance.py:2612} INFO - Dependencies all met for dep_context=requeueable deps ti=<TaskInstance: main_dag.laptop_scraping_tasks.scrape_gearvn manual__2024-11-01T09:21:40.168716+00:00 [queued]>
[2024-11-01T09:22:18.786+0000] {taskinstance.py:2865} INFO - Starting attempt 1 of 2
[2024-11-01T09:22:18.812+0000] {taskinstance.py:2888} INFO - Executing <Task(BashOperator): laptop_scraping_tasks.scrape_gearvn> on 2024-11-01 09:21:40.168716+00:00
[2024-11-01T09:22:18.816+0000] {standard_task_runner.py:72} INFO - Started process 18764 to run task
[2024-11-01T09:22:18.819+0000] {standard_task_runner.py:104} INFO - Running: ['***', 'tasks', 'run', 'main_dag', 'laptop_scraping_tasks.scrape_gearvn', 'manual__2024-11-01T09:21:40.168716+00:00', '--job-id', '10', '--raw', '--subdir', 'DAGS_FOLDER/main_dag.py', '--cfg-path', '/tmp/tmpis1uzkdx']
[2024-11-01T09:22:18.820+0000] {standard_task_runner.py:105} INFO - Job 10: Subtask laptop_scraping_tasks.scrape_gearvn
[2024-11-01T09:22:18.887+0000] {task_command.py:467} INFO - Running <TaskInstance: main_dag.laptop_scraping_tasks.scrape_gearvn manual__2024-11-01T09:21:40.168716+00:00 [running]> on host 79fbfc208f01
[2024-11-01T09:22:19.092+0000] {taskinstance.py:3131} INFO - Exporting env vars: AIRFLOW_CTX_DAG_OWNER='veil' AIRFLOW_CTX_DAG_ID='main_dag' AIRFLOW_CTX_TASK_ID='laptop_scraping_tasks.scrape_gearvn' AIRFLOW_CTX_EXECUTION_DATE='2024-11-01T09:21:40.168716+00:00' AIRFLOW_CTX_TRY_NUMBER='1' AIRFLOW_CTX_DAG_RUN_ID='manual__2024-11-01T09:21:40.168716+00:00'
[2024-11-01T09:22:19.094+0000] {taskinstance.py:731} INFO - ::endgroup::
[2024-11-01T09:22:19.105+0000] {subprocess.py:63} INFO - Tmp dir root location: /tmp
[2024-11-01T09:22:19.106+0000] {subprocess.py:75} INFO - Running command: ['/usr/bin/bash', '-c', 'cd /app/scraper && scrapy crawl gearvn_spider -O ../temp/gearvn_data.json']
[2024-11-01T09:22:19.112+0000] {subprocess.py:86} INFO - Output:
[2024-11-01T09:25:41.646+0000] {subprocess.py:93} INFO - 'Load More' button clicked sucessfully.
[2024-11-01T09:25:41.648+0000] {subprocess.py:93} INFO - 'Load More' button clicked sucessfully.
[2024-11-01T09:25:41.650+0000] {subprocess.py:93} INFO - 'Load More' button clicked sucessfully.
[2024-11-01T09:25:41.651+0000] {subprocess.py:93} INFO - 'Load More' button clicked sucessfully.
[2024-11-01T09:25:41.652+0000] {subprocess.py:93} INFO - 'Load More' button clicked sucessfully.
[2024-11-01T09:25:41.653+0000] {subprocess.py:93} INFO - 'Load More' button clicked sucessfully.
[2024-11-01T09:25:41.654+0000] {subprocess.py:93} INFO - No more 'Load More' button
[2024-11-01T09:25:41.655+0000] {subprocess.py:93} INFO - Found item: 1
[2024-11-01T09:25:41.656+0000] {subprocess.py:93} INFO - Found item: 2
[2024-11-01T09:25:41.657+0000] {subprocess.py:93} INFO - Found item: 3
[2024-11-01T09:25:41.658+0000] {subprocess.py:93} INFO - Found item: 4
[2024-11-01T09:25:41.659+0000] {subprocess.py:93} INFO - Found item: 5
[2024-11-01T09:25:41.660+0000] {subprocess.py:93} INFO - Found item: 6
[2024-11-01T09:25:41.662+0000] {subprocess.py:93} INFO - Found item: 7
[2024-11-01T09:25:41.663+0000] {subprocess.py:93} INFO - Found item: 8
[2024-11-01T09:25:41.663+0000] {subprocess.py:93} INFO - Found item: 9
[2024-11-01T09:25:41.664+0000] {subprocess.py:93} INFO - Found item: 10
[2024-11-01T09:25:41.665+0000] {subprocess.py:93} INFO - Found item: 11
[2024-11-01T09:25:41.666+0000] {subprocess.py:93} INFO - Found item: 12
[2024-11-01T09:25:41.667+0000] {subprocess.py:93} INFO - Found item: 13
[2024-11-01T09:25:41.668+0000] {subprocess.py:93} INFO - Found item: 14
[2024-11-01T09:25:41.669+0000] {subprocess.py:93} INFO - Found item: 15
[2024-11-01T09:25:41.670+0000] {subprocess.py:93} INFO - Found item: 16
[2024-11-01T09:25:41.671+0000] {subprocess.py:93} INFO - Found item: 17
[2024-11-01T09:25:41.672+0000] {subprocess.py:93} INFO - Found item: 18
[2024-11-01T09:25:41.672+0000] {subprocess.py:93} INFO - Found item: 19
[2024-11-01T09:25:41.673+0000] {subprocess.py:93} INFO - Found item: 20
[2024-11-01T09:25:41.674+0000] {subprocess.py:93} INFO - Found item: 21
[2024-11-01T09:25:41.675+0000] {subprocess.py:93} INFO - Found item: 22
[2024-11-01T09:25:41.676+0000] {subprocess.py:93} INFO - Found item: 23
[2024-11-01T09:25:41.677+0000] {subprocess.py:93} INFO - Found item: 24
[2024-11-01T09:25:41.677+0000] {subprocess.py:93} INFO - Found item: 25
[2024-11-01T09:25:41.678+0000] {subprocess.py:93} INFO - Found item: 26
[2024-11-01T09:25:41.679+0000] {subprocess.py:93} INFO - Found item: 27
[2024-11-01T09:25:41.680+0000] {subprocess.py:93} INFO - Found item: 28
[2024-11-01T09:25:41.680+0000] {subprocess.py:93} INFO - Found item: 29
[2024-11-01T09:25:41.681+0000] {subprocess.py:93} INFO - Found item: 30
[2024-11-01T09:25:41.682+0000] {subprocess.py:93} INFO - Found item: 31
[2024-11-01T09:25:41.683+0000] {subprocess.py:93} INFO - Found item: 32
[2024-11-01T09:25:41.683+0000] {subprocess.py:93} INFO - Found item: 33
[2024-11-01T09:25:41.684+0000] {subprocess.py:93} INFO - Found item: 34
[2024-11-01T09:25:41.685+0000] {subprocess.py:93} INFO - Found item: 35
[2024-11-01T09:25:41.685+0000] {subprocess.py:93} INFO - Found item: 36
[2024-11-01T09:25:41.686+0000] {subprocess.py:93} INFO - Found item: 37
[2024-11-01T09:25:41.687+0000] {subprocess.py:93} INFO - Found item: 38
[2024-11-01T09:25:41.689+0000] {subprocess.py:93} INFO - Found item: 39
[2024-11-01T09:25:41.690+0000] {subprocess.py:93} INFO - Found item: 40
[2024-11-01T09:25:41.691+0000] {subprocess.py:93} INFO - Found item: 41
[2024-11-01T09:25:41.693+0000] {subprocess.py:93} INFO - Found item: 42
[2024-11-01T09:25:41.696+0000] {subprocess.py:93} INFO - Found item: 43
[2024-11-01T09:25:41.699+0000] {subprocess.py:93} INFO - Found item: 44
[2024-11-01T09:25:41.701+0000] {subprocess.py:93} INFO - Found item: 45
[2024-11-01T09:25:41.703+0000] {subprocess.py:93} INFO - Found item: 46
[2024-11-01T09:25:41.706+0000] {subprocess.py:93} INFO - Found item: 47
[2024-11-01T09:25:41.711+0000] {subprocess.py:93} INFO - Found item: 48
[2024-11-01T09:25:41.712+0000] {subprocess.py:93} INFO - Found item: 49
[2024-11-01T09:25:41.713+0000] {subprocess.py:93} INFO - Found item: 50
[2024-11-01T09:25:41.715+0000] {subprocess.py:93} INFO - Found item: 51
[2024-11-01T09:25:41.716+0000] {subprocess.py:93} INFO - Found item: 52
[2024-11-01T09:25:41.717+0000] {subprocess.py:93} INFO - Found item: 53
[2024-11-01T09:25:41.719+0000] {subprocess.py:93} INFO - Found item: 54
[2024-11-01T09:25:41.720+0000] {subprocess.py:93} INFO - Found item: 55
[2024-11-01T09:25:41.728+0000] {subprocess.py:93} INFO - Found item: 56
[2024-11-01T09:25:41.730+0000] {subprocess.py:93} INFO - Found item: 57
[2024-11-01T09:25:41.731+0000] {subprocess.py:93} INFO - Found item: 58
[2024-11-01T09:25:41.733+0000] {subprocess.py:93} INFO - Found item: 59
[2024-11-01T09:25:41.734+0000] {subprocess.py:93} INFO - Found item: 60
[2024-11-01T09:25:41.736+0000] {subprocess.py:93} INFO - Found item: 61
[2024-11-01T09:25:41.737+0000] {subprocess.py:93} INFO - Found item: 62
[2024-11-01T09:25:41.739+0000] {subprocess.py:93} INFO - Found item: 63
[2024-11-01T09:25:41.740+0000] {subprocess.py:93} INFO - Found item: 64
[2024-11-01T09:25:41.741+0000] {subprocess.py:93} INFO - Found item: 65
[2024-11-01T09:25:41.742+0000] {subprocess.py:93} INFO - Found item: 66
[2024-11-01T09:25:41.743+0000] {subprocess.py:93} INFO - Found item: 67
[2024-11-01T09:25:41.744+0000] {subprocess.py:93} INFO - Found item: 68
[2024-11-01T09:25:41.746+0000] {subprocess.py:93} INFO - Found item: 69
[2024-11-01T09:25:41.747+0000] {subprocess.py:93} INFO - Found item: 70
[2024-11-01T09:25:41.748+0000] {subprocess.py:93} INFO - Found item: 71
[2024-11-01T09:25:41.749+0000] {subprocess.py:93} INFO - Found item: 72
[2024-11-01T09:25:41.750+0000] {subprocess.py:93} INFO - Found item: 73
[2024-11-01T09:25:41.752+0000] {subprocess.py:93} INFO - Found item: 74
[2024-11-01T09:25:41.753+0000] {subprocess.py:93} INFO - Found item: 75
[2024-11-01T09:25:41.754+0000] {subprocess.py:93} INFO - Found item: 76
[2024-11-01T09:25:41.755+0000] {subprocess.py:93} INFO - Found item: 77
[2024-11-01T09:25:41.756+0000] {subprocess.py:93} INFO - Found item: 78
[2024-11-01T09:25:41.757+0000] {subprocess.py:93} INFO - Found item: 79
[2024-11-01T09:25:41.758+0000] {subprocess.py:93} INFO - Found item: 80
[2024-11-01T09:25:41.760+0000] {subprocess.py:93} INFO - Found item: 81
[2024-11-01T09:25:41.761+0000] {subprocess.py:93} INFO - Found item: 82
[2024-11-01T09:25:41.762+0000] {subprocess.py:93} INFO - Found item: 83
[2024-11-01T09:25:41.765+0000] {subprocess.py:93} INFO - Found item: 84
[2024-11-01T09:25:41.767+0000] {subprocess.py:93} INFO - Found item: 85
[2024-11-01T09:25:41.768+0000] {subprocess.py:93} INFO - Found item: 86
[2024-11-01T09:25:41.770+0000] {subprocess.py:93} INFO - Found item: 87
[2024-11-01T09:25:41.771+0000] {subprocess.py:93} INFO - Found item: 88
[2024-11-01T09:25:41.772+0000] {subprocess.py:93} INFO - Found item: 89
[2024-11-01T09:25:41.773+0000] {subprocess.py:93} INFO - Found item: 90
[2024-11-01T09:25:41.774+0000] {subprocess.py:93} INFO - Found item: 91
[2024-11-01T09:25:41.775+0000] {subprocess.py:93} INFO - Found item: 92
[2024-11-01T09:25:41.776+0000] {subprocess.py:93} INFO - Found item: 93
[2024-11-01T09:25:41.777+0000] {subprocess.py:93} INFO - Found item: 94
[2024-11-01T09:25:41.778+0000] {subprocess.py:93} INFO - Found item: 95
[2024-11-01T09:25:41.778+0000] {subprocess.py:93} INFO - Found item: 96
[2024-11-01T09:25:41.779+0000] {subprocess.py:93} INFO - Found item: 97
[2024-11-01T09:25:41.780+0000] {subprocess.py:93} INFO - Found item: 98
[2024-11-01T09:25:41.782+0000] {subprocess.py:93} INFO - Found item: 99
[2024-11-01T09:25:41.783+0000] {subprocess.py:93} INFO - Found item: 100
[2024-11-01T09:25:41.784+0000] {subprocess.py:93} INFO - Found item: 101
[2024-11-01T09:25:41.785+0000] {subprocess.py:93} INFO - Found item: 102
[2024-11-01T09:25:41.786+0000] {subprocess.py:93} INFO - Found item: 103
[2024-11-01T09:25:41.788+0000] {subprocess.py:93} INFO - Found item: 104
[2024-11-01T09:25:41.789+0000] {subprocess.py:93} INFO - Found item: 105
[2024-11-01T09:25:41.790+0000] {subprocess.py:93} INFO - Found item: 106
[2024-11-01T09:25:41.793+0000] {subprocess.py:93} INFO - Found item: 107
[2024-11-01T09:25:41.794+0000] {subprocess.py:93} INFO - Found item: 108
[2024-11-01T09:25:41.795+0000] {subprocess.py:93} INFO - Found item: 109
[2024-11-01T09:25:41.796+0000] {subprocess.py:93} INFO - Found item: 110
[2024-11-01T09:25:41.797+0000] {subprocess.py:93} INFO - Found item: 111
[2024-11-01T09:25:41.798+0000] {subprocess.py:93} INFO - Found item: 112
[2024-11-01T09:25:41.798+0000] {subprocess.py:93} INFO - Found item: 113
[2024-11-01T09:25:41.799+0000] {subprocess.py:93} INFO - Found item: 114
[2024-11-01T09:25:41.800+0000] {subprocess.py:93} INFO - Found item: 115
[2024-11-01T09:25:41.801+0000] {subprocess.py:93} INFO - Found item: 116
[2024-11-01T09:25:41.802+0000] {subprocess.py:93} INFO - Found item: 117
[2024-11-01T09:25:41.803+0000] {subprocess.py:93} INFO - Found item: 118
[2024-11-01T09:25:41.803+0000] {subprocess.py:93} INFO - Found item: 119
[2024-11-01T09:25:41.804+0000] {subprocess.py:93} INFO - Found item: 120
[2024-11-01T09:25:41.805+0000] {subprocess.py:93} INFO - Found item: 121
[2024-11-01T09:25:41.806+0000] {subprocess.py:93} INFO - Found item: 122
[2024-11-01T09:25:41.806+0000] {subprocess.py:93} INFO - Found item: 123
[2024-11-01T09:25:41.807+0000] {subprocess.py:93} INFO - Found item: 124
[2024-11-01T09:25:41.808+0000] {subprocess.py:93} INFO - Found item: 125
[2024-11-01T09:25:41.809+0000] {subprocess.py:93} INFO - Found item: 126
[2024-11-01T09:25:41.810+0000] {subprocess.py:93} INFO - Found item: 127
[2024-11-01T09:25:41.811+0000] {subprocess.py:93} INFO - Found item: 128
[2024-11-01T09:25:41.812+0000] {subprocess.py:93} INFO - Found item: 129
[2024-11-01T09:25:41.812+0000] {subprocess.py:93} INFO - Found item: 130
[2024-11-01T09:25:41.813+0000] {subprocess.py:93} INFO - Found item: 131
[2024-11-01T09:25:41.814+0000] {subprocess.py:93} INFO - Found item: 132
[2024-11-01T09:25:41.815+0000] {subprocess.py:93} INFO - Found item: 133
[2024-11-01T09:25:41.816+0000] {subprocess.py:93} INFO - Found item: 134
[2024-11-01T09:25:41.817+0000] {subprocess.py:93} INFO - Found item: 135
[2024-11-01T09:25:41.817+0000] {subprocess.py:93} INFO - Found item: 136
[2024-11-01T09:25:41.818+0000] {subprocess.py:93} INFO - Found item: 137
[2024-11-01T09:25:41.819+0000] {subprocess.py:93} INFO - Found item: 138
[2024-11-01T09:25:41.820+0000] {subprocess.py:93} INFO - Found item: 139
[2024-11-01T09:25:41.820+0000] {subprocess.py:93} INFO - Found item: 140
[2024-11-01T09:25:41.821+0000] {subprocess.py:93} INFO - Found item: 141
[2024-11-01T09:25:41.822+0000] {subprocess.py:93} INFO - Found item: 142
[2024-11-01T09:25:41.823+0000] {subprocess.py:93} INFO - Found item: 143
[2024-11-01T09:25:41.823+0000] {subprocess.py:93} INFO - Found item: 144
[2024-11-01T09:25:41.824+0000] {subprocess.py:93} INFO - Found item: 145
[2024-11-01T09:25:41.825+0000] {subprocess.py:93} INFO - Found item: 146
[2024-11-01T09:25:41.826+0000] {subprocess.py:93} INFO - Found item: 147
[2024-11-01T09:25:41.827+0000] {subprocess.py:93} INFO - Found item: 148
[2024-11-01T09:25:41.828+0000] {subprocess.py:93} INFO - Found item: 149
[2024-11-01T09:25:41.828+0000] {subprocess.py:93} INFO - Found item: 150
[2024-11-01T09:25:41.829+0000] {subprocess.py:93} INFO - Found item: 151
[2024-11-01T09:25:41.830+0000] {subprocess.py:93} INFO - Found item: 152
[2024-11-01T09:25:41.831+0000] {subprocess.py:93} INFO - Found item: 153
[2024-11-01T09:25:41.831+0000] {subprocess.py:93} INFO - Found item: 154
[2024-11-01T09:25:41.832+0000] {subprocess.py:93} INFO - Found item: 155
[2024-11-01T09:25:41.833+0000] {subprocess.py:93} INFO - Found item: 156
[2024-11-01T09:25:41.834+0000] {subprocess.py:93} INFO - Found item: 157
[2024-11-01T09:25:41.834+0000] {subprocess.py:93} INFO - Found item: 158
[2024-11-01T09:25:41.835+0000] {subprocess.py:93} INFO - Found item: 159
[2024-11-01T09:25:41.836+0000] {subprocess.py:93} INFO - Found item: 160
[2024-11-01T09:25:41.837+0000] {subprocess.py:93} INFO - Found item: 161
[2024-11-01T09:25:41.837+0000] {subprocess.py:93} INFO - Found item: 162
[2024-11-01T09:25:41.838+0000] {subprocess.py:93} INFO - Found item: 163
[2024-11-01T09:25:41.839+0000] {subprocess.py:93} INFO - Found item: 164
[2024-11-01T09:25:41.839+0000] {subprocess.py:93} INFO - Found item: 165
[2024-11-01T09:25:41.840+0000] {subprocess.py:93} INFO - Found item: 166
[2024-11-01T09:25:41.841+0000] {subprocess.py:93} INFO - Found item: 167
[2024-11-01T09:25:41.842+0000] {subprocess.py:93} INFO - Found item: 168
[2024-11-01T09:25:41.842+0000] {subprocess.py:93} INFO - Found item: 169
[2024-11-01T09:25:41.843+0000] {subprocess.py:93} INFO - Found item: 170
[2024-11-01T09:25:41.844+0000] {subprocess.py:93} INFO - Found item: 171
[2024-11-01T09:25:41.845+0000] {subprocess.py:93} INFO - Found item: 172
[2024-11-01T09:25:41.846+0000] {subprocess.py:93} INFO - Found item: 173
[2024-11-01T09:25:41.846+0000] {subprocess.py:93} INFO - Found item: 174
[2024-11-01T09:25:41.847+0000] {subprocess.py:93} INFO - Found item: 175
[2024-11-01T09:25:41.848+0000] {subprocess.py:93} INFO - Found item: 176
[2024-11-01T09:25:41.849+0000] {subprocess.py:93} INFO - Found item: 177
[2024-11-01T09:25:41.849+0000] {subprocess.py:93} INFO - Found item: 178
[2024-11-01T09:25:41.850+0000] {subprocess.py:93} INFO - Found item: 179
[2024-11-01T09:25:41.851+0000] {subprocess.py:93} INFO - Found item: 180
[2024-11-01T09:25:41.852+0000] {subprocess.py:93} INFO - Found item: 181
[2024-11-01T09:25:41.852+0000] {subprocess.py:93} INFO - Found item: 182
[2024-11-01T09:25:41.853+0000] {subprocess.py:93} INFO - Found item: 183
[2024-11-01T09:25:41.854+0000] {subprocess.py:93} INFO - Found item: 184
[2024-11-01T09:25:41.855+0000] {subprocess.py:93} INFO - Found item: 185
[2024-11-01T09:25:41.856+0000] {subprocess.py:93} INFO - Found item: 186
[2024-11-01T09:25:41.858+0000] {subprocess.py:93} INFO - Found item: 187
[2024-11-01T09:25:41.860+0000] {subprocess.py:93} INFO - Found item: 188
[2024-11-01T09:25:41.861+0000] {subprocess.py:93} INFO - Found item: 189
[2024-11-01T09:25:41.863+0000] {subprocess.py:93} INFO - Found item: 190
[2024-11-01T09:25:41.864+0000] {subprocess.py:93} INFO - Found item: 191
[2024-11-01T09:25:41.864+0000] {subprocess.py:93} INFO - Found item: 192
[2024-11-01T09:25:41.865+0000] {subprocess.py:93} INFO - Found item: 193
[2024-11-01T09:25:41.866+0000] {subprocess.py:93} INFO - Found item: 194
[2024-11-01T09:25:41.867+0000] {subprocess.py:93} INFO - Found item: 195
[2024-11-01T09:25:41.867+0000] {subprocess.py:93} INFO - Found item: 196
[2024-11-01T09:25:41.868+0000] {subprocess.py:93} INFO - Found item: 197
[2024-11-01T09:25:41.868+0000] {subprocess.py:93} INFO - Found item: 198
[2024-11-01T09:25:41.869+0000] {subprocess.py:93} INFO - Found item: 199
[2024-11-01T09:25:41.870+0000] {subprocess.py:93} INFO - Found item: 200
[2024-11-01T09:25:41.871+0000] {subprocess.py:93} INFO - Found item: 201
[2024-11-01T09:25:41.872+0000] {subprocess.py:93} INFO - Found item: 202
[2024-11-01T09:25:41.873+0000] {subprocess.py:93} INFO - Found item: 203
[2024-11-01T09:25:41.873+0000] {subprocess.py:93} INFO - Found item: 204
[2024-11-01T09:25:41.874+0000] {subprocess.py:93} INFO - Skipped: https://gearvn.com/products/laptop-dell-inspiron-15-3520-i5u165w11blu-fp
[2024-11-01T09:25:41.875+0000] {subprocess.py:93} INFO - Skipped: https://gearvn.com/products/laptop-dell-inspiron-15-3520-i5u085w11slu
[2024-11-01T09:25:41.875+0000] {subprocess.py:93} INFO - Skipped: https://gearvn.com/products/laptop-gaming-acer-nitro-v-anv16-41-r4kd
[2024-11-01T09:25:41.876+0000] {subprocess.py:93} INFO - Skipped: https://gearvn.com/products/laptop-gaming-acer-nitro-v-anv15-51-78bg
[2024-11-01T09:25:41.876+0000] {subprocess.py:93} INFO - Skipped: https://gearvn.com/products/laptop-gaming-acer-nitro-v-anv15-41-r7ap
[2024-11-01T09:25:41.877+0000] {subprocess.py:93} INFO - Skipped: https://gearvn.com/products/laptop-lenovo-thinkpad-e16-gen-1-21jn006gvn
[2024-11-01T09:25:41.878+0000] {subprocess.py:93} INFO - Skipped: https://gearvn.com/products/laptop-gaming-asus-tuf-gaming-a15-fa506ncr-hn047w
[2024-11-01T09:25:41.879+0000] {subprocess.py:93} INFO - Skipped: https://gearvn.com/products/laptop-gaming-lenovo-loq-15iax9-83gs001qvn
[2024-11-01T09:25:41.880+0000] {subprocess.py:93} INFO - Skipped: https://gearvn.com/products/laptop-gaming-asus-tuf-gaming-a16-advantage-edition-fa617nsr-rl100w
[2024-11-01T09:25:41.881+0000] {subprocess.py:93} INFO - Skipped: https://gearvn.com/products/laptop-lenovo-yoga-pro-7-14imh9-83e2005dvn
[2024-11-01T09:25:41.882+0000] {subprocess.py:93} INFO - Skipped: https://gearvn.com/products/laptop-gaming-lenovo-loq-15arp9-83jc007jvn
[2024-11-01T09:25:41.883+0000] {subprocess.py:93} INFO - Skipped: https://gearvn.com/products/laptop-gaming-asus-tuf-gaming-fa401wv-rg062ws
[2024-11-01T09:25:41.883+0000] {subprocess.py:93} INFO - Skipped: https://gearvn.com/products/laptop-gaming-lenovo-loq-15irx9-83dv00ufvn
[2024-11-01T09:25:41.884+0000] {subprocess.py:93} INFO - Skipped: https://gearvn.com/products/laptop-gaming-msi-cyborg-14-a13ve-090vn
[2024-11-01T09:25:41.884+0000] {subprocess.py:93} INFO - Skipped: https://gearvn.com/products/laptop-lenovo-thinkpad-t14-gen-5-21ml007gva
[2024-11-01T09:25:41.885+0000] {subprocess.py:93} INFO - Skipped: https://gearvn.com/products/laptop-lenovo-thinkpad-e16-gen-1-21jn005rvn
[2024-11-01T09:25:41.885+0000] {subprocess.py:93} INFO - Skipped: https://gearvn.com/products/laptop-gaming-lenovo-loq-loq-15arp9-83jc007hvn
[2024-11-01T09:25:41.887+0000] {subprocess.py:93} INFO - Skipped: https://gearvn.com/products/laptop-gaming-asus-rog-flow-x16-gv601vv-nf044w
[2024-11-01T09:25:41.888+0000] {subprocess.py:93} INFO - Skipped: https://gearvn.com/products/laptop-gaming-msi-stealth-16-ai-studio-a1vgg-240vn-20th-edition
[2024-11-01T09:25:41.888+0000] {subprocess.py:93} INFO - Skipped: https://gearvn.com/products/laptop-gaming-msi-raider-ge68-hx-14vhg-646vn-20th-edition
[2024-11-01T09:25:41.889+0000] {subprocess.py:93} INFO - Skipped: https://gearvn.com/products/laptop-gaming-msi-titan-18-hx-a14vig-410vn-20th-edition
[2024-11-01T09:25:41.889+0000] {subprocess.py:93} INFO - Skipped: https://gearvn.com/products/laptop-gaming-msi-sword-16-hx-b14vfkg-460vn-20th-edition
[2024-11-01T09:25:41.890+0000] {subprocess.py:93} INFO - Skipped: https://gearvn.com/products/laptop-asus-zenbook-14-oled-ux3405ma-pp152w
[2024-11-01T09:25:41.890+0000] {subprocess.py:93} INFO - Skipped: https://gearvn.com/products/laptop-gaming-lenovo-loq-15arp9-83jc003vvn
[2024-11-01T09:25:41.891+0000] {subprocess.py:93} INFO - Skipped: https://gearvn.com/products/laptop-acer-swift-go-14-sfg14-73-71zx
[2024-11-01T09:25:41.892+0000] {subprocess.py:93} INFO - Skipped: https://gearvn.com/products/laptop-gaming-asus-rog-strix-g16-g614jv-n4156w
[2024-11-01T09:25:41.893+0000] {subprocess.py:93} INFO - Skipped: https://gearvn.com/products/laptop-dell-inspiron-5440-g14-n4i7204w1-iceblue
[2024-11-01T09:25:41.894+0000] {subprocess.py:93} INFO - Skipped: https://gearvn.com/products/laptop-dell-inspiron-5440-g14-n4i5211w1-iceblue
[2024-11-01T09:25:41.895+0000] {subprocess.py:93} INFO - Skipped: https://gearvn.com/products/laptop-dell-inspiron-3530-n5i5007w1-silver
[2024-11-01T09:25:41.898+0000] {subprocess.py:93} INFO - Skipped: https://gearvn.com/products/laptop-dell-vostro-3420-v4i5702w1-gray
[2024-11-01T09:25:41.900+0000] {subprocess.py:93} INFO - Skipped: https://gearvn.com/products/laptop-dell-inspiron-3520-n5i5052w1-silver
[2024-11-01T09:25:41.901+0000] {subprocess.py:93} INFO - Skipped: https://gearvn.com/products/laptop-gaming-katana-a15-ai-b8vf-419vn
[2024-11-01T09:25:41.903+0000] {subprocess.py:93} INFO - Skipped: https://gearvn.com/products/laptop-asus-zenbook-duo-oled-ux8406ma-pz307w
[2024-11-01T09:25:41.904+0000] {subprocess.py:93} INFO - Skipped: https://gearvn.com/products/laptop-asus-zenbook-duo-oled-ux8406ma-pz142w
[2024-11-01T09:25:41.905+0000] {subprocess.py:93} INFO - Skipped: https://gearvn.com/products/laptop-lenovo-ideapad-slim-5-15iru9-83d00003vn
[2024-11-01T09:25:41.906+0000] {subprocess.py:93} INFO - Skipped: https://gearvn.com/products/laptop-lenovo-ideapad-slim-3-15abr8-82xm00ejvn
[2024-11-01T09:25:41.907+0000] {subprocess.py:93} INFO - Skipped: https://gearvn.com/products/laptop-lenovo-ideapad-slim-5-14imh9-83da0020vn
[2024-11-01T09:25:41.908+0000] {subprocess.py:93} INFO - Skipped: https://gearvn.com/products/laptop-lenovo-thinkpad-e16-gen-1-21jn005mvn
[2024-11-01T09:25:41.909+0000] {subprocess.py:93} INFO - Skipped: https://gearvn.com/products/laptop-gaming-lenovo-loq-15irx9-83dv00ervn
[2024-11-01T09:25:41.910+0000] {subprocess.py:93} INFO - Skipped: https://gearvn.com/products/laptop-gaming-gigabyte-g5-kf5-53vn353sh
[2024-11-01T09:25:41.911+0000] {subprocess.py:93} INFO - Skipped: https://gearvn.com/products/laptop-gaming-lenovo-legion-5-16irx9-83dg004yvn
[2024-11-01T09:25:41.912+0000] {subprocess.py:93} INFO - Skipped: https://gearvn.com/products/laptop-gaming-lenovo-legion-5-16irx9-83dg004xvn
[2024-11-01T09:25:41.913+0000] {subprocess.py:93} INFO - Skipped: https://gearvn.com/products/laptop-msi-prestige-13-ai-evo-a1mg-062vn
[2024-11-01T09:25:41.914+0000] {subprocess.py:93} INFO - Skipped: https://gearvn.com/products/laptop-msi-prestige-16-ai-studio-b1vfg-082vn
[2024-11-01T09:25:41.915+0000] {subprocess.py:93} INFO - Skipped: https://gearvn.com/products/laptop-gaming-acer-nitro-v-anv15-51-75gs
[2024-11-01T09:25:41.916+0000] {subprocess.py:93} INFO - Skipped: https://gearvn.com/products/laptop-gaming-lenovo-loq-15iax9-83gs000rvn
[2024-11-01T09:25:41.917+0000] {subprocess.py:93} INFO - Skipped: https://gearvn.com/products/laptop-dell-inspiron-3520-n5i5011w1-black
[2024-11-01T09:25:41.917+0000] {subprocess.py:93} INFO - Skipped: https://gearvn.com/products/laptop-gaming-lenovo-legion-5-16irx9-83dg0051vn
[2024-11-01T09:25:41.918+0000] {subprocess.py:93} INFO - Skipped: https://gearvn.com/products/laptop-lenovo-flex-5-14iau7-82r700jlvn
[2024-11-01T09:25:41.919+0000] {subprocess.py:93} INFO - Skipped: https://gearvn.com/products/laptop-gaming-lenovo-legion-pro-7-16irx9h-83de001mvn
[2024-11-01T09:25:41.920+0000] {subprocess.py:93} INFO - Skipped: https://gearvn.com/products/laptop-lenovo-yoga-slim-7-14imh9-83cv001vvn
[2024-11-01T09:25:41.920+0000] {subprocess.py:93} INFO - Found item: 205
[2024-11-01T09:25:41.921+0000] {subprocess.py:93} INFO - Skipped: https://gearvn.com/products/laptop-acer-aspire-5-a515-58m-56yx
[2024-11-01T09:25:41.922+0000] {subprocess.py:93} INFO - Skipped: https://gearvn.com/products/laptop-lenovo-ideapad-flex-5-14alc7-82r900edvn
[2024-11-01T09:25:41.923+0000] {subprocess.py:93} INFO - Skipped: https://gearvn.com/products/laptop-gaming-gigabyte-aorus-5-se4-73vn313sh
[2024-11-01T09:25:41.924+0000] {subprocess.py:93} INFO - Skipped: https://gearvn.com/products/laptop-lg-gram-style-14z90rs-gah54a5
[2024-11-01T09:25:41.925+0000] {subprocess.py:93} INFO - Skipped: https://gearvn.com/products/laptop-gaming-asus-rog-zephyrus-g15-ga503rs-ln778w
[2024-11-01T09:25:41.926+0000] {subprocess.py:93} INFO - Skipped: https://gearvn.com/products/laptop-msi-stealth-16-studio-a13vg-057vn
[2024-11-01T09:26:28.637+0000] {subprocess.py:93} INFO - Skipped: https://gearvn.com/products/laptop-gaming-asus-rog-strix-scar-15-g533zw-ln134w
[2024-11-01T09:26:28.638+0000] {subprocess.py:93} INFO - Skipped: https://gearvn.com/products/laptop-asus-gaming-rog-strix-scar-15-g533zm-ln2210w
[2024-11-01T09:26:28.641+0000] {subprocess.py:93} INFO - Skipped: https://gearvn.com/products/laptop-gaming-gigabyte-aorus-5-ke4-72vn314sh
[2024-11-01T09:26:28.642+0000] {subprocess.py:93} INFO - Skipped: https://gearvn.com/products/laptop-gaming-gigabyte-aero-16-xe5-73vn938ah
[2024-11-01T09:26:28.643+0000] {subprocess.py:93} INFO - Skipped: https://gearvn.com/products/laptop-msi-alpha-15-b5eek-205vn
[2024-11-01T09:26:28.644+0000] {subprocess.py:93} INFO - Skipped: https://gearvn.com/products/laptop-dell-xps-13-plus-9320-5cg56
[2024-11-01T09:26:28.645+0000] {subprocess.py:93} INFO - Skipped: https://gearvn.com/products/laptop-gaming-gigabyte-g5-me-51vn263sh
[2024-11-01T09:26:28.646+0000] {subprocess.py:93} INFO - Skipped: https://gearvn.com/products/laptop-dell-inspiron-16-5620-i5p165w11slu
[2024-11-01T09:26:28.647+0000] {subprocess.py:93} INFO - Skipped: https://gearvn.com/products/laptop-dell-vostro-3430-71011900
[2024-11-01T09:26:28.648+0000] {subprocess.py:93} INFO - Skipped: https://gearvn.com/products/laptop-gaming-gigabyte-g7-ke-52vn263sh
[2024-11-01T09:26:28.649+0000] {subprocess.py:93} INFO - Skipped: https://gearvn.com/products/laptop-dell-inspiron-5620-v6i5001w1-gray
[2024-11-01T09:26:28.650+0000] {subprocess.py:93} INFO - Skipped: https://gearvn.com/products/laptop-dell-inspiron-15-3530-71011775
[2024-11-01T09:26:28.651+0000] {subprocess.py:93} INFO - Skipped: https://gearvn.com/products/laptop-dell-inspiron-16-5620-n6i5003w1-silver
[2024-11-01T09:26:28.651+0000] {subprocess.py:93} INFO - Skipped: https://gearvn.com/products/laptop-dell-inspiron-14-7420-1yt85
[2024-11-01T09:26:28.652+0000] {subprocess.py:93} INFO - Skipped: https://gearvn.com/products/laptop-dell-inspiron-15-3520-70296960
[2024-11-01T09:26:28.653+0000] {subprocess.py:93} INFO - Skipped: https://gearvn.com/products/laptop-dell-vostro-3520-5m2tt2
[2024-11-01T09:26:28.654+0000] {subprocess.py:93} INFO - Skipped: https://gearvn.com/products/laptop-dell-inspiron-15-3520-p112f007-71003262
[2024-11-01T09:26:28.655+0000] {subprocess.py:93} INFO - Skipped: https://gearvn.com/products/laptop-dell-vostro-5620-70282719-p117f001
[2024-11-01T09:26:28.655+0000] {subprocess.py:93} INFO - Skipped: https://gearvn.com/products/laptop-dell-vostro-13-5320-v3i7005w-gray
[2024-11-01T09:26:28.656+0000] {subprocess.py:93} INFO - Skipped: https://gearvn.com/products/laptop-hp-pavilion-15-eg0506tx-46m05pa
[2024-11-01T09:26:28.657+0000] {subprocess.py:93} INFO - Skipped: https://gearvn.com/products/laptop-gaming-dell-g15-5525-r5h085w11gr3050
[2024-11-01T09:26:28.658+0000] {subprocess.py:93} INFO - Skipped: https://gearvn.com/products/laptop-dell-inspiron-5620-n6i7004w1-silver
[2024-11-01T09:26:28.659+0000] {subprocess.py:93} INFO - Skipped: https://gearvn.com/products/laptop-msi-prestige-14-evo-b13m-401vn
[2024-11-01T09:26:28.660+0000] {subprocess.py:93} INFO - Skipped: https://gearvn.com/products/laptop-dell-inspiron-14-n5420-i5u085w11slu
[2024-11-01T09:26:28.661+0000] {subprocess.py:93} INFO - Skipped: https://gearvn.com/products/laptop-msi-alpha-15-b5eek-203vn
[2024-11-01T09:26:28.662+0000] {subprocess.py:93} INFO - Skipped: https://gearvn.com/products/laptop-msi-modern-14-c11m-011vn
[2024-11-01T09:26:28.663+0000] {subprocess.py:93} INFO - Skipped: https://gearvn.com/products/laptop-asus-zenbook-flip-oled-up3404va-kn038w
[2024-11-01T09:26:28.664+0000] {subprocess.py:93} INFO - Skipped: https://gearvn.com/products/laptop-gaming-lenovo-ideapad-gaming-3-15ach6-82k2027qvn
[2024-11-01T09:26:28.665+0000] {subprocess.py:93} INFO - Skipped: https://gearvn.com/products/laptop-asus-zenbook-14-oled-ux3402va-km068w
[2024-11-01T09:26:28.667+0000] {subprocess.py:93} INFO - Skipped: https://gearvn.com/products/laptop-asus-vivobook-s-14-flip-tn3402ya-lz192w
[2024-11-01T09:26:28.667+0000] {subprocess.py:93} INFO - Skipped: https://gearvn.com/products/laptop-gaming-acer-aspire-7-a715-76g-59mw
[2024-11-01T09:26:28.668+0000] {subprocess.py:93} INFO - Skipped: https://gearvn.com/products/laptop-lg-gram-2023-14z90r-gah53a5
[2024-11-01T09:26:28.670+0000] {subprocess.py:93} INFO - Skipped: https://gearvn.com/products/laptop-gaming-asus-rog-strix-g17-g713rw-ll178w
[2024-11-01T09:26:28.671+0000] {subprocess.py:93} INFO - Skipped: https://gearvn.com/products/laptop-asus-zenbook-flip-oled-up3404va-kn039w
[2024-11-01T09:26:28.672+0000] {subprocess.py:93} INFO - Skipped: https://gearvn.com/products/laptop-lenovo-yoga-slim-6-14irh8-83e00008vn
[2024-11-01T09:26:28.673+0000] {subprocess.py:93} INFO - Skipped: https://gearvn.com/products/laptop-gaming-dell-alienware-m15-r6-p109f001cbl
[2024-11-01T09:26:28.674+0000] {subprocess.py:93} INFO - Skipped: https://gearvn.com/products/laptop-asus-zenbook-14-oled-ux3402va-km203w
[2024-11-01T09:26:28.674+0000] {subprocess.py:93} INFO - Skipped: https://gearvn.com/products/laptop-asus-zenbook-14-oled-ux3402va-km085w
[2024-11-01T09:26:28.675+0000] {subprocess.py:93} INFO - Skipped: https://gearvn.com/products/laptop-gaming-dell-g15-5525-r7h165w11gr3060
[2024-11-01T09:26:28.676+0000] {subprocess.py:93} INFO - Skipped: https://gearvn.com/products/laptop-gaming-asus-rog-zephyrus-g14-ga402rk-l8072w
[2024-11-01T09:26:28.677+0000] {subprocess.py:93} INFO - Skipped: https://gearvn.com/products/laptop-gaming-gigabyte-a5-k1-avn1030sb
[2024-11-01T09:26:28.678+0000] {subprocess.py:93} INFO - Skipped: https://gearvn.com/products/laptop-dell-inspiron-5620-n6i7110w1-silver
[2024-11-01T09:26:28.680+0000] {subprocess.py:93} INFO - Skipped: https://gearvn.com/products/laptop-lenovo-thinkpad-e14-21e300e3vn
[2024-11-01T09:26:28.681+0000] {subprocess.py:93} INFO - Skipped: https://gearvn.com/products/laptop-gaming-dell-alienware-m15-r7-i7h165w11gr3050ti
[2024-11-01T09:26:28.682+0000] {subprocess.py:93} INFO - Skipped: https://gearvn.com/products/laptop-dell-latitude-3520-p108f001-70280538
[2024-11-01T09:26:28.683+0000] {subprocess.py:93} INFO - Skipped: https://gearvn.com/products/laptop-dell-vostro-16-v5630-i5u165w11gru
[2024-11-01T09:26:28.684+0000] {subprocess.py:93} INFO - Skipped: https://gearvn.com/products/laptop-dell-inspiron-14-n5430-i5p165w11sl2050
[2024-11-01T09:26:28.685+0000] {subprocess.py:93} INFO - Skipped: https://gearvn.com/products/laptop-dell-inspiron-16-n5630-i7p165w11slu
[2024-11-01T09:26:28.686+0000] {subprocess.py:93} INFO - Skipped: https://gearvn.com/products/laptop-gaming-gigabyte-g5-mf5-52vn353sh
[2024-11-01T09:26:28.687+0000] {subprocess.py:93} INFO - Skipped: https://gearvn.com/products/laptop-gaming-gigabyte-g5-mf5-h2vn353sh
[2024-11-01T09:26:28.688+0000] {subprocess.py:93} INFO - Skipped: https://gearvn.com/products/laptop-dell-inspiron-3530-n5i5791w1-black
[2024-11-01T09:26:28.689+0000] {subprocess.py:93} INFO - Skipped: https://gearvn.com/products/laptop-dell-vostro-15-v3530-i7u085w11grd2
[2024-11-01T09:26:28.691+0000] {subprocess.py:93} INFO - Skipped: https://gearvn.com/products/laptop-asus-zenbook-14-oled-um3402ya-km405w
[2024-11-01T09:26:28.692+0000] {subprocess.py:93} INFO - Skipped: https://gearvn.com/products/laptop-lenovo-yoga-slim-6-14irh8-83e0000vvn
[2024-11-01T09:26:28.693+0000] {subprocess.py:93} INFO - Skipped: https://gearvn.com/products/laptop-dell-inspiron-15-3530-i5u085w11blu
[2024-11-01T09:26:28.695+0000] {subprocess.py:93} INFO - Skipped: https://gearvn.com/products/laptop-acer-aspire-5-a515-58gm-59lj
[2024-11-01T09:26:28.696+0000] {subprocess.py:93} INFO - Skipped: https://gearvn.com/products/laptop-acer-aspire-5-a515-58p-56rp
[2024-11-01T09:26:28.700+0000] {subprocess.py:93} INFO - Skipped: https://gearvn.com/products/laptop-dell-inspiron-5430-n4i5497w1-silver
[2024-11-01T09:26:28.702+0000] {subprocess.py:93} INFO - Skipped: https://gearvn.com/products/laptop-lg-gram-2023-17zd90r-g-ax73a5
[2024-11-01T09:26:28.703+0000] {subprocess.py:93} INFO - Skipped: https://gearvn.com/products/laptop-gaming-lenovo-legion-slim-5-16aph8-82y9002yvn
[2024-11-01T09:26:28.705+0000] {subprocess.py:93} INFO - Skipped: https://gearvn.com/products/laptop-lenovo-v15-g4-iru-83a1000rvn
[2024-11-01T09:26:28.708+0000] {subprocess.py:93} INFO - Skipped: https://gearvn.com/products/laptop-asus-rog-strix-g15-g513-g513qm-hn169t
[2024-11-01T09:26:28.710+0000] {subprocess.py:93} INFO - Skipped: https://gearvn.com/products/laptop-dell-vostro-15-v5630-i5p085w11gru
[2024-11-01T09:26:28.712+0000] {subprocess.py:93} INFO - Skipped: https://gearvn.com/products/laptop-dell-inspiron-14-n5430-i5p165w11sld2
[2024-11-01T09:26:28.713+0000] {subprocess.py:93} INFO - Skipped: https://gearvn.com/products/laptop-dell-inspiron-15-n3530-i3u085w11blu
[2024-11-01T09:26:28.715+0000] {subprocess.py:93} INFO - Skipped: https://gearvn.com/products/laptop-dell-vostro-3420-71003349
[2024-11-01T09:26:28.716+0000] {subprocess.py:93} INFO - Skipped: https://gearvn.com/products/laptop-dell-inspiron-15-7501-x3mry1
[2024-11-01T09:26:28.718+0000] {subprocess.py:93} INFO - Skipped: https://gearvn.com/products/laptop-msi-modern-14-b11mo-073vn
[2024-11-01T09:26:28.719+0000] {subprocess.py:93} INFO - Skipped: https://gearvn.com/products/laptop-dell-vostro-15-5502-70231340
[2024-11-01T09:26:28.720+0000] {subprocess.py:93} INFO - Skipped: https://gearvn.com/products/laptop-dell-inspiron-15-5502-1xgr11
[2024-11-01T09:26:28.722+0000] {subprocess.py:93} INFO - Skipped: https://gearvn.com/products/laptop-lenovo-ideapad-5-14alc05-82lm004dvn
[2024-11-01T09:26:28.724+0000] {subprocess.py:93} INFO - Skipped: https://gearvn.com/products/laptop-asus-x515ea-ej058t
[2024-11-01T09:26:28.725+0000] {subprocess.py:93} INFO - Skipped: https://gearvn.com/products/laptop-asus-zenbook-ux425ea-ki439t
[2024-11-01T09:26:28.726+0000] {subprocess.py:93} INFO - Skipped: https://gearvn.com/products/laptop-asus-zenbook-duo-14-ux482eg-ka166t
[2024-11-01T09:26:28.727+0000] {subprocess.py:93} INFO - Skipped: https://gearvn.com/products/laptop-asus-d515ua-ej045t
[2024-11-01T09:26:29.208+0000] {subprocess.py:97} INFO - Command exited with return code 0
[2024-11-01T09:26:29.255+0000] {taskinstance.py:340} INFO - ::group::Post task execution logs
[2024-11-01T09:26:29.259+0000] {taskinstance.py:352} INFO - Marking task as SUCCESS. dag_id=main_dag, task_id=laptop_scraping_tasks.scrape_gearvn, run_id=manual__2024-11-01T09:21:40.168716+00:00, execution_date=20241101T092140, start_date=20241101T092218, end_date=20241101T092629
[2024-11-01T09:26:29.289+0000] {local_task_job_runner.py:266} INFO - Task exited with return code 0
[2024-11-01T09:26:29.445+0000] {taskinstance.py:3900} INFO - 0 downstream tasks scheduled from follow-on schedule check
[2024-11-01T09:26:29.447+0000] {local_task_job_runner.py:245} INFO - ::endgroup::
