[2024-11-06T06:38:52.368+0000] {local_task_job_runner.py:123} INFO - ::group::Pre task execution logs
[2024-11-06T06:38:52.595+0000] {taskinstance.py:2612} INFO - Dependencies all met for dep_context=non-requeueable deps ti=<TaskInstance: main_dag.laptop_scraping_tasks.scrape_gearvn manual__2024-11-06T06:38:51.172039+00:00 [queued]>
[2024-11-06T06:38:52.606+0000] {taskinstance.py:2612} INFO - Dependencies all met for dep_context=requeueable deps ti=<TaskInstance: main_dag.laptop_scraping_tasks.scrape_gearvn manual__2024-11-06T06:38:51.172039+00:00 [queued]>
[2024-11-06T06:38:52.608+0000] {taskinstance.py:2865} INFO - Starting attempt 1 of 2
[2024-11-06T06:38:52.631+0000] {taskinstance.py:2888} INFO - Executing <Task(BashOperator): laptop_scraping_tasks.scrape_gearvn> on 2024-11-06 06:38:51.172039+00:00
[2024-11-06T06:38:52.636+0000] {standard_task_runner.py:72} INFO - Started process 1351 to run task
[2024-11-06T06:38:52.641+0000] {standard_task_runner.py:104} INFO - Running: ['***', 'tasks', 'run', 'main_dag', 'laptop_scraping_tasks.scrape_gearvn', 'manual__2024-11-06T06:38:51.172039+00:00', '--job-id', '4', '--raw', '--subdir', 'DAGS_FOLDER/main_dag.py', '--cfg-path', '/tmp/tmp99tf2flg']
[2024-11-06T06:38:52.643+0000] {standard_task_runner.py:105} INFO - Job 4: Subtask laptop_scraping_tasks.scrape_gearvn
[2024-11-06T06:38:52.736+0000] {task_command.py:467} INFO - Running <TaskInstance: main_dag.laptop_scraping_tasks.scrape_gearvn manual__2024-11-06T06:38:51.172039+00:00 [running]> on host bc012832769a
[2024-11-06T06:38:52.851+0000] {taskinstance.py:3131} INFO - Exporting env vars: AIRFLOW_CTX_DAG_OWNER='veil' AIRFLOW_CTX_DAG_ID='main_dag' AIRFLOW_CTX_TASK_ID='laptop_scraping_tasks.scrape_gearvn' AIRFLOW_CTX_EXECUTION_DATE='2024-11-06T06:38:51.172039+00:00' AIRFLOW_CTX_TRY_NUMBER='1' AIRFLOW_CTX_DAG_RUN_ID='manual__2024-11-06T06:38:51.172039+00:00'
[2024-11-06T06:38:52.854+0000] {taskinstance.py:731} INFO - ::endgroup::
[2024-11-06T06:38:52.872+0000] {subprocess.py:63} INFO - Tmp dir root location: /tmp
[2024-11-06T06:38:52.875+0000] {subprocess.py:75} INFO - Running command: ['/usr/bin/bash', '-c', 'cd /app/scraper && scrapy crawl gearvn_spider -O ../temp/gearvn_data.json']
[2024-11-06T06:38:52.885+0000] {subprocess.py:86} INFO - Output:
[2024-11-06T06:39:12.163+0000] {job.py:229} INFO - Heartbeat recovered after 14.45 seconds
[2024-11-06T06:39:31.323+0000] {job.py:229} INFO - Heartbeat recovered after 22.61 seconds
[2024-11-06T06:39:45.138+0000] {subprocess.py:93} INFO - 'Load More' button clicked sucessfully.
[2024-11-06T06:39:45.148+0000] {subprocess.py:93} INFO - No more 'Load More' button
[2024-11-06T06:39:45.522+0000] {subprocess.py:97} INFO - Command exited with return code 0
[2024-11-06T06:39:45.545+0000] {taskinstance.py:340} INFO - ::group::Post task execution logs
[2024-11-06T06:39:45.545+0000] {taskinstance.py:352} INFO - Marking task as SUCCESS. dag_id=main_dag, task_id=laptop_scraping_tasks.scrape_gearvn, run_id=manual__2024-11-06T06:38:51.172039+00:00, execution_date=20241106T063851, start_date=20241106T063852, end_date=20241106T063945
[2024-11-06T06:39:45.582+0000] {local_task_job_runner.py:266} INFO - Task exited with return code 0
[2024-11-06T06:39:45.601+0000] {local_task_job_runner.py:245} INFO - ::endgroup::
