[2024-11-20T03:28:11.146+0000] {local_task_job_runner.py:123} INFO - ::group::Pre task execution logs
[2024-11-20T03:28:11.318+0000] {taskinstance.py:2612} INFO - Dependencies all met for dep_context=non-requeueable deps ti=<TaskInstance: main_dag.laptop_scraping_tasks.scrape_gearvn manual__2024-11-20T02:00:30.526702+00:00 [queued]>
[2024-11-20T03:28:11.330+0000] {taskinstance.py:2612} INFO - Dependencies all met for dep_context=requeueable deps ti=<TaskInstance: main_dag.laptop_scraping_tasks.scrape_gearvn manual__2024-11-20T02:00:30.526702+00:00 [queued]>
[2024-11-20T03:28:11.331+0000] {taskinstance.py:2865} INFO - Starting attempt 1 of 2
[2024-11-20T03:28:11.346+0000] {taskinstance.py:2888} INFO - Executing <Task(BashOperator): laptop_scraping_tasks.scrape_gearvn> on 2024-11-20 02:00:30.526702+00:00
[2024-11-20T03:28:11.349+0000] {standard_task_runner.py:72} INFO - Started process 10072 to run task
[2024-11-20T03:28:11.352+0000] {standard_task_runner.py:104} INFO - Running: ['***', 'tasks', 'run', 'main_dag', 'laptop_scraping_tasks.scrape_gearvn', 'manual__2024-11-20T02:00:30.526702+00:00', '--job-id', '6', '--raw', '--subdir', 'DAGS_FOLDER/main_dag.py', '--cfg-path', '/tmp/tmpmd7gvoia']
[2024-11-20T03:28:11.353+0000] {standard_task_runner.py:105} INFO - Job 6: Subtask laptop_scraping_tasks.scrape_gearvn
[2024-11-20T03:28:11.417+0000] {task_command.py:467} INFO - Running <TaskInstance: main_dag.laptop_scraping_tasks.scrape_gearvn manual__2024-11-20T02:00:30.526702+00:00 [running]> on host 7331716c13db
[2024-11-20T03:28:11.519+0000] {taskinstance.py:3131} INFO - Exporting env vars: AIRFLOW_CTX_DAG_OWNER='veil' AIRFLOW_CTX_DAG_ID='main_dag' AIRFLOW_CTX_TASK_ID='laptop_scraping_tasks.scrape_gearvn' AIRFLOW_CTX_EXECUTION_DATE='2024-11-20T02:00:30.526702+00:00' AIRFLOW_CTX_TRY_NUMBER='1' AIRFLOW_CTX_DAG_RUN_ID='manual__2024-11-20T02:00:30.526702+00:00'
[2024-11-20T03:28:11.520+0000] {taskinstance.py:731} INFO - ::endgroup::
[2024-11-20T03:28:11.537+0000] {subprocess.py:63} INFO - Tmp dir root location: /tmp
[2024-11-20T03:28:11.537+0000] {subprocess.py:75} INFO - Running command: ['/usr/bin/bash', '-c', 'cd /app/scraper && scrapy crawl gearvn_spider -O ../temp/gearvn_data.json']
[2024-11-20T03:28:11.548+0000] {subprocess.py:86} INFO - Output:
[2024-11-20T03:29:48.897+0000] {job.py:229} INFO - Heartbeat recovered after 37.43 seconds
[2024-11-20T03:29:49.426+0000] {subprocess.py:93} INFO - 'Load More' button clicked sucessfully.
[2024-11-20T03:29:49.433+0000] {subprocess.py:93} INFO - 'Load More' button clicked sucessfully.
[2024-11-20T03:29:49.434+0000] {subprocess.py:93} INFO - 'Load More' button clicked sucessfully.
[2024-11-20T03:29:49.439+0000] {subprocess.py:93} INFO - 'Load More' button clicked sucessfully.
[2024-11-20T03:29:49.447+0000] {subprocess.py:93} INFO - 'Load More' button clicked sucessfully.
[2024-11-20T03:29:49.448+0000] {subprocess.py:93} INFO - 'Load More' button clicked sucessfully.
[2024-11-20T03:29:49.452+0000] {subprocess.py:93} INFO - 'Load More' button clicked sucessfully.
[2024-11-20T03:29:49.456+0000] {subprocess.py:93} INFO - 'Load More' button clicked sucessfully.
[2024-11-20T03:29:49.456+0000] {subprocess.py:93} INFO - No more 'Load More' button
[2024-11-20T03:29:49.629+0000] {subprocess.py:97} INFO - Command exited with return code 0
[2024-11-20T03:29:49.650+0000] {taskinstance.py:340} INFO - ::group::Post task execution logs
[2024-11-20T03:29:49.650+0000] {taskinstance.py:352} INFO - Marking task as SUCCESS. dag_id=main_dag, task_id=laptop_scraping_tasks.scrape_gearvn, run_id=manual__2024-11-20T02:00:30.526702+00:00, execution_date=20241120T020030, start_date=20241120T032811, end_date=20241120T032949
[2024-11-20T03:29:49.700+0000] {local_task_job_runner.py:266} INFO - Task exited with return code 0
[2024-11-20T03:29:49.717+0000] {logging_mixin.py:190} WARNING - /usr/local/lib/python3.11/site-packages/***/models/baseoperator.py:1378 AirflowProviderDeprecationWarning: Call to deprecated class PostgresOperator. (Please use `***.providers.common.sql.operators.sql.SQLExecuteQueryOperator`.Also, you can provide `hook_params={'schema': <database>}`.)
[2024-11-20T03:29:49.733+0000] {taskinstance.py:3900} INFO - 0 downstream tasks scheduled from follow-on schedule check
[2024-11-20T03:29:49.735+0000] {local_task_job_runner.py:245} INFO - ::endgroup::
