[2024-10-30T09:09:54.634+0000] {processor.py:186} INFO - Started process (PID=4243) to work on /usr/local/lib/python3.11/site-packages/airflow/example_dags/subdags/subdag.py
[2024-10-30T09:09:54.635+0000] {processor.py:914} INFO - Processing file /usr/local/lib/python3.11/site-packages/airflow/example_dags/subdags/subdag.py for tasks to queue
[2024-10-30T09:09:54.637+0000] {logging_mixin.py:190} INFO - [2024-10-30T09:09:54.637+0000] {dagbag.py:588} INFO - Filling up the DagBag from /usr/local/lib/python3.11/site-packages/airflow/example_dags/subdags/subdag.py
[2024-10-30T09:09:54.639+0000] {processor.py:927} WARNING - No viable dags retrieved from /usr/local/lib/python3.11/site-packages/airflow/example_dags/subdags/subdag.py
[2024-10-30T09:09:54.662+0000] {processor.py:208} INFO - Processing /usr/local/lib/python3.11/site-packages/airflow/example_dags/subdags/subdag.py took 0.034 seconds
[2024-10-30T09:10:59.746+0000] {processor.py:186} INFO - Started process (PID=4753) to work on /usr/local/lib/python3.11/site-packages/airflow/example_dags/subdags/subdag.py
[2024-10-30T09:10:59.747+0000] {processor.py:914} INFO - Processing file /usr/local/lib/python3.11/site-packages/airflow/example_dags/subdags/subdag.py for tasks to queue
[2024-10-30T09:10:59.749+0000] {logging_mixin.py:190} INFO - [2024-10-30T09:10:59.749+0000] {dagbag.py:588} INFO - Filling up the DagBag from /usr/local/lib/python3.11/site-packages/airflow/example_dags/subdags/subdag.py
[2024-10-30T09:10:59.751+0000] {processor.py:927} WARNING - No viable dags retrieved from /usr/local/lib/python3.11/site-packages/airflow/example_dags/subdags/subdag.py
[2024-10-30T09:10:59.766+0000] {processor.py:208} INFO - Processing /usr/local/lib/python3.11/site-packages/airflow/example_dags/subdags/subdag.py took 0.024 seconds
[2024-10-30T09:12:28.615+0000] {processor.py:186} INFO - Started process (PID=5346) to work on /usr/local/lib/python3.11/site-packages/airflow/example_dags/subdags/subdag.py
[2024-10-30T09:12:28.618+0000] {processor.py:914} INFO - Processing file /usr/local/lib/python3.11/site-packages/airflow/example_dags/subdags/subdag.py for tasks to queue
[2024-10-30T09:12:28.620+0000] {logging_mixin.py:190} INFO - [2024-10-30T09:12:28.619+0000] {dagbag.py:588} INFO - Filling up the DagBag from /usr/local/lib/python3.11/site-packages/airflow/example_dags/subdags/subdag.py
[2024-10-30T09:12:28.621+0000] {processor.py:927} WARNING - No viable dags retrieved from /usr/local/lib/python3.11/site-packages/airflow/example_dags/subdags/subdag.py
[2024-10-30T09:12:28.637+0000] {processor.py:208} INFO - Processing /usr/local/lib/python3.11/site-packages/airflow/example_dags/subdags/subdag.py took 0.027 seconds
[2024-10-30T09:13:30.701+0000] {processor.py:186} INFO - Started process (PID=6124) to work on /usr/local/lib/python3.11/site-packages/airflow/example_dags/subdags/subdag.py
[2024-10-30T09:13:30.703+0000] {processor.py:914} INFO - Processing file /usr/local/lib/python3.11/site-packages/airflow/example_dags/subdags/subdag.py for tasks to queue
[2024-10-30T09:13:30.706+0000] {logging_mixin.py:190} INFO - [2024-10-30T09:13:30.706+0000] {dagbag.py:588} INFO - Filling up the DagBag from /usr/local/lib/python3.11/site-packages/airflow/example_dags/subdags/subdag.py
[2024-10-30T09:13:30.708+0000] {processor.py:927} WARNING - No viable dags retrieved from /usr/local/lib/python3.11/site-packages/airflow/example_dags/subdags/subdag.py
[2024-10-30T09:13:30.747+0000] {processor.py:208} INFO - Processing /usr/local/lib/python3.11/site-packages/airflow/example_dags/subdags/subdag.py took 0.051 seconds
[2024-10-30T09:14:34.870+0000] {processor.py:186} INFO - Started process (PID=6904) to work on /usr/local/lib/python3.11/site-packages/airflow/example_dags/subdags/subdag.py
[2024-10-30T09:14:34.871+0000] {processor.py:914} INFO - Processing file /usr/local/lib/python3.11/site-packages/airflow/example_dags/subdags/subdag.py for tasks to queue
[2024-10-30T09:14:34.873+0000] {logging_mixin.py:190} INFO - [2024-10-30T09:14:34.872+0000] {dagbag.py:588} INFO - Filling up the DagBag from /usr/local/lib/python3.11/site-packages/airflow/example_dags/subdags/subdag.py
[2024-10-30T09:14:34.874+0000] {processor.py:927} WARNING - No viable dags retrieved from /usr/local/lib/python3.11/site-packages/airflow/example_dags/subdags/subdag.py
[2024-10-30T09:14:34.892+0000] {processor.py:208} INFO - Processing /usr/local/lib/python3.11/site-packages/airflow/example_dags/subdags/subdag.py took 0.027 seconds
