[2024-11-19T18:47:14.560+0000] {local_task_job_runner.py:123} INFO - ::group::Pre task execution logs
[2024-11-19T18:47:14.644+0000] {taskinstance.py:2612} INFO - Dependencies all met for dep_context=non-requeueable deps ti=<TaskInstance: main_dag.laptop_scraping_tasks.scrape_cellphones manual__2024-11-19T17:23:40.097800+00:00 [queued]>
[2024-11-19T18:47:14.651+0000] {taskinstance.py:2612} INFO - Dependencies all met for dep_context=requeueable deps ti=<TaskInstance: main_dag.laptop_scraping_tasks.scrape_cellphones manual__2024-11-19T17:23:40.097800+00:00 [queued]>
[2024-11-19T18:47:14.651+0000] {taskinstance.py:2865} INFO - Starting attempt 1 of 2
[2024-11-19T18:47:14.668+0000] {taskinstance.py:2888} INFO - Executing <Task(BashOperator): laptop_scraping_tasks.scrape_cellphones> on 2024-11-19 17:23:40.097800+00:00
[2024-11-19T18:47:14.671+0000] {standard_task_runner.py:72} INFO - Started process 88276 to run task
[2024-11-19T18:47:14.674+0000] {standard_task_runner.py:104} INFO - Running: ['***', 'tasks', 'run', 'main_dag', 'laptop_scraping_tasks.scrape_cellphones', 'manual__2024-11-19T17:23:40.097800+00:00', '--job-id', '4', '--raw', '--subdir', 'DAGS_FOLDER/main_dag.py', '--cfg-path', '/tmp/tmpsy4ed7ky']
[2024-11-19T18:47:14.675+0000] {standard_task_runner.py:105} INFO - Job 4: Subtask laptop_scraping_tasks.scrape_cellphones
[2024-11-19T18:47:14.721+0000] {task_command.py:467} INFO - Running <TaskInstance: main_dag.laptop_scraping_tasks.scrape_cellphones manual__2024-11-19T17:23:40.097800+00:00 [running]> on host d6b373691b25
[2024-11-19T18:47:14.785+0000] {taskinstance.py:3131} INFO - Exporting env vars: AIRFLOW_CTX_DAG_OWNER='veil' AIRFLOW_CTX_DAG_ID='main_dag' AIRFLOW_CTX_TASK_ID='laptop_scraping_tasks.scrape_cellphones' AIRFLOW_CTX_EXECUTION_DATE='2024-11-19T17:23:40.097800+00:00' AIRFLOW_CTX_TRY_NUMBER='1' AIRFLOW_CTX_DAG_RUN_ID='manual__2024-11-19T17:23:40.097800+00:00'
[2024-11-19T18:47:14.786+0000] {taskinstance.py:731} INFO - ::endgroup::
[2024-11-19T18:47:14.799+0000] {subprocess.py:63} INFO - Tmp dir root location: /tmp
[2024-11-19T18:47:14.799+0000] {subprocess.py:75} INFO - Running command: ['/usr/bin/bash', '-c', 'cd /app/scraper && scrapy crawl cellphones_spider -O ../temp/cellphones_data.json']
[2024-11-19T18:47:14.804+0000] {subprocess.py:86} INFO - Output:
[2024-11-19T19:12:56.887+0000] {subprocess.py:93} INFO - 'Load More' button clicked sucessfully.
[2024-11-19T19:12:56.888+0000] {subprocess.py:93} INFO - 'Load More' button clicked sucessfully.
[2024-11-19T19:12:56.888+0000] {subprocess.py:93} INFO - 'Load More' button clicked sucessfully.
[2024-11-19T19:12:56.889+0000] {subprocess.py:93} INFO - 'Load More' button clicked sucessfully.
[2024-11-19T19:12:56.889+0000] {subprocess.py:93} INFO - 'Load More' button clicked sucessfully.
[2024-11-19T19:12:56.889+0000] {subprocess.py:93} INFO - 'Load More' button clicked sucessfully.
[2024-11-19T19:12:56.890+0000] {subprocess.py:93} INFO - 'Load More' button clicked sucessfully.
[2024-11-19T19:12:56.891+0000] {subprocess.py:93} INFO - 'Load More' button clicked sucessfully.
[2024-11-19T19:12:56.891+0000] {subprocess.py:93} INFO - Closed the modal successfully.
[2024-11-19T19:12:56.892+0000] {subprocess.py:93} INFO - 'Load More' button clicked sucessfully.
[2024-11-19T19:12:56.892+0000] {subprocess.py:93} INFO - 'Load More' button clicked sucessfully.
[2024-11-19T19:12:56.892+0000] {subprocess.py:93} INFO - 'Load More' button clicked sucessfully.
[2024-11-19T19:12:56.892+0000] {subprocess.py:93} INFO - 'Load More' button clicked sucessfully.
[2024-11-19T19:12:56.893+0000] {subprocess.py:93} INFO - 'Load More' button clicked sucessfully.
[2024-11-19T19:12:56.893+0000] {subprocess.py:93} INFO - 'Load More' button clicked sucessfully.
[2024-11-19T19:12:56.893+0000] {subprocess.py:93} INFO - 'Load More' button clicked sucessfully.
[2024-11-19T19:12:56.893+0000] {subprocess.py:93} INFO - 'Load More' button clicked sucessfully.
[2024-11-19T19:12:56.893+0000] {subprocess.py:93} INFO - 'Load More' button clicked sucessfully.
[2024-11-19T19:12:56.894+0000] {subprocess.py:93} INFO - 'Load More' button clicked sucessfully.
[2024-11-19T19:12:56.894+0000] {subprocess.py:93} INFO - 'Load More' button clicked sucessfully.
[2024-11-19T19:12:56.894+0000] {subprocess.py:93} INFO - 'Load More' button clicked sucessfully.
[2024-11-19T19:12:56.895+0000] {subprocess.py:93} INFO - 'Load More' button clicked sucessfully.
[2024-11-19T19:12:56.895+0000] {subprocess.py:93} INFO - 'Load More' button clicked sucessfully.
[2024-11-19T19:12:56.895+0000] {subprocess.py:93} INFO - 'Load More' button clicked sucessfully.
[2024-11-19T19:12:56.895+0000] {subprocess.py:93} INFO - 'Load More' button clicked sucessfully.
[2024-11-19T19:12:56.895+0000] {subprocess.py:93} INFO - 'Load More' button clicked sucessfully.
[2024-11-19T19:12:56.896+0000] {subprocess.py:93} INFO - 'Load More' button clicked sucessfully.
[2024-11-19T19:12:56.896+0000] {subprocess.py:93} INFO - 'Load More' button clicked sucessfully.
[2024-11-19T19:12:56.896+0000] {subprocess.py:93} INFO - 'Load More' button clicked sucessfully.
[2024-11-19T19:12:56.896+0000] {subprocess.py:93} INFO - 'Load More' button clicked sucessfully.
[2024-11-19T19:12:56.897+0000] {subprocess.py:93} INFO - 'Load More' button clicked sucessfully.
[2024-11-19T19:12:56.897+0000] {subprocess.py:93} INFO - 'Load More' button clicked sucessfully.
[2024-11-19T19:12:56.897+0000] {subprocess.py:93} INFO - 'Load More' button clicked sucessfully.
[2024-11-19T19:12:56.897+0000] {subprocess.py:93} INFO - No more 'Load More' button
[2024-11-19T19:12:56.897+0000] {subprocess.py:93} INFO - Opened the modal successfully.
[2024-11-19T19:12:56.898+0000] {subprocess.py:93} INFO - Found item: 1
[2024-11-19T19:12:56.898+0000] {subprocess.py:93} INFO - Opened the modal successfully.
[2024-11-19T19:12:56.898+0000] {subprocess.py:93} INFO - Found item: 2
[2024-11-19T19:12:56.898+0000] {subprocess.py:93} INFO - Opened the modal successfully.
[2024-11-19T19:12:56.899+0000] {subprocess.py:93} INFO - Found item: 3
[2024-11-19T19:12:56.899+0000] {subprocess.py:93} INFO - Technical spec button not found, reloading the page.
[2024-11-19T19:12:56.899+0000] {subprocess.py:93} INFO - Opened the modal successfully.
[2024-11-19T19:12:56.899+0000] {subprocess.py:93} INFO - Found item: 4
[2024-11-19T19:12:56.900+0000] {subprocess.py:93} INFO - Opened the modal successfully.
[2024-11-19T19:12:56.900+0000] {subprocess.py:93} INFO - Found item: 5
[2024-11-19T19:12:56.900+0000] {subprocess.py:93} INFO - Opened the modal successfully.
[2024-11-19T19:12:56.900+0000] {subprocess.py:93} INFO - Found item: 6
[2024-11-19T19:12:56.900+0000] {subprocess.py:93} INFO - Opened the modal successfully.
[2024-11-19T19:12:56.901+0000] {subprocess.py:93} INFO - Found item: 7
[2024-11-19T19:12:56.901+0000] {subprocess.py:93} INFO - Opened the modal successfully.
[2024-11-19T19:12:56.901+0000] {subprocess.py:93} INFO - Found item: 8
[2024-11-19T19:12:56.902+0000] {subprocess.py:93} INFO - Opened the modal successfully.
[2024-11-19T19:12:56.902+0000] {subprocess.py:93} INFO - Found item: 9
[2024-11-19T19:12:56.902+0000] {subprocess.py:93} INFO - Opened the modal successfully.
[2024-11-19T19:12:56.902+0000] {subprocess.py:93} INFO - Found item: 10
[2024-11-19T19:12:56.903+0000] {subprocess.py:93} INFO - Opened the modal successfully.
[2024-11-19T19:12:56.903+0000] {subprocess.py:93} INFO - Found item: 11
[2024-11-19T19:12:56.903+0000] {subprocess.py:93} INFO - Opened the modal successfully.
[2024-11-19T19:12:56.903+0000] {subprocess.py:93} INFO - Found item: 12
[2024-11-19T19:12:56.904+0000] {subprocess.py:93} INFO - Opened the modal successfully.
[2024-11-19T19:12:56.904+0000] {subprocess.py:93} INFO - Found item: 13
[2024-11-19T19:12:56.904+0000] {subprocess.py:93} INFO - Opened the modal successfully.
[2024-11-19T19:12:56.904+0000] {subprocess.py:93} INFO - Found item: 14
[2024-11-19T19:12:56.905+0000] {subprocess.py:93} INFO - Opened the modal successfully.
[2024-11-19T19:12:56.905+0000] {subprocess.py:93} INFO - Found item: 15
[2024-11-19T19:12:56.905+0000] {subprocess.py:93} INFO - Opened the modal successfully.
[2024-11-19T19:12:56.905+0000] {subprocess.py:93} INFO - Found item: 16
[2024-11-19T19:12:56.905+0000] {subprocess.py:93} INFO - Opened the modal successfully.
[2024-11-19T19:12:56.906+0000] {subprocess.py:93} INFO - Found item: 17
[2024-11-19T19:12:56.906+0000] {subprocess.py:93} INFO - Opened the modal successfully.
[2024-11-19T19:12:56.906+0000] {subprocess.py:93} INFO - Found item: 18
[2024-11-19T19:12:56.906+0000] {subprocess.py:93} INFO - Opened the modal successfully.
[2024-11-19T19:12:56.907+0000] {subprocess.py:93} INFO - Found item: 19
[2024-11-19T19:12:56.907+0000] {subprocess.py:93} INFO - Opened the modal successfully.
[2024-11-19T19:12:56.907+0000] {subprocess.py:93} INFO - Found item: 20
[2024-11-19T19:12:56.907+0000] {subprocess.py:93} INFO - Opened the modal successfully.
[2024-11-19T19:12:56.908+0000] {subprocess.py:93} INFO - Found item: 21
[2024-11-19T19:12:56.908+0000] {subprocess.py:93} INFO - Opened the modal successfully.
[2024-11-19T19:12:56.908+0000] {subprocess.py:93} INFO - Found item: 22
[2024-11-19T19:12:56.908+0000] {subprocess.py:93} INFO - Opened the modal successfully.
[2024-11-19T19:12:56.908+0000] {subprocess.py:93} INFO - Found item: 23
[2024-11-19T19:12:56.909+0000] {subprocess.py:93} INFO - Opened the modal successfully.
[2024-11-19T19:12:56.909+0000] {subprocess.py:93} INFO - Found item: 24
[2024-11-19T19:12:56.909+0000] {subprocess.py:93} INFO - Opened the modal successfully.
[2024-11-19T19:12:56.909+0000] {subprocess.py:93} INFO - Found item: 25
[2024-11-19T19:12:56.909+0000] {subprocess.py:93} INFO - Opened the modal successfully.
[2024-11-19T19:12:56.909+0000] {subprocess.py:93} INFO - Found item: 26
[2024-11-19T19:12:56.910+0000] {subprocess.py:93} INFO - Opened the modal successfully.
[2024-11-19T19:12:56.910+0000] {subprocess.py:93} INFO - Found item: 27
[2024-11-19T19:12:56.910+0000] {subprocess.py:93} INFO - Opened the modal successfully.
[2024-11-19T19:12:56.910+0000] {subprocess.py:93} INFO - Found item: 28
[2024-11-19T19:12:56.910+0000] {subprocess.py:93} INFO - Opened the modal successfully.
[2024-11-19T19:12:56.910+0000] {subprocess.py:93} INFO - Found item: 29
[2024-11-19T19:12:56.911+0000] {subprocess.py:93} INFO - Opened the modal successfully.
[2024-11-19T19:12:56.911+0000] {subprocess.py:93} INFO - Found item: 30
[2024-11-19T19:12:56.911+0000] {subprocess.py:93} INFO - Opened the modal successfully.
[2024-11-19T19:12:56.911+0000] {subprocess.py:93} INFO - Found item: 31
[2024-11-19T19:12:56.911+0000] {subprocess.py:93} INFO - Opened the modal successfully.
[2024-11-19T19:12:56.911+0000] {subprocess.py:93} INFO - Found item: 32
[2024-11-19T19:12:56.912+0000] {subprocess.py:93} INFO - Opened the modal successfully.
[2024-11-19T19:12:56.912+0000] {subprocess.py:93} INFO - Found item: 33
[2024-11-19T19:12:56.912+0000] {subprocess.py:93} INFO - Opened the modal successfully.
[2024-11-19T19:12:56.912+0000] {subprocess.py:93} INFO - Found item: 34
[2024-11-19T19:12:56.912+0000] {subprocess.py:93} INFO - Opened the modal successfully.
[2024-11-19T19:12:56.912+0000] {subprocess.py:93} INFO - Found item: 35
[2024-11-19T19:12:56.913+0000] {subprocess.py:93} INFO - Opened the modal successfully.
[2024-11-19T19:12:56.913+0000] {subprocess.py:93} INFO - Found item: 36
[2024-11-19T19:12:56.913+0000] {subprocess.py:93} INFO - Opened the modal successfully.
[2024-11-19T19:12:56.913+0000] {subprocess.py:93} INFO - Found item: 37
[2024-11-19T19:12:56.913+0000] {subprocess.py:93} INFO - Opened the modal successfully.
[2024-11-19T19:12:56.913+0000] {subprocess.py:93} INFO - Found item: 38
[2024-11-19T19:12:56.914+0000] {subprocess.py:93} INFO - Opened the modal successfully.
[2024-11-19T19:12:56.914+0000] {subprocess.py:93} INFO - Found item: 39
[2024-11-19T19:12:56.914+0000] {subprocess.py:93} INFO - Opened the modal successfully.
[2024-11-19T19:12:56.914+0000] {subprocess.py:93} INFO - Found item: 40
[2024-11-19T19:12:56.914+0000] {subprocess.py:93} INFO - Opened the modal successfully.
[2024-11-19T19:12:56.915+0000] {subprocess.py:93} INFO - Found item: 41
[2024-11-19T19:12:56.915+0000] {subprocess.py:93} INFO - Opened the modal successfully.
[2024-11-19T19:12:56.915+0000] {subprocess.py:93} INFO - Found item: 42
[2024-11-19T19:12:56.915+0000] {subprocess.py:93} INFO - Opened the modal successfully.
[2024-11-19T19:12:56.915+0000] {subprocess.py:93} INFO - Found item: 43
[2024-11-19T19:12:56.916+0000] {subprocess.py:93} INFO - Opened the modal successfully.
[2024-11-19T19:12:56.916+0000] {subprocess.py:93} INFO - Found item: 44
[2024-11-19T19:12:56.916+0000] {subprocess.py:93} INFO - Opened the modal successfully.
[2024-11-19T19:12:56.916+0000] {subprocess.py:93} INFO - Found item: 45
[2024-11-19T19:12:56.916+0000] {subprocess.py:93} INFO - Opened the modal successfully.
[2024-11-19T19:12:56.917+0000] {subprocess.py:93} INFO - Found item: 46
[2024-11-19T19:12:56.917+0000] {subprocess.py:93} INFO - Opened the modal successfully.
[2024-11-19T19:12:56.917+0000] {subprocess.py:93} INFO - Found item: 47
[2024-11-19T19:12:56.917+0000] {subprocess.py:93} INFO - Opened the modal successfully.
[2024-11-19T19:12:56.917+0000] {subprocess.py:93} INFO - Found item: 48
[2024-11-19T19:12:56.917+0000] {subprocess.py:93} INFO - Opened the modal successfully.
[2024-11-19T19:12:56.917+0000] {subprocess.py:93} INFO - Found item: 49
[2024-11-19T19:12:56.918+0000] {subprocess.py:93} INFO - Opened the modal successfully.
[2024-11-19T19:12:56.918+0000] {subprocess.py:93} INFO - Found item: 50
[2024-11-19T19:12:56.918+0000] {subprocess.py:93} INFO - Opened the modal successfully.
[2024-11-19T19:12:56.918+0000] {subprocess.py:93} INFO - Found item: 51
[2024-11-19T19:12:56.918+0000] {subprocess.py:93} INFO - Opened the modal successfully.
[2024-11-19T19:12:56.918+0000] {subprocess.py:93} INFO - Found item: 52
[2024-11-19T19:12:56.918+0000] {subprocess.py:93} INFO - Opened the modal successfully.
[2024-11-19T19:12:56.918+0000] {subprocess.py:93} INFO - Found item: 53
[2024-11-19T19:12:56.919+0000] {subprocess.py:93} INFO - Opened the modal successfully.
[2024-11-19T19:12:56.919+0000] {subprocess.py:93} INFO - Found item: 54
[2024-11-19T19:12:56.919+0000] {subprocess.py:93} INFO - Opened the modal successfully.
[2024-11-19T19:12:56.919+0000] {subprocess.py:93} INFO - Found item: 55
[2024-11-19T19:12:56.919+0000] {subprocess.py:93} INFO - Opened the modal successfully.
[2024-11-19T19:12:56.919+0000] {subprocess.py:93} INFO - Found item: 56
[2024-11-19T19:12:56.919+0000] {subprocess.py:93} INFO - Opened the modal successfully.
[2024-11-19T19:12:56.920+0000] {subprocess.py:93} INFO - Found item: 57
[2024-11-19T19:12:56.920+0000] {subprocess.py:93} INFO - Opened the modal successfully.
[2024-11-19T19:12:56.920+0000] {subprocess.py:93} INFO - Found item: 58
[2024-11-19T19:12:56.920+0000] {subprocess.py:93} INFO - Opened the modal successfully.
[2024-11-19T19:12:56.920+0000] {subprocess.py:93} INFO - Found item: 59
[2024-11-19T19:12:56.920+0000] {subprocess.py:93} INFO - Opened the modal successfully.
[2024-11-19T19:12:56.921+0000] {subprocess.py:93} INFO - Found item: 60
[2024-11-19T19:12:56.921+0000] {subprocess.py:93} INFO - Opened the modal successfully.
[2024-11-19T19:12:56.921+0000] {subprocess.py:93} INFO - Found item: 61
[2024-11-19T19:12:56.921+0000] {subprocess.py:93} INFO - Opened the modal successfully.
[2024-11-19T19:12:56.921+0000] {subprocess.py:93} INFO - Found item: 62
[2024-11-19T19:12:56.921+0000] {subprocess.py:93} INFO - Opened the modal successfully.
[2024-11-19T19:12:56.921+0000] {subprocess.py:93} INFO - Found item: 63
[2024-11-19T19:12:56.922+0000] {subprocess.py:93} INFO - Opened the modal successfully.
[2024-11-19T19:12:56.922+0000] {subprocess.py:93} INFO - Found item: 64
[2024-11-19T19:12:56.922+0000] {subprocess.py:93} INFO - Opened the modal successfully.
[2024-11-19T19:12:56.922+0000] {subprocess.py:93} INFO - Found item: 65
[2024-11-19T19:12:56.922+0000] {subprocess.py:93} INFO - Opened the modal successfully.
[2024-11-19T19:12:56.922+0000] {subprocess.py:93} INFO - Found item: 66
[2024-11-19T19:12:56.923+0000] {subprocess.py:93} INFO - Opened the modal successfully.
[2024-11-19T19:12:56.923+0000] {subprocess.py:93} INFO - Found item: 67
[2024-11-19T19:12:56.923+0000] {subprocess.py:93} INFO - Technical spec button not found, reloading the page.
[2024-11-19T19:12:56.923+0000] {subprocess.py:93} INFO - Opened the modal successfully.
[2024-11-19T19:12:56.923+0000] {subprocess.py:93} INFO - Found item: 68
[2024-11-19T19:12:56.923+0000] {subprocess.py:93} INFO - Opened the modal successfully.
[2024-11-19T19:12:56.924+0000] {subprocess.py:93} INFO - Found item: 69
[2024-11-19T19:12:56.924+0000] {subprocess.py:93} INFO - Opened the modal successfully.
[2024-11-19T19:12:56.924+0000] {subprocess.py:93} INFO - Found item: 70
[2024-11-19T19:12:56.924+0000] {subprocess.py:93} INFO - Opened the modal successfully.
[2024-11-19T19:12:56.924+0000] {subprocess.py:93} INFO - Found item: 71
[2024-11-19T19:12:56.924+0000] {subprocess.py:93} INFO - Opened the modal successfully.
[2024-11-19T19:12:56.924+0000] {subprocess.py:93} INFO - Found item: 72
[2024-11-19T19:12:56.925+0000] {subprocess.py:93} INFO - Opened the modal successfully.
[2024-11-19T19:12:56.925+0000] {subprocess.py:93} INFO - Found item: 73
[2024-11-19T19:12:56.925+0000] {subprocess.py:93} INFO - Opened the modal successfully.
[2024-11-19T19:12:56.925+0000] {subprocess.py:93} INFO - Found item: 74
[2024-11-19T19:12:56.925+0000] {subprocess.py:93} INFO - Opened the modal successfully.
[2024-11-19T19:12:56.925+0000] {subprocess.py:93} INFO - Found item: 75
[2024-11-19T19:12:56.925+0000] {subprocess.py:93} INFO - Opened the modal successfully.
[2024-11-19T19:12:56.925+0000] {subprocess.py:93} INFO - Found item: 76
[2024-11-19T19:12:56.926+0000] {subprocess.py:93} INFO - Opened the modal successfully.
[2024-11-19T19:12:56.926+0000] {subprocess.py:93} INFO - Found item: 77
[2024-11-19T19:12:56.926+0000] {subprocess.py:93} INFO - Opened the modal successfully.
[2024-11-19T19:12:56.926+0000] {subprocess.py:93} INFO - Found item: 78
[2024-11-19T19:12:56.926+0000] {subprocess.py:93} INFO - Opened the modal successfully.
[2024-11-19T19:12:56.926+0000] {subprocess.py:93} INFO - Found item: 79
[2024-11-19T19:12:56.926+0000] {subprocess.py:93} INFO - Opened the modal successfully.
[2024-11-19T19:12:56.927+0000] {subprocess.py:93} INFO - Found item: 80
[2024-11-19T19:12:56.927+0000] {subprocess.py:93} INFO - Opened the modal successfully.
[2024-11-19T19:12:56.927+0000] {subprocess.py:93} INFO - Found item: 81
[2024-11-19T19:12:56.927+0000] {subprocess.py:93} INFO - Opened the modal successfully.
[2024-11-19T19:12:56.927+0000] {subprocess.py:93} INFO - Found item: 82
[2024-11-19T19:12:56.927+0000] {subprocess.py:93} INFO - Opened the modal successfully.
[2024-11-19T19:12:56.927+0000] {subprocess.py:93} INFO - Found item: 83
[2024-11-19T19:12:56.927+0000] {subprocess.py:93} INFO - Opened the modal successfully.
[2024-11-19T19:12:56.928+0000] {subprocess.py:93} INFO - Found item: 84
[2024-11-19T19:12:56.928+0000] {subprocess.py:93} INFO - Opened the modal successfully.
[2024-11-19T19:12:56.928+0000] {subprocess.py:93} INFO - Found item: 85
[2024-11-19T19:12:56.928+0000] {subprocess.py:93} INFO - Opened the modal successfully.
[2024-11-19T19:12:56.929+0000] {subprocess.py:93} INFO - Found item: 86
[2024-11-19T19:12:56.929+0000] {subprocess.py:93} INFO - Opened the modal successfully.
[2024-11-19T19:12:56.929+0000] {subprocess.py:93} INFO - Found item: 87
[2024-11-19T19:12:56.929+0000] {subprocess.py:93} INFO - Opened the modal successfully.
[2024-11-19T19:12:56.930+0000] {subprocess.py:93} INFO - Found item: 88
[2024-11-19T19:12:56.930+0000] {subprocess.py:93} INFO - Opened the modal successfully.
[2024-11-19T19:12:56.930+0000] {subprocess.py:93} INFO - Found item: 89
[2024-11-19T19:12:56.930+0000] {subprocess.py:93} INFO - Opened the modal successfully.
[2024-11-19T19:12:56.930+0000] {subprocess.py:93} INFO - Found item: 90
[2024-11-19T19:12:56.930+0000] {subprocess.py:93} INFO - Opened the modal successfully.
[2024-11-19T19:12:56.930+0000] {subprocess.py:93} INFO - Found item: 91
[2024-11-19T19:12:56.931+0000] {subprocess.py:93} INFO - Opened the modal successfully.
[2024-11-19T19:12:56.931+0000] {subprocess.py:93} INFO - Found item: 92
[2024-11-19T19:12:56.931+0000] {subprocess.py:93} INFO - Opened the modal successfully.
[2024-11-19T19:12:56.931+0000] {subprocess.py:93} INFO - Found item: 93
[2024-11-19T19:12:56.931+0000] {subprocess.py:93} INFO - Opened the modal successfully.
[2024-11-19T19:12:56.931+0000] {subprocess.py:93} INFO - Found item: 94
[2024-11-19T19:12:56.931+0000] {subprocess.py:93} INFO - Skipped:  mac mini m2 2023 (8 cpu - 10 gpu - 16gb - 512gb) | chính hãng apple việt nam
[2024-11-19T19:12:56.931+0000] {subprocess.py:93} INFO - Opened the modal successfully.
[2024-11-19T19:12:56.932+0000] {subprocess.py:93} INFO - Found item: 95
[2024-11-19T19:12:56.932+0000] {subprocess.py:93} INFO - Opened the modal successfully.
[2024-11-19T19:12:56.932+0000] {subprocess.py:93} INFO - Found item: 96
[2024-11-19T19:12:56.932+0000] {subprocess.py:93} INFO - Opened the modal successfully.
[2024-11-19T19:12:56.932+0000] {subprocess.py:93} INFO - Found item: 97
[2024-11-19T19:12:56.932+0000] {subprocess.py:93} INFO - Opened the modal successfully.
[2024-11-19T19:12:56.932+0000] {subprocess.py:93} INFO - Found item: 98
[2024-11-19T19:12:56.932+0000] {subprocess.py:93} INFO - Opened the modal successfully.
[2024-11-19T19:12:56.933+0000] {subprocess.py:93} INFO - Found item: 99
[2024-11-19T19:12:56.933+0000] {subprocess.py:93} INFO - Opened the modal successfully.
[2024-11-19T19:12:56.933+0000] {subprocess.py:93} INFO - Found item: 100
[2024-11-19T19:12:56.933+0000] {subprocess.py:93} INFO - Opened the modal successfully.
[2024-11-19T19:12:56.933+0000] {subprocess.py:93} INFO - Found item: 101
[2024-11-19T19:12:56.933+0000] {subprocess.py:93} INFO - Opened the modal successfully.
[2024-11-19T19:12:56.933+0000] {subprocess.py:93} INFO - Found item: 102
[2024-11-19T19:12:56.934+0000] {subprocess.py:93} INFO - Opened the modal successfully.
[2024-11-19T19:12:56.934+0000] {subprocess.py:93} INFO - Found item: 103
[2024-11-19T19:12:56.934+0000] {subprocess.py:93} INFO - Opened the modal successfully.
[2024-11-19T19:12:56.934+0000] {subprocess.py:93} INFO - Found item: 104
[2024-11-19T19:12:56.934+0000] {subprocess.py:93} INFO - Opened the modal successfully.
[2024-11-19T19:12:56.934+0000] {subprocess.py:93} INFO - Found item: 105
[2024-11-19T19:12:56.934+0000] {subprocess.py:93} INFO - Opened the modal successfully.
[2024-11-19T19:12:56.935+0000] {subprocess.py:93} INFO - Found item: 106
[2024-11-19T19:12:56.938+0000] {subprocess.py:93} INFO - Opened the modal successfully.
[2024-11-19T19:12:56.939+0000] {subprocess.py:93} INFO - Found item: 107
[2024-11-19T19:12:56.939+0000] {subprocess.py:93} INFO - Opened the modal successfully.
[2024-11-19T19:12:56.939+0000] {subprocess.py:93} INFO - Found item: 108
[2024-11-19T19:12:56.940+0000] {subprocess.py:93} INFO - Opened the modal successfully.
[2024-11-19T19:12:56.940+0000] {subprocess.py:93} INFO - Found item: 109
[2024-11-19T19:12:56.940+0000] {subprocess.py:93} INFO - Opened the modal successfully.
[2024-11-19T19:12:56.940+0000] {subprocess.py:93} INFO - Found item: 110
[2024-11-19T19:12:56.941+0000] {subprocess.py:93} INFO - Opened the modal successfully.
[2024-11-19T19:12:56.941+0000] {subprocess.py:93} INFO - Found item: 111
[2024-11-19T19:12:56.941+0000] {subprocess.py:93} INFO - Opened the modal successfully.
[2024-11-19T19:12:56.941+0000] {subprocess.py:93} INFO - Found item: 112
[2024-11-19T19:12:56.942+0000] {subprocess.py:93} INFO - Opened the modal successfully.
[2024-11-19T19:12:56.942+0000] {subprocess.py:93} INFO - Found item: 113
[2024-11-19T19:12:56.942+0000] {subprocess.py:93} INFO - Opened the modal successfully.
[2024-11-19T19:12:56.942+0000] {subprocess.py:93} INFO - Found item: 114
[2024-11-19T19:12:56.943+0000] {subprocess.py:93} INFO - Opened the modal successfully.
[2024-11-19T19:12:56.943+0000] {subprocess.py:93} INFO - Found item: 115
[2024-11-19T19:12:56.943+0000] {subprocess.py:93} INFO - Opened the modal successfully.
[2024-11-19T19:12:56.943+0000] {subprocess.py:93} INFO - Found item: 116
[2024-11-19T19:12:56.944+0000] {subprocess.py:93} INFO - Opened the modal successfully.
[2024-11-19T19:12:56.944+0000] {subprocess.py:93} INFO - Found item: 117
[2024-11-19T19:12:56.944+0000] {subprocess.py:93} INFO - Opened the modal successfully.
[2024-11-19T19:12:56.944+0000] {subprocess.py:93} INFO - Found item: 118
[2024-11-19T19:12:56.945+0000] {subprocess.py:93} INFO - Opened the modal successfully.
[2024-11-19T19:12:56.945+0000] {subprocess.py:93} INFO - Found item: 119
[2024-11-19T19:12:56.945+0000] {subprocess.py:93} INFO - Opened the modal successfully.
[2024-11-19T19:12:56.945+0000] {subprocess.py:93} INFO - Found item: 120
[2024-11-19T19:12:56.945+0000] {subprocess.py:93} INFO - Opened the modal successfully.
[2024-11-19T19:12:56.945+0000] {subprocess.py:93} INFO - Found item: 121
[2024-11-19T19:12:56.946+0000] {subprocess.py:93} INFO - Opened the modal successfully.
[2024-11-19T19:12:56.946+0000] {subprocess.py:93} INFO - Found item: 122
[2024-11-19T19:12:56.946+0000] {subprocess.py:93} INFO - Opened the modal successfully.
[2024-11-19T19:12:56.946+0000] {subprocess.py:93} INFO - Found item: 123
[2024-11-19T19:12:56.946+0000] {subprocess.py:93} INFO - Opened the modal successfully.
[2024-11-19T19:12:56.946+0000] {subprocess.py:93} INFO - Found item: 124
[2024-11-19T19:12:56.946+0000] {subprocess.py:93} INFO - Opened the modal successfully.
[2024-11-19T19:12:56.946+0000] {subprocess.py:93} INFO - Found item: 125
[2024-11-19T19:12:56.947+0000] {subprocess.py:93} INFO - Opened the modal successfully.
[2024-11-19T19:12:56.947+0000] {subprocess.py:93} INFO - Found item: 126
[2024-11-19T19:12:56.947+0000] {subprocess.py:93} INFO - Opened the modal successfully.
[2024-11-19T19:12:56.947+0000] {subprocess.py:93} INFO - Found item: 127
[2024-11-19T19:12:56.947+0000] {subprocess.py:93} INFO - Opened the modal successfully.
[2024-11-19T19:12:56.947+0000] {subprocess.py:93} INFO - Found item: 128
[2024-11-19T19:12:56.947+0000] {subprocess.py:93} INFO - Opened the modal successfully.
[2024-11-19T19:12:56.948+0000] {subprocess.py:93} INFO - Found item: 129
[2024-11-19T19:12:56.948+0000] {subprocess.py:93} INFO - Opened the modal successfully.
[2024-11-19T19:12:56.948+0000] {subprocess.py:93} INFO - Found item: 130
[2024-11-19T19:12:56.948+0000] {subprocess.py:93} INFO - Opened the modal successfully.
[2024-11-19T19:12:56.948+0000] {subprocess.py:93} INFO - Found item: 131
[2024-11-19T19:12:56.948+0000] {subprocess.py:93} INFO - Opened the modal successfully.
[2024-11-19T19:12:56.948+0000] {subprocess.py:93} INFO - Found item: 132
[2024-11-19T19:12:56.949+0000] {subprocess.py:93} INFO - Opened the modal successfully.
[2024-11-19T19:12:56.949+0000] {subprocess.py:93} INFO - Found item: 133
[2024-11-19T19:12:56.949+0000] {subprocess.py:93} INFO - Opened the modal successfully.
[2024-11-19T19:12:56.949+0000] {subprocess.py:93} INFO - Found item: 134
[2024-11-19T19:12:56.950+0000] {subprocess.py:93} INFO - Opened the modal successfully.
[2024-11-19T19:12:56.950+0000] {subprocess.py:93} INFO - Found item: 135
[2024-11-19T19:12:56.950+0000] {subprocess.py:93} INFO - Opened the modal successfully.
[2024-11-19T19:12:56.950+0000] {subprocess.py:93} INFO - Found item: 136
[2024-11-19T19:12:56.951+0000] {subprocess.py:93} INFO - Opened the modal successfully.
[2024-11-19T19:12:56.951+0000] {subprocess.py:93} INFO - Found item: 137
[2024-11-19T19:12:56.951+0000] {subprocess.py:93} INFO - Skipped:  imac m3 24 inch 16gb 256gb | chính hãng apple việt nam
[2024-11-19T19:12:56.951+0000] {subprocess.py:93} INFO - Opened the modal successfully.
[2024-11-19T19:12:56.951+0000] {subprocess.py:93} INFO - Found item: 138
[2024-11-19T19:12:56.952+0000] {subprocess.py:93} INFO - Opened the modal successfully.
[2024-11-19T19:12:56.952+0000] {subprocess.py:93} INFO - Found item: 139
[2024-11-19T19:12:56.952+0000] {subprocess.py:93} INFO - Opened the modal successfully.
[2024-11-19T19:12:56.952+0000] {subprocess.py:93} INFO - Found item: 140
[2024-11-19T19:12:56.952+0000] {subprocess.py:93} INFO - Opened the modal successfully.
[2024-11-19T19:12:56.952+0000] {subprocess.py:93} INFO - Found item: 141
[2024-11-19T19:12:56.952+0000] {subprocess.py:93} INFO - Opened the modal successfully.
[2024-11-19T19:12:56.952+0000] {subprocess.py:93} INFO - Found item: 142
[2024-11-20T01:57:38.930+0000] {job.py:229} INFO - Heartbeat recovered after 22911.77 seconds
[2024-11-20T01:58:08.010+0000] {subprocess.py:93} INFO - Opened the modal successfully.
[2024-11-20T01:58:08.011+0000] {subprocess.py:93} INFO - Found item: 143
[2024-11-20T01:58:08.011+0000] {subprocess.py:93} INFO - Opened the modal successfully.
[2024-11-20T01:58:08.012+0000] {subprocess.py:93} INFO - Found item: 144
[2024-11-20T01:58:08.013+0000] {subprocess.py:93} INFO - Opened the modal successfully.
[2024-11-20T01:58:08.013+0000] {subprocess.py:93} INFO - Found item: 145
[2024-11-20T01:58:08.014+0000] {subprocess.py:93} INFO - Opened the modal successfully.
[2024-11-20T01:58:08.014+0000] {subprocess.py:93} INFO - Found item: 146
[2024-11-20T01:58:08.015+0000] {subprocess.py:93} INFO - Opened the modal successfully.
[2024-11-20T01:58:08.016+0000] {subprocess.py:93} INFO - Found item: 147
[2024-11-20T01:58:08.016+0000] {subprocess.py:93} INFO - Opened the modal successfully.
[2024-11-20T01:58:08.017+0000] {subprocess.py:93} INFO - Found item: 148
[2024-11-20T01:58:08.017+0000] {subprocess.py:93} INFO - Opened the modal successfully.
[2024-11-20T01:58:08.017+0000] {subprocess.py:93} INFO - Found item: 149
[2024-11-20T01:58:08.018+0000] {subprocess.py:93} INFO - Opened the modal successfully.
[2024-11-20T01:58:08.019+0000] {subprocess.py:93} INFO - Found item: 150
[2024-11-20T01:58:08.020+0000] {subprocess.py:93} INFO - Opened the modal successfully.
[2024-11-20T01:58:08.020+0000] {subprocess.py:93} INFO - Found item: 151
[2024-11-20T01:58:08.021+0000] {subprocess.py:93} INFO - Opened the modal successfully.
[2024-11-20T01:58:08.022+0000] {subprocess.py:93} INFO - Found item: 152
[2024-11-20T01:58:08.022+0000] {subprocess.py:93} INFO - Opened the modal successfully.
[2024-11-20T01:58:08.023+0000] {subprocess.py:93} INFO - Found item: 153
[2024-11-20T01:58:08.024+0000] {subprocess.py:93} INFO - Opened the modal successfully.
[2024-11-20T01:58:08.024+0000] {subprocess.py:93} INFO - Found item: 154
[2024-11-20T01:58:08.025+0000] {subprocess.py:93} INFO - Opened the modal successfully.
[2024-11-20T01:58:08.026+0000] {subprocess.py:93} INFO - Found item: 155
[2024-11-20T01:58:08.026+0000] {subprocess.py:93} INFO - Skipped:  mac mini m2 2023 (8 cpu - 10 gpu - 24gb - 256gb) | chính hãng apple việt nam
[2024-11-20T01:58:08.027+0000] {subprocess.py:93} INFO - Opened the modal successfully.
[2024-11-20T01:58:08.028+0000] {subprocess.py:93} INFO - Found item: 156
[2024-11-20T01:58:08.028+0000] {subprocess.py:93} INFO - Opened the modal successfully.
[2024-11-20T01:58:08.029+0000] {subprocess.py:93} INFO - Found item: 157
[2024-11-20T01:58:08.029+0000] {subprocess.py:93} INFO - Opened the modal successfully.
[2024-11-20T01:58:08.030+0000] {subprocess.py:93} INFO - Found item: 158
[2024-11-20T01:58:08.030+0000] {subprocess.py:93} INFO - Opened the modal successfully.
[2024-11-20T01:58:08.031+0000] {subprocess.py:93} INFO - Found item: 159
[2024-11-20T01:58:08.031+0000] {subprocess.py:93} INFO - Opened the modal successfully.
[2024-11-20T01:58:08.032+0000] {subprocess.py:93} INFO - Found item: 160
[2024-11-20T01:58:08.032+0000] {subprocess.py:93} INFO - Opened the modal successfully.
[2024-11-20T01:58:08.033+0000] {subprocess.py:93} INFO - Found item: 161
[2024-11-20T01:58:08.034+0000] {subprocess.py:93} INFO - Opened the modal successfully.
[2024-11-20T01:58:08.035+0000] {subprocess.py:93} INFO - Found item: 162
[2024-11-20T01:58:08.035+0000] {subprocess.py:93} INFO - Opened the modal successfully.
[2024-11-20T01:58:08.036+0000] {subprocess.py:93} INFO - Found item: 163
[2024-11-20T01:58:08.037+0000] {subprocess.py:93} INFO - Opened the modal successfully.
[2024-11-20T01:58:08.037+0000] {subprocess.py:93} INFO - Found item: 164
[2024-11-20T01:58:08.038+0000] {subprocess.py:93} INFO - Opened the modal successfully.
[2024-11-20T01:58:08.038+0000] {subprocess.py:93} INFO - Found item: 165
[2024-11-20T01:58:08.039+0000] {subprocess.py:93} INFO - Opened the modal successfully.
[2024-11-20T01:58:08.039+0000] {subprocess.py:93} INFO - Found item: 166
[2024-11-20T01:58:08.040+0000] {subprocess.py:93} INFO - Skipped:  mac mini m2 pro 2023 (10 cpu - 16 gpu - 16gb - 512gb) | chính hãng apple việt nam
[2024-11-20T01:58:08.040+0000] {subprocess.py:93} INFO - Opened the modal successfully.
[2024-11-20T01:58:08.040+0000] {subprocess.py:93} INFO - Found item: 167
[2024-11-20T01:58:08.041+0000] {subprocess.py:93} INFO - Opened the modal successfully.
[2024-11-20T01:58:08.041+0000] {subprocess.py:93} INFO - Found item: 168
[2024-11-20T01:58:08.043+0000] {subprocess.py:93} INFO - Opened the modal successfully.
[2024-11-20T01:58:08.044+0000] {subprocess.py:93} INFO - Found item: 169
[2024-11-20T01:58:08.044+0000] {subprocess.py:93} INFO - Opened the modal successfully.
[2024-11-20T01:58:08.045+0000] {subprocess.py:93} INFO - Found item: 170
[2024-11-20T01:58:08.046+0000] {subprocess.py:93} INFO - Opened the modal successfully.
[2024-11-20T01:58:08.046+0000] {subprocess.py:93} INFO - Found item: 171
[2024-11-20T01:58:08.046+0000] {subprocess.py:93} INFO - Opened the modal successfully.
[2024-11-20T01:58:08.047+0000] {subprocess.py:93} INFO - Found item: 172
[2024-11-20T01:58:08.047+0000] {subprocess.py:93} INFO - Opened the modal successfully.
[2024-11-20T01:58:08.047+0000] {subprocess.py:93} INFO - Found item: 173
[2024-11-20T01:58:08.048+0000] {subprocess.py:93} INFO - Opened the modal successfully.
[2024-11-20T01:58:08.048+0000] {subprocess.py:93} INFO - Found item: 174
[2024-11-20T01:58:08.049+0000] {subprocess.py:93} INFO - Opened the modal successfully.
[2024-11-20T01:58:08.049+0000] {subprocess.py:93} INFO - Found item: 175
[2024-11-20T01:58:08.049+0000] {subprocess.py:93} INFO - Opened the modal successfully.
[2024-11-20T01:58:08.050+0000] {subprocess.py:93} INFO - Found item: 176
[2024-11-20T01:58:08.050+0000] {subprocess.py:93} INFO - Opened the modal successfully.
[2024-11-20T01:58:08.051+0000] {subprocess.py:93} INFO - Found item: 177
[2024-11-20T01:58:08.052+0000] {subprocess.py:93} INFO - Opened the modal successfully.
[2024-11-20T01:58:08.052+0000] {subprocess.py:93} INFO - Found item: 178
[2024-11-20T01:58:08.053+0000] {subprocess.py:93} INFO - Opened the modal successfully.
[2024-11-20T01:58:08.053+0000] {subprocess.py:93} INFO - Found item: 179
[2024-11-20T01:58:08.054+0000] {subprocess.py:93} INFO - Opened the modal successfully.
[2024-11-20T01:58:08.054+0000] {subprocess.py:93} INFO - Found item: 180
[2024-11-20T01:58:08.054+0000] {subprocess.py:93} INFO - Opened the modal successfully.
[2024-11-20T01:58:08.055+0000] {subprocess.py:93} INFO - Found item: 181
[2024-11-20T01:58:08.055+0000] {subprocess.py:93} INFO - Skipped:  mac studio m2 max 2023 (12cpu - 30gpu - 32gb - 512gb) | chính hãng apple việt nam
[2024-11-20T01:58:08.055+0000] {subprocess.py:93} INFO - Opened the modal successfully.
[2024-11-20T01:58:08.055+0000] {subprocess.py:93} INFO - Found item: 182
[2024-11-20T01:58:08.056+0000] {subprocess.py:93} INFO - Opened the modal successfully.
[2024-11-20T01:58:08.056+0000] {subprocess.py:93} INFO - Found item: 183
[2024-11-20T01:58:08.057+0000] {subprocess.py:93} INFO - Opened the modal successfully.
[2024-11-20T01:58:08.057+0000] {subprocess.py:93} INFO - Found item: 184
[2024-11-20T01:58:08.057+0000] {subprocess.py:93} INFO - Opened the modal successfully.
[2024-11-20T01:58:08.058+0000] {subprocess.py:93} INFO - Found item: 185
[2024-11-20T01:58:08.058+0000] {subprocess.py:93} INFO - Opened the modal successfully.
[2024-11-20T01:58:08.059+0000] {subprocess.py:93} INFO - Found item: 186
[2024-11-20T01:58:08.059+0000] {subprocess.py:93} INFO - Opened the modal successfully.
[2024-11-20T01:58:08.059+0000] {subprocess.py:93} INFO - Found item: 187
[2024-11-20T01:58:08.059+0000] {subprocess.py:93} INFO - Opened the modal successfully.
[2024-11-20T01:58:08.060+0000] {subprocess.py:93} INFO - Found item: 188
[2024-11-20T01:58:08.060+0000] {subprocess.py:93} INFO - Opened the modal successfully.
[2024-11-20T01:58:08.060+0000] {subprocess.py:93} INFO - Found item: 189
[2024-11-20T01:58:08.061+0000] {subprocess.py:93} INFO - Opened the modal successfully.
[2024-11-20T01:58:08.061+0000] {subprocess.py:93} INFO - Found item: 190
[2024-11-20T01:58:08.061+0000] {subprocess.py:93} INFO - Opened the modal successfully.
[2024-11-20T01:58:08.061+0000] {subprocess.py:93} INFO - Found item: 191
[2024-11-20T01:58:08.062+0000] {subprocess.py:93} INFO - Opened the modal successfully.
[2024-11-20T01:58:08.062+0000] {subprocess.py:93} INFO - Found item: 192
[2024-11-20T01:58:08.062+0000] {subprocess.py:93} INFO - Opened the modal successfully.
[2024-11-20T01:58:08.062+0000] {subprocess.py:93} INFO - Found item: 193
[2024-11-20T01:58:08.062+0000] {subprocess.py:93} INFO - Opened the modal successfully.
[2024-11-20T01:58:08.063+0000] {subprocess.py:93} INFO - Found item: 194
[2024-11-20T01:58:08.063+0000] {subprocess.py:93} INFO - Opened the modal successfully.
[2024-11-20T01:58:08.063+0000] {subprocess.py:93} INFO - Found item: 195
[2024-11-20T01:58:08.063+0000] {subprocess.py:93} INFO - Opened the modal successfully.
[2024-11-20T01:58:08.063+0000] {subprocess.py:93} INFO - Found item: 196
[2024-11-20T01:58:08.063+0000] {subprocess.py:93} INFO - Opened the modal successfully.
[2024-11-20T01:58:08.063+0000] {subprocess.py:93} INFO - Found item: 197
[2024-11-20T01:58:08.064+0000] {subprocess.py:93} INFO - Opened the modal successfully.
[2024-11-20T01:58:08.064+0000] {subprocess.py:93} INFO - Found item: 198
[2024-11-20T01:58:08.064+0000] {subprocess.py:93} INFO - Opened the modal successfully.
[2024-11-20T01:58:08.065+0000] {subprocess.py:93} INFO - Found item: 199
[2024-11-20T01:58:08.065+0000] {subprocess.py:93} INFO - Opened the modal successfully.
[2024-11-20T01:58:08.065+0000] {subprocess.py:93} INFO - Found item: 200
[2024-11-20T01:58:08.065+0000] {subprocess.py:93} INFO - Skipped:  mac mini m2 pro 2023 (10 cpu - 16 gpu - 32gb - 512gb) | chính hãng apple việt nam
[2024-11-20T01:58:08.065+0000] {subprocess.py:93} INFO - Opened the modal successfully.
[2024-11-20T01:58:08.066+0000] {subprocess.py:93} INFO - Found item: 201
[2024-11-20T01:58:08.066+0000] {subprocess.py:93} INFO - Opened the modal successfully.
[2024-11-20T01:58:08.066+0000] {subprocess.py:93} INFO - Found item: 202
[2024-11-20T01:58:08.066+0000] {subprocess.py:93} INFO - Skipped:  imac m3 24 inch 8gb 512gb | chính hãng apple việt nam
[2024-11-20T01:58:08.066+0000] {subprocess.py:93} INFO - Opened the modal successfully.
[2024-11-20T01:58:08.066+0000] {subprocess.py:93} INFO - Found item: 203
[2024-11-20T01:58:08.066+0000] {subprocess.py:93} INFO - Opened the modal successfully.
[2024-11-20T01:58:08.066+0000] {subprocess.py:93} INFO - Found item: 204
[2024-11-20T01:58:08.067+0000] {subprocess.py:93} INFO - Opened the modal successfully.
[2024-11-20T01:58:08.067+0000] {subprocess.py:93} INFO - Found item: 205
[2024-11-20T01:58:08.067+0000] {subprocess.py:93} INFO - Opened the modal successfully.
[2024-11-20T01:58:08.067+0000] {subprocess.py:93} INFO - Found item: 206
[2024-11-20T01:58:08.067+0000] {subprocess.py:93} INFO - Opened the modal successfully.
[2024-11-20T01:58:08.067+0000] {subprocess.py:93} INFO - Found item: 207
[2024-11-20T01:58:08.067+0000] {subprocess.py:93} INFO - Opened the modal successfully.
[2024-11-20T01:58:08.068+0000] {subprocess.py:93} INFO - Found item: 208
[2024-11-20T01:58:08.068+0000] {subprocess.py:93} INFO - Opened the modal successfully.
[2024-11-20T01:58:08.068+0000] {subprocess.py:93} INFO - Found item: 209
[2024-11-20T01:58:08.068+0000] {subprocess.py:93} INFO - Opened the modal successfully.
[2024-11-20T01:58:08.068+0000] {subprocess.py:93} INFO - Found item: 210
[2024-11-20T01:58:08.068+0000] {subprocess.py:93} INFO - Opened the modal successfully.
[2024-11-20T01:58:08.068+0000] {subprocess.py:93} INFO - Found item: 211
[2024-11-20T01:58:08.068+0000] {subprocess.py:93} INFO - Opened the modal successfully.
[2024-11-20T01:58:08.068+0000] {subprocess.py:93} INFO - Found item: 212
[2024-11-20T01:58:08.068+0000] {subprocess.py:93} INFO - Opened the modal successfully.
[2024-11-20T01:58:08.069+0000] {subprocess.py:93} INFO - Found item: 213
[2024-11-20T01:58:08.069+0000] {subprocess.py:93} INFO - Opened the modal successfully.
[2024-11-20T01:58:08.069+0000] {subprocess.py:93} INFO - Found item: 214
[2024-11-20T01:58:08.069+0000] {subprocess.py:93} INFO - Opened the modal successfully.
[2024-11-20T01:58:08.069+0000] {subprocess.py:93} INFO - Found item: 215
[2024-11-20T01:58:08.069+0000] {subprocess.py:93} INFO - Opened the modal successfully.
[2024-11-20T01:58:08.069+0000] {subprocess.py:93} INFO - Found item: 216
[2024-11-20T01:58:08.069+0000] {subprocess.py:93} INFO - Opened the modal successfully.
[2024-11-20T01:58:08.070+0000] {subprocess.py:93} INFO - Found item: 217
[2024-11-20T01:58:08.070+0000] {subprocess.py:93} INFO - Opened the modal successfully.
[2024-11-20T01:58:08.070+0000] {subprocess.py:93} INFO - Found item: 218
[2024-11-20T01:58:08.070+0000] {subprocess.py:93} INFO - Opened the modal successfully.
[2024-11-20T01:58:08.070+0000] {subprocess.py:93} INFO - Found item: 219
[2024-11-20T01:58:08.070+0000] {subprocess.py:93} INFO - Opened the modal successfully.
[2024-11-20T01:58:08.070+0000] {subprocess.py:93} INFO - Found item: 220
[2024-11-20T01:58:08.070+0000] {subprocess.py:93} INFO - Opened the modal successfully.
[2024-11-20T01:58:08.070+0000] {subprocess.py:93} INFO - Found item: 221
[2024-11-20T01:58:08.071+0000] {subprocess.py:93} INFO - Opened the modal successfully.
[2024-11-20T01:58:08.071+0000] {subprocess.py:93} INFO - Found item: 222
[2024-11-20T01:58:08.071+0000] {subprocess.py:93} INFO - Opened the modal successfully.
[2024-11-20T01:58:08.071+0000] {subprocess.py:93} INFO - Found item: 223
[2024-11-20T01:58:08.072+0000] {subprocess.py:93} INFO - Opened the modal successfully.
[2024-11-20T01:58:08.072+0000] {subprocess.py:93} INFO - Found item: 224
[2024-11-20T01:58:08.072+0000] {subprocess.py:93} INFO - Opened the modal successfully.
[2024-11-20T01:58:08.072+0000] {subprocess.py:93} INFO - Found item: 225
[2024-11-20T01:58:08.072+0000] {subprocess.py:93} INFO - Opened the modal successfully.
[2024-11-20T01:58:08.072+0000] {subprocess.py:93} INFO - Found item: 226
[2024-11-20T01:58:08.073+0000] {subprocess.py:93} INFO - Opened the modal successfully.
[2024-11-20T01:58:08.073+0000] {subprocess.py:93} INFO - Found item: 227
[2024-11-20T01:58:08.073+0000] {subprocess.py:93} INFO - Opened the modal successfully.
[2024-11-20T01:58:08.073+0000] {subprocess.py:93} INFO - Found item: 228
[2024-11-20T01:58:08.073+0000] {subprocess.py:93} INFO - Skipped:  imac m3 24 inch 8gpu 16gb 512gb | chính hãng apple việt nam
[2024-11-20T01:58:08.074+0000] {subprocess.py:93} INFO - Opened the modal successfully.
[2024-11-20T01:58:08.074+0000] {subprocess.py:93} INFO - Found item: 229
[2024-11-20T01:58:08.074+0000] {subprocess.py:93} INFO - Opened the modal successfully.
[2024-11-20T01:58:08.074+0000] {subprocess.py:93} INFO - Found item: 230
[2024-11-20T01:58:08.074+0000] {subprocess.py:93} INFO - Opened the modal successfully.
[2024-11-20T01:58:08.074+0000] {subprocess.py:93} INFO - Found item: 231
[2024-11-20T01:58:08.074+0000] {subprocess.py:93} INFO - Opened the modal successfully.
[2024-11-20T01:58:08.075+0000] {subprocess.py:93} INFO - Found item: 232
[2024-11-20T01:58:08.075+0000] {subprocess.py:93} INFO - Opened the modal successfully.
[2024-11-20T01:58:08.075+0000] {subprocess.py:93} INFO - Found item: 233
[2024-11-20T01:58:08.075+0000] {subprocess.py:93} INFO - Opened the modal successfully.
[2024-11-20T01:58:08.075+0000] {subprocess.py:93} INFO - Found item: 234
[2024-11-20T01:58:08.075+0000] {subprocess.py:93} INFO - Opened the modal successfully.
[2024-11-20T01:58:08.076+0000] {subprocess.py:93} INFO - Found item: 235
[2024-11-20T01:58:08.076+0000] {subprocess.py:93} INFO - Opened the modal successfully.
[2024-11-20T01:58:08.076+0000] {subprocess.py:93} INFO - Found item: 236
[2024-11-20T01:58:08.076+0000] {subprocess.py:93} INFO - Opened the modal successfully.
[2024-11-20T01:58:08.076+0000] {subprocess.py:93} INFO - Found item: 237
[2024-11-20T01:58:08.076+0000] {subprocess.py:93} INFO - Opened the modal successfully.
[2024-11-20T01:58:08.076+0000] {subprocess.py:93} INFO - Found item: 238
[2024-11-20T01:58:08.077+0000] {subprocess.py:93} INFO - Opened the modal successfully.
[2024-11-20T01:58:08.077+0000] {subprocess.py:93} INFO - Found item: 239
[2024-11-20T01:58:08.077+0000] {subprocess.py:93} INFO - Opened the modal successfully.
[2024-11-20T01:58:08.077+0000] {subprocess.py:93} INFO - Found item: 240
[2024-11-20T01:58:08.077+0000] {subprocess.py:93} INFO - Skipped:  mac mini m4 2024 10cpu 10gpu 24gb 512gb | chính hãng apple việt nam
[2024-11-20T01:58:08.077+0000] {subprocess.py:93} INFO - Technical spec button not found, reloading the page.
[2024-11-20T01:58:08.078+0000] {subprocess.py:93} INFO - Opened the modal successfully.
[2024-11-20T01:58:08.078+0000] {subprocess.py:93} INFO - Found item: 241
[2024-11-20T01:58:08.078+0000] {subprocess.py:93} INFO - Opened the modal successfully.
[2024-11-20T01:58:08.078+0000] {subprocess.py:93} INFO - Found item: 242
[2024-11-20T01:58:08.078+0000] {subprocess.py:93} INFO - Skipped:  mac mini m2 2023 (8 cpu - 10 gpu - 16gb - 256gb) | chính hãng apple việt nam
[2024-11-20T01:58:08.079+0000] {subprocess.py:93} INFO - Opened the modal successfully.
[2024-11-20T01:58:08.079+0000] {subprocess.py:93} INFO - Found item: 243
[2024-11-20T01:58:08.079+0000] {subprocess.py:93} INFO - Skipped:  mac mini m4 pro 2024 12cpu 16gpu 24gb 512gb | chính hãng apple việt nam
[2024-11-20T01:58:08.079+0000] {subprocess.py:93} INFO - Opened the modal successfully.
[2024-11-20T01:58:08.079+0000] {subprocess.py:93} INFO - Found item: 244
[2024-11-20T01:58:08.080+0000] {subprocess.py:93} INFO - Opened the modal successfully.
[2024-11-20T01:58:08.080+0000] {subprocess.py:93} INFO - Found item: 245
[2024-11-20T01:58:08.080+0000] {subprocess.py:93} INFO - Skipped:  mac mini m2 2023 (8 cpu - 10 gpu - 8gb - 256gb) | chính hãng apple việt nam
[2024-11-20T01:58:08.080+0000] {subprocess.py:93} INFO - Opened the modal successfully.
[2024-11-20T01:58:08.080+0000] {subprocess.py:93} INFO - Found item: 246
[2024-11-20T01:58:08.080+0000] {subprocess.py:93} INFO - Opened the modal successfully.
[2024-11-20T01:58:08.080+0000] {subprocess.py:93} INFO - Found item: 247
[2024-11-20T01:58:08.081+0000] {subprocess.py:93} INFO - Opened the modal successfully.
[2024-11-20T01:58:08.081+0000] {subprocess.py:93} INFO - Found item: 248
[2024-11-20T01:58:08.081+0000] {subprocess.py:93} INFO - Opened the modal successfully.
[2024-11-20T01:58:08.081+0000] {subprocess.py:93} INFO - Found item: 249
[2024-11-20T01:58:08.081+0000] {subprocess.py:93} INFO - Opened the modal successfully.
[2024-11-20T01:58:08.081+0000] {subprocess.py:93} INFO - Found item: 250
[2024-11-20T01:58:08.082+0000] {subprocess.py:93} INFO - Opened the modal successfully.
[2024-11-20T01:58:08.082+0000] {subprocess.py:93} INFO - Found item: 251
[2024-11-20T01:58:08.082+0000] {subprocess.py:93} INFO - Opened the modal successfully.
[2024-11-20T01:58:08.082+0000] {subprocess.py:93} INFO - Found item: 252
[2024-11-20T01:58:08.082+0000] {subprocess.py:93} INFO - Opened the modal successfully.
[2024-11-20T01:58:08.082+0000] {subprocess.py:93} INFO - Found item: 253
[2024-11-20T01:58:08.082+0000] {subprocess.py:93} INFO - Opened the modal successfully.
[2024-11-20T01:58:08.083+0000] {subprocess.py:93} INFO - Found item: 254
[2024-11-20T01:58:08.083+0000] {subprocess.py:93} INFO - Skipped:  laptop dell latitude 7400
[2024-11-20T01:58:08.083+0000] {subprocess.py:93} INFO - Opened the modal successfully.
[2024-11-20T01:58:08.083+0000] {subprocess.py:93} INFO - Found item: 255
[2024-11-20T01:58:08.083+0000] {subprocess.py:93} INFO - Opened the modal successfully.
[2024-11-20T01:58:08.083+0000] {subprocess.py:93} INFO - Found item: 256
[2024-11-20T01:58:08.083+0000] {subprocess.py:93} INFO - Opened the modal successfully.
[2024-11-20T01:58:08.084+0000] {subprocess.py:93} INFO - Found item: 257
[2024-11-20T01:58:08.084+0000] {subprocess.py:93} INFO - Skipped:  mac mini m4 2024 10cpu 10gpu 16gb 512gb | chính hãng apple việt nam
[2024-11-20T01:58:08.084+0000] {subprocess.py:93} INFO - Opened the modal successfully.
[2024-11-20T01:58:08.084+0000] {subprocess.py:93} INFO - Found item: 258
[2024-11-20T01:58:08.084+0000] {subprocess.py:93} INFO - Opened the modal successfully.
[2024-11-20T01:58:08.084+0000] {subprocess.py:93} INFO - Found item: 259
[2024-11-20T01:58:08.085+0000] {subprocess.py:93} INFO - Opened the modal successfully.
[2024-11-20T01:58:08.085+0000] {subprocess.py:93} INFO - Found item: 260
[2024-11-20T01:58:08.085+0000] {subprocess.py:93} INFO - Opened the modal successfully.
[2024-11-20T01:58:08.085+0000] {subprocess.py:93} INFO - Found item: 261
[2024-11-20T01:58:08.085+0000] {subprocess.py:93} INFO - Opened the modal successfully.
[2024-11-20T01:58:08.086+0000] {subprocess.py:93} INFO - Found item: 262
[2024-11-20T01:58:08.086+0000] {subprocess.py:93} INFO - Skipped:  laptop dell inspiron 5425
[2024-11-20T01:58:08.086+0000] {subprocess.py:93} INFO - Skipped:  imac m3 24 inch 8gb 256gb 8gpu | chính hãng apple việt nam
[2024-11-20T01:58:08.086+0000] {subprocess.py:93} INFO - Opened the modal successfully.
[2024-11-20T01:58:08.086+0000] {subprocess.py:93} INFO - Found item: 263
[2024-11-20T01:58:08.086+0000] {subprocess.py:93} INFO - Opened the modal successfully.
[2024-11-20T01:58:08.087+0000] {subprocess.py:93} INFO - Found item: 264
[2024-11-20T01:58:08.087+0000] {subprocess.py:93} INFO - Opened the modal successfully.
[2024-11-20T01:58:08.087+0000] {subprocess.py:93} INFO - Found item: 265
[2024-11-20T01:58:08.087+0000] {subprocess.py:93} INFO - Opened the modal successfully.
[2024-11-20T01:58:08.087+0000] {subprocess.py:93} INFO - Found item: 266
[2024-11-20T01:58:08.087+0000] {subprocess.py:93} INFO - Opened the modal successfully.
[2024-11-20T01:58:08.088+0000] {subprocess.py:93} INFO - Found item: 267
[2024-11-20T01:58:08.088+0000] {subprocess.py:93} INFO - Opened the modal successfully.
[2024-11-20T01:58:08.088+0000] {subprocess.py:93} INFO - Found item: 268
[2024-11-20T01:58:08.088+0000] {subprocess.py:93} INFO - Opened the modal successfully.
[2024-11-20T01:58:08.088+0000] {subprocess.py:93} INFO - Found item: 269
[2024-11-20T01:58:08.088+0000] {subprocess.py:93} INFO - Opened the modal successfully.
[2024-11-20T01:58:08.088+0000] {subprocess.py:93} INFO - Found item: 270
[2024-11-20T01:58:08.089+0000] {subprocess.py:93} INFO - Opened the modal successfully.
[2024-11-20T01:58:08.089+0000] {subprocess.py:93} INFO - Found item: 271
[2024-11-20T01:58:08.089+0000] {subprocess.py:93} INFO - Opened the modal successfully.
[2024-11-20T01:58:08.089+0000] {subprocess.py:93} INFO - Found item: 272
[2024-11-20T01:58:08.089+0000] {subprocess.py:93} INFO - Opened the modal successfully.
[2024-11-20T01:58:08.089+0000] {subprocess.py:93} INFO - Found item: 273
[2024-11-20T01:58:08.090+0000] {subprocess.py:93} INFO - Skipped:  laptop dell xps 9315
[2024-11-20T01:58:08.090+0000] {subprocess.py:93} INFO - Opened the modal successfully.
[2024-11-20T01:58:08.090+0000] {subprocess.py:93} INFO - Found item: 274
[2024-11-20T01:58:08.090+0000] {subprocess.py:93} INFO - Skipped:  laptop dell inspiron 5310
[2024-11-20T01:58:08.090+0000] {subprocess.py:93} INFO - Opened the modal successfully.
[2024-11-20T01:58:08.090+0000] {subprocess.py:93} INFO - Found item: 275
[2024-11-20T01:58:08.090+0000] {subprocess.py:93} INFO - Skipped:  laptop lenovo thinkpad x1 carbon gen 10
[2024-11-20T01:58:08.091+0000] {subprocess.py:93} INFO - Opened the modal successfully.
[2024-11-20T01:58:08.091+0000] {subprocess.py:93} INFO - Found item: 276
[2024-11-20T01:58:08.091+0000] {subprocess.py:93} INFO - Skipped:  laptop dell latitude 7480
[2024-11-20T01:58:08.091+0000] {subprocess.py:93} INFO - Skipped:  laptop lenovo thinkpad x1 carbon gen 7
[2024-11-20T01:58:08.091+0000] {subprocess.py:93} INFO - Skipped:  laptop lenovo thinkpad x1 carbon gen 5
[2024-11-20T01:58:08.091+0000] {subprocess.py:93} INFO - Opened the modal successfully.
[2024-11-20T01:58:08.092+0000] {subprocess.py:93} INFO - Found item: 277
[2024-11-20T01:58:08.092+0000] {subprocess.py:93} INFO - Skipped:  laptop lenovo thinkpad t480
[2024-11-20T01:58:08.092+0000] {subprocess.py:93} INFO - Skipped:  laptop lenovo thinkpad x1 carbon gen 8
[2024-11-20T01:58:08.092+0000] {subprocess.py:93} INFO - Skipped:  laptop dell latitude e5430
[2024-11-20T01:58:08.092+0000] {subprocess.py:93} INFO - Opened the modal successfully.
[2024-11-20T01:58:08.093+0000] {subprocess.py:93} INFO - Found item: 278
[2024-11-20T01:58:08.093+0000] {subprocess.py:93} INFO - Skipped:  macbook air m3 13 inch 2024 8cpu 10gpu 24gb - 1tb sạc 70w | chính hãng apple việt nam
[2024-11-20T01:58:08.093+0000] {subprocess.py:93} INFO - Opened the modal successfully.
[2024-11-20T01:58:08.093+0000] {subprocess.py:93} INFO - Found item: 279
[2024-11-20T01:58:08.094+0000] {subprocess.py:93} INFO - Skipped:  laptop dell xps 13 9305
[2024-11-20T01:58:08.094+0000] {subprocess.py:93} INFO - Opened the modal successfully.
[2024-11-20T01:58:08.094+0000] {subprocess.py:93} INFO - Found item: 280
