[2024-11-20T06:07:26.900+0000] {local_task_job_runner.py:123} INFO - ::group::Pre task execution logs
[2024-11-20T06:07:27.009+0000] {taskinstance.py:2612} INFO - Dependencies all met for dep_context=non-requeueable deps ti=<TaskInstance: main_dag.database_tasks.create_cpu_specs_table_task manual__2024-11-20T02:00:30.526702+00:00 [queued]>
[2024-11-20T06:07:27.017+0000] {taskinstance.py:2612} INFO - Dependencies all met for dep_context=requeueable deps ti=<TaskInstance: main_dag.database_tasks.create_cpu_specs_table_task manual__2024-11-20T02:00:30.526702+00:00 [queued]>
[2024-11-20T06:07:27.017+0000] {taskinstance.py:2865} INFO - Starting attempt 1 of 2
[2024-11-20T06:07:27.028+0000] {taskinstance.py:2888} INFO - Executing <Task(PostgresOperator): database_tasks.create_cpu_specs_table_task> on 2024-11-20 02:00:30.526702+00:00
[2024-11-20T06:07:27.031+0000] {standard_task_runner.py:72} INFO - Started process 619 to run task
[2024-11-20T06:07:27.034+0000] {standard_task_runner.py:104} INFO - Running: ['***', 'tasks', 'run', 'main_dag', 'database_tasks.create_cpu_specs_table_task', 'manual__2024-11-20T02:00:30.526702+00:00', '--job-id', '26', '--raw', '--subdir', 'DAGS_FOLDER/main_dag.py', '--cfg-path', '/tmp/tmpplu2r076']
[2024-11-20T06:07:27.035+0000] {standard_task_runner.py:105} INFO - Job 26: Subtask database_tasks.create_cpu_specs_table_task
[2024-11-20T06:07:27.080+0000] {task_command.py:467} INFO - Running <TaskInstance: main_dag.database_tasks.create_cpu_specs_table_task manual__2024-11-20T02:00:30.526702+00:00 [running]> on host 7331716c13db
[2024-11-20T06:07:27.168+0000] {taskinstance.py:3131} INFO - Exporting env vars: AIRFLOW_CTX_DAG_OWNER='veil' AIRFLOW_CTX_DAG_ID='main_dag' AIRFLOW_CTX_TASK_ID='database_tasks.create_cpu_specs_table_task' AIRFLOW_CTX_EXECUTION_DATE='2024-11-20T02:00:30.526702+00:00' AIRFLOW_CTX_TRY_NUMBER='1' AIRFLOW_CTX_DAG_RUN_ID='manual__2024-11-20T02:00:30.526702+00:00'
[2024-11-20T06:07:27.169+0000] {taskinstance.py:731} INFO - ::endgroup::
[2024-11-20T06:07:27.177+0000] {sql.py:278} INFO - Executing: 
        CREATE TABLE cpu_specs_11_2024 (
            name VARCHAR(255) PRIMARY KEY,
            performance_clockspeed DECIMAL(4, 2),
            performance_turbospeed DECIMAL(4, 2),
            performance_cores INT,
            performance_threads INT,
            efficient_clockspeed DECIMAL(4, 2),
            efficient_turbospeed DECIMAL(4, 2),
            efficient_cores INT,
            efficient_threads INT,
            tdp DECIMAL(5, 2),
            multithread_rating INT,
            single_thread_rating INT,
            l1_instruction_cache VARCHAR(20),
            l1_data_cache VARCHAR(20),
            l2_cache VARCHAR(20),
            l3_cache VARCHAR(20),
            eff_l1_instruction_cache VARCHAR(20),
            eff_l1_data_cache VARCHAR(20),
            eff_l2_cache VARCHAR(20),
            integer_math INT,
            floating_point_math INT,
            find_prime_numbers INT,
            random_string_sorting INT,
            data_encryption INT,
            data_compression INT,
            physics INT,
            extended_instructions INT,
            single_thread INT
        );
        
[2024-11-20T06:07:27.191+0000] {base.py:84} INFO - Retrieving connection 'postgres_default'
[2024-11-20T06:07:27.203+0000] {base.py:84} INFO - Retrieving connection 'postgres_default'
[2024-11-20T06:07:27.210+0000] {sql.py:544} INFO - Running statement: 
        CREATE TABLE cpu_specs_11_2024 (
            name VARCHAR(255) PRIMARY KEY,
            performance_clockspeed DECIMAL(4, 2),
            performance_turbospeed DECIMAL(4, 2),
            performance_cores INT,
            performance_threads INT,
            efficient_clockspeed DECIMAL(4, 2),
            efficient_turbospeed DECIMAL(4, 2),
            efficient_cores INT,
            efficient_threads INT,
            tdp DECIMAL(5, 2),
            multithread_rating INT,
            single_thread_rating INT,
            l1_instruction_cache VARCHAR(20),
            l1_data_cache VARCHAR(20),
            l2_cache VARCHAR(20),
            l3_cache VARCHAR(20),
            eff_l1_instruction_cache VARCHAR(20),
            eff_l1_data_cache VARCHAR(20),
            eff_l2_cache VARCHAR(20),
            integer_math INT,
            floating_point_math INT,
            find_prime_numbers INT,
            random_string_sorting INT,
            data_encryption INT,
            data_compression INT,
            physics INT,
            extended_instructions INT,
            single_thread INT
        );
        , parameters: None
[2024-11-20T06:07:27.233+0000] {taskinstance.py:340} INFO - ::group::Post task execution logs
[2024-11-20T06:07:27.233+0000] {taskinstance.py:352} INFO - Marking task as SUCCESS. dag_id=main_dag, task_id=database_tasks.create_cpu_specs_table_task, run_id=manual__2024-11-20T02:00:30.526702+00:00, execution_date=20241120T020030, start_date=20241120T060727, end_date=20241120T060727
[2024-11-20T06:07:27.255+0000] {local_task_job_runner.py:266} INFO - Task exited with return code 0
[2024-11-20T06:07:27.273+0000] {logging_mixin.py:190} WARNING - /usr/local/lib/python3.11/site-packages/***/models/baseoperator.py:1378 AirflowProviderDeprecationWarning: Call to deprecated class PostgresOperator. (Please use `***.providers.common.sql.operators.sql.SQLExecuteQueryOperator`.Also, you can provide `hook_params={'schema': <database>}`.)
[2024-11-20T06:07:27.285+0000] {taskinstance.py:3900} INFO - 1 downstream tasks scheduled from follow-on schedule check
[2024-11-20T06:07:27.288+0000] {local_task_job_runner.py:245} INFO - ::endgroup::
