[2024-11-02T07:46:12.076+0000] {local_task_job_runner.py:123} INFO - ::group::Pre task execution logs
[2024-11-02T07:46:12.094+0000] {taskinstance.py:2612} INFO - Dependencies all met for dep_context=non-requeueable deps ti=<TaskInstance: main_dag.laptop_scraping_tasks.scrape_gearvn manual__2024-11-02T07:45:12.266820+00:00 [queued]>
[2024-11-02T07:46:12.102+0000] {taskinstance.py:2612} INFO - Dependencies all met for dep_context=requeueable deps ti=<TaskInstance: main_dag.laptop_scraping_tasks.scrape_gearvn manual__2024-11-02T07:45:12.266820+00:00 [queued]>
[2024-11-02T07:46:12.103+0000] {taskinstance.py:2865} INFO - Starting attempt 1 of 2
[2024-11-02T07:46:12.115+0000] {taskinstance.py:2888} INFO - Executing <Task(BashOperator): laptop_scraping_tasks.scrape_gearvn> on 2024-11-02 07:45:12.266820+00:00
[2024-11-02T07:46:12.118+0000] {standard_task_runner.py:72} INFO - Started process 26585 to run task
[2024-11-02T07:46:12.122+0000] {standard_task_runner.py:104} INFO - Running: ['***', 'tasks', 'run', 'main_dag', 'laptop_scraping_tasks.scrape_gearvn', 'manual__2024-11-02T07:45:12.266820+00:00', '--job-id', '10', '--raw', '--subdir', 'DAGS_FOLDER/main_dag.py', '--cfg-path', '/tmp/tmp_juo6r0z']
[2024-11-02T07:46:12.124+0000] {standard_task_runner.py:105} INFO - Job 10: Subtask laptop_scraping_tasks.scrape_gearvn
[2024-11-02T07:46:12.304+0000] {task_command.py:467} INFO - Running <TaskInstance: main_dag.laptop_scraping_tasks.scrape_gearvn manual__2024-11-02T07:45:12.266820+00:00 [running]> on host 5d3a71e08d00
[2024-11-02T07:46:12.455+0000] {taskinstance.py:3131} INFO - Exporting env vars: AIRFLOW_CTX_DAG_OWNER='veil' AIRFLOW_CTX_DAG_ID='main_dag' AIRFLOW_CTX_TASK_ID='laptop_scraping_tasks.scrape_gearvn' AIRFLOW_CTX_EXECUTION_DATE='2024-11-02T07:45:12.266820+00:00' AIRFLOW_CTX_TRY_NUMBER='1' AIRFLOW_CTX_DAG_RUN_ID='manual__2024-11-02T07:45:12.266820+00:00'
[2024-11-02T07:46:12.456+0000] {taskinstance.py:731} INFO - ::endgroup::
[2024-11-02T07:46:12.472+0000] {subprocess.py:63} INFO - Tmp dir root location: /tmp
[2024-11-02T07:46:12.475+0000] {subprocess.py:75} INFO - Running command: ['/usr/bin/bash', '-c', 'cd /app/scraper && scrapy crawl gearvn_spider -O ../temp/gearvn_data.json']
[2024-11-02T07:46:12.489+0000] {subprocess.py:86} INFO - Output:
[2024-11-02T07:46:41.070+0000] {job.py:229} INFO - Heartbeat recovered after 16.09 seconds
[2024-11-02T07:47:20.527+0000] {job.py:229} INFO - Heartbeat recovered after 29.51 seconds
[2024-11-02T07:47:22.395+0000] {subprocess.py:93} INFO - 'Load More' button clicked sucessfully.
[2024-11-02T07:47:22.412+0000] {subprocess.py:93} INFO - No more 'Load More' button
[2024-11-02T07:47:22.813+0000] {subprocess.py:97} INFO - Command exited with return code 0
[2024-11-02T07:47:22.974+0000] {taskinstance.py:340} INFO - ::group::Post task execution logs
[2024-11-02T07:47:22.977+0000] {taskinstance.py:352} INFO - Marking task as SUCCESS. dag_id=main_dag, task_id=laptop_scraping_tasks.scrape_gearvn, run_id=manual__2024-11-02T07:45:12.266820+00:00, execution_date=20241102T074512, start_date=20241102T074612, end_date=20241102T074722
[2024-11-02T07:47:23.025+0000] {local_task_job_runner.py:266} INFO - Task exited with return code 0
[2024-11-02T07:47:23.073+0000] {taskinstance.py:3900} INFO - 0 downstream tasks scheduled from follow-on schedule check
[2024-11-02T07:47:23.079+0000] {local_task_job_runner.py:245} INFO - ::endgroup::
