[2024-11-02T07:47:23.786+0000] {local_task_job_runner.py:123} INFO - ::group::Pre task execution logs
[2024-11-02T07:47:23.807+0000] {taskinstance.py:2612} INFO - Dependencies all met for dep_context=non-requeueable deps ti=<TaskInstance: main_dag.integration manual__2024-11-02T07:45:12.266820+00:00 [queued]>
[2024-11-02T07:47:23.818+0000] {taskinstance.py:2612} INFO - Dependencies all met for dep_context=requeueable deps ti=<TaskInstance: main_dag.integration manual__2024-11-02T07:45:12.266820+00:00 [queued]>
[2024-11-02T07:47:23.819+0000] {taskinstance.py:2865} INFO - Starting attempt 1 of 2
[2024-11-02T07:47:23.835+0000] {taskinstance.py:2888} INFO - Executing <Task(BashOperator): integration> on 2024-11-02 07:45:12.266820+00:00
[2024-11-02T07:47:23.838+0000] {standard_task_runner.py:72} INFO - Started process 29684 to run task
[2024-11-02T07:47:23.841+0000] {standard_task_runner.py:104} INFO - Running: ['***', 'tasks', 'run', 'main_dag', 'integration', 'manual__2024-11-02T07:45:12.266820+00:00', '--job-id', '12', '--raw', '--subdir', 'DAGS_FOLDER/main_dag.py', '--cfg-path', '/tmp/tmptz5rn76d']
[2024-11-02T07:47:23.842+0000] {standard_task_runner.py:105} INFO - Job 12: Subtask integration
[2024-11-02T07:47:24.004+0000] {task_command.py:467} INFO - Running <TaskInstance: main_dag.integration manual__2024-11-02T07:45:12.266820+00:00 [running]> on host 5d3a71e08d00
[2024-11-02T07:47:24.117+0000] {taskinstance.py:3131} INFO - Exporting env vars: AIRFLOW_CTX_DAG_OWNER='veil' AIRFLOW_CTX_DAG_ID='main_dag' AIRFLOW_CTX_TASK_ID='integration' AIRFLOW_CTX_EXECUTION_DATE='2024-11-02T07:45:12.266820+00:00' AIRFLOW_CTX_TRY_NUMBER='1' AIRFLOW_CTX_DAG_RUN_ID='manual__2024-11-02T07:45:12.266820+00:00'
[2024-11-02T07:47:24.118+0000] {taskinstance.py:731} INFO - ::endgroup::
[2024-11-02T07:47:24.128+0000] {subprocess.py:63} INFO - Tmp dir root location: /tmp
[2024-11-02T07:47:24.129+0000] {subprocess.py:75} INFO - Running command: ['/usr/bin/bash', '-c', 'echo "Integration task"']
[2024-11-02T07:47:24.136+0000] {subprocess.py:86} INFO - Output:
[2024-11-02T07:47:24.137+0000] {subprocess.py:93} INFO - Integration task
[2024-11-02T07:47:24.138+0000] {subprocess.py:97} INFO - Command exited with return code 0
[2024-11-02T07:47:24.179+0000] {taskinstance.py:340} INFO - ::group::Post task execution logs
[2024-11-02T07:47:24.179+0000] {taskinstance.py:352} INFO - Marking task as SUCCESS. dag_id=main_dag, task_id=integration, run_id=manual__2024-11-02T07:45:12.266820+00:00, execution_date=20241102T074512, start_date=20241102T074723, end_date=20241102T074724
[2024-11-02T07:47:24.226+0000] {local_task_job_runner.py:266} INFO - Task exited with return code 0
[2024-11-02T07:47:24.350+0000] {taskinstance.py:3900} INFO - 0 downstream tasks scheduled from follow-on schedule check
[2024-11-02T07:47:24.354+0000] {local_task_job_runner.py:245} INFO - ::endgroup::
