[2024-11-20T04:29:38.555+0000] {local_task_job_runner.py:123} INFO - ::group::Pre task execution logs
[2024-11-20T04:29:38.673+0000] {taskinstance.py:2612} INFO - Dependencies all met for dep_context=non-requeueable deps ti=<TaskInstance: main_dag.laptop_scraping_tasks.scrape_cellphones manual__2024-11-20T02:00:30.526702+00:00 [queued]>
[2024-11-20T04:29:38.683+0000] {taskinstance.py:2612} INFO - Dependencies all met for dep_context=requeueable deps ti=<TaskInstance: main_dag.laptop_scraping_tasks.scrape_cellphones manual__2024-11-20T02:00:30.526702+00:00 [queued]>
[2024-11-20T04:29:38.683+0000] {taskinstance.py:2865} INFO - Starting attempt 2 of 2
[2024-11-20T04:29:38.704+0000] {taskinstance.py:2888} INFO - Executing <Task(BashOperator): laptop_scraping_tasks.scrape_cellphones> on 2024-11-20 02:00:30.526702+00:00
[2024-11-20T04:29:38.708+0000] {standard_task_runner.py:72} INFO - Started process 94502 to run task
[2024-11-20T04:29:38.712+0000] {standard_task_runner.py:104} INFO - Running: ['***', 'tasks', 'run', 'main_dag', 'laptop_scraping_tasks.scrape_cellphones', 'manual__2024-11-20T02:00:30.526702+00:00', '--job-id', '18', '--raw', '--subdir', 'DAGS_FOLDER/main_dag.py', '--cfg-path', '/tmp/tmp9jer5htc']
[2024-11-20T04:29:38.713+0000] {standard_task_runner.py:105} INFO - Job 18: Subtask laptop_scraping_tasks.scrape_cellphones
[2024-11-20T04:29:38.784+0000] {task_command.py:467} INFO - Running <TaskInstance: main_dag.laptop_scraping_tasks.scrape_cellphones manual__2024-11-20T02:00:30.526702+00:00 [running]> on host 7331716c13db
[2024-11-20T04:29:38.866+0000] {taskinstance.py:3131} INFO - Exporting env vars: AIRFLOW_CTX_DAG_OWNER='veil' AIRFLOW_CTX_DAG_ID='main_dag' AIRFLOW_CTX_TASK_ID='laptop_scraping_tasks.scrape_cellphones' AIRFLOW_CTX_EXECUTION_DATE='2024-11-20T02:00:30.526702+00:00' AIRFLOW_CTX_TRY_NUMBER='2' AIRFLOW_CTX_DAG_RUN_ID='manual__2024-11-20T02:00:30.526702+00:00'
[2024-11-20T04:29:38.867+0000] {taskinstance.py:731} INFO - ::endgroup::
[2024-11-20T04:29:38.877+0000] {subprocess.py:63} INFO - Tmp dir root location: /tmp
[2024-11-20T04:29:38.878+0000] {subprocess.py:75} INFO - Running command: ['/usr/bin/bash', '-c', 'cd /app/scraper && scrapy crawl cellphones_spider -O ../temp/cellphones_data.json']
[2024-11-20T04:29:38.886+0000] {subprocess.py:86} INFO - Output:
[2024-11-20T04:55:34.074+0000] {subprocess.py:93} INFO - 'Load More' button clicked sucessfully.
[2024-11-20T04:55:34.074+0000] {subprocess.py:93} INFO - 'Load More' button clicked sucessfully.
[2024-11-20T04:55:34.075+0000] {subprocess.py:93} INFO - 'Load More' button clicked sucessfully.
[2024-11-20T04:55:34.076+0000] {subprocess.py:93} INFO - 'Load More' button clicked sucessfully.
[2024-11-20T04:55:34.076+0000] {subprocess.py:93} INFO - 'Load More' button clicked sucessfully.
[2024-11-20T04:55:34.076+0000] {subprocess.py:93} INFO - 'Load More' button clicked sucessfully.
[2024-11-20T04:55:34.077+0000] {subprocess.py:93} INFO - 'Load More' button clicked sucessfully.
[2024-11-20T04:55:34.077+0000] {subprocess.py:93} INFO - 'Load More' button clicked sucessfully.
[2024-11-20T04:55:34.077+0000] {subprocess.py:93} INFO - Closed the modal successfully.
[2024-11-20T04:55:34.078+0000] {subprocess.py:93} INFO - 'Load More' button clicked sucessfully.
[2024-11-20T04:55:34.078+0000] {subprocess.py:93} INFO - 'Load More' button clicked sucessfully.
[2024-11-20T04:55:34.079+0000] {subprocess.py:93} INFO - 'Load More' button clicked sucessfully.
[2024-11-20T04:55:34.079+0000] {subprocess.py:93} INFO - 'Load More' button clicked sucessfully.
[2024-11-20T04:55:34.079+0000] {subprocess.py:93} INFO - 'Load More' button clicked sucessfully.
[2024-11-20T04:55:34.080+0000] {subprocess.py:93} INFO - 'Load More' button clicked sucessfully.
[2024-11-20T04:55:34.080+0000] {subprocess.py:93} INFO - 'Load More' button clicked sucessfully.
[2024-11-20T04:55:34.080+0000] {subprocess.py:93} INFO - 'Load More' button clicked sucessfully.
[2024-11-20T04:55:34.081+0000] {subprocess.py:93} INFO - 'Load More' button clicked sucessfully.
[2024-11-20T04:55:34.081+0000] {subprocess.py:93} INFO - 'Load More' button clicked sucessfully.
[2024-11-20T04:55:34.081+0000] {subprocess.py:93} INFO - 'Load More' button clicked sucessfully.
[2024-11-20T04:55:34.082+0000] {subprocess.py:93} INFO - 'Load More' button clicked sucessfully.
[2024-11-20T04:55:34.082+0000] {subprocess.py:93} INFO - 'Load More' button clicked sucessfully.
[2024-11-20T04:55:34.083+0000] {subprocess.py:93} INFO - 'Load More' button clicked sucessfully.
[2024-11-20T04:55:34.083+0000] {subprocess.py:93} INFO - 'Load More' button clicked sucessfully.
[2024-11-20T04:55:34.084+0000] {subprocess.py:93} INFO - 'Load More' button clicked sucessfully.
[2024-11-20T04:55:34.084+0000] {subprocess.py:93} INFO - 'Load More' button clicked sucessfully.
[2024-11-20T04:55:34.085+0000] {subprocess.py:93} INFO - 'Load More' button clicked sucessfully.
[2024-11-20T04:55:34.085+0000] {subprocess.py:93} INFO - 'Load More' button clicked sucessfully.
[2024-11-20T04:55:34.086+0000] {subprocess.py:93} INFO - 'Load More' button clicked sucessfully.
[2024-11-20T04:55:34.086+0000] {subprocess.py:93} INFO - 'Load More' button clicked sucessfully.
[2024-11-20T04:55:34.086+0000] {subprocess.py:93} INFO - 'Load More' button clicked sucessfully.
[2024-11-20T04:55:34.086+0000] {subprocess.py:93} INFO - 'Load More' button clicked sucessfully.
[2024-11-20T04:55:34.087+0000] {subprocess.py:93} INFO - 'Load More' button clicked sucessfully.
[2024-11-20T04:55:34.087+0000] {subprocess.py:93} INFO - No more 'Load More' button
[2024-11-20T04:55:34.087+0000] {subprocess.py:93} INFO - Opened the modal successfully.
[2024-11-20T04:55:34.088+0000] {subprocess.py:93} INFO - Found item: 1
[2024-11-20T04:55:34.088+0000] {subprocess.py:93} INFO - Opened the modal successfully.
[2024-11-20T04:55:34.088+0000] {subprocess.py:93} INFO - Found item: 2
[2024-11-20T04:55:34.089+0000] {subprocess.py:93} INFO - Opened the modal successfully.
[2024-11-20T04:55:34.089+0000] {subprocess.py:93} INFO - Found item: 3
[2024-11-20T04:55:34.089+0000] {subprocess.py:93} INFO - Opened the modal successfully.
[2024-11-20T04:55:34.089+0000] {subprocess.py:93} INFO - Found item: 4
[2024-11-20T04:55:34.090+0000] {subprocess.py:93} INFO - Opened the modal successfully.
[2024-11-20T04:55:34.090+0000] {subprocess.py:93} INFO - Found item: 5
[2024-11-20T04:55:34.090+0000] {subprocess.py:93} INFO - Opened the modal successfully.
[2024-11-20T04:55:34.090+0000] {subprocess.py:93} INFO - Found item: 6
[2024-11-20T04:55:34.091+0000] {subprocess.py:93} INFO - Opened the modal successfully.
[2024-11-20T04:55:34.091+0000] {subprocess.py:93} INFO - Found item: 7
[2024-11-20T04:55:34.091+0000] {subprocess.py:93} INFO - Opened the modal successfully.
[2024-11-20T04:55:34.092+0000] {subprocess.py:93} INFO - Found item: 8
[2024-11-20T04:55:34.092+0000] {subprocess.py:93} INFO - Opened the modal successfully.
[2024-11-20T04:55:34.092+0000] {subprocess.py:93} INFO - Found item: 9
[2024-11-20T04:55:34.093+0000] {subprocess.py:93} INFO - Opened the modal successfully.
[2024-11-20T04:55:34.093+0000] {subprocess.py:93} INFO - Found item: 10
[2024-11-20T04:55:34.093+0000] {subprocess.py:93} INFO - Opened the modal successfully.
[2024-11-20T04:55:34.093+0000] {subprocess.py:93} INFO - Found item: 11
[2024-11-20T04:55:34.094+0000] {subprocess.py:93} INFO - Opened the modal successfully.
[2024-11-20T04:55:34.094+0000] {subprocess.py:93} INFO - Found item: 12
[2024-11-20T04:55:34.094+0000] {subprocess.py:93} INFO - Opened the modal successfully.
[2024-11-20T04:55:34.094+0000] {subprocess.py:93} INFO - Found item: 13
[2024-11-20T04:55:34.095+0000] {subprocess.py:93} INFO - Opened the modal successfully.
[2024-11-20T04:55:34.095+0000] {subprocess.py:93} INFO - Found item: 14
[2024-11-20T04:55:34.095+0000] {subprocess.py:93} INFO - Opened the modal successfully.
[2024-11-20T04:55:34.096+0000] {subprocess.py:93} INFO - Found item: 15
[2024-11-20T04:55:34.096+0000] {subprocess.py:93} INFO - Opened the modal successfully.
[2024-11-20T04:55:34.096+0000] {subprocess.py:93} INFO - Found item: 16
[2024-11-20T04:55:34.097+0000] {subprocess.py:93} INFO - Opened the modal successfully.
[2024-11-20T04:55:34.097+0000] {subprocess.py:93} INFO - Found item: 17
[2024-11-20T04:55:34.097+0000] {subprocess.py:93} INFO - Opened the modal successfully.
[2024-11-20T04:55:34.098+0000] {subprocess.py:93} INFO - Found item: 18
[2024-11-20T04:55:34.098+0000] {subprocess.py:93} INFO - Opened the modal successfully.
[2024-11-20T04:55:34.098+0000] {subprocess.py:93} INFO - Found item: 19
[2024-11-20T04:55:34.099+0000] {subprocess.py:93} INFO - Opened the modal successfully.
[2024-11-20T04:55:34.099+0000] {subprocess.py:93} INFO - Found item: 20
[2024-11-20T04:55:34.099+0000] {subprocess.py:93} INFO - Opened the modal successfully.
[2024-11-20T04:55:34.099+0000] {subprocess.py:93} INFO - Found item: 21
[2024-11-20T04:55:34.099+0000] {subprocess.py:93} INFO - Opened the modal successfully.
[2024-11-20T04:55:34.099+0000] {subprocess.py:93} INFO - Found item: 22
[2024-11-20T04:55:34.100+0000] {subprocess.py:93} INFO - Opened the modal successfully.
[2024-11-20T04:55:34.100+0000] {subprocess.py:93} INFO - Found item: 23
[2024-11-20T04:55:34.100+0000] {subprocess.py:93} INFO - Opened the modal successfully.
[2024-11-20T04:55:34.100+0000] {subprocess.py:93} INFO - Found item: 24
[2024-11-20T04:55:34.100+0000] {subprocess.py:93} INFO - Opened the modal successfully.
[2024-11-20T04:55:34.100+0000] {subprocess.py:93} INFO - Found item: 25
[2024-11-20T04:55:34.100+0000] {subprocess.py:93} INFO - Opened the modal successfully.
[2024-11-20T04:55:34.101+0000] {subprocess.py:93} INFO - Found item: 26
[2024-11-20T04:55:34.101+0000] {subprocess.py:93} INFO - Opened the modal successfully.
[2024-11-20T04:55:34.101+0000] {subprocess.py:93} INFO - Found item: 27
[2024-11-20T04:55:34.101+0000] {subprocess.py:93} INFO - Opened the modal successfully.
[2024-11-20T04:55:34.101+0000] {subprocess.py:93} INFO - Found item: 28
[2024-11-20T04:55:34.101+0000] {subprocess.py:93} INFO - Opened the modal successfully.
[2024-11-20T04:55:34.101+0000] {subprocess.py:93} INFO - Found item: 29
[2024-11-20T04:55:34.102+0000] {subprocess.py:93} INFO - Opened the modal successfully.
[2024-11-20T04:55:34.102+0000] {subprocess.py:93} INFO - Found item: 30
[2024-11-20T04:55:34.102+0000] {subprocess.py:93} INFO - Opened the modal successfully.
[2024-11-20T04:55:34.102+0000] {subprocess.py:93} INFO - Found item: 31
[2024-11-20T04:55:34.102+0000] {subprocess.py:93} INFO - Opened the modal successfully.
[2024-11-20T04:55:34.102+0000] {subprocess.py:93} INFO - Found item: 32
[2024-11-20T04:55:34.102+0000] {subprocess.py:93} INFO - Opened the modal successfully.
[2024-11-20T04:55:34.103+0000] {subprocess.py:93} INFO - Found item: 33
[2024-11-20T04:55:34.103+0000] {subprocess.py:93} INFO - Opened the modal successfully.
[2024-11-20T04:55:34.103+0000] {subprocess.py:93} INFO - Found item: 34
[2024-11-20T04:55:34.103+0000] {subprocess.py:93} INFO - Opened the modal successfully.
[2024-11-20T04:55:34.103+0000] {subprocess.py:93} INFO - Found item: 35
[2024-11-20T04:55:34.103+0000] {subprocess.py:93} INFO - Opened the modal successfully.
[2024-11-20T04:55:34.103+0000] {subprocess.py:93} INFO - Found item: 36
[2024-11-20T04:55:34.104+0000] {subprocess.py:93} INFO - Opened the modal successfully.
[2024-11-20T04:55:34.104+0000] {subprocess.py:93} INFO - Found item: 37
[2024-11-20T04:55:34.104+0000] {subprocess.py:93} INFO - Opened the modal successfully.
[2024-11-20T04:55:34.104+0000] {subprocess.py:93} INFO - Found item: 38
[2024-11-20T04:55:34.104+0000] {subprocess.py:93} INFO - Opened the modal successfully.
[2024-11-20T04:55:34.104+0000] {subprocess.py:93} INFO - Found item: 39
[2024-11-20T04:55:34.104+0000] {subprocess.py:93} INFO - Opened the modal successfully.
[2024-11-20T04:55:34.104+0000] {subprocess.py:93} INFO - Found item: 40
[2024-11-20T04:55:34.105+0000] {subprocess.py:93} INFO - Opened the modal successfully.
[2024-11-20T04:55:34.105+0000] {subprocess.py:93} INFO - Found item: 41
[2024-11-20T04:55:34.105+0000] {subprocess.py:93} INFO - Opened the modal successfully.
[2024-11-20T04:55:34.105+0000] {subprocess.py:93} INFO - Found item: 42
[2024-11-20T04:55:34.105+0000] {subprocess.py:93} INFO - Opened the modal successfully.
[2024-11-20T04:55:34.105+0000] {subprocess.py:93} INFO - Found item: 43
[2024-11-20T04:55:34.105+0000] {subprocess.py:93} INFO - Opened the modal successfully.
[2024-11-20T04:55:34.106+0000] {subprocess.py:93} INFO - Found item: 44
[2024-11-20T04:55:34.106+0000] {subprocess.py:93} INFO - Opened the modal successfully.
[2024-11-20T04:55:34.106+0000] {subprocess.py:93} INFO - Found item: 45
[2024-11-20T04:55:34.106+0000] {subprocess.py:93} INFO - Opened the modal successfully.
[2024-11-20T04:55:34.106+0000] {subprocess.py:93} INFO - Found item: 46
[2024-11-20T04:55:34.106+0000] {subprocess.py:93} INFO - Opened the modal successfully.
[2024-11-20T04:55:34.106+0000] {subprocess.py:93} INFO - Found item: 47
[2024-11-20T04:55:34.106+0000] {subprocess.py:93} INFO - Opened the modal successfully.
[2024-11-20T04:55:34.107+0000] {subprocess.py:93} INFO - Found item: 48
[2024-11-20T04:55:34.107+0000] {subprocess.py:93} INFO - Opened the modal successfully.
[2024-11-20T04:55:34.107+0000] {subprocess.py:93} INFO - Found item: 49
[2024-11-20T04:55:34.107+0000] {subprocess.py:93} INFO - Opened the modal successfully.
[2024-11-20T04:55:34.107+0000] {subprocess.py:93} INFO - Found item: 50
[2024-11-20T04:55:34.107+0000] {subprocess.py:93} INFO - Opened the modal successfully.
[2024-11-20T04:55:34.107+0000] {subprocess.py:93} INFO - Found item: 51
[2024-11-20T04:55:34.107+0000] {subprocess.py:93} INFO - Opened the modal successfully.
[2024-11-20T04:55:34.108+0000] {subprocess.py:93} INFO - Found item: 52
[2024-11-20T04:55:34.108+0000] {subprocess.py:93} INFO - Opened the modal successfully.
[2024-11-20T04:55:34.108+0000] {subprocess.py:93} INFO - Found item: 53
[2024-11-20T04:55:34.108+0000] {subprocess.py:93} INFO - Opened the modal successfully.
[2024-11-20T04:55:34.108+0000] {subprocess.py:93} INFO - Found item: 54
[2024-11-20T04:55:34.108+0000] {subprocess.py:93} INFO - Opened the modal successfully.
[2024-11-20T04:55:34.108+0000] {subprocess.py:93} INFO - Found item: 55
[2024-11-20T04:55:34.109+0000] {subprocess.py:93} INFO - Opened the modal successfully.
[2024-11-20T04:55:34.109+0000] {subprocess.py:93} INFO - Found item: 56
[2024-11-20T04:55:34.109+0000] {subprocess.py:93} INFO - Opened the modal successfully.
[2024-11-20T04:55:34.109+0000] {subprocess.py:93} INFO - Found item: 57
[2024-11-20T04:55:34.109+0000] {subprocess.py:93} INFO - Opened the modal successfully.
[2024-11-20T04:55:34.110+0000] {subprocess.py:93} INFO - Found item: 58
[2024-11-20T04:55:34.110+0000] {subprocess.py:93} INFO - Opened the modal successfully.
[2024-11-20T04:55:34.110+0000] {subprocess.py:93} INFO - Found item: 59
[2024-11-20T04:55:34.110+0000] {subprocess.py:93} INFO - Opened the modal successfully.
[2024-11-20T04:55:34.110+0000] {subprocess.py:93} INFO - Found item: 60
[2024-11-20T04:55:34.110+0000] {subprocess.py:93} INFO - Opened the modal successfully.
[2024-11-20T04:55:34.110+0000] {subprocess.py:93} INFO - Found item: 61
[2024-11-20T04:55:34.110+0000] {subprocess.py:93} INFO - Opened the modal successfully.
[2024-11-20T04:55:34.111+0000] {subprocess.py:93} INFO - Found item: 62
[2024-11-20T04:55:34.111+0000] {subprocess.py:93} INFO - Opened the modal successfully.
[2024-11-20T04:55:34.111+0000] {subprocess.py:93} INFO - Found item: 63
[2024-11-20T04:55:34.111+0000] {subprocess.py:93} INFO - Opened the modal successfully.
[2024-11-20T04:55:34.111+0000] {subprocess.py:93} INFO - Found item: 64
[2024-11-20T04:55:34.111+0000] {subprocess.py:93} INFO - Opened the modal successfully.
[2024-11-20T04:55:34.112+0000] {subprocess.py:93} INFO - Found item: 65
[2024-11-20T04:55:34.112+0000] {subprocess.py:93} INFO - Opened the modal successfully.
[2024-11-20T04:55:34.112+0000] {subprocess.py:93} INFO - Found item: 66
[2024-11-20T04:55:34.112+0000] {subprocess.py:93} INFO - Opened the modal successfully.
[2024-11-20T04:55:34.112+0000] {subprocess.py:93} INFO - Found item: 67
[2024-11-20T04:55:34.112+0000] {subprocess.py:93} INFO - Opened the modal successfully.
[2024-11-20T04:55:34.113+0000] {subprocess.py:93} INFO - Found item: 68
[2024-11-20T04:55:34.113+0000] {subprocess.py:93} INFO - Opened the modal successfully.
[2024-11-20T04:55:34.113+0000] {subprocess.py:93} INFO - Found item: 69
[2024-11-20T04:55:34.113+0000] {subprocess.py:93} INFO - Opened the modal successfully.
[2024-11-20T04:55:34.113+0000] {subprocess.py:93} INFO - Found item: 70
[2024-11-20T04:55:34.113+0000] {subprocess.py:93} INFO - Opened the modal successfully.
[2024-11-20T04:55:34.114+0000] {subprocess.py:93} INFO - Found item: 71
[2024-11-20T04:55:34.114+0000] {subprocess.py:93} INFO - Opened the modal successfully.
[2024-11-20T04:55:34.114+0000] {subprocess.py:93} INFO - Found item: 72
[2024-11-20T04:55:34.114+0000] {subprocess.py:93} INFO - Opened the modal successfully.
[2024-11-20T04:55:34.114+0000] {subprocess.py:93} INFO - Found item: 73
[2024-11-20T04:55:34.114+0000] {subprocess.py:93} INFO - Opened the modal successfully.
[2024-11-20T04:55:34.114+0000] {subprocess.py:93} INFO - Found item: 74
[2024-11-20T04:55:34.114+0000] {subprocess.py:93} INFO - Opened the modal successfully.
[2024-11-20T04:55:34.115+0000] {subprocess.py:93} INFO - Found item: 75
[2024-11-20T04:55:34.115+0000] {subprocess.py:93} INFO - Opened the modal successfully.
[2024-11-20T04:55:34.115+0000] {subprocess.py:93} INFO - Found item: 76
[2024-11-20T04:55:34.115+0000] {subprocess.py:93} INFO - Opened the modal successfully.
[2024-11-20T04:55:34.115+0000] {subprocess.py:93} INFO - Found item: 77
[2024-11-20T04:55:34.115+0000] {subprocess.py:93} INFO - Opened the modal successfully.
[2024-11-20T04:55:34.115+0000] {subprocess.py:93} INFO - Found item: 78
[2024-11-20T04:55:34.116+0000] {subprocess.py:93} INFO - Opened the modal successfully.
[2024-11-20T04:55:34.116+0000] {subprocess.py:93} INFO - Found item: 79
[2024-11-20T04:55:34.116+0000] {subprocess.py:93} INFO - Opened the modal successfully.
[2024-11-20T04:55:34.116+0000] {subprocess.py:93} INFO - Found item: 80
[2024-11-20T04:55:34.116+0000] {subprocess.py:93} INFO - Opened the modal successfully.
[2024-11-20T04:55:34.116+0000] {subprocess.py:93} INFO - Found item: 81
[2024-11-20T04:55:34.116+0000] {subprocess.py:93} INFO - Opened the modal successfully.
[2024-11-20T04:55:34.116+0000] {subprocess.py:93} INFO - Found item: 82
[2024-11-20T04:55:34.116+0000] {subprocess.py:93} INFO - Opened the modal successfully.
[2024-11-20T04:55:34.117+0000] {subprocess.py:93} INFO - Found item: 83
[2024-11-20T04:55:34.117+0000] {subprocess.py:93} INFO - Opened the modal successfully.
[2024-11-20T04:55:34.117+0000] {subprocess.py:93} INFO - Found item: 84
[2024-11-20T04:55:34.117+0000] {subprocess.py:93} INFO - Opened the modal successfully.
[2024-11-20T04:55:34.117+0000] {subprocess.py:93} INFO - Found item: 85
[2024-11-20T04:55:34.117+0000] {subprocess.py:93} INFO - Opened the modal successfully.
[2024-11-20T04:55:34.117+0000] {subprocess.py:93} INFO - Found item: 86
[2024-11-20T04:55:34.117+0000] {subprocess.py:93} INFO - Opened the modal successfully.
[2024-11-20T04:55:34.118+0000] {subprocess.py:93} INFO - Found item: 87
[2024-11-20T04:55:34.118+0000] {subprocess.py:93} INFO - Opened the modal successfully.
[2024-11-20T04:55:34.118+0000] {subprocess.py:93} INFO - Found item: 88
[2024-11-20T04:55:34.118+0000] {subprocess.py:93} INFO - Opened the modal successfully.
[2024-11-20T04:55:34.118+0000] {subprocess.py:93} INFO - Found item: 89
[2024-11-20T04:55:34.118+0000] {subprocess.py:93} INFO - Opened the modal successfully.
[2024-11-20T04:55:34.118+0000] {subprocess.py:93} INFO - Found item: 90
[2024-11-20T04:55:34.119+0000] {subprocess.py:93} INFO - Opened the modal successfully.
[2024-11-20T04:55:34.119+0000] {subprocess.py:93} INFO - Found item: 91
[2024-11-20T04:55:34.119+0000] {subprocess.py:93} INFO - Opened the modal successfully.
[2024-11-20T04:55:34.119+0000] {subprocess.py:93} INFO - Found item: 92
[2024-11-20T04:55:34.119+0000] {subprocess.py:93} INFO - Opened the modal successfully.
[2024-11-20T04:55:34.119+0000] {subprocess.py:93} INFO - Found item: 93
[2024-11-20T04:55:34.120+0000] {subprocess.py:93} INFO - Skipped:  mac mini m2 2023 (8 cpu - 10 gpu - 16gb - 512gb) | chính hãng apple việt nam
[2024-11-20T04:55:34.120+0000] {subprocess.py:93} INFO - Opened the modal successfully.
[2024-11-20T04:55:34.120+0000] {subprocess.py:93} INFO - Found item: 94
[2024-11-20T04:55:34.120+0000] {subprocess.py:93} INFO - Opened the modal successfully.
[2024-11-20T04:55:34.120+0000] {subprocess.py:93} INFO - Found item: 95
[2024-11-20T04:55:34.120+0000] {subprocess.py:93} INFO - Opened the modal successfully.
[2024-11-20T04:55:34.120+0000] {subprocess.py:93} INFO - Found item: 96
[2024-11-20T04:55:34.121+0000] {subprocess.py:93} INFO - Opened the modal successfully.
[2024-11-20T04:55:34.121+0000] {subprocess.py:93} INFO - Found item: 97
[2024-11-20T04:55:34.121+0000] {subprocess.py:93} INFO - Opened the modal successfully.
[2024-11-20T04:55:34.121+0000] {subprocess.py:93} INFO - Found item: 98
[2024-11-20T04:55:34.121+0000] {subprocess.py:93} INFO - Opened the modal successfully.
[2024-11-20T04:55:34.121+0000] {subprocess.py:93} INFO - Found item: 99
[2024-11-20T04:55:34.121+0000] {subprocess.py:93} INFO - Opened the modal successfully.
[2024-11-20T04:55:34.122+0000] {subprocess.py:93} INFO - Found item: 100
[2024-11-20T04:55:34.122+0000] {subprocess.py:93} INFO - Opened the modal successfully.
[2024-11-20T04:55:34.122+0000] {subprocess.py:93} INFO - Found item: 101
[2024-11-20T04:55:34.122+0000] {subprocess.py:93} INFO - Opened the modal successfully.
[2024-11-20T04:55:34.122+0000] {subprocess.py:93} INFO - Found item: 102
[2024-11-20T04:55:34.122+0000] {subprocess.py:93} INFO - Opened the modal successfully.
[2024-11-20T04:55:34.122+0000] {subprocess.py:93} INFO - Found item: 103
[2024-11-20T04:55:34.123+0000] {subprocess.py:93} INFO - Opened the modal successfully.
[2024-11-20T04:55:34.123+0000] {subprocess.py:93} INFO - Found item: 104
[2024-11-20T04:55:34.123+0000] {subprocess.py:93} INFO - Opened the modal successfully.
[2024-11-20T04:55:34.123+0000] {subprocess.py:93} INFO - Found item: 105
[2024-11-20T04:55:34.123+0000] {subprocess.py:93} INFO - Opened the modal successfully.
[2024-11-20T04:55:34.123+0000] {subprocess.py:93} INFO - Found item: 106
[2024-11-20T04:55:34.123+0000] {subprocess.py:93} INFO - Opened the modal successfully.
[2024-11-20T04:55:34.123+0000] {subprocess.py:93} INFO - Found item: 107
[2024-11-20T04:55:34.124+0000] {subprocess.py:93} INFO - Opened the modal successfully.
[2024-11-20T04:55:34.124+0000] {subprocess.py:93} INFO - Found item: 108
[2024-11-20T04:55:34.124+0000] {subprocess.py:93} INFO - Opened the modal successfully.
[2024-11-20T04:55:34.124+0000] {subprocess.py:93} INFO - Found item: 109
[2024-11-20T04:55:34.124+0000] {subprocess.py:93} INFO - Opened the modal successfully.
[2024-11-20T04:55:34.124+0000] {subprocess.py:93} INFO - Found item: 110
[2024-11-20T04:55:34.124+0000] {subprocess.py:93} INFO - Opened the modal successfully.
[2024-11-20T04:55:34.124+0000] {subprocess.py:93} INFO - Found item: 111
[2024-11-20T04:55:34.125+0000] {subprocess.py:93} INFO - Opened the modal successfully.
[2024-11-20T04:55:34.125+0000] {subprocess.py:93} INFO - Found item: 112
[2024-11-20T04:55:34.125+0000] {subprocess.py:93} INFO - Opened the modal successfully.
[2024-11-20T04:55:34.125+0000] {subprocess.py:93} INFO - Found item: 113
[2024-11-20T04:55:34.125+0000] {subprocess.py:93} INFO - Opened the modal successfully.
[2024-11-20T04:55:34.126+0000] {subprocess.py:93} INFO - Found item: 114
[2024-11-20T04:55:34.126+0000] {subprocess.py:93} INFO - Opened the modal successfully.
[2024-11-20T04:55:34.126+0000] {subprocess.py:93} INFO - Found item: 115
[2024-11-20T04:55:34.126+0000] {subprocess.py:93} INFO - Opened the modal successfully.
[2024-11-20T04:55:34.126+0000] {subprocess.py:93} INFO - Found item: 116
[2024-11-20T04:55:34.126+0000] {subprocess.py:93} INFO - Opened the modal successfully.
[2024-11-20T04:55:34.127+0000] {subprocess.py:93} INFO - Found item: 117
[2024-11-20T04:55:34.127+0000] {subprocess.py:93} INFO - Opened the modal successfully.
[2024-11-20T04:55:34.127+0000] {subprocess.py:93} INFO - Found item: 118
[2024-11-20T04:55:34.127+0000] {subprocess.py:93} INFO - Opened the modal successfully.
[2024-11-20T04:55:34.127+0000] {subprocess.py:93} INFO - Found item: 119
[2024-11-20T04:55:34.127+0000] {subprocess.py:93} INFO - Opened the modal successfully.
[2024-11-20T04:55:34.127+0000] {subprocess.py:93} INFO - Found item: 120
[2024-11-20T04:55:34.128+0000] {subprocess.py:93} INFO - Opened the modal successfully.
[2024-11-20T04:55:34.128+0000] {subprocess.py:93} INFO - Found item: 121
[2024-11-20T04:55:34.128+0000] {subprocess.py:93} INFO - Opened the modal successfully.
[2024-11-20T04:55:34.128+0000] {subprocess.py:93} INFO - Found item: 122
[2024-11-20T04:55:34.128+0000] {subprocess.py:93} INFO - Opened the modal successfully.
[2024-11-20T04:55:34.128+0000] {subprocess.py:93} INFO - Found item: 123
[2024-11-20T04:55:34.128+0000] {subprocess.py:93} INFO - Opened the modal successfully.
[2024-11-20T04:55:34.128+0000] {subprocess.py:93} INFO - Found item: 124
[2024-11-20T04:55:34.129+0000] {subprocess.py:93} INFO - Opened the modal successfully.
[2024-11-20T04:55:34.129+0000] {subprocess.py:93} INFO - Found item: 125
[2024-11-20T04:55:34.129+0000] {subprocess.py:93} INFO - Opened the modal successfully.
[2024-11-20T04:55:34.129+0000] {subprocess.py:93} INFO - Found item: 126
[2024-11-20T04:55:34.129+0000] {subprocess.py:93} INFO - Opened the modal successfully.
[2024-11-20T04:55:34.129+0000] {subprocess.py:93} INFO - Found item: 127
[2024-11-20T04:55:34.129+0000] {subprocess.py:93} INFO - Opened the modal successfully.
[2024-11-20T04:55:34.129+0000] {subprocess.py:93} INFO - Found item: 128
[2024-11-20T04:55:34.129+0000] {subprocess.py:93} INFO - Opened the modal successfully.
[2024-11-20T04:55:34.130+0000] {subprocess.py:93} INFO - Found item: 129
[2024-11-20T04:55:34.130+0000] {subprocess.py:93} INFO - Opened the modal successfully.
[2024-11-20T04:55:34.130+0000] {subprocess.py:93} INFO - Found item: 130
[2024-11-20T04:55:34.130+0000] {subprocess.py:93} INFO - Opened the modal successfully.
[2024-11-20T04:55:34.130+0000] {subprocess.py:93} INFO - Found item: 131
[2024-11-20T04:55:34.130+0000] {subprocess.py:93} INFO - Opened the modal successfully.
[2024-11-20T04:55:34.131+0000] {subprocess.py:93} INFO - Found item: 132
[2024-11-20T04:55:34.131+0000] {subprocess.py:93} INFO - Opened the modal successfully.
[2024-11-20T04:55:34.131+0000] {subprocess.py:93} INFO - Found item: 133
[2024-11-20T04:55:34.132+0000] {subprocess.py:93} INFO - Opened the modal successfully.
[2024-11-20T04:55:34.132+0000] {subprocess.py:93} INFO - Found item: 134
[2024-11-20T04:55:34.132+0000] {subprocess.py:93} INFO - Opened the modal successfully.
[2024-11-20T04:55:34.132+0000] {subprocess.py:93} INFO - Found item: 135
[2024-11-20T04:55:34.133+0000] {subprocess.py:93} INFO - Opened the modal successfully.
[2024-11-20T04:55:34.133+0000] {subprocess.py:93} INFO - Found item: 136
[2024-11-20T04:55:34.133+0000] {subprocess.py:93} INFO - Opened the modal successfully.
[2024-11-20T04:55:34.134+0000] {subprocess.py:93} INFO - Found item: 137
[2024-11-20T04:55:34.134+0000] {subprocess.py:93} INFO - Opened the modal successfully.
[2024-11-20T04:55:34.134+0000] {subprocess.py:93} INFO - Found item: 138
[2024-11-20T04:55:34.134+0000] {subprocess.py:93} INFO - Skipped:  imac m3 24 inch 16gb 256gb | chính hãng apple việt nam
[2024-11-20T04:55:34.135+0000] {subprocess.py:93} INFO - Opened the modal successfully.
[2024-11-20T04:55:34.135+0000] {subprocess.py:93} INFO - Found item: 139
[2024-11-20T04:55:34.135+0000] {subprocess.py:93} INFO - Opened the modal successfully.
[2024-11-20T04:55:34.135+0000] {subprocess.py:93} INFO - Found item: 140
[2024-11-20T04:55:34.136+0000] {subprocess.py:93} INFO - Opened the modal successfully.
[2024-11-20T04:55:34.136+0000] {subprocess.py:93} INFO - Found item: 141
[2024-11-20T04:55:34.136+0000] {subprocess.py:93} INFO - Opened the modal successfully.
[2024-11-20T04:55:34.136+0000] {subprocess.py:93} INFO - Found item: 142
[2024-11-20T04:55:34.137+0000] {subprocess.py:93} INFO - Opened the modal successfully.
[2024-11-20T04:55:34.137+0000] {subprocess.py:93} INFO - Found item: 143
[2024-11-20T04:55:34.137+0000] {subprocess.py:93} INFO - Opened the modal successfully.
[2024-11-20T04:55:34.137+0000] {subprocess.py:93} INFO - Found item: 144
[2024-11-20T04:55:34.137+0000] {subprocess.py:93} INFO - Opened the modal successfully.
[2024-11-20T05:18:51.171+0000] {subprocess.py:93} INFO - Found item: 145
[2024-11-20T05:18:51.171+0000] {subprocess.py:93} INFO - Opened the modal successfully.
[2024-11-20T05:18:51.172+0000] {subprocess.py:93} INFO - Found item: 146
[2024-11-20T05:18:51.172+0000] {subprocess.py:93} INFO - Skipped:  mac mini m2 2023 (8 cpu - 10 gpu - 24gb - 256gb) | chính hãng apple việt nam
[2024-11-20T05:18:51.173+0000] {subprocess.py:93} INFO - Opened the modal successfully.
[2024-11-20T05:18:51.173+0000] {subprocess.py:93} INFO - Found item: 147
[2024-11-20T05:18:51.174+0000] {subprocess.py:93} INFO - Opened the modal successfully.
[2024-11-20T05:18:51.174+0000] {subprocess.py:93} INFO - Found item: 148
[2024-11-20T05:18:51.175+0000] {subprocess.py:93} INFO - Opened the modal successfully.
[2024-11-20T05:18:51.175+0000] {subprocess.py:93} INFO - Found item: 149
[2024-11-20T05:18:51.175+0000] {subprocess.py:93} INFO - Opened the modal successfully.
[2024-11-20T05:18:51.175+0000] {subprocess.py:93} INFO - Found item: 150
[2024-11-20T05:18:51.176+0000] {subprocess.py:93} INFO - Opened the modal successfully.
[2024-11-20T05:18:51.176+0000] {subprocess.py:93} INFO - Found item: 151
[2024-11-20T05:18:51.176+0000] {subprocess.py:93} INFO - Opened the modal successfully.
[2024-11-20T05:18:51.176+0000] {subprocess.py:93} INFO - Found item: 152
[2024-11-20T05:18:51.177+0000] {subprocess.py:93} INFO - Opened the modal successfully.
[2024-11-20T05:18:51.177+0000] {subprocess.py:93} INFO - Found item: 153
[2024-11-20T05:18:51.178+0000] {subprocess.py:93} INFO - Opened the modal successfully.
[2024-11-20T05:18:51.178+0000] {subprocess.py:93} INFO - Found item: 154
[2024-11-20T05:18:51.179+0000] {subprocess.py:93} INFO - Opened the modal successfully.
[2024-11-20T05:18:51.180+0000] {subprocess.py:93} INFO - Found item: 155
[2024-11-20T05:18:51.180+0000] {subprocess.py:93} INFO - Opened the modal successfully.
[2024-11-20T05:18:51.180+0000] {subprocess.py:93} INFO - Found item: 156
[2024-11-20T05:18:51.181+0000] {subprocess.py:93} INFO - Opened the modal successfully.
[2024-11-20T05:18:51.181+0000] {subprocess.py:93} INFO - Found item: 157
[2024-11-20T05:18:51.182+0000] {subprocess.py:93} INFO - Opened the modal successfully.
[2024-11-20T05:18:51.182+0000] {subprocess.py:93} INFO - Found item: 158
[2024-11-20T05:18:51.182+0000] {subprocess.py:93} INFO - Opened the modal successfully.
[2024-11-20T05:18:51.183+0000] {subprocess.py:93} INFO - Found item: 159
[2024-11-20T05:18:51.184+0000] {subprocess.py:93} INFO - Opened the modal successfully.
[2024-11-20T05:18:51.185+0000] {subprocess.py:93} INFO - Found item: 160
[2024-11-20T05:18:51.185+0000] {subprocess.py:93} INFO - Opened the modal successfully.
[2024-11-20T05:18:51.186+0000] {subprocess.py:93} INFO - Found item: 161
[2024-11-20T05:18:51.186+0000] {subprocess.py:93} INFO - Opened the modal successfully.
[2024-11-20T05:18:51.187+0000] {subprocess.py:93} INFO - Found item: 162
[2024-11-20T05:18:51.188+0000] {subprocess.py:93} INFO - Opened the modal successfully.
[2024-11-20T05:18:51.188+0000] {subprocess.py:93} INFO - Found item: 163
[2024-11-20T05:18:51.188+0000] {subprocess.py:93} INFO - Opened the modal successfully.
[2024-11-20T05:18:51.189+0000] {subprocess.py:93} INFO - Found item: 164
[2024-11-20T05:18:51.189+0000] {subprocess.py:93} INFO - Skipped:  mac mini m2 pro 2023 (10 cpu - 16 gpu - 16gb - 512gb) | chính hãng apple việt nam
[2024-11-20T05:18:51.190+0000] {subprocess.py:93} INFO - Opened the modal successfully.
[2024-11-20T05:18:51.190+0000] {subprocess.py:93} INFO - Found item: 165
[2024-11-20T05:18:51.192+0000] {subprocess.py:93} INFO - Opened the modal successfully.
[2024-11-20T05:18:51.192+0000] {subprocess.py:93} INFO - Found item: 166
[2024-11-20T05:18:51.193+0000] {subprocess.py:93} INFO - Opened the modal successfully.
[2024-11-20T05:18:51.193+0000] {subprocess.py:93} INFO - Found item: 167
[2024-11-20T05:18:51.194+0000] {subprocess.py:93} INFO - Opened the modal successfully.
[2024-11-20T05:18:51.195+0000] {subprocess.py:93} INFO - Found item: 168
[2024-11-20T05:18:51.195+0000] {subprocess.py:93} INFO - Opened the modal successfully.
[2024-11-20T05:18:51.195+0000] {subprocess.py:93} INFO - Found item: 169
[2024-11-20T05:18:51.196+0000] {subprocess.py:93} INFO - Opened the modal successfully.
[2024-11-20T05:18:51.196+0000] {subprocess.py:93} INFO - Found item: 170
[2024-11-20T05:18:51.196+0000] {subprocess.py:93} INFO - Opened the modal successfully.
[2024-11-20T05:18:51.197+0000] {subprocess.py:93} INFO - Found item: 171
[2024-11-20T05:18:51.197+0000] {subprocess.py:93} INFO - Opened the modal successfully.
[2024-11-20T05:18:51.198+0000] {subprocess.py:93} INFO - Found item: 172
[2024-11-20T05:18:51.198+0000] {subprocess.py:93} INFO - Opened the modal successfully.
[2024-11-20T05:18:51.199+0000] {subprocess.py:93} INFO - Found item: 173
[2024-11-20T05:18:51.200+0000] {subprocess.py:93} INFO - Skipped:  mac studio m2 max 2023 (12cpu - 30gpu - 32gb - 512gb) | chính hãng apple việt nam
[2024-11-20T05:18:51.200+0000] {subprocess.py:93} INFO - Opened the modal successfully.
[2024-11-20T05:18:51.201+0000] {subprocess.py:93} INFO - Found item: 174
[2024-11-20T05:18:51.201+0000] {subprocess.py:93} INFO - Opened the modal successfully.
[2024-11-20T05:18:51.202+0000] {subprocess.py:93} INFO - Found item: 175
[2024-11-20T05:18:51.202+0000] {subprocess.py:93} INFO - Opened the modal successfully.
[2024-11-20T05:18:51.203+0000] {subprocess.py:93} INFO - Found item: 176
[2024-11-20T05:18:51.203+0000] {subprocess.py:93} INFO - Opened the modal successfully.
[2024-11-20T05:18:51.203+0000] {subprocess.py:93} INFO - Found item: 177
[2024-11-20T05:18:51.204+0000] {subprocess.py:93} INFO - Opened the modal successfully.
[2024-11-20T05:18:51.204+0000] {subprocess.py:93} INFO - Found item: 178
[2024-11-20T05:18:51.204+0000] {subprocess.py:93} INFO - Opened the modal successfully.
[2024-11-20T05:18:51.205+0000] {subprocess.py:93} INFO - Found item: 179
[2024-11-20T05:18:51.206+0000] {subprocess.py:93} INFO - Opened the modal successfully.
[2024-11-20T05:18:51.206+0000] {subprocess.py:93} INFO - Found item: 180
[2024-11-20T05:18:51.207+0000] {subprocess.py:93} INFO - Opened the modal successfully.
[2024-11-20T05:18:51.207+0000] {subprocess.py:93} INFO - Found item: 181
[2024-11-20T05:18:51.207+0000] {subprocess.py:93} INFO - Opened the modal successfully.
[2024-11-20T05:18:51.208+0000] {subprocess.py:93} INFO - Found item: 182
[2024-11-20T05:18:51.208+0000] {subprocess.py:93} INFO - Opened the modal successfully.
[2024-11-20T05:18:51.209+0000] {subprocess.py:93} INFO - Found item: 183
[2024-11-20T05:18:51.209+0000] {subprocess.py:93} INFO - Opened the modal successfully.
[2024-11-20T05:18:51.209+0000] {subprocess.py:93} INFO - Found item: 184
[2024-11-20T05:18:51.210+0000] {subprocess.py:93} INFO - Opened the modal successfully.
[2024-11-20T05:18:51.210+0000] {subprocess.py:93} INFO - Found item: 185
[2024-11-20T05:18:51.211+0000] {subprocess.py:93} INFO - Opened the modal successfully.
[2024-11-20T05:18:51.211+0000] {subprocess.py:93} INFO - Found item: 186
[2024-11-20T05:18:51.211+0000] {subprocess.py:93} INFO - Opened the modal successfully.
[2024-11-20T05:18:51.212+0000] {subprocess.py:93} INFO - Found item: 187
[2024-11-20T05:18:51.212+0000] {subprocess.py:93} INFO - Opened the modal successfully.
[2024-11-20T05:18:51.212+0000] {subprocess.py:93} INFO - Found item: 188
[2024-11-20T05:18:51.213+0000] {subprocess.py:93} INFO - Opened the modal successfully.
[2024-11-20T05:18:51.213+0000] {subprocess.py:93} INFO - Found item: 189
[2024-11-20T05:18:51.213+0000] {subprocess.py:93} INFO - Opened the modal successfully.
[2024-11-20T05:18:51.214+0000] {subprocess.py:93} INFO - Found item: 190
[2024-11-20T05:18:51.214+0000] {subprocess.py:93} INFO - Opened the modal successfully.
[2024-11-20T05:18:51.214+0000] {subprocess.py:93} INFO - Found item: 191
[2024-11-20T05:18:51.215+0000] {subprocess.py:93} INFO - Opened the modal successfully.
[2024-11-20T05:18:51.215+0000] {subprocess.py:93} INFO - Found item: 192
[2024-11-20T05:18:51.215+0000] {subprocess.py:93} INFO - Opened the modal successfully.
[2024-11-20T05:18:51.215+0000] {subprocess.py:93} INFO - Found item: 193
[2024-11-20T05:18:51.216+0000] {subprocess.py:93} INFO - Opened the modal successfully.
[2024-11-20T05:18:51.216+0000] {subprocess.py:93} INFO - Found item: 194
[2024-11-20T05:18:51.216+0000] {subprocess.py:93} INFO - Opened the modal successfully.
[2024-11-20T05:18:51.217+0000] {subprocess.py:93} INFO - Found item: 195
[2024-11-20T05:18:51.217+0000] {subprocess.py:93} INFO - Opened the modal successfully.
[2024-11-20T05:18:51.217+0000] {subprocess.py:93} INFO - Found item: 196
[2024-11-20T05:18:51.217+0000] {subprocess.py:93} INFO - Opened the modal successfully.
[2024-11-20T05:18:51.218+0000] {subprocess.py:93} INFO - Found item: 197
[2024-11-20T05:18:51.218+0000] {subprocess.py:93} INFO - Opened the modal successfully.
[2024-11-20T05:18:51.218+0000] {subprocess.py:93} INFO - Found item: 198
[2024-11-20T05:18:51.218+0000] {subprocess.py:93} INFO - Opened the modal successfully.
[2024-11-20T05:18:51.219+0000] {subprocess.py:93} INFO - Found item: 199
[2024-11-20T05:18:51.219+0000] {subprocess.py:93} INFO - Opened the modal successfully.
[2024-11-20T05:18:51.219+0000] {subprocess.py:93} INFO - Found item: 200
[2024-11-20T05:18:51.219+0000] {subprocess.py:93} INFO - Opened the modal successfully.
[2024-11-20T05:18:51.220+0000] {subprocess.py:93} INFO - Found item: 201
[2024-11-20T05:18:51.220+0000] {subprocess.py:93} INFO - Opened the modal successfully.
[2024-11-20T05:18:51.220+0000] {subprocess.py:93} INFO - Found item: 202
[2024-11-20T05:18:51.221+0000] {subprocess.py:93} INFO - Opened the modal successfully.
[2024-11-20T05:18:51.221+0000] {subprocess.py:93} INFO - Found item: 203
[2024-11-20T05:18:51.221+0000] {subprocess.py:93} INFO - Skipped:  mac mini m2 pro 2023 (10 cpu - 16 gpu - 32gb - 512gb) | chính hãng apple việt nam
[2024-11-20T05:18:51.221+0000] {subprocess.py:93} INFO - Opened the modal successfully.
[2024-11-20T05:18:51.221+0000] {subprocess.py:93} INFO - Found item: 204
[2024-11-20T05:18:51.222+0000] {subprocess.py:93} INFO - Opened the modal successfully.
[2024-11-20T05:18:51.222+0000] {subprocess.py:93} INFO - Found item: 205
[2024-11-20T05:18:51.222+0000] {subprocess.py:93} INFO - Opened the modal successfully.
[2024-11-20T05:18:51.223+0000] {subprocess.py:93} INFO - Found item: 206
[2024-11-20T05:18:51.223+0000] {subprocess.py:93} INFO - Opened the modal successfully.
[2024-11-20T05:18:51.223+0000] {subprocess.py:93} INFO - Found item: 207
[2024-11-20T05:18:51.223+0000] {subprocess.py:93} INFO - Opened the modal successfully.
[2024-11-20T05:18:51.223+0000] {subprocess.py:93} INFO - Found item: 208
[2024-11-20T05:18:51.224+0000] {subprocess.py:93} INFO - Opened the modal successfully.
[2024-11-20T05:18:51.224+0000] {subprocess.py:93} INFO - Found item: 209
[2024-11-20T05:18:51.224+0000] {subprocess.py:93} INFO - Opened the modal successfully.
[2024-11-20T05:18:51.224+0000] {subprocess.py:93} INFO - Found item: 210
[2024-11-20T05:18:51.225+0000] {subprocess.py:93} INFO - Skipped:  imac m3 24 inch 8gb 512gb | chính hãng apple việt nam
[2024-11-20T05:18:51.225+0000] {subprocess.py:93} INFO - Opened the modal successfully.
[2024-11-20T05:18:51.225+0000] {subprocess.py:93} INFO - Found item: 211
[2024-11-20T05:18:51.225+0000] {subprocess.py:93} INFO - Opened the modal successfully.
[2024-11-20T05:18:51.226+0000] {subprocess.py:93} INFO - Found item: 212
[2024-11-20T05:18:51.226+0000] {subprocess.py:93} INFO - Opened the modal successfully.
[2024-11-20T05:18:51.226+0000] {subprocess.py:93} INFO - Found item: 213
[2024-11-20T05:18:51.227+0000] {subprocess.py:93} INFO - Opened the modal successfully.
[2024-11-20T05:18:51.227+0000] {subprocess.py:93} INFO - Found item: 214
[2024-11-20T05:18:51.228+0000] {subprocess.py:93} INFO - Opened the modal successfully.
[2024-11-20T05:18:51.228+0000] {subprocess.py:93} INFO - Found item: 215
[2024-11-20T05:18:51.228+0000] {subprocess.py:93} INFO - Opened the modal successfully.
[2024-11-20T05:18:51.228+0000] {subprocess.py:93} INFO - Found item: 216
[2024-11-20T05:18:51.229+0000] {subprocess.py:93} INFO - Opened the modal successfully.
[2024-11-20T05:18:51.229+0000] {subprocess.py:93} INFO - Found item: 217
[2024-11-20T05:18:51.229+0000] {subprocess.py:93} INFO - Opened the modal successfully.
[2024-11-20T05:18:51.229+0000] {subprocess.py:93} INFO - Found item: 218
[2024-11-20T05:18:51.229+0000] {subprocess.py:93} INFO - Opened the modal successfully.
[2024-11-20T05:18:51.229+0000] {subprocess.py:93} INFO - Found item: 219
[2024-11-20T05:18:51.230+0000] {subprocess.py:93} INFO - Opened the modal successfully.
[2024-11-20T05:18:51.230+0000] {subprocess.py:93} INFO - Found item: 220
[2024-11-20T05:18:51.230+0000] {subprocess.py:93} INFO - Opened the modal successfully.
[2024-11-20T05:18:51.230+0000] {subprocess.py:93} INFO - Found item: 221
[2024-11-20T05:18:51.230+0000] {subprocess.py:93} INFO - Opened the modal successfully.
[2024-11-20T05:18:51.230+0000] {subprocess.py:93} INFO - Found item: 222
[2024-11-20T05:18:51.231+0000] {subprocess.py:93} INFO - Opened the modal successfully.
[2024-11-20T05:18:51.231+0000] {subprocess.py:93} INFO - Found item: 223
[2024-11-20T05:18:51.231+0000] {subprocess.py:93} INFO - Opened the modal successfully.
[2024-11-20T05:18:51.231+0000] {subprocess.py:93} INFO - Found item: 224
[2024-11-20T05:18:51.231+0000] {subprocess.py:93} INFO - Opened the modal successfully.
[2024-11-20T05:18:51.232+0000] {subprocess.py:93} INFO - Found item: 225
[2024-11-20T05:18:51.232+0000] {subprocess.py:93} INFO - Opened the modal successfully.
[2024-11-20T05:18:51.232+0000] {subprocess.py:93} INFO - Found item: 226
[2024-11-20T05:18:51.232+0000] {subprocess.py:93} INFO - Opened the modal successfully.
[2024-11-20T05:18:51.233+0000] {subprocess.py:93} INFO - Found item: 227
[2024-11-20T05:18:51.235+0000] {subprocess.py:93} INFO - Opened the modal successfully.
[2024-11-20T05:18:51.235+0000] {subprocess.py:93} INFO - Found item: 228
[2024-11-20T05:18:51.236+0000] {subprocess.py:93} INFO - Opened the modal successfully.
[2024-11-20T05:18:51.236+0000] {subprocess.py:93} INFO - Found item: 229
[2024-11-20T05:18:51.236+0000] {subprocess.py:93} INFO - Skipped:  imac m3 24 inch 8gpu 16gb 512gb | chính hãng apple việt nam
[2024-11-20T05:18:51.236+0000] {subprocess.py:93} INFO - Opened the modal successfully.
[2024-11-20T05:18:51.236+0000] {subprocess.py:93} INFO - Found item: 230
[2024-11-20T05:18:51.237+0000] {subprocess.py:93} INFO - Opened the modal successfully.
[2024-11-20T05:18:51.237+0000] {subprocess.py:93} INFO - Found item: 231
[2024-11-20T05:18:51.237+0000] {subprocess.py:93} INFO - Opened the modal successfully.
[2024-11-20T05:18:51.237+0000] {subprocess.py:93} INFO - Found item: 232
[2024-11-20T05:18:51.237+0000] {subprocess.py:93} INFO - Opened the modal successfully.
[2024-11-20T05:18:51.237+0000] {subprocess.py:93} INFO - Found item: 233
[2024-11-20T05:18:51.238+0000] {subprocess.py:93} INFO - Opened the modal successfully.
[2024-11-20T05:18:51.238+0000] {subprocess.py:93} INFO - Found item: 234
[2024-11-20T05:18:51.238+0000] {subprocess.py:93} INFO - Opened the modal successfully.
[2024-11-20T05:18:51.238+0000] {subprocess.py:93} INFO - Found item: 235
[2024-11-20T05:18:51.238+0000] {subprocess.py:93} INFO - Opened the modal successfully.
[2024-11-20T05:18:51.238+0000] {subprocess.py:93} INFO - Found item: 236
[2024-11-20T05:18:51.239+0000] {subprocess.py:93} INFO - Opened the modal successfully.
[2024-11-20T05:18:51.239+0000] {subprocess.py:93} INFO - Found item: 237
[2024-11-20T05:18:51.240+0000] {subprocess.py:93} INFO - Opened the modal successfully.
[2024-11-20T05:18:51.240+0000] {subprocess.py:93} INFO - Found item: 238
[2024-11-20T05:18:51.241+0000] {subprocess.py:93} INFO - Opened the modal successfully.
[2024-11-20T05:18:51.241+0000] {subprocess.py:93} INFO - Found item: 239
[2024-11-20T05:18:51.242+0000] {subprocess.py:93} INFO - Skipped:  mac mini m4 2024 10cpu 10gpu 24gb 512gb | chính hãng apple việt nam
[2024-11-20T05:18:51.242+0000] {subprocess.py:93} INFO - Opened the modal successfully.
[2024-11-20T05:18:51.242+0000] {subprocess.py:93} INFO - Found item: 240
[2024-11-20T05:18:51.243+0000] {subprocess.py:93} INFO - Opened the modal successfully.
[2024-11-20T05:18:51.243+0000] {subprocess.py:93} INFO - Found item: 241
[2024-11-20T05:18:51.244+0000] {subprocess.py:93} INFO - Opened the modal successfully.
[2024-11-20T05:18:51.244+0000] {subprocess.py:93} INFO - Found item: 242
[2024-11-20T05:18:51.244+0000] {subprocess.py:93} INFO - Skipped:  mac mini m2 2023 (8 cpu - 10 gpu - 16gb - 256gb) | chính hãng apple việt nam
[2024-11-20T05:18:51.244+0000] {subprocess.py:93} INFO - Skipped:  mac mini m4 pro 2024 12cpu 16gpu 24gb 512gb | chính hãng apple việt nam
[2024-11-20T05:18:51.245+0000] {subprocess.py:93} INFO - Opened the modal successfully.
[2024-11-20T05:18:51.245+0000] {subprocess.py:93} INFO - Found item: 243
[2024-11-20T05:18:51.245+0000] {subprocess.py:93} INFO - Opened the modal successfully.
[2024-11-20T05:18:51.246+0000] {subprocess.py:93} INFO - Found item: 244
[2024-11-20T05:18:51.246+0000] {subprocess.py:93} INFO - Skipped:  mac mini m2 2023 (8 cpu - 10 gpu - 8gb - 256gb) | chính hãng apple việt nam
[2024-11-20T05:18:51.247+0000] {subprocess.py:93} INFO - Opened the modal successfully.
[2024-11-20T05:18:51.247+0000] {subprocess.py:93} INFO - Found item: 245
[2024-11-20T05:18:51.247+0000] {subprocess.py:93} INFO - Opened the modal successfully.
[2024-11-20T05:18:51.248+0000] {subprocess.py:93} INFO - Found item: 246
[2024-11-20T05:18:51.248+0000] {subprocess.py:93} INFO - Opened the modal successfully.
[2024-11-20T05:18:51.248+0000] {subprocess.py:93} INFO - Found item: 247
[2024-11-20T05:18:51.249+0000] {subprocess.py:93} INFO - Opened the modal successfully.
[2024-11-20T05:18:51.249+0000] {subprocess.py:93} INFO - Found item: 248
[2024-11-20T05:18:51.250+0000] {subprocess.py:93} INFO - Opened the modal successfully.
[2024-11-20T05:18:51.250+0000] {subprocess.py:93} INFO - Found item: 249
[2024-11-20T05:18:51.250+0000] {subprocess.py:93} INFO - Opened the modal successfully.
[2024-11-20T05:18:51.251+0000] {subprocess.py:93} INFO - Found item: 250
[2024-11-20T05:18:51.251+0000] {subprocess.py:93} INFO - Opened the modal successfully.
[2024-11-20T05:18:51.252+0000] {subprocess.py:93} INFO - Found item: 251
[2024-11-20T05:18:51.252+0000] {subprocess.py:93} INFO - Opened the modal successfully.
[2024-11-20T05:18:51.252+0000] {subprocess.py:93} INFO - Found item: 252
[2024-11-20T05:18:51.253+0000] {subprocess.py:93} INFO - Opened the modal successfully.
[2024-11-20T05:18:51.253+0000] {subprocess.py:93} INFO - Found item: 253
[2024-11-20T05:18:51.253+0000] {subprocess.py:93} INFO - Opened the modal successfully.
[2024-11-20T05:18:51.254+0000] {subprocess.py:93} INFO - Found item: 254
[2024-11-20T05:18:51.254+0000] {subprocess.py:93} INFO - Skipped:  laptop dell latitude 7400
[2024-11-20T05:18:51.255+0000] {subprocess.py:93} INFO - Opened the modal successfully.
[2024-11-20T05:18:51.255+0000] {subprocess.py:93} INFO - Found item: 255
[2024-11-20T05:18:51.255+0000] {subprocess.py:93} INFO - Opened the modal successfully.
[2024-11-20T05:18:51.256+0000] {subprocess.py:93} INFO - Found item: 256
[2024-11-20T05:18:51.256+0000] {subprocess.py:93} INFO - Opened the modal successfully.
[2024-11-20T05:18:51.256+0000] {subprocess.py:93} INFO - Found item: 257
[2024-11-20T05:18:51.257+0000] {subprocess.py:93} INFO - Skipped:  mac mini m4 2024 10cpu 10gpu 16gb 512gb | chính hãng apple việt nam
[2024-11-20T05:18:51.257+0000] {subprocess.py:93} INFO - Opened the modal successfully.
[2024-11-20T05:18:51.257+0000] {subprocess.py:93} INFO - Found item: 258
[2024-11-20T05:18:51.258+0000] {subprocess.py:93} INFO - Opened the modal successfully.
[2024-11-20T05:18:51.258+0000] {subprocess.py:93} INFO - Found item: 259
[2024-11-20T05:18:51.258+0000] {subprocess.py:93} INFO - Opened the modal successfully.
[2024-11-20T05:18:51.259+0000] {subprocess.py:93} INFO - Found item: 260
[2024-11-20T05:18:51.259+0000] {subprocess.py:93} INFO - Opened the modal successfully.
[2024-11-20T05:18:51.259+0000] {subprocess.py:93} INFO - Found item: 261
[2024-11-20T05:18:51.260+0000] {subprocess.py:93} INFO - Skipped:  laptop dell inspiron 5425
[2024-11-20T05:18:51.260+0000] {subprocess.py:93} INFO - Skipped:  imac m3 24 inch 8gb 256gb 8gpu | chính hãng apple việt nam
[2024-11-20T05:18:51.260+0000] {subprocess.py:93} INFO - Opened the modal successfully.
[2024-11-20T05:18:51.261+0000] {subprocess.py:93} INFO - Found item: 262
[2024-11-20T05:18:51.261+0000] {subprocess.py:93} INFO - Opened the modal successfully.
[2024-11-20T05:18:51.261+0000] {subprocess.py:93} INFO - Found item: 263
[2024-11-20T05:18:51.262+0000] {subprocess.py:93} INFO - Opened the modal successfully.
[2024-11-20T05:18:51.262+0000] {subprocess.py:93} INFO - Found item: 264
[2024-11-20T05:18:51.263+0000] {subprocess.py:93} INFO - Opened the modal successfully.
[2024-11-20T05:18:51.263+0000] {subprocess.py:93} INFO - Found item: 265
[2024-11-20T05:18:51.263+0000] {subprocess.py:93} INFO - Opened the modal successfully.
[2024-11-20T05:18:51.263+0000] {subprocess.py:93} INFO - Found item: 266
[2024-11-20T05:18:51.264+0000] {subprocess.py:93} INFO - Opened the modal successfully.
[2024-11-20T05:18:51.264+0000] {subprocess.py:93} INFO - Found item: 267
[2024-11-20T05:18:51.264+0000] {subprocess.py:93} INFO - Opened the modal successfully.
[2024-11-20T05:18:51.265+0000] {subprocess.py:93} INFO - Found item: 268
[2024-11-20T05:18:51.265+0000] {subprocess.py:93} INFO - Opened the modal successfully.
[2024-11-20T05:18:51.265+0000] {subprocess.py:93} INFO - Found item: 269
[2024-11-20T05:18:51.265+0000] {subprocess.py:93} INFO - Opened the modal successfully.
[2024-11-20T05:18:51.266+0000] {subprocess.py:93} INFO - Found item: 270
[2024-11-20T05:18:51.266+0000] {subprocess.py:93} INFO - Opened the modal successfully.
[2024-11-20T05:18:51.267+0000] {subprocess.py:93} INFO - Found item: 271
[2024-11-20T05:18:51.267+0000] {subprocess.py:93} INFO - Opened the modal successfully.
[2024-11-20T05:18:51.267+0000] {subprocess.py:93} INFO - Found item: 272
[2024-11-20T05:18:51.270+0000] {subprocess.py:93} INFO - Opened the modal successfully.
[2024-11-20T05:18:51.270+0000] {subprocess.py:93} INFO - Found item: 273
[2024-11-20T05:18:51.270+0000] {subprocess.py:93} INFO - Skipped:  laptop dell xps 9315
[2024-11-20T05:18:51.271+0000] {subprocess.py:93} INFO - Opened the modal successfully.
[2024-11-20T05:18:51.271+0000] {subprocess.py:93} INFO - Found item: 274
[2024-11-20T05:18:51.271+0000] {subprocess.py:93} INFO - Skipped:  laptop dell inspiron 5310
[2024-11-20T05:18:51.272+0000] {subprocess.py:93} INFO - Opened the modal successfully.
[2024-11-20T05:18:51.272+0000] {subprocess.py:93} INFO - Found item: 275
[2024-11-20T05:18:51.272+0000] {subprocess.py:93} INFO - Opened the modal successfully.
[2024-11-20T05:18:51.273+0000] {subprocess.py:93} INFO - Found item: 276
[2024-11-20T05:18:51.273+0000] {subprocess.py:93} INFO - Skipped:  laptop lenovo thinkpad x1 carbon gen 10
[2024-11-20T05:18:51.273+0000] {subprocess.py:93} INFO - Skipped:  laptop dell latitude 7480
[2024-11-20T05:18:51.274+0000] {subprocess.py:93} INFO - Skipped:  laptop lenovo thinkpad x1 carbon gen 7
[2024-11-20T05:18:51.274+0000] {subprocess.py:93} INFO - Skipped:  laptop lenovo thinkpad x1 carbon gen 5
[2024-11-20T05:18:51.274+0000] {subprocess.py:93} INFO - Opened the modal successfully.
[2024-11-20T05:18:51.275+0000] {subprocess.py:93} INFO - Found item: 277
[2024-11-20T05:18:51.275+0000] {subprocess.py:93} INFO - Skipped:  laptop lenovo thinkpad t480
[2024-11-20T05:18:51.276+0000] {subprocess.py:93} INFO - Skipped:  laptop lenovo thinkpad x1 carbon gen 8
[2024-11-20T05:18:51.276+0000] {subprocess.py:93} INFO - Opened the modal successfully.
[2024-11-20T05:18:51.276+0000] {subprocess.py:93} INFO - Found item: 278
[2024-11-20T05:18:51.277+0000] {subprocess.py:93} INFO - Skipped:  laptop dell latitude e5430
[2024-11-20T05:18:51.277+0000] {subprocess.py:93} INFO - Opened the modal successfully.
[2024-11-20T05:18:51.277+0000] {subprocess.py:93} INFO - Found item: 279
[2024-11-20T05:18:51.277+0000] {subprocess.py:93} INFO - Skipped:  macbook air m3 13 inch 2024 8cpu 10gpu 24gb - 1tb sạc 70w | chính hãng apple việt nam
[2024-11-20T05:18:51.278+0000] {subprocess.py:93} INFO - Opened the modal successfully.
[2024-11-20T05:18:51.278+0000] {subprocess.py:93} INFO - Found item: 280
[2024-11-20T05:18:51.278+0000] {subprocess.py:93} INFO - Opened the modal successfully.
[2024-11-20T05:18:51.279+0000] {subprocess.py:93} INFO - Found item: 281
[2024-11-20T05:18:51.279+0000] {subprocess.py:93} INFO - Opened the modal successfully.
[2024-11-20T05:18:51.279+0000] {subprocess.py:93} INFO - Found item: 282
[2024-11-20T05:18:51.279+0000] {subprocess.py:93} INFO - Opened the modal successfully.
[2024-11-20T05:18:51.280+0000] {subprocess.py:93} INFO - Found item: 283
[2024-11-20T05:18:51.280+0000] {subprocess.py:93} INFO - Opened the modal successfully.
[2024-11-20T05:18:51.280+0000] {subprocess.py:93} INFO - Found item: 284
[2024-11-20T05:18:51.281+0000] {subprocess.py:93} INFO - Opened the modal successfully.
[2024-11-20T05:29:36.743+0000] {subprocess.py:93} INFO - Found item: 285
[2024-11-20T05:29:36.744+0000] {subprocess.py:93} INFO - Skipped:  laptop dell xps 13 9305
[2024-11-20T05:29:36.744+0000] {subprocess.py:93} INFO - Skipped:  laptop lenovo thinkpad t14 gen 2
[2024-11-20T05:29:36.745+0000] {subprocess.py:93} INFO - Skipped:  laptop lenovo thinkpad x1 carbon gen 6
[2024-11-20T05:29:36.745+0000] {subprocess.py:93} INFO - Opened the modal successfully.
[2024-11-20T05:29:36.745+0000] {subprocess.py:93} INFO - Found item: 286
[2024-11-20T05:29:36.745+0000] {subprocess.py:93} INFO - Skipped:  laptop lenovo thinkpad x1 carbon gen 9
[2024-11-20T05:29:36.745+0000] {subprocess.py:93} INFO - Opened the modal successfully.
[2024-11-20T05:29:36.746+0000] {subprocess.py:93} INFO - Found item: 287
[2024-11-20T05:29:36.746+0000] {subprocess.py:93} INFO - Opened the modal successfully.
[2024-11-20T05:29:36.746+0000] {subprocess.py:93} INFO - Found item: 288
[2024-11-20T05:29:36.746+0000] {subprocess.py:93} INFO - Skipped:  macbook pro 16 inch m3 pro 2023 (12 cpu - 18 gpu 36gb 512gb)
[2024-11-20T05:29:36.747+0000] {subprocess.py:93} INFO - Opened the modal successfully.
[2024-11-20T05:29:36.747+0000] {subprocess.py:93} INFO - Found item: 289
[2024-11-20T05:29:36.747+0000] {subprocess.py:93} INFO - Skipped:  laptop hp elitebook 840 g8
[2024-11-20T05:29:36.747+0000] {subprocess.py:93} INFO - Opened the modal successfully.
[2024-11-20T05:29:36.747+0000] {subprocess.py:93} INFO - Found item: 290
[2024-11-20T05:29:36.747+0000] {subprocess.py:93} INFO - Opened the modal successfully.
[2024-11-20T05:29:36.748+0000] {subprocess.py:93} INFO - Found item: 291
[2024-11-20T05:29:36.748+0000] {subprocess.py:93} INFO - Opened the modal successfully.
[2024-11-20T05:29:36.748+0000] {subprocess.py:93} INFO - Found item: 292
[2024-11-20T05:29:36.748+0000] {subprocess.py:93} INFO - Opened the modal successfully.
[2024-11-20T05:29:36.748+0000] {subprocess.py:93} INFO - Found item: 293
[2024-11-20T05:29:36.749+0000] {subprocess.py:93} INFO - Skipped:  laptop dell xps 13 9350
[2024-11-20T05:29:36.749+0000] {subprocess.py:93} INFO - Skipped:  laptop dell xps 9510
[2024-11-20T05:29:36.749+0000] {subprocess.py:93} INFO - Skipped:  laptop dell xps 15 9520
[2024-11-20T05:29:36.749+0000] {subprocess.py:93} INFO - Skipped:  laptop dell latitude 5480
[2024-11-20T05:29:36.750+0000] {subprocess.py:93} INFO - Opened the modal successfully.
[2024-11-20T05:29:36.750+0000] {subprocess.py:93} INFO - Found item: 294
[2024-11-20T05:29:36.750+0000] {subprocess.py:93} INFO - Opened the modal successfully.
[2024-11-20T05:29:36.750+0000] {subprocess.py:93} INFO - Found item: 295
[2024-11-20T05:29:36.751+0000] {subprocess.py:93} INFO - Opened the modal successfully.
[2024-11-20T05:29:36.751+0000] {subprocess.py:93} INFO - Found item: 296
[2024-11-20T05:29:36.751+0000] {subprocess.py:93} INFO - Skipped:  laptop hp probook 450 g9
[2024-11-20T05:29:36.751+0000] {subprocess.py:93} INFO - Skipped:  imac m4 2024 24 inch 10cpu 10gpu 16gb 256gb | chính hãng apple việt nam
[2024-11-20T05:29:36.752+0000] {subprocess.py:93} INFO - Skipped:  laptop dell latitude e7440
[2024-11-20T05:29:36.752+0000] {subprocess.py:93} INFO - Skipped:  laptop dell inspiron 7425
[2024-11-20T05:29:36.752+0000] {subprocess.py:93} INFO - Skipped:  laptop lenovo thinkpad t14 gen 3
[2024-11-20T05:29:36.752+0000] {subprocess.py:93} INFO - Skipped:  imac m3 24 inch 8gb 256gb 10 gpu | chính hãng apple việt nam
[2024-11-20T05:29:36.752+0000] {subprocess.py:93} INFO - Skipped:  imac m4 2024 24 inch 10cpu 10gpu 16gb 512gb | chính hãng apple việt nam
[2024-11-20T05:29:36.752+0000] {subprocess.py:93} INFO - Opened the modal successfully.
[2024-11-20T05:29:36.753+0000] {subprocess.py:93} INFO - Found item: 297
[2024-11-20T05:29:36.753+0000] {subprocess.py:93} INFO - Opened the modal successfully.
[2024-11-20T05:29:36.754+0000] {subprocess.py:93} INFO - Found item: 298
[2024-11-20T05:29:36.754+0000] {subprocess.py:93} INFO - Opened the modal successfully.
[2024-11-20T05:29:36.755+0000] {subprocess.py:93} INFO - Found item: 299
[2024-11-20T05:29:36.755+0000] {subprocess.py:93} INFO - Skipped:  laptop dell latitude e7240
[2024-11-20T05:29:36.756+0000] {subprocess.py:93} INFO - Opened the modal successfully.
[2024-11-20T05:29:36.757+0000] {subprocess.py:93} INFO - Found item: 300
[2024-11-20T05:29:36.757+0000] {subprocess.py:93} INFO - Skipped:  imac m3 24 inch 16gb 512gb | chính hãng apple việt nam
[2024-11-20T05:29:36.758+0000] {subprocess.py:93} INFO - Opened the modal successfully.
[2024-11-20T05:29:36.758+0000] {subprocess.py:93} INFO - Found item: 301
[2024-11-20T05:29:36.758+0000] {subprocess.py:93} INFO - Skipped:  laptop dell xps 9320
[2024-11-20T05:29:36.759+0000] {subprocess.py:93} INFO - Opened the modal successfully.
[2024-11-20T05:29:36.759+0000] {subprocess.py:93} INFO - Found item: 302
[2024-11-20T05:29:36.759+0000] {subprocess.py:93} INFO - Skipped:  imac m4 2024 24 inch 8cpu 8gpu 16gb 512gb | chính hãng apple việt nam
[2024-11-20T05:29:36.760+0000] {subprocess.py:93} INFO - Opened the modal successfully.
[2024-11-20T05:29:36.760+0000] {subprocess.py:93} INFO - Found item: 303
[2024-11-20T05:29:36.761+0000] {subprocess.py:93} INFO - Opened the modal successfully.
[2024-11-20T05:29:36.761+0000] {subprocess.py:93} INFO - Found item: 304
[2024-11-20T05:29:36.762+0000] {subprocess.py:93} INFO - Opened the modal successfully.
[2024-11-20T05:29:36.762+0000] {subprocess.py:93} INFO - Found item: 305
[2024-11-20T05:29:36.762+0000] {subprocess.py:93} INFO - Opened the modal successfully.
[2024-11-20T05:29:36.763+0000] {subprocess.py:93} INFO - Found item: 306
[2024-11-20T05:29:36.763+0000] {subprocess.py:93} INFO - Skipped:  laptop gigabyte g5 kf5-53vn383sh
[2024-11-20T05:29:36.763+0000] {subprocess.py:93} INFO - Opened the modal successfully.
[2024-11-20T05:29:36.764+0000] {subprocess.py:93} INFO - Found item: 307
[2024-11-20T05:29:36.764+0000] {subprocess.py:93} INFO - Skipped:  laptop dell alienware m15 r7
[2024-11-20T05:29:36.764+0000] {subprocess.py:93} INFO - Skipped:  laptop lenovo ideapad slim 3 15iah8 83er000bvn
[2024-11-20T05:29:36.765+0000] {subprocess.py:93} INFO - Skipped:  laptop dell latitude 3420
[2024-11-20T05:29:36.765+0000] {subprocess.py:93} INFO - Opened the modal successfully.
[2024-11-20T05:29:36.765+0000] {subprocess.py:93} INFO - Found item: 308
[2024-11-20T05:29:36.766+0000] {subprocess.py:93} INFO - Opened the modal successfully.
[2024-11-20T05:29:36.766+0000] {subprocess.py:93} INFO - Found item: 309
[2024-11-20T05:29:36.766+0000] {subprocess.py:93} INFO - Skipped:  laptop lenovo thinkbook 14 g2 are
[2024-11-20T05:29:36.766+0000] {subprocess.py:93} INFO - Skipped:  laptop dell latitude e5440
[2024-11-20T05:29:36.767+0000] {subprocess.py:93} INFO - Skipped:  laptop gigabyte g5 mf5-52vn353sh
[2024-11-20T05:29:36.767+0000] {subprocess.py:93} INFO - Skipped:  laptop giagabyte g5 me-51vn263sh
[2024-11-20T05:29:36.768+0000] {subprocess.py:93} INFO - Skipped:  mac mini m2 2023 (8 cpu - 10 gpu - 16gb - 1tb) | chính hãng apple việt nam
[2024-11-20T05:29:36.768+0000] {subprocess.py:93} INFO - Skipped:  laptop asus expertbook p1 p1403cva-i5se16-63ws
[2024-11-20T05:29:36.769+0000] {subprocess.py:93} INFO - Skipped:  laptop msi prestige 13 evo a13m-081vn
[2024-11-20T05:29:36.769+0000] {subprocess.py:93} INFO - Opened the modal successfully.
[2024-11-20T05:29:36.770+0000] {subprocess.py:93} INFO - Found item: 310
[2024-11-20T05:29:36.770+0000] {subprocess.py:93} INFO - Opened the modal successfully.
[2024-11-20T05:29:36.771+0000] {subprocess.py:93} INFO - Found item: 311
[2024-11-20T05:29:36.771+0000] {subprocess.py:93} INFO - Skipped:  laptop dell xps 13 9370
[2024-11-20T05:29:36.771+0000] {subprocess.py:93} INFO - Opened the modal successfully.
[2024-11-20T05:29:36.772+0000] {subprocess.py:93} INFO - Found item: 312
[2024-11-20T05:29:36.772+0000] {subprocess.py:93} INFO - Skipped:  laptop hp elitebook 820 g3
[2024-11-20T05:29:36.772+0000] {subprocess.py:93} INFO - Skipped:  laptop asus expertbook b1 b1402cva-nk0176w
[2024-11-20T05:29:36.773+0000] {subprocess.py:93} INFO - Skipped:  laptop lenovo yoga pro 7 14irh8 82y70050vn
[2024-11-20T05:29:36.773+0000] {subprocess.py:93} INFO - Opened the modal successfully.
[2024-11-20T05:29:36.774+0000] {subprocess.py:93} INFO - Found item: 313
[2024-11-20T05:29:36.774+0000] {subprocess.py:93} INFO - Opened the modal successfully.
[2024-11-20T05:29:36.775+0000] {subprocess.py:93} INFO - Found item: 314
[2024-11-20T05:29:36.775+0000] {subprocess.py:93} INFO - Opened the modal successfully.
[2024-11-20T05:29:36.775+0000] {subprocess.py:93} INFO - Found item: 315
[2024-11-20T05:29:36.775+0000] {subprocess.py:93} INFO - Skipped:  laptop gigabyte g5 ke-52vn263sh
[2024-11-20T05:29:36.776+0000] {subprocess.py:93} INFO - Skipped:  laptop dell latitude e7250
[2024-11-20T05:29:36.776+0000] {subprocess.py:93} INFO - Skipped:   laptop gigabyte g5 md-51s1123sh
[2024-11-20T05:29:36.776+0000] {subprocess.py:93} INFO - Skipped:  laptop asus rog strix g16 g614jir-n4193w
[2024-11-20T05:29:36.776+0000] {subprocess.py:93} INFO - Skipped:  laptop asus expertbook b1 b1502cva-nj0175w
[2024-11-20T05:29:36.777+0000] {subprocess.py:93} INFO - Skipped:  laptop asus rog strix g18 g814jvr-n6089w
[2024-11-20T05:29:36.777+0000] {subprocess.py:93} INFO - Skipped:  laptop dell alienware m16
[2024-11-20T05:29:36.777+0000] {subprocess.py:93} INFO - Skipped:  laptop hp elitebook 845 g9
[2024-11-20T05:29:36.777+0000] {subprocess.py:93} INFO - Skipped:  laptop dell latitude e7470
[2024-11-20T05:29:36.778+0000] {subprocess.py:93} INFO - Opened the modal successfully.
[2024-11-20T05:29:36.778+0000] {subprocess.py:93} INFO - Found item: 316
[2024-11-20T05:29:36.778+0000] {subprocess.py:93} INFO - Skipped:  laptop hp gaming victus 15-fb1022ax 94f19pa
[2024-11-20T05:29:36.778+0000] {subprocess.py:93} INFO - Skipped:  laptop hp envy x360 13-bf0092tu 76v59pa
[2024-11-20T05:29:36.779+0000] {subprocess.py:93} INFO - Skipped:  laptop gaming acer nitro 5 an515-55-5923 nh.q7nsv.004
[2024-11-20T05:29:36.779+0000] {subprocess.py:93} INFO - Skipped:  laptop asus vivobook 14 x1404va-nk125w
[2024-11-20T05:29:36.779+0000] {subprocess.py:93} INFO - Skipped:  laptop dell vostro 5568
[2024-11-20T05:29:36.779+0000] {subprocess.py:93} INFO - Skipped:  laptop lenovo thinkpad p51
[2024-11-20T05:29:36.779+0000] {subprocess.py:93} INFO - Opened the modal successfully.
[2024-11-20T05:29:36.779+0000] {subprocess.py:93} INFO - Found item: 317
[2024-11-20T05:29:36.780+0000] {subprocess.py:93} INFO - Skipped:  laptop acer aspire lite al14-51m-59bn nx.ktxsv.001
[2024-11-20T05:29:36.780+0000] {subprocess.py:93} INFO - Skipped:  laptop acer aspire 3 a315-58-529v nx.addsv.00n
[2024-11-20T05:29:36.780+0000] {subprocess.py:93} INFO - Opened the modal successfully.
[2024-11-20T05:29:36.780+0000] {subprocess.py:93} INFO - Found item: 318
[2024-11-20T05:29:36.780+0000] {subprocess.py:93} INFO - Skipped:  laptop hp elitebook 8460p
[2024-11-20T05:29:36.780+0000] {subprocess.py:93} INFO - Skipped:  laptop dell xps 9500
[2024-11-20T05:29:36.781+0000] {subprocess.py:93} INFO - Skipped:  laptop hp gaming victus 15-fa0110tx 7c0r3pa
[2024-11-20T05:29:36.781+0000] {subprocess.py:93} INFO - Skipped:  mac mini m2 pro 2023 (10 cpu - 16 gpu - 32gb - 1tb) | chính hãng apple việt nam
[2024-11-20T05:29:36.781+0000] {subprocess.py:93} INFO - Skipped:  laptop gaming acer nitro 5 an515-45-r6ev nh.qbmsv.006
[2024-11-20T05:29:36.781+0000] {subprocess.py:93} INFO - Skipped:  laptop lenovo legion slim 5 16irh8 82ya008hvn
[2024-11-20T05:29:36.782+0000] {subprocess.py:93} INFO - Skipped:  laptop lenovo thinkpad t460s
[2024-11-20T05:29:36.782+0000] {subprocess.py:93} INFO - Skipped:  laptop hp gaming victus 16-e1104ax 7c0s9pa
[2024-11-20T05:29:36.782+0000] {subprocess.py:93} INFO - Skipped:  laptop hp probook 440 g9
[2024-11-20T05:29:36.782+0000] {subprocess.py:93} INFO - Opened the modal successfully.
[2024-11-20T05:29:36.783+0000] {subprocess.py:93} INFO - Found item: 319
[2024-11-20T05:29:36.783+0000] {subprocess.py:93} INFO - Skipped:  laptop asus rog strix scar 18 g834jyr-r6199
[2024-11-20T05:29:36.783+0000] {subprocess.py:93} INFO - Skipped:  laptop asus expertbook p1 p1503cva-i5se16-63ws
[2024-11-20T05:29:36.784+0000] {subprocess.py:93} INFO - Skipped:  laptop asus rog strix g16 g614ju-n4450w
[2024-11-20T05:29:36.784+0000] {subprocess.py:93} INFO - Opened the modal successfully.
[2024-11-20T05:29:36.784+0000] {subprocess.py:93} INFO - Found item: 320
[2024-11-20T05:29:36.785+0000] {subprocess.py:93} INFO - Skipped:  laptop dell xps 13 9300
[2024-11-20T05:29:36.785+0000] {subprocess.py:93} INFO - Skipped:  laptop dell latitude 7280
[2024-11-20T05:29:36.786+0000] {subprocess.py:93} INFO - Skipped:  laptop hp envy 16-h0205tx 7c0t2pa
[2024-11-20T05:29:36.786+0000] {subprocess.py:93} INFO - Skipped:  laptop vaio fe 15 vwnc51527-bl
[2024-11-20T05:29:36.786+0000] {subprocess.py:93} INFO - Skipped:  laptop dell vostro 5470
[2024-11-20T05:29:36.786+0000] {subprocess.py:93} INFO - Skipped:  laptop asus expertbook b1 b1402cva-nk0062w
[2024-11-20T05:29:36.786+0000] {subprocess.py:93} INFO - Skipped:  laptop lenovo thinkpad e16 gen 1 21jn006gvn
[2024-11-20T05:29:36.787+0000] {subprocess.py:93} INFO - Skipped:  laptop vaio fe 15 vwnc51527-bk
[2024-11-20T05:29:36.787+0000] {subprocess.py:93} INFO - Opened the modal successfully.
[2024-11-20T05:29:36.788+0000] {subprocess.py:93} INFO - Found item: 321
[2024-11-20T05:29:36.788+0000] {subprocess.py:93} INFO - Skipped:  laptop asus expertbook p1 p1503cva-i7se16-63ws
[2024-11-20T05:29:36.789+0000] {subprocess.py:93} INFO - Skipped:  laptop hp probook 450 g3
[2024-11-20T05:29:36.789+0000] {subprocess.py:93} INFO - Skipped:  laptop hp elitebook 640 g9
[2024-11-20T05:29:36.789+0000] {subprocess.py:93} INFO - Skipped:  laptop dell latitude e7450
[2024-11-20T05:29:36.790+0000] {subprocess.py:93} INFO - Skipped:  laptop hp probook 6570b
[2024-11-20T05:29:36.791+0000] {subprocess.py:93} INFO - Skipped:  laptop lenovo thinkpad t470s
[2024-11-20T05:29:36.791+0000] {subprocess.py:93} INFO - Skipped:  laptop asus expertbook b1 b1402cva-nk0177w
[2024-11-20T05:29:36.791+0000] {subprocess.py:93} INFO - Skipped:  laptop lenovo legion slim 5 16irh8 82ya00btvn
[2024-11-20T05:29:36.792+0000] {subprocess.py:93} INFO - Skipped:  laptop lenovo legion 7 pro 16irx9h 83de001nvn
[2024-11-20T05:29:36.792+0000] {subprocess.py:93} INFO - Skipped:  laptop msi gaming gf63 thin 11uc-1230vn - đã kích hoạt
[2024-11-20T05:29:36.792+0000] {subprocess.py:93} INFO - Skipped:  laptop lenovo ideapad 1 15amn7 82vg0022vn
[2024-11-20T05:29:36.793+0000] {subprocess.py:93} INFO - Opened the modal successfully.
[2024-11-20T05:29:36.793+0000] {subprocess.py:93} INFO - Found item: 322
[2024-11-20T05:29:36.793+0000] {subprocess.py:93} INFO - Skipped:  laptop hp pavilion 15-eg2085tu 7c0q7pa
[2024-11-20T05:29:36.794+0000] {subprocess.py:93} INFO - Skipped:  laptop alienware x14 r1
[2024-11-20T05:29:36.794+0000] {subprocess.py:93} INFO - Skipped:  laptop asus tuf gaming a15 fa507uv-lp090w
[2024-11-20T05:29:36.795+0000] {subprocess.py:93} INFO - Skipped:  laptop hp victus 16-s0077ax 8c5n6pa - cũ đẹp
[2024-11-20T05:29:36.795+0000] {subprocess.py:93} INFO - Skipped:  laptop msi katana gf66 12udk-814vn
[2024-11-20T05:29:36.796+0000] {subprocess.py:93} INFO - Skipped:  laptop lenovo legion slim 5 16irh8 82ya00bsvn
[2024-11-20T05:29:36.796+0000] {subprocess.py:93} INFO - Skipped:  laptop vaio fe 14 vwnc71429-bk
[2024-11-20T05:29:36.797+0000] {subprocess.py:93} INFO - Skipped:  laptop asus zenbook s 13 oled ux5304va-nq126w
[2024-11-20T05:29:36.797+0000] {subprocess.py:93} INFO - Skipped:  laptop dell latitude e6420
[2024-11-20T05:29:36.798+0000] {subprocess.py:93} INFO - Opened the modal successfully.
[2024-11-20T05:29:36.798+0000] {subprocess.py:93} INFO - Found item: 323
[2024-11-20T05:29:36.798+0000] {subprocess.py:93} INFO - Skipped:  laptop dell latitude 5400
[2024-11-20T05:29:36.799+0000] {subprocess.py:93} INFO - Skipped:  laptop dell latitude 5520
[2024-11-20T05:29:36.799+0000] {subprocess.py:93} INFO - Skipped:  laptop lenovo thinkpad x260
[2024-11-20T05:29:36.799+0000] {subprocess.py:93} INFO - Opened the modal successfully.
[2024-11-20T05:29:36.800+0000] {subprocess.py:93} INFO - Found item: 324
[2024-11-20T05:29:36.800+0000] {subprocess.py:93} INFO - Skipped:  laptop hp gaming victus 16-e1105ax 7c0t0pa
[2024-11-20T05:29:36.800+0000] {subprocess.py:93} INFO - Opened the modal successfully.
[2024-11-20T05:29:36.800+0000] {subprocess.py:93} INFO - Found item: 325
[2024-11-20T05:29:36.801+0000] {subprocess.py:93} INFO - Skipped:  laptop hp pavilion 15-eg2062tx 7c0w7pa
[2024-11-20T05:29:36.801+0000] {subprocess.py:93} INFO - Skipped:  laptop asus vivobook s 14 oled s5406ma-pp161w
[2024-11-20T05:29:36.802+0000] {subprocess.py:93} INFO - Skipped:  laptop hp 15s fq1111tu 193r0pa
[2024-11-20T05:29:36.802+0000] {subprocess.py:93} INFO - Skipped:  laptop hp probook 4530s
[2024-11-20T05:29:36.802+0000] {subprocess.py:93} INFO - Skipped:  laptop lenovo 100e gen 2 celeron
[2024-11-20T05:29:36.803+0000] {subprocess.py:93} INFO - Skipped:  laptop dell inspiron 5515 r1505s
[2024-11-20T05:29:36.803+0000] {subprocess.py:93} INFO - Skipped:  laptop dell latitude e6430
[2024-11-20T05:29:36.803+0000] {subprocess.py:93} INFO - Skipped:  laptop dell inspiron 7559
[2024-11-20T05:29:36.803+0000] {subprocess.py:93} INFO - Skipped:  laptop hp elitebook 840 g3
[2024-11-20T05:29:36.804+0000] {subprocess.py:93} INFO - Skipped:  laptop hp gaming victus 16-d1191tx 7c0s5pa
[2024-11-20T05:29:36.804+0000] {subprocess.py:93} INFO - Skipped:  laptop asus tuf gaming fx516pm hn023t
[2024-11-20T05:29:36.804+0000] {subprocess.py:93} INFO - Skipped:  laptop asus gaming fx505dy-al175t
[2024-11-20T05:29:36.804+0000] {subprocess.py:93} INFO - Skipped:  laptop dell inspiron n7490-n4i5106w
[2024-11-20T05:29:36.805+0000] {subprocess.py:93} INFO - Skipped:  laptop dell latitude 5420
[2024-11-20T05:29:36.805+0000] {subprocess.py:93} INFO - Skipped:  laptop lenovo yoga slim 7 carbon 13iap7 82u90044vn
[2024-11-20T05:29:36.805+0000] {subprocess.py:93} INFO - Skipped:  laptop hp envy x360 2in2 2022
[2024-11-20T05:29:36.806+0000] {subprocess.py:93} INFO - Skipped:  laptop dell vostro 5468
[2024-11-20T05:29:36.806+0000] {subprocess.py:93} INFO - Skipped:  laptop dell g7 15 7500
[2024-11-20T05:29:36.806+0000] {subprocess.py:93} INFO - Skipped:  laptop hp 15s-du1040tx 8re77pa
[2024-11-20T05:29:36.806+0000] {subprocess.py:93} INFO - Skipped:  laptop hp elitebook 840 g6
[2024-11-20T05:29:36.807+0000] {subprocess.py:93} INFO - Skipped:  laptop lenovo thinkpad t14
[2024-11-20T05:29:36.807+0000] {subprocess.py:93} INFO - Skipped:  samsung galaxy book
[2024-11-20T05:29:36.807+0000] {subprocess.py:93} INFO - Skipped:  laptop hp pavilion 15-eg1040tu 5z9v3pa
[2024-11-20T05:29:36.807+0000] {subprocess.py:93} INFO - Skipped:  laptop hp 340s g7 36a43pa
[2024-11-20T05:29:36.807+0000] {subprocess.py:93} INFO - Skipped:  laptop asus vivobook 15x oled m3504ya-l1268w
[2024-11-20T05:29:36.807+0000] {subprocess.py:93} INFO - Skipped:  laptop asus expertbook b5 b5402cva-ki0123w
[2024-11-20T05:29:36.808+0000] {subprocess.py:93} INFO - Skipped:  laptop lenovo ideapad slim 5 light 14abr8 82xs0007vn
[2024-11-20T05:29:36.808+0000] {subprocess.py:93} INFO - Opened the modal successfully.
[2024-11-20T05:29:36.808+0000] {subprocess.py:93} INFO - Found item: 326
[2024-11-20T05:29:36.808+0000] {subprocess.py:93} INFO - Skipped:  laptop hp pavilion x360 14-ek2024tu 9z2v6pa
[2024-11-20T05:29:36.808+0000] {subprocess.py:93} INFO - Skipped:  laptop acer aspire 3 a315-44p-r9w8
[2024-11-20T05:29:36.809+0000] {subprocess.py:93} INFO - Skipped:  laptop lenovo gaming legion 7 pro 16irx9h 83de001mvn
[2024-11-20T05:29:36.809+0000] {subprocess.py:93} INFO - Skipped:  laptop lenovo ideapad slim 5 14imh9 83da001yvn
[2024-11-20T05:29:36.809+0000] {subprocess.py:93} INFO - Skipped:  laptop dell inspiron 14 5440 ndy5v1
[2024-11-20T05:29:36.809+0000] {subprocess.py:93} INFO - Skipped:  laptop dell latitude 3520 71012298
[2024-11-20T05:35:21.021+0000] {subprocess.py:93} INFO - Skipped:  laptop lenovo ideapad 3 14iau7 82rj001avn
[2024-11-20T05:35:21.024+0000] {subprocess.py:93} INFO - Skipped:  laptop msi gaming thin a15 b7ucx-240vn
[2024-11-20T05:35:21.024+0000] {subprocess.py:93} INFO - Skipped:  laptop msi cyborg 15 a12udx-621vn
[2024-11-20T05:35:21.025+0000] {subprocess.py:93} INFO - Skipped:  laptop dell latitude e5570
[2024-11-20T05:35:21.026+0000] {subprocess.py:93} INFO - Skipped:  laptop acer travelmate b3 tmb311-31-c2hb n20h1_nx.vnfsv.006
[2024-11-20T05:35:21.026+0000] {subprocess.py:93} INFO - Skipped:  laptop lenovo ideapad 5 15iil05 81yk004wvn
[2024-11-20T05:35:21.027+0000] {subprocess.py:93} INFO - Skipped:  laptop lenovo gaming legion 5 15imh05 82au00g9vn
[2024-11-20T05:35:21.028+0000] {subprocess.py:93} INFO - Skipped:  laptop asus expertbook b1 b1502cva-nj0148w
[2024-11-20T05:35:21.028+0000] {subprocess.py:93} INFO - Skipped:  laptop asus vivobook s 14 oled s5406ma-pp219ws
[2024-11-20T05:35:21.029+0000] {subprocess.py:93} INFO - Skipped:  laptop lenovo loq 15irx9 83dv0092vn
[2024-11-20T05:35:21.029+0000] {subprocess.py:93} INFO - Skipped:  laptop asus expertbook b5 b5402cva-ki0229w
[2024-11-20T05:35:21.029+0000] {subprocess.py:93} INFO - Skipped:  laptop asus expertbook b5 b5602cva-l20164w
[2024-11-20T05:35:21.030+0000] {subprocess.py:93} INFO - Opened the modal successfully.
[2024-11-20T05:35:21.030+0000] {subprocess.py:93} INFO - Found item: 327
[2024-11-20T05:35:21.030+0000] {subprocess.py:93} INFO - Opened the modal successfully.
[2024-11-20T05:35:21.031+0000] {subprocess.py:93} INFO - Found item: 328
[2024-11-20T05:35:21.031+0000] {subprocess.py:93} INFO - Skipped:  laptop dell inspiron 14 5440 n4i7204w1
[2024-11-20T05:35:21.032+0000] {subprocess.py:93} INFO - Skipped:  laptop hp pavilion 15 eg2065tx 7c0q3pa
[2024-11-20T05:35:21.032+0000] {subprocess.py:93} INFO - Skipped:  laptop hp gaming victus 16-s0173ax a9lg9pa
[2024-11-20T05:35:21.032+0000] {subprocess.py:93} INFO - Skipped:  laptop hp gaming victus 16-e1102ax 7c139pa
[2024-11-20T05:35:21.032+0000] {subprocess.py:93} INFO - Opened the modal successfully.
[2024-11-20T05:35:21.033+0000] {subprocess.py:93} INFO - Found item: 329
[2024-11-20T05:35:21.033+0000] {subprocess.py:93} INFO - Opened the modal successfully.
[2024-11-20T05:35:21.034+0000] {subprocess.py:93} INFO - Found item: 330
[2024-11-20T05:35:21.034+0000] {subprocess.py:93} INFO - Opened the modal successfully.
[2024-11-20T05:35:21.034+0000] {subprocess.py:93} INFO - Found item: 331
[2024-11-20T05:35:21.035+0000] {subprocess.py:93} INFO - Opened the modal successfully.
[2024-11-20T05:35:21.035+0000] {subprocess.py:93} INFO - Found item: 332
[2024-11-20T05:35:21.036+0000] {subprocess.py:93} INFO - Opened the modal successfully.
[2024-11-20T05:35:21.036+0000] {subprocess.py:93} INFO - Found item: 333
[2024-11-20T05:35:21.036+0000] {subprocess.py:93} INFO - Opened the modal successfully.
[2024-11-20T05:35:21.036+0000] {subprocess.py:93} INFO - Found item: 334
[2024-11-20T05:35:21.036+0000] {subprocess.py:93} INFO - Opened the modal successfully.
[2024-11-20T05:35:21.037+0000] {subprocess.py:93} INFO - Found item: 335
[2024-11-20T05:35:21.037+0000] {subprocess.py:93} INFO - Skipped:  laptop lenovo yoga slim 7 15ill9 83hm000gvn
[2024-11-20T05:35:21.037+0000] {subprocess.py:93} INFO - Skipped:  laptop asus expertbook p1 p1403cva-i7se16-63ws
[2024-11-20T05:35:21.037+0000] {subprocess.py:93} INFO - Opened the modal successfully.
[2024-11-20T05:35:21.038+0000] {subprocess.py:93} INFO - Found item: 336
[2024-11-20T05:35:21.038+0000] {subprocess.py:93} INFO - Skipped:  mac mini m4 2024 10cpu 10gpu 16gb 256gb | chính hãng apple việt nam
[2024-11-20T05:35:21.039+0000] {subprocess.py:93} INFO - Opened the modal successfully.
[2024-11-20T05:35:21.039+0000] {subprocess.py:93} INFO - Found item: 337
[2024-11-20T05:35:21.039+0000] {subprocess.py:93} INFO - Skipped:  laptop asus gaming rog strix scar 18 g834jyr-r6011w
[2024-11-20T05:35:21.040+0000] {subprocess.py:93} INFO - Skipped:  laptop lenovo ideapad 3 15iau7 82rk015avn
[2024-11-20T05:35:21.040+0000] {subprocess.py:93} INFO - Skipped:  laptop acer gaming aspire 5 a515-58gm-598j
[2024-11-20T05:35:21.041+0000] {subprocess.py:93} INFO - Skipped:  laptop msi gaming gf63 thin 11uc-1230vn
[2024-11-20T05:35:21.041+0000] {subprocess.py:93} INFO - Skipped:  laptop asus gaming rog zephyrus g14 ga401qm-211.zg14
[2024-11-20T05:35:21.041+0000] {subprocess.py:93} INFO - Skipped:  laptop lenovo ideapad slim 5 light 14abr8 82xs0006vn
[2024-11-20T05:35:21.042+0000] {subprocess.py:93} INFO - Skipped:  laptop lenovo loq 15iax9 83gs000jvn
[2024-11-20T05:35:21.042+0000] {subprocess.py:93} INFO - Skipped:  laptop lenovo legion slim 5 16aph8 82y9002yvn
[2024-11-20T05:35:21.043+0000] {subprocess.py:93} INFO - Skipped:  laptop msi cyborg 15 a12uc-621vn
[2024-11-20T05:35:21.043+0000] {subprocess.py:93} INFO - Skipped:  laptop dell vostro 15 3530 80gg9
[2024-11-20T05:35:21.043+0000] {subprocess.py:93} INFO - Skipped:  laptop dell latitude e7270
[2024-11-20T05:35:21.043+0000] {subprocess.py:93} INFO - Skipped:  laptop hp pavilion x360 14-dy0075tu 46l93pa
[2024-11-20T05:35:21.043+0000] {subprocess.py:93} INFO - Skipped:  laptop hp 240 g8 46j53pa
[2024-11-20T05:35:21.043+0000] {subprocess.py:93} INFO - Skipped:  laptop dell inspiron 14 7420 1yt85
[2024-11-20T05:35:21.044+0000] {subprocess.py:93} INFO - Skipped:  laptop dell xps 15 9570
[2024-11-20T05:35:21.044+0000] {subprocess.py:93} INFO - Skipped:  laptop hp elitebook 840 g5
[2024-11-20T05:35:21.044+0000] {subprocess.py:93} INFO - Skipped:  laptop hp 15-ay071tu x3b53pa
[2024-11-20T05:35:21.044+0000] {subprocess.py:93} INFO - Skipped:  laptop lenovo thinkpad x1 carbon 7 20r1s01n00
[2024-11-20T05:35:21.044+0000] {subprocess.py:93} INFO - Skipped:  laptop asus x509ja-ej020t
[2024-11-20T05:35:21.044+0000] {subprocess.py:93} INFO - Skipped:  laptop fujitsu ch 9c13a1
[2024-11-20T05:35:21.045+0000] {subprocess.py:93} INFO - Skipped:  laptop dell latitude e6440
[2024-11-20T05:35:21.045+0000] {subprocess.py:93} INFO - Skipped:  laptop dell inspiron 14 5430 20dy31
[2024-11-20T05:35:21.045+0000] {subprocess.py:93} INFO - Skipped:  laptop hp probook 450 g2
[2024-11-20T05:35:21.045+0000] {subprocess.py:93} INFO - Skipped:  laptop hp probook 4540s
[2024-11-20T05:35:21.045+0000] {subprocess.py:93} INFO - Skipped:  laptop dell xps 15 7590
[2024-11-20T05:35:21.046+0000] {subprocess.py:93} INFO - Skipped:  laptop hp 340s g7 224l0pa
[2024-11-20T05:35:21.046+0000] {subprocess.py:93} INFO - Skipped:  laptop hp 15s-du3591tu
[2024-11-20T05:35:21.046+0000] {subprocess.py:93} INFO - Skipped:  apple mac mini 8gb 256gb 2018 (mrtt2)
[2024-11-20T05:35:21.046+0000] {subprocess.py:93} INFO - Skipped:  apple mac studio m1 max 10 cpu - 24 gpu 32gb 512gb 2022 chính hãng (mjmv3)
[2024-11-20T05:35:21.047+0000] {subprocess.py:93} INFO - Skipped:  laptop dell inspiron n3501
[2024-11-20T05:35:21.047+0000] {subprocess.py:93} INFO - Skipped:  laptop dell vostro 3578
[2024-11-20T05:35:21.047+0000] {subprocess.py:93} INFO - Skipped:  laptop dell vostro 15 3530 80gg93
[2024-11-20T05:35:21.047+0000] {subprocess.py:93} INFO - Skipped:  laptop asus tuf gaming f15 fx507vu-lp197w
[2024-11-20T05:35:21.048+0000] {subprocess.py:93} INFO - Skipped:  laptop lenovo ideapad slim 5 16iah8 83bg001xvn
[2024-11-20T05:35:21.048+0000] {subprocess.py:93} INFO - Skipped:  laptop msi modern 14 b7m-221vn
[2024-11-20T05:35:21.049+0000] {subprocess.py:93} INFO - Skipped:  laptop msi cyborg 15 a13uc 861vn
[2024-11-20T05:35:21.049+0000] {subprocess.py:93} INFO - Skipped:  laptop lenovo ideapad slim 3 15irh8 83em003evn
[2024-11-20T05:35:21.049+0000] {subprocess.py:93} INFO - Skipped:  laptop asus exptertbook b9403cva-km0351x
[2024-11-20T05:35:21.049+0000] {subprocess.py:93} INFO - Skipped:  laptop acer nitro v 15 propanel anv15-51-73uu
[2024-11-20T05:35:21.050+0000] {subprocess.py:93} INFO - Opened the modal successfully.
[2024-11-20T05:35:21.050+0000] {subprocess.py:93} INFO - Found item: 338
[2024-11-20T05:35:21.050+0000] {subprocess.py:93} INFO - Skipped:  laptop hp gaming victus 16-d1187tx 7c0s4pa
[2024-11-20T05:35:21.050+0000] {subprocess.py:93} INFO - Skipped:  laptop hp pavilion 15-eg2087tu 7c0q9pa
[2024-11-20T05:35:21.051+0000] {subprocess.py:93} INFO - Skipped:  laptop hp gaming victus 16-d1193tx 7c138pa
[2024-11-20T05:35:21.051+0000] {subprocess.py:93} INFO - Opened the modal successfully.
[2024-11-20T05:35:21.051+0000] {subprocess.py:93} INFO - Found item: 339
[2024-11-20T05:35:21.051+0000] {subprocess.py:93} INFO - Skipped:  laptop hp 240 g9 6l1x3
[2024-11-20T05:35:21.051+0000] {subprocess.py:93} INFO - Skipped:  laptop hp gaming victus 15-fa0108tx 7c0x0pa
[2024-11-20T05:35:21.052+0000] {subprocess.py:93} INFO - Opened the modal successfully.
[2024-11-20T05:35:21.052+0000] {subprocess.py:93} INFO - Found item: 340
[2024-11-20T05:35:21.052+0000] {subprocess.py:93} INFO - Skipped:  laptop asus gaming rog zephyrus g16 gu605mv-qr196ws
[2024-11-20T05:35:21.052+0000] {subprocess.py:93} INFO - Skipped:  laptop asus rog strix scar 16 g634jyr-ra132w
[2024-11-20T05:35:21.052+0000] {subprocess.py:93} INFO - Skipped:  imac m4 2024 24 inch 8cpu 8gpu 16gb 256gb | chính hãng apple việt nam
[2024-11-20T05:35:21.052+0000] {subprocess.py:93} INFO - Opened the modal successfully.
[2024-11-20T05:35:21.053+0000] {subprocess.py:93} INFO - Found item: 341
[2024-11-20T05:35:21.053+0000] {subprocess.py:93} INFO - Skipped:  laptop asus rog zephyrus g16 ga605wi-qr152ws
[2024-11-20T05:35:21.053+0000] {subprocess.py:93} INFO - Skipped:  laptop asus rog strix g18 g814ju-n6143w
[2024-11-20T05:35:21.053+0000] {subprocess.py:93} INFO - Skipped:  laptop asus rog strix g18 g814jir-n6108w
[2024-11-20T05:35:21.053+0000] {subprocess.py:93} INFO - Skipped:  laptop asus rog strix g16 g614ju-n3206w
[2024-11-20T05:35:21.053+0000] {subprocess.py:93} INFO - Skipped:  laptop asus rog strix scar 18 g834jzr-r6160
[2024-11-20T05:35:21.054+0000] {subprocess.py:93} INFO - Opened the modal successfully.
[2024-11-20T05:35:21.054+0000] {subprocess.py:93} INFO - Found item: 342
[2024-11-20T05:35:21.054+0000] {subprocess.py:93} INFO - Skipped:  laptop lenovo legion slim 5 16ahp9 83dh003bvn
[2024-11-20T05:35:21.054+0000] {subprocess.py:93} INFO - Skipped:  laptop gaming acer nitro v 16 propanel anv16-41-r36y
[2024-11-20T05:35:21.055+0000] {subprocess.py:93} INFO - Opened the modal successfully.
[2024-11-20T05:35:21.055+0000] {subprocess.py:93} INFO - Found item: 343
[2024-11-20T05:35:21.056+0000] {subprocess.py:93} INFO - Opened the modal successfully.
[2024-11-20T05:35:21.056+0000] {subprocess.py:93} INFO - Found item: 344
[2024-11-20T05:35:21.056+0000] {subprocess.py:93} INFO - Opened the modal successfully.
[2024-11-20T05:35:21.057+0000] {subprocess.py:93} INFO - Found item: 345
[2024-11-20T05:35:21.057+0000] {subprocess.py:93} INFO - Opened the modal successfully.
[2024-11-20T05:35:21.057+0000] {subprocess.py:93} INFO - Found item: 346
[2024-11-20T05:35:21.057+0000] {subprocess.py:93} INFO - Skipped:  mac pro m2 ultra 2023 | chính hãng apple việt nam
[2024-11-20T05:35:21.816+0000] {subprocess.py:97} INFO - Command exited with return code 0
[2024-11-20T05:35:21.834+0000] {taskinstance.py:340} INFO - ::group::Post task execution logs
[2024-11-20T05:35:21.835+0000] {taskinstance.py:352} INFO - Marking task as SUCCESS. dag_id=main_dag, task_id=laptop_scraping_tasks.scrape_cellphones, run_id=manual__2024-11-20T02:00:30.526702+00:00, execution_date=20241120T020030, start_date=20241120T042938, end_date=20241120T053521
[2024-11-20T05:35:21.881+0000] {local_task_job_runner.py:266} INFO - Task exited with return code 0
[2024-11-20T05:35:21.907+0000] {logging_mixin.py:190} WARNING - /usr/local/lib/python3.11/site-packages/***/models/baseoperator.py:1378 AirflowProviderDeprecationWarning: Call to deprecated class PostgresOperator. (Please use `***.providers.common.sql.operators.sql.SQLExecuteQueryOperator`.Also, you can provide `hook_params={'schema': <database>}`.)
[2024-11-20T05:35:21.921+0000] {taskinstance.py:3900} INFO - 0 downstream tasks scheduled from follow-on schedule check
[2024-11-20T05:35:21.924+0000] {local_task_job_runner.py:245} INFO - ::endgroup::
